2018-04-02 13:15:18,204 : Machine : Mission Pinball Framework Core Engine v0.33.49
2018-04-02 13:15:18,204 : Machine : Command line arguments: {'configfile': ['config'], 'create_config_cache': True, 'consoleloglevel': 20, 'loglevel': 11, 'mc_file_name': None, 'bcp': True, 'force_assets_load': False, 'logfile': 'logs\\2018-04-02-13-15-18-mpf-DESKTOP-U1P21TS.log', 'mpfconfigfile': 'c:\\python34\\lib\\site-packages\\mpf\\mpfconfig.yaml', 'pause': False, 'syslog_address': None, 'no_load_cache': False, 'force_platform': None}
2018-04-02 13:15:18,204 : Machine : MPF path: c:\python34\lib\site-packages\mpf
2018-04-02 13:15:18,204 : Machine : Machine path: D:\Dev\mpf\scottp
2018-04-02 13:15:18,204 : Machine : Platform: win32
2018-04-02 13:15:18,204 : Machine : Python executable location: c:\python34\python.exe
2018-04-02 13:15:18,204 : Machine : Python version: 3.4.4 (64-bit)
2018-04-02 13:15:18,377 : Machine : Loading config from original files
2018-04-02 13:15:18,426 : Machine : Machine config file #1: D:\Dev\mpf\scottp\config\config
2018-04-02 13:15:18,435 : Machine : Config file cache created: C:\Users\maddo\AppData\Local\Temp\f2725e9fdb5e5699b9561cedbbf1540fconfig
2018-04-02 13:15:18,448 : SmartMatrix : Connecting to SmartMatrix RGB DMD on COM6 baud 2500000
2018-04-02 13:15:18,471 : SwitchController : Loading the SwitchController
2018-04-02 13:15:18,514 : EventManager : Event: ======'machine_var_mpf_version'====== Args={'prev_value': 'MPF v0.33.49', 'value': 'MPF v0.33.49', 'change': False}
2018-04-02 13:15:18,514 : EventManager : Event: ======'machine_var_mpf_extended_version'====== Args={'prev_value': 'MPF v0.33.49, Config version:4, Show version: 4, BCP version:1.1', 'value': 'MPF v0.33.49, Config version:4, Show version: 4, BCP version:1.1', 'change': False}
2018-04-02 13:15:18,514 : EventManager : Event: ======'machine_var_python_version'====== Args={'prev_value': '3.4.4', 'value': '3.4.4', 'change': False}
2018-04-02 13:15:18,515 : EventManager : Event: ======'machine_var_platform'====== Args={'prev_value': 'Windows-10-10.0.16299', 'value': 'Windows-10-10.0.16299', 'change': False}
2018-04-02 13:15:18,515 : EventManager : Event: ======'machine_var_platform_system'====== Args={'prev_value': 'Windows', 'value': 'Windows', 'change': False}
2018-04-02 13:15:18,515 : EventManager : Event: ======'machine_var_platform_release'====== Args={'prev_value': '10', 'value': '10', 'change': False}
2018-04-02 13:15:18,515 : EventManager : Event: ======'machine_var_platform_version'====== Args={'prev_value': '10.0.16299', 'value': '10.0.16299', 'change': False}
2018-04-02 13:15:18,515 : EventManager : Event: ======'machine_var_platform_machine'====== Args={'prev_value': 'AMD64', 'value': 'AMD64', 'change': False}
2018-04-02 13:15:18,515 : EventManager : Event: ======'init_phase_1'====== Args={}
2018-04-02 13:15:18,537 : EventManager : Event: ======'init_phase_2'====== Args={}
2018-04-02 13:15:18,549 : BCPClientSocket.local_display : Connecting BCP to 'local_display' at localhost:5050...
2018-04-02 13:15:20,053 : BCPClientSocket.local_display : Connected BCP to 'local_display' localhost:5050
2018-04-02 13:15:20,056 : EventManager : Event: ======'init_phase_3'====== Args={}
2018-04-02 13:15:20,060 : EventManager : Event: ======'init_phase_4'====== Args={}
2018-04-02 13:15:20,062 : EventManager : Event: ======'machine_var_audits_player_score'====== Args={'prev_value': {'average': 0, 'total': 0, 'top': []}, 'value': {'average': 0, 'total': 0, 'top': []}, 'change': False}
2018-04-02 13:15:20,063 : EventManager : Event: ======'init_phase_5'====== Args={}
2018-04-02 13:15:20,064 : EventManager : Event: ======'init_done'====== Args={}
2018-04-02 13:15:20,064 : EventManager : Event: ======'machine_reset_phase_1'====== Args={}
2018-04-02 13:15:20,067 : EventManager : Event: ======'machine_var_master_volume'====== Args={'prev_value': 0.5, 'value': 0.5, 'change': 0.0}
2018-04-02 13:15:20,083 : EventManager : Event: ======'slide_window_slide_1_removed'====== Args={'_from_bcp': True}
2018-04-02 13:15:20,090 : EventManager : Event: ======'slide_window_slide_1_created'====== Args={'_from_bcp': True}
2018-04-02 13:15:20,094 : EventManager : Event: ======'slide_dmd_slide_1_removed'====== Args={'_from_bcp': True}
2018-04-02 13:15:20,095 : EventManager : Event: ======'slide_dmd_slide_1_created'====== Args={'_from_bcp': True}
2018-04-02 13:15:20,097 : EventManager : Event: ======'machine_reset_phase_2'====== Args={}
2018-04-02 13:15:20,098 : EventManager : Event: ======'machine_reset_phase_3'====== Args={}
2018-04-02 13:15:20,098 : EventManager : Event: ======'reset_complete'====== Args={}
2018-04-02 13:15:20,099 : EventManager : Event: ======'mode_attract_will_start'====== Args={}
2018-04-02 13:15:20,099 : EventManager : Event: ======'mode_attract_starting'====== Args={}
2018-04-02 13:15:20,099 : Mode.attract : Started. Priority: 10
2018-04-02 13:15:20,099 : EventManager : Event: ======'mode_attract_started'====== Args={}
2018-04-02 13:15:20,099 : EventManager : Event: ======'collecting_balls_complete'====== Args={}
2018-04-02 13:15:20,100 : EventManager : Event: ======'slide_window_slide_1_active'====== Args={'_from_bcp': True}
2018-04-02 13:15:20,100 : Machine : Starting the main run loop.
2018-04-02 13:15:20,100 : EventManager : Event: ======'slide_dmd_slide_1_active'====== Args={'_from_bcp': True}
2018-04-02 13:16:18,047 : Machine : Shutting down...
2018-04-02 13:16:18,047 : EventManager : Event: ======'shutdown'====== Args={}
2018-04-02 13:16:18,047 : Machine : Shutting down...
2018-04-02 13:16:18,047 : EventManager : Event: ======'shutdown'====== Args={}
2018-04-02 13:16:18,048 : SmartMatrix : Disconnecting from SmartMatrix RGB DMD hardware...
2018-04-02 13:16:18,048 : SmartMatrix : Disconnecting from SmartMatrix RGB DMD hardware...
2018-04-02 13:16:18,050 : root : MPF run loop ended.
