2018-04-02 14:52:29,769 : kivy : Factory: 194 symbols loaded
2018-04-02 14:52:29,846 : kivy : Image: Providers: img_tex, img_dds, img_sdl2, img_gif (img_pil, img_ffpyplayer ignored)
2018-04-02 14:52:29,875 : kivy : VideoGstplayer: Using Gstreamer 1.10.2.0
2018-04-02 14:52:29,875 : kivy : Video: Provider: gstplayer
2018-04-02 14:52:29,900 : kivy : Loading MPF-MC controller
2018-04-02 14:52:29,901 : mpfmc : Mission Pinball Framework Media Controller v0.33.16
2018-04-02 14:52:29,901 : mpfmc : Mission Pinball Framework Game Engine v0.33.49
2018-04-02 14:52:29,901 : mpfmc : Machine path: D:\Dev\mpf\scottp
2018-04-02 14:52:29,901 : mpfmc : Starting clock at 30.0Hz
2018-04-02 14:52:29,913 : kivy : Text: Provider: sdl2
2018-04-02 14:52:30,111 : kivy : OSC: using <thread> for socket
2018-04-02 14:52:30,115 : kivy : Window: Provider: sdl2
2018-04-02 14:52:30,315 : kivy : GL: Using the "OpenGL" graphics system
2018-04-02 14:52:30,316 : kivy : GL: GLEW initialization succeeded
2018-04-02 14:52:30,316 : kivy : GL: Backend used <glew>
2018-04-02 14:52:30,316 : kivy : GL: OpenGL version <b'4.5.13497 Compatibility Profile Context 23.20.793.0'>
2018-04-02 14:52:30,317 : kivy : GL: OpenGL vendor <b'ATI Technologies Inc.'>
2018-04-02 14:52:30,317 : kivy : GL: OpenGL renderer <b'Radeon (TM) RX 480 Graphics'>
2018-04-02 14:52:30,317 : kivy : GL: OpenGL parsed version: 4, 5
2018-04-02 14:52:30,317 : kivy : GL: Shading version <b'4.50'>
2018-04-02 14:52:30,317 : kivy : GL: Texture max size <16384>
2018-04-02 14:52:30,317 : kivy : GL: Texture max units <32>
2018-04-02 14:52:30,325 : kivy : Window: auto add sdl2 input provider
2018-04-02 14:52:30,325 : kivy : Window: virtual keyboard not allowed, single mode, not docked
2018-04-02 14:52:30,328 : SoundSystem : SoundSystem: Using default 'sound_system' settings
2018-04-02 14:52:30,868 : AudioInterface : Initialized
2018-04-02 14:52:30,869 : SoundSystem : No audio tracks are specified in your machine config file. a track named 'default' has been created.
2018-04-02 14:52:30,870 : kivy : Base: Start application main loop
2018-04-02 14:52:30,971 : MPF-MC BCP Server : Starting up on localhost port 5050
2018-04-02 14:52:30,975 : MPF-MC BCP Server : Waiting for a connection...
2018-04-02 14:52:30,976 : kivy : GL: NPOT texture support is available
2018-04-02 14:52:35,916 : kivy : Base: Leaving application in progress...
