2018-04-02 14:49:38,677 : Machine : Mission Pinball Framework Core Engine v0.33.49
2018-04-02 14:49:38,677 : Machine : Command line arguments: {'force_assets_load': False, 'force_platform': None, 'loglevel': 11, 'bcp': True, 'no_load_cache': False, 'consoleloglevel': 20, 'syslog_address': None, 'configfile': ['config'], 'pause': False, 'mc_file_name': None, 'mpfconfigfile': 'c:\\python34\\lib\\site-packages\\mpf\\mpfconfig.yaml', 'create_config_cache': True, 'logfile': 'logs\\2018-04-02-14-49-38-mpf-DESKTOP-U1P21TS.log'}
2018-04-02 14:49:38,677 : Machine : MPF path: c:\python34\lib\site-packages\mpf
2018-04-02 14:49:38,678 : Machine : Machine path: D:\Dev\mpf\scottp
2018-04-02 14:49:38,678 : Machine : Platform: win32
2018-04-02 14:49:38,678 : Machine : Python executable location: c:\python34\python.exe
2018-04-02 14:49:38,678 : Machine : Python version: 3.4.4 (64-bit)
2018-04-02 14:49:38,856 : Machine : Loading config from original files
2018-04-02 14:49:38,905 : Machine : Machine config file #1: D:\Dev\mpf\scottp\config\config
2018-04-02 14:49:38,927 : Machine : Config file cache created: C:\Users\maddo\AppData\Local\Temp\f2725e9fdb5e5699b9561cedbbf1540fconfig
2018-04-02 14:49:38,936 : SmartMatrix : Connecting to SmartMatrix RGB DMD on COM6 baud 2500000
2018-04-02 14:49:38,963 : SwitchController : Loading the SwitchController
2018-04-02 14:49:39,006 : EventManager : Event: ======'machine_var_mpf_version'====== Args={'value': 'MPF v0.33.49', 'prev_value': 'MPF v0.33.49', 'change': False}
2018-04-02 14:49:39,006 : EventManager : Event: ======'machine_var_mpf_extended_version'====== Args={'value': 'MPF v0.33.49, Config version:4, Show version: 4, BCP version:1.1', 'prev_value': 'MPF v0.33.49, Config version:4, Show version: 4, BCP version:1.1', 'change': False}
2018-04-02 14:49:39,006 : EventManager : Event: ======'machine_var_python_version'====== Args={'value': '3.4.4', 'prev_value': '3.4.4', 'change': False}
2018-04-02 14:49:39,007 : EventManager : Event: ======'machine_var_platform'====== Args={'value': 'Windows-10-10.0.16299', 'prev_value': 'Windows-10-10.0.16299', 'change': False}
2018-04-02 14:49:39,007 : EventManager : Event: ======'machine_var_platform_system'====== Args={'value': 'Windows', 'prev_value': 'Windows', 'change': False}
2018-04-02 14:49:39,007 : EventManager : Event: ======'machine_var_platform_release'====== Args={'value': '10', 'prev_value': '10', 'change': False}
2018-04-02 14:49:39,007 : EventManager : Event: ======'machine_var_platform_version'====== Args={'value': '10.0.16299', 'prev_value': '10.0.16299', 'change': False}
2018-04-02 14:49:39,007 : EventManager : Event: ======'machine_var_platform_machine'====== Args={'value': 'AMD64', 'prev_value': 'AMD64', 'change': False}
2018-04-02 14:49:39,007 : EventManager : Event: ======'init_phase_1'====== Args={}
2018-04-02 14:49:39,050 : ball_device.bd_trough : Platform Driver: None
2018-04-02 14:49:39,051 : ball_device.bd_trough : Configuring device with settings: '{'eject_coil_retry_pulse': None, 'confirm_eject_type': 'target', 'eject_all_events': {}, 'max_eject_attempts': 0, 'eject_events': {}, 'confirm_eject_switch': None, 'entrance_switch': None, 'captures_from': <playfield.playfield>, 'ball_capacity': None, 'hold_switches': [], 'eject_targets': [<ball_device.bd_plunger>], 'mechanical_eject': False, 'player_controlled_eject_event': None, 'ball_switches': [<switch.s_trough1>, <switch.s_trough2>, <switch.s_trough3>, <switch.s_trough4>, <switch.s_trough5>, <switch.s_trough_jam>], 'target_on_unexpected_ball': None, 'entrance_count_delay': 300, 'entrance_events': {}, 'console_log': 'full', 'label': '%', 'ball_search_order': 200, 'debug': True, 'hold_events': {}, 'tags': ['trough', 'home', 'drain'], 'retries_before_increasing_pulse': 4, 'auto_fire_on_unexpected_ball': True, 'hold_coil': None, 'file_log': 'full', 'confirm_eject_event': None, 'entrance_switch_full_timeout': 0, 'hold_coil_release_time': 1000, 'ball_missing_target': <playfield.playfield>, 'exit_count_delay': 500, 'eject_timeouts': [], 'eject_coil_jam_pulse': None, 'eject_coil': <coil.c_trough_eject>, 'jam_switch': <switch.s_trough_jam>, 'request_ball_events': [], 'ball_missing_timeouts': []}'
2018-04-02 14:49:39,051 : ball_device.bd_plunger : Platform Driver: None
2018-04-02 14:49:39,051 : ball_device.bd_plunger : Configuring device with settings: '{'eject_coil_retry_pulse': None, 'confirm_eject_type': 'target', 'eject_all_events': {}, 'ball_switches': [<switch.s_plunger_lane>], 'eject_events': {}, 'confirm_eject_switch': None, 'entrance_switch': None, 'captures_from': <playfield.playfield>, 'ball_capacity': None, 'hold_switches': [], 'mechanical_eject': False, 'player_controlled_eject_event': 'sw_launch', 'max_eject_attempts': 0, 'target_on_unexpected_ball': None, 'entrance_count_delay': 300, 'entrance_events': {}, 'console_log': 'full', 'label': '%', 'ball_search_order': 200, 'debug': True, 'hold_events': {}, 'tags': ['ball_add_live'], 'retries_before_increasing_pulse': 4, 'auto_fire_on_unexpected_ball': True, 'hold_coil': None, 'hold_coil_release_time': 1000, 'file_log': 'full', 'confirm_eject_event': None, 'entrance_switch_full_timeout': 0, 'eject_targets': [<playfield.playfield>], 'ball_missing_target': <playfield.playfield>, 'exit_count_delay': 500, 'eject_timeouts': [3000], 'eject_coil_jam_pulse': None, 'eject_coil': <coil.c_plunger_eject>, 'jam_switch': None, 'request_ball_events': [], 'ball_missing_timeouts': []}'
2018-04-02 14:49:39,052 : ball_device.bd_plunger : EVENT: bd_trough to bd_plunger
2018-04-02 14:49:39,053 : SwitchController : Registering switch handler: s_left_flipper, <bound method ComboSwitch._switch_1_went_active of <combo_switch.both_flippers>>, state: 1, ms: 0, info: False, cb_kwargs: {}
2018-04-02 14:49:39,053 : SwitchController : Registering switch handler: s_left_flipper, <bound method ComboSwitch._switch_1_went_inactive of <combo_switch.both_flippers>>, state: 0, ms: 0, info: False, cb_kwargs: {}
2018-04-02 14:49:39,053 : SwitchController : Registering switch handler: s_right_flipper, <bound method ComboSwitch._switch_2_went_active of <combo_switch.both_flippers>>, state: 1, ms: 0, info: False, cb_kwargs: {}
2018-04-02 14:49:39,053 : SwitchController : Registering switch handler: s_right_flipper, <bound method ComboSwitch._switch_2_went_inactive of <combo_switch.both_flippers>>, state: 0, ms: 0, info: False, cb_kwargs: {}
2018-04-02 14:49:39,053 : SwitchController : Registering switch handler: s_left_flipper, <bound method TimedSwitch._activate of <timed_switch.flipper_cradle>>, state: 1, ms: 3000, info: True, cb_kwargs: {}
2018-04-02 14:49:39,053 : SwitchController : Registering switch handler: s_left_flipper, <bound method TimedSwitch._deactivate of <timed_switch.flipper_cradle>>, state: 0, ms: 0, info: True, cb_kwargs: {}
2018-04-02 14:49:39,053 : SwitchController : Registering switch handler: s_right_flipper, <bound method TimedSwitch._activate of <timed_switch.flipper_cradle>>, state: 1, ms: 3000, info: True, cb_kwargs: {}
2018-04-02 14:49:39,053 : SwitchController : Registering switch handler: s_right_flipper, <bound method TimedSwitch._deactivate of <timed_switch.flipper_cradle>>, state: 0, ms: 0, info: True, cb_kwargs: {}
2018-04-02 14:49:39,054 : EventManager : Event: ======'init_phase_2'====== Args={}
2018-04-02 14:49:39,065 : BCPClientSocket.local_display : Connecting BCP to 'local_display' at localhost:5050...
2018-04-02 14:49:40,571 : BCPClientSocket.local_display : Connected BCP to 'local_display' localhost:5050
2018-04-02 14:49:40,573 : SwitchController : Registering switch handler: s_trough1, <bound method SwitchCounter._switch_changed of <mpf.devices.ball_device.switch_counter.SwitchCounter object at 0x000000000794B8D0>>, state: 1, ms: 300, info: False, cb_kwargs: {}
2018-04-02 14:49:40,574 : SwitchController : Registering switch handler: s_trough2, <bound method SwitchCounter._switch_changed of <mpf.devices.ball_device.switch_counter.SwitchCounter object at 0x000000000794B8D0>>, state: 1, ms: 300, info: False, cb_kwargs: {}
2018-04-02 14:49:40,574 : SwitchController : Registering switch handler: s_trough3, <bound method SwitchCounter._switch_changed of <mpf.devices.ball_device.switch_counter.SwitchCounter object at 0x000000000794B8D0>>, state: 1, ms: 300, info: False, cb_kwargs: {}
2018-04-02 14:49:40,574 : SwitchController : Registering switch handler: s_trough4, <bound method SwitchCounter._switch_changed of <mpf.devices.ball_device.switch_counter.SwitchCounter object at 0x000000000794B8D0>>, state: 1, ms: 300, info: False, cb_kwargs: {}
2018-04-02 14:49:40,575 : SwitchController : Registering switch handler: s_trough5, <bound method SwitchCounter._switch_changed of <mpf.devices.ball_device.switch_counter.SwitchCounter object at 0x000000000794B8D0>>, state: 1, ms: 300, info: False, cb_kwargs: {}
2018-04-02 14:49:40,575 : SwitchController : Registering switch handler: s_trough_jam, <bound method SwitchCounter._switch_changed of <mpf.devices.ball_device.switch_counter.SwitchCounter object at 0x000000000794B8D0>>, state: 1, ms: 300, info: False, cb_kwargs: {}
2018-04-02 14:49:40,575 : SwitchController : Registering switch handler: s_trough1, <bound method SwitchCounter._switch_changed of <mpf.devices.ball_device.switch_counter.SwitchCounter object at 0x000000000794B8D0>>, state: 0, ms: 500, info: False, cb_kwargs: {}
2018-04-02 14:49:40,575 : SwitchController : Registering switch handler: s_trough2, <bound method SwitchCounter._switch_changed of <mpf.devices.ball_device.switch_counter.SwitchCounter object at 0x000000000794B8D0>>, state: 0, ms: 500, info: False, cb_kwargs: {}
2018-04-02 14:49:40,576 : SwitchController : Registering switch handler: s_trough3, <bound method SwitchCounter._switch_changed of <mpf.devices.ball_device.switch_counter.SwitchCounter object at 0x000000000794B8D0>>, state: 0, ms: 500, info: False, cb_kwargs: {}
2018-04-02 14:49:40,576 : SwitchController : Registering switch handler: s_trough4, <bound method SwitchCounter._switch_changed of <mpf.devices.ball_device.switch_counter.SwitchCounter object at 0x000000000794B8D0>>, state: 0, ms: 500, info: False, cb_kwargs: {}
2018-04-02 14:49:40,576 : SwitchController : Registering switch handler: s_trough5, <bound method SwitchCounter._switch_changed of <mpf.devices.ball_device.switch_counter.SwitchCounter object at 0x000000000794B8D0>>, state: 0, ms: 500, info: False, cb_kwargs: {}
2018-04-02 14:49:40,576 : SwitchController : Registering switch handler: s_trough_jam, <bound method SwitchCounter._switch_changed of <mpf.devices.ball_device.switch_counter.SwitchCounter object at 0x000000000794B8D0>>, state: 0, ms: 500, info: False, cb_kwargs: {}
2018-04-02 14:49:40,577 : ball_device.bd_trough : Counted 5 balls. Active switches: ['s_trough1', 's_trough2', 's_trough3', 's_trough4', 's_trough5']
2018-04-02 14:49:40,579 : ball_device.bd_trough : Waiting for eject request.
2018-04-02 14:49:40,581 : SwitchController : Registering switch handler: s_plunger_lane, <bound method SwitchCounter._switch_changed of <mpf.devices.ball_device.switch_counter.SwitchCounter object at 0x000000000796BC88>>, state: 1, ms: 300, info: False, cb_kwargs: {}
2018-04-02 14:49:40,581 : SwitchController : Registering switch handler: s_plunger_lane, <bound method SwitchCounter._switch_changed of <mpf.devices.ball_device.switch_counter.SwitchCounter object at 0x000000000796BC88>>, state: 0, ms: 500, info: False, cb_kwargs: {}
2018-04-02 14:49:40,582 : ball_device.bd_plunger : Counted 0 balls. Active switches: []
2018-04-02 14:49:40,584 : ball_device.bd_plunger : Waiting for eject request.
2018-04-02 14:49:40,601 : EventManager : Event: ======'init_phase_3'====== Args={}
2018-04-02 14:49:40,605 : Machine : Shutting down...
2018-04-02 14:49:40,606 : EventManager : Event: ======'shutdown'====== Args={}
2018-04-02 14:49:40,606 : Machine : Shutting down...
2018-04-02 14:49:40,606 : EventManager : Event: ======'shutdown'====== Args={}
2018-04-02 14:49:40,606 : ball_device.bd_trough : Stopping ball device
2018-04-02 14:49:40,606 : ball_device.bd_plunger : Stopping ball device
2018-04-02 14:49:40,606 : SmartMatrix : Disconnecting from SmartMatrix RGB DMD hardware...
2018-04-02 14:49:40,606 : ball_device.bd_trough : Stopping ball device
2018-04-02 14:49:40,606 : ball_device.bd_plunger : Stopping ball device
2018-04-02 14:49:40,607 : SmartMatrix : Disconnecting from SmartMatrix RGB DMD hardware...
2018-04-02 14:49:40,607 : asyncio : Exception in callback EventManager._done(<Task finishe...o be dict.',)>)
handle: <Handle EventManager._done(<Task finishe...o be dict.',)>)>
Traceback (most recent call last):
  File "c:\python34\lib\asyncio\events.py", line 125, in _run
    self._callback(*self._args)
  File "c:\python34\lib\site-packages\mpf\core\events.py", line 572, in _done
    future.result()
  File "c:\python34\lib\asyncio\futures.py", line 274, in result
    raise self._exception
  File "c:\python34\lib\asyncio\tasks.py", line 239, in _step
    result = coro.send(None)
  File "c:\python34\lib\site-packages\mpf\core\events.py", line 507, in _run_handlers_sequential
    handler.callback(queue=queue, **merged_kwargs)
  File "c:\python34\lib\site-packages\mpf\core\config_player.py", line 67, in _initialise_system_wide
    self.machine.config[self.config_file_section]))
  File "c:\python34\lib\site-packages\mpf\core\config_player.py", line 89, in validate_config
    validated_config[event] = self.validate_config_entry(settings, event)
  File "c:\python34\lib\site-packages\mpf\config_players\device_config_player.py", line 26, in validate_config_entry
    self._validate_config_item(device, device_settings))
  File "c:\python34\lib\site-packages\mpfmc\config_players\plugins\slide_player.py", line 39, in _validate_config_item
    raise AssertionError("Settings in slide_player {} have to be dict.".format(device))
AssertionError: Settings in slide_player mode_attract_started have to be dict.
2018-04-02 14:49:40,617 : root : Event loop stopped before Future completed.
Traceback (most recent call last):
  File "c:\python34\lib\site-packages\mpf\commands\game.py", line 181, in __init__
    MachineController(mpf_path, machine_path, vars(args)).run()
  File "c:\python34\lib\site-packages\mpf\core\machine.py", line 134, in __init__
    self.clock.loop.run_until_complete(self._run_init_phases())
  File "c:\python34\lib\asyncio\base_events.py", line 335, in run_until_complete
    raise RuntimeError('Event loop stopped before Future completed.')
RuntimeError: Event loop stopped before Future completed.
