2018-04-02 14:36:47,609 : Machine : Mission Pinball Framework Core Engine v0.33.49
2018-04-02 14:36:47,609 : Machine : Command line arguments: {'mpfconfigfile': 'c:\\python34\\lib\\site-packages\\mpf\\mpfconfig.yaml', 'loglevel': 11, 'bcp': True, 'consoleloglevel': 20, 'force_platform': None, 'force_assets_load': False, 'pause': False, 'create_config_cache': True, 'logfile': 'logs\\2018-04-02-14-36-47-mpf-DESKTOP-U1P21TS.log', 'configfile': ['config'], 'syslog_address': None, 'no_load_cache': False, 'mc_file_name': None}
2018-04-02 14:36:47,609 : Machine : MPF path: c:\python34\lib\site-packages\mpf
2018-04-02 14:36:47,609 : Machine : Machine path: D:\Dev\mpf\scottp
2018-04-02 14:36:47,609 : Machine : Platform: win32
2018-04-02 14:36:47,609 : Machine : Python executable location: c:\python34\python.exe
2018-04-02 14:36:47,609 : Machine : Python version: 3.4.4 (64-bit)
2018-04-02 14:36:47,786 : Machine : Loading config from original files
2018-04-02 14:36:47,836 : Machine : Machine config file #1: D:\Dev\mpf\scottp\config\config
2018-04-02 14:36:47,856 : Machine : Config file cache created: C:\Users\maddo\AppData\Local\Temp\f2725e9fdb5e5699b9561cedbbf1540fconfig
2018-04-02 14:36:47,870 : SmartMatrix : Connecting to SmartMatrix RGB DMD on COM6 baud 2500000
2018-04-02 14:36:47,893 : SwitchController : Loading the SwitchController
2018-04-02 14:36:47,937 : EventManager : Event: ======'machine_var_mpf_version'====== Args={'prev_value': 'MPF v0.33.49', 'value': 'MPF v0.33.49', 'change': False}
2018-04-02 14:36:47,937 : EventManager : Event: ======'machine_var_mpf_extended_version'====== Args={'prev_value': 'MPF v0.33.49, Config version:4, Show version: 4, BCP version:1.1', 'value': 'MPF v0.33.49, Config version:4, Show version: 4, BCP version:1.1', 'change': False}
2018-04-02 14:36:47,937 : EventManager : Event: ======'machine_var_python_version'====== Args={'prev_value': '3.4.4', 'value': '3.4.4', 'change': False}
2018-04-02 14:36:47,938 : EventManager : Event: ======'machine_var_platform'====== Args={'prev_value': 'Windows-10-10.0.16299', 'value': 'Windows-10-10.0.16299', 'change': False}
2018-04-02 14:36:47,938 : EventManager : Event: ======'machine_var_platform_system'====== Args={'prev_value': 'Windows', 'value': 'Windows', 'change': False}
2018-04-02 14:36:47,938 : EventManager : Event: ======'machine_var_platform_release'====== Args={'prev_value': '10', 'value': '10', 'change': False}
2018-04-02 14:36:47,938 : EventManager : Event: ======'machine_var_platform_version'====== Args={'prev_value': '10.0.16299', 'value': '10.0.16299', 'change': False}
2018-04-02 14:36:47,938 : EventManager : Event: ======'machine_var_platform_machine'====== Args={'prev_value': 'AMD64', 'value': 'AMD64', 'change': False}
2018-04-02 14:36:47,938 : EventManager : Event: ======'init_phase_1'====== Args={}
2018-04-02 14:36:47,983 : ball_device.bd_trough : Platform Driver: None
2018-04-02 14:36:47,983 : ball_device.bd_trough : Configuring device with settings: '{'max_eject_attempts': 0, 'entrance_switch_full_timeout': 0, 'target_on_unexpected_ball': None, 'console_log': 'full', 'label': '%', 'retries_before_increasing_pulse': 4, 'auto_fire_on_unexpected_ball': True, 'tags': ['trough', 'home', 'drain'], 'ball_search_order': 200, 'eject_timeouts': [], 'eject_coil': <coil.c_trough_eject>, 'file_log': 'full', 'captures_from': <playfield.playfield>, 'hold_events': {}, 'eject_coil_jam_pulse': None, 'debug': True, 'ball_switches': [<switch.s_trough1>, <switch.s_trough2>, <switch.s_trough3>, <switch.s_trough4>, <switch.s_trough5>, <switch.s_trough_jam>], 'hold_switches': [], 'confirm_eject_event': None, 'mechanical_eject': False, 'entrance_events': {}, 'jam_switch': <switch.s_trough_jam>, 'entrance_switch': None, 'confirm_eject_type': 'target', 'request_ball_events': [], 'eject_events': {}, 'player_controlled_eject_event': None, 'eject_targets': [<ball_device.bd_plunger>], 'ball_missing_timeouts': [], 'exit_count_delay': 500, 'eject_coil_retry_pulse': None, 'eject_all_events': {}, 'confirm_eject_switch': None, 'hold_coil': None, 'ball_capacity': None, 'ball_missing_target': <playfield.playfield>, 'hold_coil_release_time': 1000, 'entrance_count_delay': 300}'
2018-04-02 14:36:47,983 : ball_device.bd_plunger : Platform Driver: None
2018-04-02 14:36:47,983 : ball_device.bd_plunger : Configuring device with settings: '{'max_eject_attempts': 0, 'entrance_switch_full_timeout': 0, 'target_on_unexpected_ball': None, 'console_log': 'full', 'label': '%', 'retries_before_increasing_pulse': 4, 'auto_fire_on_unexpected_ball': True, 'tags': ['ball_add_live'], 'ball_search_order': 200, 'eject_timeouts': [3000], 'confirm_eject_type': 'target', 'file_log': 'full', 'captures_from': <playfield.playfield>, 'hold_events': {}, 'eject_coil_jam_pulse': None, 'debug': True, 'ball_switches': [<switch.s_plunger_lane>], 'hold_switches': [], 'player_controlled_eject_event': 'sw_launch', 'mechanical_eject': False, 'entrance_events': {}, 'jam_switch': None, 'entrance_switch': None, 'eject_coil': <coil.c_plunger_eject>, 'request_ball_events': [], 'eject_events': {}, 'confirm_eject_event': None, 'eject_targets': [<playfield.playfield>], 'ball_missing_timeouts': [], 'exit_count_delay': 500, 'eject_coil_retry_pulse': None, 'eject_all_events': {}, 'confirm_eject_switch': None, 'hold_coil': None, 'ball_capacity': None, 'ball_missing_target': <playfield.playfield>, 'hold_coil_release_time': 1000, 'entrance_count_delay': 300}'
2018-04-02 14:36:47,984 : ball_device.bd_plunger : EVENT: bd_trough to bd_plunger
2018-04-02 14:36:47,985 : SwitchController : Registering switch handler: s_left_flipper, <bound method ComboSwitch._switch_1_went_active of <combo_switch.both_flippers>>, state: 1, ms: 0, info: False, cb_kwargs: {}
2018-04-02 14:36:47,985 : SwitchController : Registering switch handler: s_left_flipper, <bound method ComboSwitch._switch_1_went_inactive of <combo_switch.both_flippers>>, state: 0, ms: 0, info: False, cb_kwargs: {}
2018-04-02 14:36:47,985 : SwitchController : Registering switch handler: s_right_flipper, <bound method ComboSwitch._switch_2_went_active of <combo_switch.both_flippers>>, state: 1, ms: 0, info: False, cb_kwargs: {}
2018-04-02 14:36:47,985 : SwitchController : Registering switch handler: s_right_flipper, <bound method ComboSwitch._switch_2_went_inactive of <combo_switch.both_flippers>>, state: 0, ms: 0, info: False, cb_kwargs: {}
2018-04-02 14:36:47,985 : SwitchController : Registering switch handler: s_left_flipper, <bound method TimedSwitch._activate of <timed_switch.flipper_cradle>>, state: 1, ms: 3000, info: True, cb_kwargs: {}
2018-04-02 14:36:47,985 : SwitchController : Registering switch handler: s_left_flipper, <bound method TimedSwitch._deactivate of <timed_switch.flipper_cradle>>, state: 0, ms: 0, info: True, cb_kwargs: {}
2018-04-02 14:36:47,985 : SwitchController : Registering switch handler: s_right_flipper, <bound method TimedSwitch._activate of <timed_switch.flipper_cradle>>, state: 1, ms: 3000, info: True, cb_kwargs: {}
2018-04-02 14:36:47,985 : SwitchController : Registering switch handler: s_right_flipper, <bound method TimedSwitch._deactivate of <timed_switch.flipper_cradle>>, state: 0, ms: 0, info: True, cb_kwargs: {}
2018-04-02 14:36:47,986 : EventManager : Event: ======'init_phase_2'====== Args={}
2018-04-02 14:36:47,997 : BCPClientSocket.local_display : Connecting BCP to 'local_display' at localhost:5050...
2018-04-02 14:36:49,502 : BCPClientSocket.local_display : Connected BCP to 'local_display' localhost:5050
2018-04-02 14:36:49,504 : SwitchController : Registering switch handler: s_trough1, <bound method SwitchCounter._switch_changed of <mpf.devices.ball_device.switch_counter.SwitchCounter object at 0x00000000077CDB70>>, state: 1, ms: 300, info: False, cb_kwargs: {}
2018-04-02 14:36:49,504 : SwitchController : Registering switch handler: s_trough2, <bound method SwitchCounter._switch_changed of <mpf.devices.ball_device.switch_counter.SwitchCounter object at 0x00000000077CDB70>>, state: 1, ms: 300, info: False, cb_kwargs: {}
2018-04-02 14:36:49,504 : SwitchController : Registering switch handler: s_trough3, <bound method SwitchCounter._switch_changed of <mpf.devices.ball_device.switch_counter.SwitchCounter object at 0x00000000077CDB70>>, state: 1, ms: 300, info: False, cb_kwargs: {}
2018-04-02 14:36:49,504 : SwitchController : Registering switch handler: s_trough4, <bound method SwitchCounter._switch_changed of <mpf.devices.ball_device.switch_counter.SwitchCounter object at 0x00000000077CDB70>>, state: 1, ms: 300, info: False, cb_kwargs: {}
2018-04-02 14:36:49,504 : SwitchController : Registering switch handler: s_trough5, <bound method SwitchCounter._switch_changed of <mpf.devices.ball_device.switch_counter.SwitchCounter object at 0x00000000077CDB70>>, state: 1, ms: 300, info: False, cb_kwargs: {}
2018-04-02 14:36:49,504 : SwitchController : Registering switch handler: s_trough_jam, <bound method SwitchCounter._switch_changed of <mpf.devices.ball_device.switch_counter.SwitchCounter object at 0x00000000077CDB70>>, state: 1, ms: 300, info: False, cb_kwargs: {}
2018-04-02 14:36:49,504 : SwitchController : Registering switch handler: s_trough1, <bound method SwitchCounter._switch_changed of <mpf.devices.ball_device.switch_counter.SwitchCounter object at 0x00000000077CDB70>>, state: 0, ms: 500, info: False, cb_kwargs: {}
2018-04-02 14:36:49,504 : SwitchController : Registering switch handler: s_trough2, <bound method SwitchCounter._switch_changed of <mpf.devices.ball_device.switch_counter.SwitchCounter object at 0x00000000077CDB70>>, state: 0, ms: 500, info: False, cb_kwargs: {}
2018-04-02 14:36:49,505 : SwitchController : Registering switch handler: s_trough3, <bound method SwitchCounter._switch_changed of <mpf.devices.ball_device.switch_counter.SwitchCounter object at 0x00000000077CDB70>>, state: 0, ms: 500, info: False, cb_kwargs: {}
2018-04-02 14:36:49,505 : SwitchController : Registering switch handler: s_trough4, <bound method SwitchCounter._switch_changed of <mpf.devices.ball_device.switch_counter.SwitchCounter object at 0x00000000077CDB70>>, state: 0, ms: 500, info: False, cb_kwargs: {}
2018-04-02 14:36:49,505 : SwitchController : Registering switch handler: s_trough5, <bound method SwitchCounter._switch_changed of <mpf.devices.ball_device.switch_counter.SwitchCounter object at 0x00000000077CDB70>>, state: 0, ms: 500, info: False, cb_kwargs: {}
2018-04-02 14:36:49,505 : SwitchController : Registering switch handler: s_trough_jam, <bound method SwitchCounter._switch_changed of <mpf.devices.ball_device.switch_counter.SwitchCounter object at 0x00000000077CDB70>>, state: 0, ms: 500, info: False, cb_kwargs: {}
2018-04-02 14:36:49,506 : ball_device.bd_trough : Counted 5 balls. Active switches: ['s_trough1', 's_trough2', 's_trough3', 's_trough4', 's_trough5']
2018-04-02 14:36:49,506 : ball_device.bd_trough : Waiting for eject request.
2018-04-02 14:36:49,507 : SwitchController : Registering switch handler: s_plunger_lane, <bound method SwitchCounter._switch_changed of <mpf.devices.ball_device.switch_counter.SwitchCounter object at 0x00000000077F84A8>>, state: 1, ms: 300, info: False, cb_kwargs: {}
2018-04-02 14:36:49,507 : SwitchController : Registering switch handler: s_plunger_lane, <bound method SwitchCounter._switch_changed of <mpf.devices.ball_device.switch_counter.SwitchCounter object at 0x00000000077F84A8>>, state: 0, ms: 500, info: False, cb_kwargs: {}
2018-04-02 14:36:49,508 : ball_device.bd_plunger : Counted 0 balls. Active switches: []
2018-04-02 14:36:49,509 : ball_device.bd_plunger : Waiting for eject request.
2018-04-02 14:36:49,514 : EventManager : Event: ======'init_phase_3'====== Args={}
2018-04-02 14:36:49,518 : EventManager : Event: ======'init_phase_4'====== Args={}
2018-04-02 14:36:49,519 : ball_device.bd_trough : Counted 5 balls. Active switches: ['s_trough1', 's_trough2', 's_trough3', 's_trough4', 's_trough5']
2018-04-02 14:36:49,520 : ball_device.bd_plunger : Counted 0 balls. Active switches: []
2018-04-02 14:36:49,524 : EventManager : Event: ======'machine_var_audits_switches_s_right_flipper'====== Args={'prev_value': 0, 'value': 0, 'change': 0}
2018-04-02 14:36:49,524 : EventManager : Event: ======'machine_var_audits_switches_s_trough_jam'====== Args={'prev_value': 0, 'value': 0, 'change': 0}
2018-04-02 14:36:49,525 : EventManager : Event: ======'machine_var_audits_switches_s_trough5'====== Args={'prev_value': 0, 'value': 0, 'change': 0}
2018-04-02 14:36:49,525 : EventManager : Event: ======'machine_var_audits_switches_s_trough2'====== Args={'prev_value': 0, 'value': 0, 'change': 0}
2018-04-02 14:36:49,525 : EventManager : Event: ======'machine_var_audits_switches_s_trough1'====== Args={'prev_value': 0, 'value': 0, 'change': 0}
2018-04-02 14:36:49,526 : EventManager : Event: ======'machine_var_audits_switches_s_trough4'====== Args={'prev_value': 0, 'value': 0, 'change': 0}
2018-04-02 14:36:49,526 : EventManager : Event: ======'machine_var_audits_switches_s_trough3'====== Args={'prev_value': 0, 'value': 0, 'change': 0}
2018-04-02 14:36:49,527 : EventManager : Event: ======'machine_var_audits_switches_s_left_flipper'====== Args={'prev_value': 0, 'value': 0, 'change': 0}
2018-04-02 14:36:49,527 : EventManager : Event: ======'machine_var_audits_switches_s_launch'====== Args={'prev_value': 0, 'value': 0, 'change': 0}
2018-04-02 14:36:49,528 : EventManager : Event: ======'machine_var_audits_switches_s_plunger_lane'====== Args={'prev_value': 0, 'value': 0, 'change': 0}
2018-04-02 14:36:49,528 : EventManager : Event: ======'machine_var_audits_player_score'====== Args={'prev_value': {'total': 0, 'top': [], 'average': 0}, 'value': {'total': 0, 'top': [], 'average': 0}, 'change': False}
2018-04-02 14:36:49,529 : EventManager : Event: ======'init_phase_5'====== Args={}
2018-04-02 14:36:49,532 : EventManager : Event: ======'init_done'====== Args={}
2018-04-02 14:36:49,533 : EventManager : Event: ======'machine_reset_phase_1'====== Args={}
2018-04-02 14:36:49,538 : EventManager : Event: ======'machine_var_master_volume'====== Args={'prev_value': 0.5, 'value': 0.5, 'change': 0.0}
2018-04-02 14:36:49,541 : EventManager : Event: ======'slide_dmd_slide_1_removed'====== Args={'_from_bcp': True}
2018-04-02 14:36:49,545 : EventManager : Event: ======'slide_dmd_slide_1_created'====== Args={'_from_bcp': True}
2018-04-02 14:36:49,551 : EventManager : Event: ======'slide_window_slide_1_removed'====== Args={'_from_bcp': True}
2018-04-02 14:36:49,557 : EventManager : Event: ======'slide_window_slide_1_created'====== Args={'_from_bcp': True}
2018-04-02 14:36:49,562 : EventManager : Event: ======'machine_reset_phase_2'====== Args={}
2018-04-02 14:36:49,562 : EventManager : Event: ======'machine_reset_phase_3'====== Args={}
2018-04-02 14:36:49,562 : SwitchController : Found active switch: s_trough5
2018-04-02 14:36:49,563 : SwitchController : Found active switch: s_trough2
2018-04-02 14:36:49,563 : SwitchController : Found active switch: s_trough1
2018-04-02 14:36:49,563 : SwitchController : Found active switch: s_trough4
2018-04-02 14:36:49,563 : SwitchController : Found active switch: s_trough3
2018-04-02 14:36:49,563 : EventManager : Event: ======'reset_complete'====== Args={}
2018-04-02 14:36:49,563 : EventManager : Event: ======'mode_attract_will_start'====== Args={}
2018-04-02 14:36:49,564 : EventManager : Event: ======'mode_attract_starting'====== Args={}
2018-04-02 14:36:49,564 : Mode.attract : Started. Priority: 10
2018-04-02 14:36:49,564 : EventManager : Event: ======'mode_attract_started'====== Args={}
2018-04-02 14:36:49,564 : EventManager : Event: ======'collecting_balls_complete'====== Args={}
2018-04-02 14:36:49,565 : EventManager : Event: ======'slide_dmd_slide_1_active'====== Args={'_from_bcp': True}
2018-04-02 14:36:49,565 : Machine : Starting the main run loop.
2018-04-02 14:36:49,565 : EventManager : Event: ======'slide_window_slide_1_active'====== Args={'_from_bcp': True}
2018-04-02 14:37:03,801 : SwitchController : Processing switch. Name: s_trough1, state: 0, logical: True,
2018-04-02 14:37:03,802 : SwitchController : <<<<<<< 's_trough1' inactive >>>>>>>
2018-04-02 14:37:03,802 : SwitchController : Found timed switch handler for k/v 875478.5310000001 / {'callback_kwargs': {}, 'removed': False, 'state': 0, 'ms': 500, 'switch_action': 's_trough1-0', 'callback': <bound method SwitchCounter._switch_changed of <mpf.devices.ball_device.switch_counter.SwitchCounter object at 0x00000000077CDB70>>, 'return_info': False, 'switch_name': 's_trough1'}
2018-04-02 14:37:03,802 : EventManager : Event: ======'s_trough1_inactive'====== Args={}
2018-04-02 14:37:04,294 : SwitchController : Processing timed switch handler. Switch: s_trough1  State: 0, ms: 500
2018-04-02 14:37:04,295 : ball_device.bd_trough : Counted 4 balls. Active switches: ['s_trough2', 's_trough3', 's_trough4', 's_trough5']
2018-04-02 14:37:04,295 : ball_device.bd_trough : Counting idle
2018-04-02 14:37:04,295 : ball_device.bd_trough : BCH: Lost 1 balls
2018-04-02 14:37:04,295 : EventManager : Event: ======'balldevice_playfield_ball_enter'====== Args={'unclaimed_balls': 1, 'device': <playfield.playfield>, 'new_balls': 1}
2018-04-02 14:37:04,296 : EventManager : Event: ======'playfield_ball_count_change'====== Args={'balls': 1, 'change': 1}
2018-04-02 14:37:04,296 : ball_device.bd_trough : 1 ball(s) missing from device. Mechanical eject? False
2018-04-02 14:37:04,296 : EventManager : Event: ======'balldevice_1_ball_missing'====== Args={}
2018-04-02 14:37:04,297 : EventManager : Event: ======'balldevice_ball_missing'====== Args={'balls': 1}
2018-04-02 14:37:07,941 : SwitchController : Processing switch. Name: s_trough1, state: 1, logical: True,
2018-04-02 14:37:07,941 : SwitchController : <<<<<<< 's_trough1' active >>>>>>>
2018-04-02 14:37:07,941 : SwitchController : Found timed switch handler for k/v 875482.471 / {'callback_kwargs': {}, 'removed': False, 'state': 1, 'ms': 300, 'switch_action': 's_trough1-1', 'callback': <bound method SwitchCounter._switch_changed of <mpf.devices.ball_device.switch_counter.SwitchCounter object at 0x00000000077CDB70>>, 'return_info': False, 'switch_name': 's_trough1'}
2018-04-02 14:37:07,941 : EventManager : Event: ======'s_trough1_active'====== Args={}
2018-04-02 14:37:08,248 : SwitchController : Processing timed switch handler. Switch: s_trough1  State: 1, ms: 300
2018-04-02 14:37:08,248 : ball_device.bd_trough : Counted 5 balls. Active switches: ['s_trough1', 's_trough2', 's_trough3', 's_trough4', 's_trough5']
2018-04-02 14:37:08,248 : ball_device.bd_trough : Counting idle
2018-04-02 14:37:08,249 : ball_device.bd_trough : BCH: Found 1 new balls
2018-04-02 14:37:08,249 : ball_device.bd_trough : Received unexpected ball
2018-04-02 14:37:08,249 : EventManager : Event: ======'balldevice_captured_from_playfield'====== Args={'balls': 1}
2018-04-02 14:37:08,249 : EventManager : Event: ======'sw_playfield_active'====== Args={'balls': 1}
2018-04-02 14:37:08,250 : EventManager : Event: ======'playfield_ball_count_change'====== Args={'balls': 0, 'change': -1}
2018-04-02 14:37:08,250 : ball_device.bd_trough : Counted 5 balls. Active switches: ['s_trough1', 's_trough2', 's_trough3', 's_trough4', 's_trough5']
2018-04-02 14:37:08,250 : ball_device.bd_plunger : Counted 0 balls. Active switches: []
2018-04-02 14:37:08,250 : ball_device.bd_trough : Processing new ball
2018-04-02 14:37:08,250 : EventManager : Event: ======'balldevice_bd_trough_ball_enter'====== Args={'unclaimed_balls': 1, 'device': <ball_device.bd_trough>, 'new_balls': 1}
2018-04-02 14:37:08,251 : EventManager : Event: ======'ball_drain'====== Args={'device': <ball_device.bd_trough>, 'balls': 1}
2018-04-02 14:37:08,251 : ball_device.bd_trough : Adding ball
2018-04-02 14:37:08,252 : EventManager : Event: ======'balldevice_balls_available'====== Args={}
2018-04-02 14:37:08,252 : EventManager : Event: ======'balldevice_bd_trough_ball_entered'====== Args={'device': <ball_device.bd_trough>, 'new_balls': 1}
2018-04-02 14:37:08,895 : SwitchController : Processing switch. Name: s_trough2, state: 0, logical: True,
2018-04-02 14:37:08,896 : SwitchController : <<<<<<< 's_trough2' inactive >>>>>>>
2018-04-02 14:37:08,896 : SwitchController : Found timed switch handler for k/v 875483.625 / {'callback_kwargs': {}, 'removed': False, 'state': 0, 'ms': 500, 'switch_action': 's_trough2-0', 'callback': <bound method SwitchCounter._switch_changed of <mpf.devices.ball_device.switch_counter.SwitchCounter object at 0x00000000077CDB70>>, 'return_info': False, 'switch_name': 's_trough2'}
2018-04-02 14:37:08,896 : EventManager : Event: ======'s_trough2_inactive'====== Args={}
2018-04-02 14:37:09,388 : SwitchController : Processing timed switch handler. Switch: s_trough2  State: 0, ms: 500
2018-04-02 14:37:09,389 : ball_device.bd_trough : Counted 4 balls. Active switches: ['s_trough1', 's_trough3', 's_trough4', 's_trough5']
2018-04-02 14:37:09,389 : ball_device.bd_trough : Counting idle
2018-04-02 14:37:09,390 : ball_device.bd_trough : BCH: Lost 1 balls
2018-04-02 14:37:09,390 : EventManager : Event: ======'balldevice_playfield_ball_enter'====== Args={'unclaimed_balls': 1, 'device': <playfield.playfield>, 'new_balls': 1}
2018-04-02 14:37:09,390 : EventManager : Event: ======'playfield_ball_count_change'====== Args={'balls': 1, 'change': 1}
2018-04-02 14:37:09,390 : ball_device.bd_trough : 1 ball(s) missing from device. Mechanical eject? False
2018-04-02 14:37:09,390 : EventManager : Event: ======'balldevice_1_ball_missing'====== Args={}
2018-04-02 14:37:09,391 : EventManager : Event: ======'balldevice_ball_missing'====== Args={'balls': 1}
2018-04-02 14:37:11,709 : SwitchController : Processing switch. Name: s_trough3, state: 0, logical: True,
2018-04-02 14:37:11,710 : SwitchController : <<<<<<< 's_trough3' inactive >>>>>>>
2018-04-02 14:37:11,710 : SwitchController : Found timed switch handler for k/v 875486.437 / {'callback_kwargs': {}, 'removed': False, 'state': 0, 'ms': 500, 'switch_action': 's_trough3-0', 'callback': <bound method SwitchCounter._switch_changed of <mpf.devices.ball_device.switch_counter.SwitchCounter object at 0x00000000077CDB70>>, 'return_info': False, 'switch_name': 's_trough3'}
2018-04-02 14:37:11,710 : EventManager : Event: ======'s_trough3_inactive'====== Args={}
2018-04-02 14:37:12,201 : SwitchController : Processing timed switch handler. Switch: s_trough3  State: 0, ms: 500
2018-04-02 14:37:12,202 : ball_device.bd_trough : Counted 3 balls. Active switches: ['s_trough1', 's_trough4', 's_trough5']
2018-04-02 14:37:12,202 : ball_device.bd_trough : Counting idle
2018-04-02 14:37:12,202 : ball_device.bd_trough : BCH: Lost 1 balls
2018-04-02 14:37:12,202 : EventManager : Event: ======'balldevice_playfield_ball_enter'====== Args={'unclaimed_balls': 1, 'device': <playfield.playfield>, 'new_balls': 1}
2018-04-02 14:37:12,202 : EventManager : Event: ======'playfield_ball_count_change'====== Args={'balls': 2, 'change': 1}
2018-04-02 14:37:12,202 : ball_device.bd_trough : 1 ball(s) missing from device. Mechanical eject? False
2018-04-02 14:37:12,203 : EventManager : Event: ======'balldevice_1_ball_missing'====== Args={}
2018-04-02 14:37:12,204 : EventManager : Event: ======'balldevice_ball_missing'====== Args={'balls': 1}
2018-04-02 14:37:45,956 : SwitchController : Processing switch. Name: s_trough5, state: 0, logical: True,
2018-04-02 14:37:45,956 : SwitchController : <<<<<<< 's_trough5' inactive >>>>>>>
2018-04-02 14:37:45,956 : SwitchController : Found timed switch handler for k/v 875520.687 / {'callback_kwargs': {}, 'removed': False, 'state': 0, 'ms': 500, 'switch_action': 's_trough5-0', 'callback': <bound method SwitchCounter._switch_changed of <mpf.devices.ball_device.switch_counter.SwitchCounter object at 0x00000000077CDB70>>, 'return_info': False, 'switch_name': 's_trough5'}
2018-04-02 14:37:45,956 : EventManager : Event: ======'s_trough5_inactive'====== Args={}
2018-04-02 14:37:46,451 : SwitchController : Processing timed switch handler. Switch: s_trough5  State: 0, ms: 500
2018-04-02 14:37:46,452 : ball_device.bd_trough : Counted 2 balls. Active switches: ['s_trough1', 's_trough4']
2018-04-02 14:37:46,452 : ball_device.bd_trough : Counting idle
2018-04-02 14:37:46,452 : ball_device.bd_trough : BCH: Lost 1 balls
2018-04-02 14:37:46,452 : EventManager : Event: ======'balldevice_playfield_ball_enter'====== Args={'unclaimed_balls': 1, 'device': <playfield.playfield>, 'new_balls': 1}
2018-04-02 14:37:46,452 : EventManager : Event: ======'playfield_ball_count_change'====== Args={'balls': 3, 'change': 1}
2018-04-02 14:37:46,452 : ball_device.bd_trough : 1 ball(s) missing from device. Mechanical eject? False
2018-04-02 14:37:46,452 : EventManager : Event: ======'balldevice_1_ball_missing'====== Args={}
2018-04-02 14:37:46,454 : EventManager : Event: ======'balldevice_ball_missing'====== Args={'balls': 1}
2018-04-02 14:37:52,451 : SwitchController : Processing switch. Name: s_trough5, state: 1, logical: True,
2018-04-02 14:37:52,451 : SwitchController : <<<<<<< 's_trough5' active >>>>>>>
2018-04-02 14:37:52,451 : SwitchController : Found timed switch handler for k/v 875526.9870000001 / {'callback_kwargs': {}, 'removed': False, 'state': 1, 'ms': 300, 'switch_action': 's_trough5-1', 'callback': <bound method SwitchCounter._switch_changed of <mpf.devices.ball_device.switch_counter.SwitchCounter object at 0x00000000077CDB70>>, 'return_info': False, 'switch_name': 's_trough5'}
2018-04-02 14:37:52,451 : EventManager : Event: ======'s_trough5_active'====== Args={}
2018-04-02 14:37:52,763 : SwitchController : Processing timed switch handler. Switch: s_trough5  State: 1, ms: 300
2018-04-02 14:37:52,764 : ball_device.bd_trough : Counted 3 balls. Active switches: ['s_trough1', 's_trough4', 's_trough5']
2018-04-02 14:37:52,764 : ball_device.bd_trough : Counting idle
2018-04-02 14:37:52,765 : ball_device.bd_trough : BCH: Found 1 new balls
2018-04-02 14:37:52,765 : ball_device.bd_trough : Received unexpected ball
2018-04-02 14:37:52,765 : EventManager : Event: ======'balldevice_captured_from_playfield'====== Args={'balls': 1}
2018-04-02 14:37:52,766 : EventManager : Event: ======'sw_playfield_active'====== Args={'balls': 1}
2018-04-02 14:37:52,766 : EventManager : Event: ======'playfield_ball_count_change'====== Args={'balls': 2, 'change': -1}
2018-04-02 14:37:52,767 : ball_device.bd_trough : Counted 3 balls. Active switches: ['s_trough1', 's_trough4', 's_trough5']
2018-04-02 14:37:52,767 : ball_device.bd_plunger : Counted 0 balls. Active switches: []
2018-04-02 14:37:52,767 : ball_device.bd_trough : Processing new ball
2018-04-02 14:37:52,767 : EventManager : Event: ======'balldevice_bd_trough_ball_enter'====== Args={'unclaimed_balls': 1, 'device': <ball_device.bd_trough>, 'new_balls': 1}
2018-04-02 14:37:52,768 : EventManager : Event: ======'ball_drain'====== Args={'device': <ball_device.bd_trough>, 'balls': 1}
2018-04-02 14:37:52,769 : ball_device.bd_trough : Adding ball
2018-04-02 14:37:52,769 : EventManager : Event: ======'balldevice_balls_available'====== Args={}
2018-04-02 14:37:52,769 : EventManager : Event: ======'balldevice_bd_trough_ball_entered'====== Args={'device': <ball_device.bd_trough>, 'new_balls': 1}
2018-04-02 14:37:56,662 : Machine : Shutting down...
2018-04-02 14:37:56,662 : EventManager : Event: ======'shutdown'====== Args={}
2018-04-02 14:37:56,663 : Machine : Shutting down...
2018-04-02 14:37:56,663 : EventManager : Event: ======'shutdown'====== Args={}
2018-04-02 14:37:56,663 : ball_device.bd_trough : Stopping ball device
2018-04-02 14:37:56,663 : ball_device.bd_plunger : Stopping ball device
2018-04-02 14:37:56,663 : SmartMatrix : Disconnecting from SmartMatrix RGB DMD hardware...
2018-04-02 14:37:56,664 : ball_device.bd_trough : Stopping ball device
2018-04-02 14:37:56,664 : ball_device.bd_plunger : Stopping ball device
2018-04-02 14:37:56,664 : SmartMatrix : Disconnecting from SmartMatrix RGB DMD hardware...
2018-04-02 14:37:56,667 : asyncio : Task was destroyed but it is pending!
task: <Task pending coro=<get() running at c:\python34\lib\asyncio\queues.py:168> wait_for=<Future cancelled> cb=[_wait.<locals>._on_completion() at c:\python34\lib\asyncio\tasks.py:408]>
2018-04-02 14:37:56,667 : asyncio : Task was destroyed but it is pending!
task: <Task pending coro=<wait() running at c:\python34\lib\asyncio\locks.py:264> wait_for=<Future cancelled> cb=[_wait.<locals>._on_completion() at c:\python34\lib\asyncio\tasks.py:408]>
2018-04-02 14:37:56,668 : asyncio : Task was destroyed but it is pending!
task: <Task pending coro=<get() running at c:\python34\lib\asyncio\queues.py:168> wait_for=<Future cancelled> cb=[_wait.<locals>._on_completion() at c:\python34\lib\asyncio\tasks.py:408]>
2018-04-02 14:37:56,668 : asyncio : Task was destroyed but it is pending!
task: <Task pending coro=<wait() running at c:\python34\lib\asyncio\locks.py:264> wait_for=<Future cancelled> cb=[_wait.<locals>._on_completion() at c:\python34\lib\asyncio\tasks.py:408]>
2018-04-02 14:37:56,669 : root : MPF run loop ended.
