2018-04-02 11:40:03,591 : Machine : Mission Pinball Framework Core Engine v0.33.49
2018-04-02 11:40:03,591 : Machine : Command line arguments: {'bcp': True, 'mc_file_name': None, 'force_assets_load': False, 'logfile': 'logs\\2018-04-02-11-40-03-mpf-DESKTOP-U1P21TS.log', 'syslog_address': None, 'no_load_cache': False, 'loglevel': 11, 'consoleloglevel': 20, 'configfile': ['config'], 'pause': False, 'mpfconfigfile': 'c:\\python34\\lib\\site-packages\\mpf\\mpfconfig.yaml', 'create_config_cache': True, 'force_platform': None}
2018-04-02 11:40:03,591 : Machine : MPF path: c:\python34\lib\site-packages\mpf
2018-04-02 11:40:03,592 : Machine : Machine path: D:\Dev\mpf\scottp
2018-04-02 11:40:03,592 : Machine : Platform: win32
2018-04-02 11:40:03,592 : Machine : Python executable location: c:\python34\python.exe
2018-04-02 11:40:03,592 : Machine : Python version: 3.4.4 (64-bit)
2018-04-02 11:40:03,774 : Machine : Loading config from original files
2018-04-02 11:40:03,825 : Machine : Machine config file #1: D:\Dev\mpf\scottp\config\config
2018-04-02 11:40:03,833 : Machine : Config file cache created: C:\Users\maddo\AppData\Local\Temp\f2725e9fdb5e5699b9561cedbbf1540fconfig
2018-04-02 11:40:03,842 : SmartMatrix : Connecting to SmartMatrix RGB DMD on COM6 baud 2500000
2018-04-02 11:40:03,869 : SwitchController : Loading the SwitchController
2018-04-02 11:40:03,916 : EventManager : Event: ======'machine_var_mpf_version'====== Args={'value': 'MPF v0.33.49', 'prev_value': 'MPF v0.33.49', 'change': False}
2018-04-02 11:40:03,916 : EventManager : Event: ======'machine_var_mpf_extended_version'====== Args={'value': 'MPF v0.33.49, Config version:4, Show version: 4, BCP version:1.1', 'prev_value': 'MPF v0.33.49, Config version:4, Show version: 4, BCP version:1.1', 'change': False}
2018-04-02 11:40:03,916 : EventManager : Event: ======'machine_var_python_version'====== Args={'value': '3.4.4', 'prev_value': '3.4.4', 'change': False}
2018-04-02 11:40:03,916 : EventManager : Event: ======'machine_var_platform'====== Args={'value': 'Windows-10-10.0.16299', 'prev_value': 'Windows-10-10.0.16299', 'change': False}
2018-04-02 11:40:03,916 : EventManager : Event: ======'machine_var_platform_system'====== Args={'value': 'Windows', 'prev_value': 'Windows', 'change': False}
2018-04-02 11:40:03,917 : EventManager : Event: ======'machine_var_platform_release'====== Args={'value': '10', 'prev_value': '10', 'change': False}
2018-04-02 11:40:03,917 : EventManager : Event: ======'machine_var_platform_version'====== Args={'value': '10.0.16299', 'prev_value': '10.0.16299', 'change': False}
2018-04-02 11:40:03,917 : EventManager : Event: ======'machine_var_platform_machine'====== Args={'value': 'AMD64', 'prev_value': 'AMD64', 'change': False}
2018-04-02 11:40:03,917 : EventManager : Event: ======'init_phase_1'====== Args={}
2018-04-02 11:40:03,939 : EventManager : Event: ======'init_phase_2'====== Args={}
2018-04-02 11:40:03,951 : BCPClientSocket.local_display : Connecting BCP to 'local_display' at localhost:5050...
2018-04-02 11:40:05,454 : BCPClientSocket.local_display : Connected BCP to 'local_display' localhost:5050
2018-04-02 11:40:05,458 : EventManager : Event: ======'init_phase_3'====== Args={}
2018-04-02 11:40:05,461 : EventManager : Event: ======'init_phase_4'====== Args={}
2018-04-02 11:40:05,463 : EventManager : Event: ======'machine_var_audits_player_score'====== Args={'value': {'total': 0, 'top': [], 'average': 0}, 'prev_value': {'total': 0, 'top': [], 'average': 0}, 'change': False}
2018-04-02 11:40:05,463 : EventManager : Event: ======'init_phase_5'====== Args={}
2018-04-02 11:40:05,464 : EventManager : Event: ======'init_done'====== Args={}
2018-04-02 11:40:05,464 : EventManager : Event: ======'machine_reset_phase_1'====== Args={}
2018-04-02 11:40:05,478 : EventManager : Event: ======'machine_var_master_volume'====== Args={'value': 0.5, 'prev_value': 0.5, 'change': 0.0}
2018-04-02 11:40:05,479 : EventManager : Event: ======'slide_dmd_slide_1_removed'====== Args={'_from_bcp': True}
2018-04-02 11:40:05,479 : EventManager : Event: ======'slide_dmd_slide_1_created'====== Args={'_from_bcp': True}
2018-04-02 11:40:05,484 : EventManager : Event: ======'slide_window_slide_1_removed'====== Args={'_from_bcp': True}
2018-04-02 11:40:05,491 : EventManager : Event: ======'slide_window_slide_1_created'====== Args={'_from_bcp': True}
2018-04-02 11:40:05,494 : EventManager : Event: ======'slide_dmd_slide_1_active'====== Args={'_from_bcp': True}
2018-04-02 11:40:05,494 : EventManager : Event: ======'machine_reset_phase_2'====== Args={}
2018-04-02 11:40:05,494 : EventManager : Event: ======'machine_reset_phase_3'====== Args={}
2018-04-02 11:40:05,495 : EventManager : Event: ======'reset_complete'====== Args={}
2018-04-02 11:40:05,495 : EventManager : Event: ======'mode_attract_will_start'====== Args={}
2018-04-02 11:40:05,496 : EventManager : Event: ======'mode_attract_starting'====== Args={}
2018-04-02 11:40:05,496 : Mode.attract : Started. Priority: 10
2018-04-02 11:40:05,496 : EventManager : Event: ======'mode_attract_started'====== Args={}
2018-04-02 11:40:05,496 : EventManager : Event: ======'collecting_balls_complete'====== Args={}
2018-04-02 11:40:05,497 : EventManager : Event: ======'slide_window_slide_1_active'====== Args={'_from_bcp': True}
2018-04-02 11:40:05,497 : Machine : Starting the main run loop.
2018-04-02 11:40:05,724 : BcpInterface : WARNING: Received BCP switch message with invalid switchname: 's_right_flipper'
2018-04-02 11:40:05,822 : BcpInterface : WARNING: Received BCP switch message with invalid switchname: 's_right_flipper'
2018-04-02 11:40:06,458 : BcpInterface : WARNING: Received BCP switch message with invalid switchname: 's_right_flipper'
2018-04-02 11:40:06,557 : BcpInterface : WARNING: Received BCP switch message with invalid switchname: 's_right_flipper'
2018-04-02 11:40:06,705 : BcpInterface : WARNING: Received BCP switch message with invalid switchname: 's_right_flipper'
2018-04-02 11:40:06,754 : BcpInterface : WARNING: Received BCP switch message with invalid switchname: 's_right_flipper'
2018-04-02 11:40:07,295 : BcpInterface : WARNING: Received BCP switch message with invalid switchname: 's_left_flipper'
2018-04-02 11:40:07,465 : BcpInterface : WARNING: Received BCP switch message with invalid switchname: 's_left_flipper'
2018-04-02 11:40:08,392 : BcpInterface : WARNING: Received BCP switch message with invalid switchname: 's_right_flipper'
2018-04-02 11:40:08,489 : BcpInterface : WARNING: Received BCP switch message with invalid switchname: 's_right_flipper'
2018-04-02 11:41:56,487 : Machine : Shutting down...
2018-04-02 11:41:56,487 : EventManager : Event: ======'shutdown'====== Args={}
2018-04-02 11:41:56,488 : Machine : Shutting down...
2018-04-02 11:41:56,488 : EventManager : Event: ======'shutdown'====== Args={}
2018-04-02 11:41:56,489 : SmartMatrix : Disconnecting from SmartMatrix RGB DMD hardware...
2018-04-02 11:41:56,489 : SmartMatrix : Disconnecting from SmartMatrix RGB DMD hardware...
2018-04-02 11:41:56,491 : root : MPF run loop ended.
