2018-04-02 13:19:16,529 : Machine : Mission Pinball Framework Core Engine v0.33.49
2018-04-02 13:19:16,529 : Machine : Command line arguments: {'logfile': 'logs\\2018-04-02-13-19-16-mpf-DESKTOP-U1P21TS.log', 'pause': False, 'consoleloglevel': 20, 'bcp': True, 'mpfconfigfile': 'c:\\python34\\lib\\site-packages\\mpf\\mpfconfig.yaml', 'loglevel': 11, 'create_config_cache': True, 'syslog_address': None, 'force_assets_load': False, 'configfile': ['config'], 'mc_file_name': None, 'no_load_cache': False, 'force_platform': None}
2018-04-02 13:19:16,529 : Machine : MPF path: c:\python34\lib\site-packages\mpf
2018-04-02 13:19:16,529 : Machine : Machine path: D:\Dev\mpf\scottp
2018-04-02 13:19:16,529 : Machine : Platform: win32
2018-04-02 13:19:16,529 : Machine : Python executable location: c:\python34\python.exe
2018-04-02 13:19:16,529 : Machine : Python version: 3.4.4 (64-bit)
2018-04-02 13:19:16,722 : Machine : Loading config from original files
2018-04-02 13:19:16,773 : Machine : Machine config file #1: D:\Dev\mpf\scottp\config\config
2018-04-02 13:19:16,784 : Machine : Config file cache created: C:\Users\maddo\AppData\Local\Temp\f2725e9fdb5e5699b9561cedbbf1540fconfig
2018-04-02 13:19:16,793 : SmartMatrix : Connecting to SmartMatrix RGB DMD on COM6 baud 2500000
2018-04-02 13:19:16,819 : SwitchController : Loading the SwitchController
2018-04-02 13:19:16,862 : EventManager : Event: ======'machine_var_mpf_version'====== Args={'value': 'MPF v0.33.49', 'prev_value': 'MPF v0.33.49', 'change': False}
2018-04-02 13:19:16,862 : EventManager : Event: ======'machine_var_mpf_extended_version'====== Args={'value': 'MPF v0.33.49, Config version:4, Show version: 4, BCP version:1.1', 'prev_value': 'MPF v0.33.49, Config version:4, Show version: 4, BCP version:1.1', 'change': False}
2018-04-02 13:19:16,862 : EventManager : Event: ======'machine_var_python_version'====== Args={'value': '3.4.4', 'prev_value': '3.4.4', 'change': False}
2018-04-02 13:19:16,863 : EventManager : Event: ======'machine_var_platform'====== Args={'value': 'Windows-10-10.0.16299', 'prev_value': 'Windows-10-10.0.16299', 'change': False}
2018-04-02 13:19:16,863 : EventManager : Event: ======'machine_var_platform_system'====== Args={'value': 'Windows', 'prev_value': 'Windows', 'change': False}
2018-04-02 13:19:16,863 : EventManager : Event: ======'machine_var_platform_release'====== Args={'value': '10', 'prev_value': '10', 'change': False}
2018-04-02 13:19:16,863 : EventManager : Event: ======'machine_var_platform_version'====== Args={'value': '10.0.16299', 'prev_value': '10.0.16299', 'change': False}
2018-04-02 13:19:16,863 : EventManager : Event: ======'machine_var_platform_machine'====== Args={'value': 'AMD64', 'prev_value': 'AMD64', 'change': False}
2018-04-02 13:19:16,863 : EventManager : Event: ======'init_phase_1'====== Args={}
2018-04-02 13:19:16,886 : EventManager : Event: ======'init_phase_2'====== Args={}
2018-04-02 13:19:16,898 : BCPClientSocket.local_display : Connecting BCP to 'local_display' at localhost:5050...
2018-04-02 13:19:18,403 : BCPClientSocket.local_display : Connected BCP to 'local_display' localhost:5050
2018-04-02 13:19:18,406 : EventManager : Event: ======'init_phase_3'====== Args={}
2018-04-02 13:19:18,408 : EventManager : Event: ======'init_phase_4'====== Args={}
2018-04-02 13:19:18,409 : EventManager : Event: ======'machine_var_audits_player_score'====== Args={'value': {'top': [], 'average': 0, 'total': 0}, 'prev_value': {'top': [], 'average': 0, 'total': 0}, 'change': False}
2018-04-02 13:19:18,409 : EventManager : Event: ======'init_phase_5'====== Args={}
2018-04-02 13:19:18,410 : EventManager : Event: ======'init_done'====== Args={}
2018-04-02 13:19:18,410 : EventManager : Event: ======'machine_reset_phase_1'====== Args={}
2018-04-02 13:19:18,429 : EventManager : Event: ======'machine_var_master_volume'====== Args={'value': 0.5, 'prev_value': 0.5, 'change': 0.0}
2018-04-02 13:19:18,430 : EventManager : Event: ======'slide_window_slide_1_removed'====== Args={'_from_bcp': True}
2018-04-02 13:19:18,435 : EventManager : Event: ======'slide_window_slide_1_created'====== Args={'_from_bcp': True}
2018-04-02 13:19:18,439 : EventManager : Event: ======'slide_dmd_slide_1_removed'====== Args={'_from_bcp': True}
2018-04-02 13:19:18,441 : EventManager : Event: ======'slide_dmd_slide_1_created'====== Args={'_from_bcp': True}
2018-04-02 13:19:18,444 : EventManager : Event: ======'slide_window_slide_1_active'====== Args={'_from_bcp': True}
2018-04-02 13:19:18,444 : EventManager : Event: ======'machine_reset_phase_2'====== Args={}
2018-04-02 13:19:18,444 : EventManager : Event: ======'machine_reset_phase_3'====== Args={}
2018-04-02 13:19:18,444 : EventManager : Event: ======'slide_dmd_slide_1_active'====== Args={'_from_bcp': True}
2018-04-02 13:19:18,445 : EventManager : Event: ======'reset_complete'====== Args={}
2018-04-02 13:19:18,445 : EventManager : Event: ======'mode_attract_will_start'====== Args={}
2018-04-02 13:19:18,445 : EventManager : Event: ======'mode_attract_starting'====== Args={}
2018-04-02 13:19:18,445 : Mode.attract : Started. Priority: 10
2018-04-02 13:19:18,445 : EventManager : Event: ======'mode_attract_started'====== Args={}
2018-04-02 13:19:18,446 : EventManager : Event: ======'collecting_balls_complete'====== Args={}
2018-04-02 13:19:18,446 : Machine : Starting the main run loop.
2018-04-02 13:19:26,681 : Machine : Shutting down...
2018-04-02 13:19:26,681 : EventManager : Event: ======'shutdown'====== Args={}
2018-04-02 13:19:26,682 : Machine : Shutting down...
2018-04-02 13:19:26,682 : EventManager : Event: ======'shutdown'====== Args={}
2018-04-02 13:19:26,682 : SmartMatrix : Disconnecting from SmartMatrix RGB DMD hardware...
2018-04-02 13:19:26,682 : SmartMatrix : Disconnecting from SmartMatrix RGB DMD hardware...
2018-04-02 13:19:26,682 : asyncio : Exception in callback SerialTransport._poll_read()
handle: <TimerHandle when=870820.9065 SerialTransport._poll_read()>
Traceback (most recent call last):
  File "c:\python34\lib\asyncio\events.py", line 125, in _run
    self._callback(*self._args)
  File "c:\python34\lib\site-packages\serial_asyncio\__init__.py", line 275, in _poll_read
    if self.serial.in_waiting:
  File "c:\python34\lib\site-packages\serial\serialwin32.py", line 257, in in_waiting
    raise SerialException("ClearCommError failed ({!r})".format(ctypes.WinError()))
serial.serialutil.SerialException: ClearCommError failed (PermissionError(13, 'Le périphérique ne reconnaît pas la commande.', None, 22))
2018-04-02 13:19:26,684 : root : ClearCommError failed (PermissionError(13, 'Le périphérique ne reconnaît pas la commande.', None, 22))
Traceback (most recent call last):
  File "c:\python34\lib\site-packages\mpf\commands\game.py", line 181, in __init__
    MachineController(mpf_path, machine_path, vars(args)).run()
  File "c:\python34\lib\site-packages\mpf\core\machine.py", line 694, in run
    self._run_loop()
  File "c:\python34\lib\site-packages\mpf\core\machine.py", line 735, in _run_loop
    raise self._exception['exception']
  File "c:\python34\lib\asyncio\events.py", line 125, in _run
    self._callback(*self._args)
  File "c:\python34\lib\site-packages\serial_asyncio\__init__.py", line 275, in _poll_read
    if self.serial.in_waiting:
  File "c:\python34\lib\site-packages\serial\serialwin32.py", line 257, in in_waiting
    raise SerialException("ClearCommError failed ({!r})".format(ctypes.WinError()))
serial.serialutil.SerialException: ClearCommError failed (PermissionError(13, 'Le périphérique ne reconnaît pas la commande.', None, 22))
