2018-04-02 13:13:02,675 : Machine : Mission Pinball Framework Core Engine v0.33.49
2018-04-02 13:13:02,675 : Machine : Command line arguments: {'logfile': 'logs\\2018-04-02-13-13-02-mpf-DESKTOP-U1P21TS.log', 'no_load_cache': False, 'loglevel': 11, 'force_platform': None, 'configfile': ['config'], 'pause': False, 'bcp': True, 'create_config_cache': True, 'syslog_address': None, 'mpfconfigfile': 'c:\\python34\\lib\\site-packages\\mpf\\mpfconfig.yaml', 'consoleloglevel': 20, 'mc_file_name': None, 'force_assets_load': False}
2018-04-02 13:13:02,675 : Machine : MPF path: c:\python34\lib\site-packages\mpf
2018-04-02 13:13:02,675 : Machine : Machine path: D:\Dev\mpf\scottp
2018-04-02 13:13:02,675 : Machine : Platform: win32
2018-04-02 13:13:02,675 : Machine : Python executable location: c:\python34\python.exe
2018-04-02 13:13:02,675 : Machine : Python version: 3.4.4 (64-bit)
2018-04-02 13:13:02,852 : Machine : Loading config from original files
2018-04-02 13:13:02,906 : Machine : Machine config file #1: D:\Dev\mpf\scottp\config\config
2018-04-02 13:13:02,916 : Machine : Config file cache created: C:\Users\maddo\AppData\Local\Temp\f2725e9fdb5e5699b9561cedbbf1540fconfig
2018-04-02 13:13:02,925 : SmartMatrix : Connecting to SmartMatrix RGB DMD on COM6 baud 2500000
2018-04-02 13:13:02,952 : SwitchController : Loading the SwitchController
2018-04-02 13:13:02,995 : EventManager : Event: ======'machine_var_mpf_version'====== Args={'change': False, 'value': 'MPF v0.33.49', 'prev_value': 'MPF v0.33.49'}
2018-04-02 13:13:02,995 : EventManager : Event: ======'machine_var_mpf_extended_version'====== Args={'change': False, 'value': 'MPF v0.33.49, Config version:4, Show version: 4, BCP version:1.1', 'prev_value': 'MPF v0.33.49, Config version:4, Show version: 4, BCP version:1.1'}
2018-04-02 13:13:02,995 : EventManager : Event: ======'machine_var_python_version'====== Args={'change': False, 'value': '3.4.4', 'prev_value': '3.4.4'}
2018-04-02 13:13:02,995 : EventManager : Event: ======'machine_var_platform'====== Args={'change': False, 'value': 'Windows-10-10.0.16299', 'prev_value': 'Windows-10-10.0.16299'}
2018-04-02 13:13:02,996 : EventManager : Event: ======'machine_var_platform_system'====== Args={'change': False, 'value': 'Windows', 'prev_value': 'Windows'}
2018-04-02 13:13:02,996 : EventManager : Event: ======'machine_var_platform_release'====== Args={'change': False, 'value': '10', 'prev_value': '10'}
2018-04-02 13:13:02,996 : EventManager : Event: ======'machine_var_platform_version'====== Args={'change': False, 'value': '10.0.16299', 'prev_value': '10.0.16299'}
2018-04-02 13:13:02,996 : EventManager : Event: ======'machine_var_platform_machine'====== Args={'change': False, 'value': 'AMD64', 'prev_value': 'AMD64'}
2018-04-02 13:13:02,996 : EventManager : Event: ======'init_phase_1'====== Args={}
2018-04-02 13:13:03,018 : EventManager : Event: ======'init_phase_2'====== Args={}
2018-04-02 13:13:03,030 : BCPClientSocket.local_display : Connecting BCP to 'local_display' at localhost:5050...
2018-04-02 13:13:04,537 : BCPClientSocket.local_display : Connected BCP to 'local_display' localhost:5050
2018-04-02 13:13:04,540 : EventManager : Event: ======'init_phase_3'====== Args={}
2018-04-02 13:13:04,543 : EventManager : Event: ======'init_phase_4'====== Args={}
2018-04-02 13:13:04,545 : EventManager : Event: ======'machine_var_audits_player_score'====== Args={'change': False, 'value': {'top': [], 'average': 0, 'total': 0}, 'prev_value': {'top': [], 'average': 0, 'total': 0}}
2018-04-02 13:13:04,546 : EventManager : Event: ======'init_phase_5'====== Args={}
2018-04-02 13:13:04,547 : EventManager : Event: ======'init_done'====== Args={}
2018-04-02 13:13:04,547 : EventManager : Event: ======'machine_reset_phase_1'====== Args={}
2018-04-02 13:13:04,548 : EventManager : Event: ======'machine_var_master_volume'====== Args={'change': 0.0, 'value': 0.5, 'prev_value': 0.5}
2018-04-02 13:13:04,566 : EventManager : Event: ======'slide_window_slide_1_removed'====== Args={'_from_bcp': True}
2018-04-02 13:13:04,572 : EventManager : Event: ======'slide_window_slide_1_created'====== Args={'_from_bcp': True}
2018-04-02 13:13:04,575 : EventManager : Event: ======'slide_dmd_slide_1_removed'====== Args={'_from_bcp': True}
2018-04-02 13:13:04,576 : EventManager : Event: ======'slide_dmd_slide_1_created'====== Args={'_from_bcp': True}
2018-04-02 13:13:04,578 : EventManager : Event: ======'machine_reset_phase_2'====== Args={}
2018-04-02 13:13:04,579 : EventManager : Event: ======'machine_reset_phase_3'====== Args={}
2018-04-02 13:13:04,579 : EventManager : Event: ======'reset_complete'====== Args={}
2018-04-02 13:13:04,579 : EventManager : Event: ======'mode_attract_will_start'====== Args={}
2018-04-02 13:13:04,580 : EventManager : Event: ======'mode_attract_starting'====== Args={}
2018-04-02 13:13:04,580 : Mode.attract : Started. Priority: 10
2018-04-02 13:13:04,580 : EventManager : Event: ======'mode_attract_started'====== Args={}
2018-04-02 13:13:04,580 : EventManager : Event: ======'collecting_balls_complete'====== Args={}
2018-04-02 13:13:04,581 : EventManager : Event: ======'slide_window_slide_1_active'====== Args={'_from_bcp': True}
2018-04-02 13:13:04,581 : Machine : Starting the main run loop.
2018-04-02 13:13:04,581 : EventManager : Event: ======'slide_dmd_slide_1_active'====== Args={'_from_bcp': True}
2018-04-02 13:13:09,566 : Machine : Shutting down...
2018-04-02 13:13:09,566 : EventManager : Event: ======'shutdown'====== Args={}
2018-04-02 13:13:09,566 : Machine : Shutting down...
2018-04-02 13:13:09,566 : EventManager : Event: ======'shutdown'====== Args={}
2018-04-02 13:13:09,566 : SmartMatrix : Disconnecting from SmartMatrix RGB DMD hardware...
2018-04-02 13:13:09,566 : SmartMatrix : Disconnecting from SmartMatrix RGB DMD hardware...
2018-04-02 13:13:09,566 : asyncio : Exception in callback SerialTransport._poll_read()
handle: <TimerHandle when=870443.7815 SerialTransport._poll_read()>
Traceback (most recent call last):
  File "c:\python34\lib\asyncio\events.py", line 125, in _run
    self._callback(*self._args)
  File "c:\python34\lib\site-packages\serial_asyncio\__init__.py", line 275, in _poll_read
    if self.serial.in_waiting:
  File "c:\python34\lib\site-packages\serial\serialwin32.py", line 257, in in_waiting
    raise SerialException("ClearCommError failed ({!r})".format(ctypes.WinError()))
serial.serialutil.SerialException: ClearCommError failed (PermissionError(13, 'Le périphérique ne reconnaît pas la commande.', None, 22))
2018-04-02 13:13:09,568 : root : ClearCommError failed (PermissionError(13, 'Le périphérique ne reconnaît pas la commande.', None, 22))
Traceback (most recent call last):
  File "c:\python34\lib\site-packages\mpf\commands\game.py", line 181, in __init__
    MachineController(mpf_path, machine_path, vars(args)).run()
  File "c:\python34\lib\site-packages\mpf\core\machine.py", line 694, in run
    self._run_loop()
  File "c:\python34\lib\site-packages\mpf\core\machine.py", line 735, in _run_loop
    raise self._exception['exception']
  File "c:\python34\lib\asyncio\events.py", line 125, in _run
    self._callback(*self._args)
  File "c:\python34\lib\site-packages\serial_asyncio\__init__.py", line 275, in _poll_read
    if self.serial.in_waiting:
  File "c:\python34\lib\site-packages\serial\serialwin32.py", line 257, in in_waiting
    raise SerialException("ClearCommError failed ({!r})".format(ctypes.WinError()))
serial.serialutil.SerialException: ClearCommError failed (PermissionError(13, 'Le périphérique ne reconnaît pas la commande.', None, 22))
