2018-04-02 10:35:05,597 : Machine : Mission Pinball Framework Core Engine v0.33.49
2018-04-02 10:35:05,597 : Machine : Command line arguments: {'force_platform': None, 'bcp': False, 'no_load_cache': False, 'mpfconfigfile': 'c:\\python34\\lib\\site-packages\\mpf\\mpfconfig.yaml', 'pause': False, 'syslog_address': None, 'consoleloglevel': 20, 'create_config_cache': True, 'force_assets_load': False, 'configfile': ['config'], 'loglevel': 11, 'mc_file_name': None, 'logfile': 'logs\\2018-04-02-10-35-05-mpf-DESKTOP-U1P21TS.log'}
2018-04-02 10:35:05,597 : Machine : MPF path: c:\python34\lib\site-packages\mpf
2018-04-02 10:35:05,597 : Machine : Machine path: D:\Dev\mpf\scottp
2018-04-02 10:35:05,597 : Machine : Platform: win32
2018-04-02 10:35:05,597 : Machine : Python executable location: c:\python34\python.exe
2018-04-02 10:35:05,597 : Machine : Python version: 3.4.4 (64-bit)
2018-04-02 10:35:05,774 : Machine : Loading config from original files
2018-04-02 10:35:05,824 : Machine : Machine config file #1: D:\Dev\mpf\scottp\config\config
2018-04-02 10:35:05,826 : Machine : Config file cache created: C:\Users\maddo\AppData\Local\Temp\f2725e9fdb5e5699b9561cedbbf1540fconfig
2018-04-02 10:35:05,858 : SwitchController : Loading the SwitchController
2018-04-02 10:35:05,885 : EventManager : Event: ======'machine_var_mpf_version'====== Args={'value': 'MPF v0.33.49', 'prev_value': 'MPF v0.33.49', 'change': False}
2018-04-02 10:35:05,885 : EventManager : Event: ======'machine_var_mpf_extended_version'====== Args={'value': 'MPF v0.33.49, Config version:4, Show version: 4, BCP version:1.1', 'prev_value': 'MPF v0.33.49, Config version:4, Show version: 4, BCP version:1.1', 'change': False}
2018-04-02 10:35:05,885 : EventManager : Event: ======'machine_var_python_version'====== Args={'value': '3.4.4', 'prev_value': '3.4.4', 'change': False}
2018-04-02 10:35:05,886 : EventManager : Event: ======'machine_var_platform'====== Args={'value': 'Windows-10-10.0.16299', 'prev_value': 'Windows-10-10.0.16299', 'change': False}
2018-04-02 10:35:05,886 : EventManager : Event: ======'machine_var_platform_system'====== Args={'value': 'Windows', 'prev_value': 'Windows', 'change': False}
2018-04-02 10:35:05,886 : EventManager : Event: ======'machine_var_platform_release'====== Args={'value': '10', 'prev_value': '10', 'change': False}
2018-04-02 10:35:05,886 : EventManager : Event: ======'machine_var_platform_version'====== Args={'value': '10.0.16299', 'prev_value': '10.0.16299', 'change': False}
2018-04-02 10:35:05,886 : EventManager : Event: ======'machine_var_platform_machine'====== Args={'value': 'AMD64', 'prev_value': 'AMD64', 'change': False}
2018-04-02 10:35:05,886 : EventManager : Event: ======'init_phase_1'====== Args={}
2018-04-02 10:35:05,908 : EventManager : Event: ======'init_phase_2'====== Args={}
2018-04-02 10:35:05,919 : EventManager : Event: ======'init_phase_3'====== Args={}
2018-04-02 10:35:05,920 : EventManager : Event: ======'init_phase_4'====== Args={}
2018-04-02 10:35:05,922 : EventManager : Event: ======'machine_var_audits_player_score'====== Args={'value': {'average': 0, 'top': [], 'total': 0}, 'prev_value': {'average': 0, 'top': [], 'total': 0}, 'change': False}
2018-04-02 10:35:05,922 : EventManager : Event: ======'init_phase_5'====== Args={}
2018-04-02 10:35:05,922 : EventManager : Event: ======'init_done'====== Args={}
2018-04-02 10:35:05,923 : EventManager : Event: ======'machine_reset_phase_1'====== Args={}
2018-04-02 10:35:05,923 : EventManager : Event: ======'machine_reset_phase_2'====== Args={}
2018-04-02 10:35:05,923 : EventManager : Event: ======'machine_reset_phase_3'====== Args={}
2018-04-02 10:35:05,923 : EventManager : Event: ======'reset_complete'====== Args={}
2018-04-02 10:35:05,923 : EventManager : Event: ======'mode_attract_will_start'====== Args={}
2018-04-02 10:35:05,924 : EventManager : Event: ======'mode_attract_starting'====== Args={}
2018-04-02 10:35:05,924 : Mode.attract : Started. Priority: 10
2018-04-02 10:35:05,924 : EventManager : Event: ======'mode_attract_started'====== Args={}
2018-04-02 10:35:05,924 : EventManager : Event: ======'collecting_balls_complete'====== Args={}
2018-04-02 10:35:05,924 : Machine : Starting the main run loop.
2018-04-02 10:35:12,834 : Machine : Shutting down...
2018-04-02 10:35:12,834 : EventManager : Event: ======'shutdown'====== Args={}
2018-04-02 10:35:12,837 : root : MPF run loop ended.
