2018-04-02 13:16:37,161 : kivy : Factory: 194 symbols loaded
2018-04-02 13:16:37,241 : kivy : Image: Providers: img_tex, img_dds, img_sdl2, img_gif (img_pil, img_ffpyplayer ignored)
2018-04-02 13:16:37,271 : kivy : VideoGstplayer: Using Gstreamer 1.10.2.0
2018-04-02 13:16:37,271 : kivy : Video: Provider: gstplayer
2018-04-02 13:16:37,302 : kivy : Loading MPF-MC controller
2018-04-02 13:16:37,302 : mpfmc : Mission Pinball Framework Media Controller v0.33.16
2018-04-02 13:16:37,302 : mpfmc : Mission Pinball Framework Game Engine v0.33.49
2018-04-02 13:16:37,302 : mpfmc : Machine path: D:\Dev\mpf\scottp
2018-04-02 13:16:37,302 : mpfmc : Starting clock at 30.0Hz
2018-04-02 13:16:37,308 : kivy : Text: Provider: sdl2
2018-04-02 13:16:37,512 : kivy : OSC: using <thread> for socket
2018-04-02 13:16:37,515 : kivy : Window: Provider: sdl2
2018-04-02 13:16:37,714 : kivy : GL: Using the "OpenGL" graphics system
2018-04-02 13:16:37,715 : kivy : GL: GLEW initialization succeeded
2018-04-02 13:16:37,716 : kivy : GL: Backend used <glew>
2018-04-02 13:16:37,716 : kivy : GL: OpenGL version <b'4.5.13497 Compatibility Profile Context 23.20.793.0'>
2018-04-02 13:16:37,716 : kivy : GL: OpenGL vendor <b'ATI Technologies Inc.'>
2018-04-02 13:16:37,716 : kivy : GL: OpenGL renderer <b'Radeon (TM) RX 480 Graphics'>
2018-04-02 13:16:37,716 : kivy : GL: OpenGL parsed version: 4, 5
2018-04-02 13:16:37,716 : kivy : GL: Shading version <b'4.50'>
2018-04-02 13:16:37,716 : kivy : GL: Texture max size <16384>
2018-04-02 13:16:37,716 : kivy : GL: Texture max units <32>
2018-04-02 13:16:37,725 : kivy : Window: auto add sdl2 input provider
2018-04-02 13:16:37,725 : kivy : Window: virtual keyboard not allowed, single mode, not docked
2018-04-02 13:16:37,727 : SoundSystem : SoundSystem: Using default 'sound_system' settings
2018-04-02 13:16:38,252 : AudioInterface : Initialized
2018-04-02 13:16:38,252 : SoundSystem : No audio tracks are specified in your machine config file. a track named 'default' has been created.
2018-04-02 13:16:38,254 : kivy : Base: Start application main loop
2018-04-02 13:16:38,348 : MPF-MC BCP Server : Starting up on localhost port 5050
2018-04-02 13:16:38,352 : MPF-MC BCP Server : Waiting for a connection...
2018-04-02 13:16:38,378 : kivy : GL: NPOT texture support is available
2018-04-02 13:16:38,797 : MPF-MC BCP Server : Received connection from: 127.0.0.1:49256
2018-04-02 13:16:38,808 : mpfmc : Initializing Physical DMD
2018-04-02 13:16:38,825 : mpfmc : Setting Physical DMD to 30.0fps
2018-04-02 13:17:26,723 : kivy : Base: Leaving application in progress...
