2018-04-02 11:58:08,110 : Machine : Mission Pinball Framework Core Engine v0.33.49
2018-04-02 11:58:08,110 : Machine : Command line arguments: {'bcp': True, 'syslog_address': None, 'pause': False, 'logfile': 'logs\\2018-04-02-11-58-08-mpf-DESKTOP-U1P21TS.log', 'mc_file_name': None, 'force_platform': None, 'create_config_cache': True, 'configfile': ['config'], 'consoleloglevel': 20, 'loglevel': 11, 'mpfconfigfile': 'c:\\python34\\lib\\site-packages\\mpf\\mpfconfig.yaml', 'force_assets_load': False, 'no_load_cache': False}
2018-04-02 11:58:08,110 : Machine : MPF path: c:\python34\lib\site-packages\mpf
2018-04-02 11:58:08,110 : Machine : Machine path: D:\Dev\mpf\scottp
2018-04-02 11:58:08,110 : Machine : Platform: win32
2018-04-02 11:58:08,110 : Machine : Python executable location: c:\python34\python.exe
2018-04-02 11:58:08,110 : Machine : Python version: 3.4.4 (64-bit)
2018-04-02 11:58:08,284 : Machine : Loading config from original files
2018-04-02 11:58:08,333 : Machine : Machine config file #1: D:\Dev\mpf\scottp\config\config
2018-04-02 11:58:08,343 : Machine : Config file cache created: C:\Users\maddo\AppData\Local\Temp\f2725e9fdb5e5699b9561cedbbf1540fconfig
2018-04-02 11:58:08,351 : SmartMatrix : Connecting to SmartMatrix RGB DMD on COM6 baud 2500000
2018-04-02 11:58:08,379 : SwitchController : Loading the SwitchController
2018-04-02 11:58:08,422 : EventManager : Event: ======'machine_var_mpf_version'====== Args={'prev_value': 'MPF v0.33.49', 'value': 'MPF v0.33.49', 'change': False}
2018-04-02 11:58:08,422 : EventManager : Event: ======'machine_var_mpf_extended_version'====== Args={'prev_value': 'MPF v0.33.49, Config version:4, Show version: 4, BCP version:1.1', 'value': 'MPF v0.33.49, Config version:4, Show version: 4, BCP version:1.1', 'change': False}
2018-04-02 11:58:08,422 : EventManager : Event: ======'machine_var_python_version'====== Args={'prev_value': '3.4.4', 'value': '3.4.4', 'change': False}
2018-04-02 11:58:08,422 : EventManager : Event: ======'machine_var_platform'====== Args={'prev_value': 'Windows-10-10.0.16299', 'value': 'Windows-10-10.0.16299', 'change': False}
2018-04-02 11:58:08,422 : EventManager : Event: ======'machine_var_platform_system'====== Args={'prev_value': 'Windows', 'value': 'Windows', 'change': False}
2018-04-02 11:58:08,423 : EventManager : Event: ======'machine_var_platform_release'====== Args={'prev_value': '10', 'value': '10', 'change': False}
2018-04-02 11:58:08,423 : EventManager : Event: ======'machine_var_platform_version'====== Args={'prev_value': '10.0.16299', 'value': '10.0.16299', 'change': False}
2018-04-02 11:58:08,423 : EventManager : Event: ======'machine_var_platform_machine'====== Args={'prev_value': 'AMD64', 'value': 'AMD64', 'change': False}
2018-04-02 11:58:08,423 : EventManager : Event: ======'init_phase_1'====== Args={}
2018-04-02 11:58:08,445 : EventManager : Event: ======'init_phase_2'====== Args={}
2018-04-02 11:58:08,457 : BCPClientSocket.local_display : Connecting BCP to 'local_display' at localhost:5050...
2018-04-02 11:58:09,964 : BCPClientSocket.local_display : Connected BCP to 'local_display' localhost:5050
2018-04-02 11:58:09,968 : EventManager : Event: ======'init_phase_3'====== Args={}
2018-04-02 11:58:09,971 : EventManager : Event: ======'init_phase_4'====== Args={}
2018-04-02 11:58:09,976 : EventManager : Event: ======'machine_var_audits_player_score'====== Args={'prev_value': {'top': [], 'total': 0, 'average': 0}, 'value': {'top': [], 'total': 0, 'average': 0}, 'change': False}
2018-04-02 11:58:09,977 : EventManager : Event: ======'init_phase_5'====== Args={}
2018-04-02 11:58:09,978 : EventManager : Event: ======'init_done'====== Args={}
2018-04-02 11:58:09,979 : EventManager : Event: ======'machine_reset_phase_1'====== Args={}
2018-04-02 11:58:09,988 : EventManager : Event: ======'machine_var_master_volume'====== Args={'prev_value': 0.5, 'value': 0.5, 'change': 0.0}
2018-04-02 11:58:09,989 : EventManager : Event: ======'slide_dmd_slide_1_removed'====== Args={'_from_bcp': True}
2018-04-02 11:58:09,989 : EventManager : Event: ======'slide_dmd_slide_1_created'====== Args={'_from_bcp': True}
2018-04-02 11:58:09,993 : EventManager : Event: ======'slide_window_slide_1_removed'====== Args={'_from_bcp': True}
2018-04-02 11:58:10,000 : EventManager : Event: ======'slide_window_slide_1_created'====== Args={'_from_bcp': True}
2018-04-02 11:58:10,002 : EventManager : Event: ======'machine_reset_phase_2'====== Args={}
2018-04-02 11:58:10,002 : EventManager : Event: ======'machine_reset_phase_3'====== Args={}
2018-04-02 11:58:10,003 : EventManager : Event: ======'reset_complete'====== Args={}
2018-04-02 11:58:10,003 : EventManager : Event: ======'mode_attract_will_start'====== Args={}
2018-04-02 11:58:10,003 : EventManager : Event: ======'mode_attract_starting'====== Args={}
2018-04-02 11:58:10,004 : Mode.attract : Started. Priority: 10
2018-04-02 11:58:10,004 : EventManager : Event: ======'mode_attract_started'====== Args={}
2018-04-02 11:58:10,004 : EventManager : Event: ======'collecting_balls_complete'====== Args={}
2018-04-02 11:58:10,005 : EventManager : Event: ======'slide_dmd_slide_1_active'====== Args={'_from_bcp': True}
2018-04-02 11:58:10,005 : Machine : Starting the main run loop.
2018-04-02 11:58:10,005 : EventManager : Event: ======'slide_window_slide_1_active'====== Args={'_from_bcp': True}
2018-04-02 11:58:32,781 : Machine : Shutting down...
2018-04-02 11:58:32,781 : EventManager : Event: ======'shutdown'====== Args={}
2018-04-02 11:58:32,782 : Machine : Shutting down...
2018-04-02 11:58:32,782 : EventManager : Event: ======'shutdown'====== Args={}
2018-04-02 11:58:32,782 : SmartMatrix : Disconnecting from SmartMatrix RGB DMD hardware...
2018-04-02 11:58:32,782 : SmartMatrix : Disconnecting from SmartMatrix RGB DMD hardware...
2018-04-02 11:58:32,785 : root : MPF run loop ended.
