2018-04-02 13:13:23,125 : Machine : Mission Pinball Framework Core Engine v0.33.49
2018-04-02 13:13:23,125 : Machine : Command line arguments: {'logfile': 'logs\\2018-04-02-13-13-23-mpf-DESKTOP-U1P21TS.log', 'bcp': True, 'no_load_cache': False, 'pause': False, 'mpfconfigfile': 'c:\\python34\\lib\\site-packages\\mpf\\mpfconfig.yaml', 'configfile': ['config'], 'create_config_cache': True, 'mc_file_name': None, 'loglevel': 11, 'force_assets_load': False, 'syslog_address': None, 'force_platform': None, 'consoleloglevel': 20}
2018-04-02 13:13:23,125 : Machine : MPF path: c:\python34\lib\site-packages\mpf
2018-04-02 13:13:23,125 : Machine : Machine path: D:\Dev\mpf\scottp
2018-04-02 13:13:23,125 : Machine : Platform: win32
2018-04-02 13:13:23,125 : Machine : Python executable location: c:\python34\python.exe
2018-04-02 13:13:23,125 : Machine : Python version: 3.4.4 (64-bit)
2018-04-02 13:13:23,305 : Machine : Loading config from original files
2018-04-02 13:13:23,356 : Machine : Machine config file #1: D:\Dev\mpf\scottp\config\config
2018-04-02 13:13:23,367 : Machine : Config file cache created: C:\Users\maddo\AppData\Local\Temp\f2725e9fdb5e5699b9561cedbbf1540fconfig
2018-04-02 13:13:23,382 : SmartMatrix : Connecting to SmartMatrix RGB DMD on COM6 baud 2500000
2018-04-02 13:13:23,405 : SwitchController : Loading the SwitchController
2018-04-02 13:13:23,448 : EventManager : Event: ======'machine_var_mpf_version'====== Args={'value': 'MPF v0.33.49', 'prev_value': 'MPF v0.33.49', 'change': False}
2018-04-02 13:13:23,448 : EventManager : Event: ======'machine_var_mpf_extended_version'====== Args={'value': 'MPF v0.33.49, Config version:4, Show version: 4, BCP version:1.1', 'prev_value': 'MPF v0.33.49, Config version:4, Show version: 4, BCP version:1.1', 'change': False}
2018-04-02 13:13:23,448 : EventManager : Event: ======'machine_var_python_version'====== Args={'value': '3.4.4', 'prev_value': '3.4.4', 'change': False}
2018-04-02 13:13:23,449 : EventManager : Event: ======'machine_var_platform'====== Args={'value': 'Windows-10-10.0.16299', 'prev_value': 'Windows-10-10.0.16299', 'change': False}
2018-04-02 13:13:23,449 : EventManager : Event: ======'machine_var_platform_system'====== Args={'value': 'Windows', 'prev_value': 'Windows', 'change': False}
2018-04-02 13:13:23,449 : EventManager : Event: ======'machine_var_platform_release'====== Args={'value': '10', 'prev_value': '10', 'change': False}
2018-04-02 13:13:23,449 : EventManager : Event: ======'machine_var_platform_version'====== Args={'value': '10.0.16299', 'prev_value': '10.0.16299', 'change': False}
2018-04-02 13:13:23,449 : EventManager : Event: ======'machine_var_platform_machine'====== Args={'value': 'AMD64', 'prev_value': 'AMD64', 'change': False}
2018-04-02 13:13:23,449 : EventManager : Event: ======'init_phase_1'====== Args={}
2018-04-02 13:13:23,471 : EventManager : Event: ======'init_phase_2'====== Args={}
2018-04-02 13:13:23,483 : BCPClientSocket.local_display : Connecting BCP to 'local_display' at localhost:5050...
2018-04-02 13:13:24,993 : BCPClientSocket.local_display : Connected BCP to 'local_display' localhost:5050
2018-04-02 13:13:25,006 : EventManager : Event: ======'init_phase_3'====== Args={}
2018-04-02 13:13:25,015 : EventManager : Event: ======'init_phase_4'====== Args={}
2018-04-02 13:13:25,020 : EventManager : Event: ======'machine_var_audits_player_score'====== Args={'value': {'top': [], 'total': 0, 'average': 0}, 'prev_value': {'top': [], 'total': 0, 'average': 0}, 'change': False}
2018-04-02 13:13:25,021 : EventManager : Event: ======'init_phase_5'====== Args={}
2018-04-02 13:13:25,022 : EventManager : Event: ======'init_done'====== Args={}
2018-04-02 13:13:25,023 : EventManager : Event: ======'machine_reset_phase_1'====== Args={}
2018-04-02 13:13:25,029 : EventManager : Event: ======'machine_var_master_volume'====== Args={'value': 0.5, 'prev_value': 0.5, 'change': 0.0}
2018-04-02 13:13:25,051 : EventManager : Event: ======'slide_dmd_slide_1_removed'====== Args={'_from_bcp': True}
2018-04-02 13:13:25,053 : EventManager : Event: ======'slide_dmd_slide_1_created'====== Args={'_from_bcp': True}
2018-04-02 13:13:25,058 : EventManager : Event: ======'slide_window_slide_1_removed'====== Args={'_from_bcp': True}
2018-04-02 13:13:25,065 : EventManager : Event: ======'slide_window_slide_1_created'====== Args={'_from_bcp': True}
2018-04-02 13:13:25,068 : EventManager : Event: ======'machine_reset_phase_2'====== Args={}
2018-04-02 13:13:25,069 : EventManager : Event: ======'machine_reset_phase_3'====== Args={}
2018-04-02 13:13:25,069 : EventManager : Event: ======'reset_complete'====== Args={}
2018-04-02 13:13:25,069 : EventManager : Event: ======'mode_attract_will_start'====== Args={}
2018-04-02 13:13:25,070 : EventManager : Event: ======'mode_attract_starting'====== Args={}
2018-04-02 13:13:25,070 : Mode.attract : Started. Priority: 10
2018-04-02 13:13:25,070 : EventManager : Event: ======'mode_attract_started'====== Args={}
2018-04-02 13:13:25,070 : EventManager : Event: ======'collecting_balls_complete'====== Args={}
2018-04-02 13:13:25,071 : EventManager : Event: ======'slide_dmd_slide_1_active'====== Args={'_from_bcp': True}
2018-04-02 13:13:25,071 : Machine : Starting the main run loop.
2018-04-02 13:13:25,071 : EventManager : Event: ======'slide_window_slide_1_active'====== Args={'_from_bcp': True}
2018-04-02 13:14:44,316 : Machine : Shutting down...
2018-04-02 13:14:44,316 : EventManager : Event: ======'shutdown'====== Args={}
2018-04-02 13:14:44,317 : Machine : Shutting down...
2018-04-02 13:14:44,317 : EventManager : Event: ======'shutdown'====== Args={}
2018-04-02 13:14:44,317 : SmartMatrix : Disconnecting from SmartMatrix RGB DMD hardware...
2018-04-02 13:14:44,317 : SmartMatrix : Disconnecting from SmartMatrix RGB DMD hardware...
2018-04-02 13:14:44,320 : root : MPF run loop ended.
