2018-04-02 13:18:10,093 : Machine : Mission Pinball Framework Core Engine v0.33.49
2018-04-02 13:18:10,093 : Machine : Command line arguments: {'logfile': 'logs\\2018-04-02-13-18-10-mpf-DESKTOP-U1P21TS.log', 'loglevel': 11, 'syslog_address': None, 'no_load_cache': False, 'force_assets_load': False, 'bcp': True, 'mpfconfigfile': 'c:\\python34\\lib\\site-packages\\mpf\\mpfconfig.yaml', 'configfile': ['config'], 'pause': False, 'mc_file_name': None, 'create_config_cache': True, 'force_platform': None, 'consoleloglevel': 20}
2018-04-02 13:18:10,093 : Machine : MPF path: c:\python34\lib\site-packages\mpf
2018-04-02 13:18:10,093 : Machine : Machine path: D:\Dev\mpf\scottp
2018-04-02 13:18:10,093 : Machine : Platform: win32
2018-04-02 13:18:10,093 : Machine : Python executable location: c:\python34\python.exe
2018-04-02 13:18:10,093 : Machine : Python version: 3.4.4 (64-bit)
2018-04-02 13:18:10,271 : Machine : Loading config from original files
2018-04-02 13:18:10,321 : Machine : Machine config file #1: D:\Dev\mpf\scottp\config\config
2018-04-02 13:18:10,331 : Machine : Config file cache created: C:\Users\maddo\AppData\Local\Temp\f2725e9fdb5e5699b9561cedbbf1540fconfig
2018-04-02 13:18:10,341 : SmartMatrix : Connecting to SmartMatrix RGB DMD on COM6 baud 2500000
2018-04-02 13:18:10,368 : SwitchController : Loading the SwitchController
2018-04-02 13:18:10,412 : EventManager : Event: ======'machine_var_mpf_version'====== Args={'value': 'MPF v0.33.49', 'change': False, 'prev_value': 'MPF v0.33.49'}
2018-04-02 13:18:10,412 : EventManager : Event: ======'machine_var_mpf_extended_version'====== Args={'value': 'MPF v0.33.49, Config version:4, Show version: 4, BCP version:1.1', 'change': False, 'prev_value': 'MPF v0.33.49, Config version:4, Show version: 4, BCP version:1.1'}
2018-04-02 13:18:10,412 : EventManager : Event: ======'machine_var_python_version'====== Args={'value': '3.4.4', 'change': False, 'prev_value': '3.4.4'}
2018-04-02 13:18:10,413 : EventManager : Event: ======'machine_var_platform'====== Args={'value': 'Windows-10-10.0.16299', 'change': False, 'prev_value': 'Windows-10-10.0.16299'}
2018-04-02 13:18:10,413 : EventManager : Event: ======'machine_var_platform_system'====== Args={'value': 'Windows', 'change': False, 'prev_value': 'Windows'}
2018-04-02 13:18:10,413 : EventManager : Event: ======'machine_var_platform_release'====== Args={'value': '10', 'change': False, 'prev_value': '10'}
2018-04-02 13:18:10,413 : EventManager : Event: ======'machine_var_platform_version'====== Args={'value': '10.0.16299', 'change': False, 'prev_value': '10.0.16299'}
2018-04-02 13:18:10,413 : EventManager : Event: ======'machine_var_platform_machine'====== Args={'value': 'AMD64', 'change': False, 'prev_value': 'AMD64'}
2018-04-02 13:18:10,413 : EventManager : Event: ======'init_phase_1'====== Args={}
2018-04-02 13:18:10,435 : EventManager : Event: ======'init_phase_2'====== Args={}
2018-04-02 13:18:10,447 : BCPClientSocket.local_display : Connecting BCP to 'local_display' at localhost:5050...
2018-04-02 13:18:11,952 : BCPClientSocket.local_display : Connected BCP to 'local_display' localhost:5050
2018-04-02 13:18:11,958 : EventManager : Event: ======'init_phase_3'====== Args={}
2018-04-02 13:18:11,962 : EventManager : Event: ======'init_phase_4'====== Args={}
2018-04-02 13:18:11,966 : EventManager : Event: ======'machine_var_audits_player_score'====== Args={'value': {'average': 0, 'total': 0, 'top': []}, 'change': False, 'prev_value': {'average': 0, 'total': 0, 'top': []}}
2018-04-02 13:18:11,966 : EventManager : Event: ======'init_phase_5'====== Args={}
2018-04-02 13:18:11,967 : EventManager : Event: ======'init_done'====== Args={}
2018-04-02 13:18:11,967 : EventManager : Event: ======'machine_reset_phase_1'====== Args={}
2018-04-02 13:18:11,971 : EventManager : Event: ======'machine_var_master_volume'====== Args={'value': 0.5, 'change': 0.0, 'prev_value': 0.5}
2018-04-02 13:18:11,987 : EventManager : Event: ======'slide_window_slide_1_removed'====== Args={'_from_bcp': True}
2018-04-02 13:18:11,993 : EventManager : Event: ======'slide_window_slide_1_created'====== Args={'_from_bcp': True}
2018-04-02 13:18:11,996 : EventManager : Event: ======'slide_dmd_slide_1_removed'====== Args={'_from_bcp': True}
2018-04-02 13:18:11,998 : EventManager : Event: ======'slide_dmd_slide_1_created'====== Args={'_from_bcp': True}
2018-04-02 13:18:12,001 : EventManager : Event: ======'machine_reset_phase_2'====== Args={}
2018-04-02 13:18:12,001 : EventManager : Event: ======'machine_reset_phase_3'====== Args={}
2018-04-02 13:18:12,001 : EventManager : Event: ======'reset_complete'====== Args={}
2018-04-02 13:18:12,002 : EventManager : Event: ======'mode_attract_will_start'====== Args={}
2018-04-02 13:18:12,002 : EventManager : Event: ======'mode_attract_starting'====== Args={}
2018-04-02 13:18:12,002 : Mode.attract : Started. Priority: 10
2018-04-02 13:18:12,002 : EventManager : Event: ======'mode_attract_started'====== Args={}
2018-04-02 13:18:12,002 : EventManager : Event: ======'collecting_balls_complete'====== Args={}
2018-04-02 13:18:12,003 : EventManager : Event: ======'slide_window_slide_1_active'====== Args={'_from_bcp': True}
2018-04-02 13:18:12,003 : Machine : Starting the main run loop.
2018-04-02 13:18:12,004 : EventManager : Event: ======'slide_dmd_slide_1_active'====== Args={'_from_bcp': True}
2018-04-02 13:18:36,290 : Machine : Shutting down...
2018-04-02 13:18:36,290 : EventManager : Event: ======'shutdown'====== Args={}
2018-04-02 13:18:36,290 : Machine : Shutting down...
2018-04-02 13:18:36,290 : EventManager : Event: ======'shutdown'====== Args={}
2018-04-02 13:18:36,290 : SmartMatrix : Disconnecting from SmartMatrix RGB DMD hardware...
2018-04-02 13:18:36,291 : SmartMatrix : Disconnecting from SmartMatrix RGB DMD hardware...
2018-04-02 13:18:36,302 : root : MPF run loop ended.
