2018-04-02 12:03:00,009 : Machine : Mission Pinball Framework Core Engine v0.33.49
2018-04-02 12:03:00,009 : Machine : Command line arguments: {'force_assets_load': False, 'mpfconfigfile': 'c:\\python34\\lib\\site-packages\\mpf\\mpfconfig.yaml', 'configfile': ['config'], 'no_load_cache': False, 'loglevel': 11, 'force_platform': None, 'syslog_address': None, 'mc_file_name': None, 'pause': False, 'create_config_cache': True, 'logfile': 'logs\\2018-04-02-12-03-00-mpf-DESKTOP-U1P21TS.log', 'bcp': True, 'consoleloglevel': 20}
2018-04-02 12:03:00,009 : Machine : MPF path: c:\python34\lib\site-packages\mpf
2018-04-02 12:03:00,009 : Machine : Machine path: D:\Dev\mpf\scottp
2018-04-02 12:03:00,009 : Machine : Platform: win32
2018-04-02 12:03:00,009 : Machine : Python executable location: c:\python34\python.exe
2018-04-02 12:03:00,009 : Machine : Python version: 3.4.4 (64-bit)
2018-04-02 12:03:00,185 : Machine : Loading config from original files
2018-04-02 12:03:00,235 : Machine : Machine config file #1: D:\Dev\mpf\scottp\config\config
2018-04-02 12:03:00,244 : Machine : Config file cache created: C:\Users\maddo\AppData\Local\Temp\f2725e9fdb5e5699b9561cedbbf1540fconfig
2018-04-02 12:03:00,253 : SmartMatrix : Connecting to SmartMatrix RGB DMD on COM6 baud 2500000
2018-04-02 12:03:00,280 : SwitchController : Loading the SwitchController
2018-04-02 12:03:00,324 : EventManager : Event: ======'machine_var_mpf_version'====== Args={'prev_value': 'MPF v0.33.49', 'change': False, 'value': 'MPF v0.33.49'}
2018-04-02 12:03:00,324 : EventManager : Event: ======'machine_var_mpf_extended_version'====== Args={'prev_value': 'MPF v0.33.49, Config version:4, Show version: 4, BCP version:1.1', 'change': False, 'value': 'MPF v0.33.49, Config version:4, Show version: 4, BCP version:1.1'}
2018-04-02 12:03:00,324 : EventManager : Event: ======'machine_var_python_version'====== Args={'prev_value': '3.4.4', 'change': False, 'value': '3.4.4'}
2018-04-02 12:03:00,324 : EventManager : Event: ======'machine_var_platform'====== Args={'prev_value': 'Windows-10-10.0.16299', 'change': False, 'value': 'Windows-10-10.0.16299'}
2018-04-02 12:03:00,324 : EventManager : Event: ======'machine_var_platform_system'====== Args={'prev_value': 'Windows', 'change': False, 'value': 'Windows'}
2018-04-02 12:03:00,324 : EventManager : Event: ======'machine_var_platform_release'====== Args={'prev_value': '10', 'change': False, 'value': '10'}
2018-04-02 12:03:00,325 : EventManager : Event: ======'machine_var_platform_version'====== Args={'prev_value': '10.0.16299', 'change': False, 'value': '10.0.16299'}
2018-04-02 12:03:00,325 : EventManager : Event: ======'machine_var_platform_machine'====== Args={'prev_value': 'AMD64', 'change': False, 'value': 'AMD64'}
2018-04-02 12:03:00,325 : EventManager : Event: ======'init_phase_1'====== Args={}
2018-04-02 12:03:00,347 : EventManager : Event: ======'init_phase_2'====== Args={}
2018-04-02 12:03:00,359 : BCPClientSocket.local_display : Connecting BCP to 'local_display' at localhost:5050...
2018-04-02 12:03:01,862 : BCPClientSocket.local_display : Connected BCP to 'local_display' localhost:5050
2018-04-02 12:03:01,865 : EventManager : Event: ======'init_phase_3'====== Args={}
2018-04-02 12:03:01,868 : EventManager : Event: ======'init_phase_4'====== Args={}
2018-04-02 12:03:01,870 : EventManager : Event: ======'machine_var_audits_player_score'====== Args={'prev_value': {'top': [], 'total': 0, 'average': 0}, 'change': False, 'value': {'top': [], 'total': 0, 'average': 0}}
2018-04-02 12:03:01,870 : EventManager : Event: ======'init_phase_5'====== Args={}
2018-04-02 12:03:01,871 : EventManager : Event: ======'init_done'====== Args={}
2018-04-02 12:03:01,871 : EventManager : Event: ======'machine_reset_phase_1'====== Args={}
2018-04-02 12:03:01,895 : EventManager : Event: ======'machine_var_master_volume'====== Args={'prev_value': 0.5, 'change': 0.0, 'value': 0.5}
2018-04-02 12:03:01,895 : EventManager : Event: ======'slide_window_slide_1_removed'====== Args={'_from_bcp': True}
2018-04-02 12:03:01,902 : EventManager : Event: ======'slide_window_slide_1_created'====== Args={'_from_bcp': True}
2018-04-02 12:03:01,905 : EventManager : Event: ======'slide_dmd_slide_1_removed'====== Args={'_from_bcp': True}
2018-04-02 12:03:01,906 : EventManager : Event: ======'slide_dmd_slide_1_created'====== Args={'_from_bcp': True}
2018-04-02 12:03:01,908 : EventManager : Event: ======'slide_window_slide_1_active'====== Args={'_from_bcp': True}
2018-04-02 12:03:01,908 : EventManager : Event: ======'machine_reset_phase_2'====== Args={}
2018-04-02 12:03:01,909 : EventManager : Event: ======'machine_reset_phase_3'====== Args={}
2018-04-02 12:03:01,909 : EventManager : Event: ======'slide_dmd_slide_1_active'====== Args={'_from_bcp': True}
2018-04-02 12:03:01,910 : EventManager : Event: ======'reset_complete'====== Args={}
2018-04-02 12:03:01,910 : EventManager : Event: ======'mode_attract_will_start'====== Args={}
2018-04-02 12:03:01,911 : EventManager : Event: ======'mode_attract_starting'====== Args={}
2018-04-02 12:03:01,911 : Mode.attract : Started. Priority: 10
2018-04-02 12:03:01,911 : EventManager : Event: ======'mode_attract_started'====== Args={}
2018-04-02 12:03:01,911 : EventManager : Event: ======'collecting_balls_complete'====== Args={}
2018-04-02 12:03:01,911 : Machine : Starting the main run loop.
2018-04-02 12:03:15,780 : Machine : Shutting down...
2018-04-02 12:03:15,780 : EventManager : Event: ======'shutdown'====== Args={}
2018-04-02 12:03:15,780 : Machine : Shutting down...
2018-04-02 12:03:15,780 : EventManager : Event: ======'shutdown'====== Args={}
2018-04-02 12:03:15,780 : SmartMatrix : Disconnecting from SmartMatrix RGB DMD hardware...
2018-04-02 12:03:15,781 : SmartMatrix : Disconnecting from SmartMatrix RGB DMD hardware...
2018-04-02 12:03:15,783 : root : MPF run loop ended.
