2018-04-02 11:59:08,168 : Machine : Mission Pinball Framework Core Engine v0.33.49
2018-04-02 11:59:08,168 : Machine : Command line arguments: {'bcp': True, 'create_config_cache': True, 'syslog_address': None, 'logfile': 'logs\\2018-04-02-11-59-08-mpf-DESKTOP-U1P21TS.log', 'pause': False, 'no_load_cache': False, 'loglevel': 11, 'mpfconfigfile': 'c:\\python34\\lib\\site-packages\\mpf\\mpfconfig.yaml', 'configfile': ['config'], 'force_platform': None, 'mc_file_name': None, 'force_assets_load': False, 'consoleloglevel': 20}
2018-04-02 11:59:08,168 : Machine : MPF path: c:\python34\lib\site-packages\mpf
2018-04-02 11:59:08,168 : Machine : Machine path: D:\Dev\mpf\scottp
2018-04-02 11:59:08,168 : Machine : Platform: win32
2018-04-02 11:59:08,168 : Machine : Python executable location: c:\python34\python.exe
2018-04-02 11:59:08,168 : Machine : Python version: 3.4.4 (64-bit)
2018-04-02 11:59:08,343 : Machine : Loading cached config: C:\Users\maddo\AppData\Local\Temp\f2725e9fdb5e5699b9561cedbbf1540fconfig
2018-04-02 11:59:08,349 : SmartMatrix : Connecting to SmartMatrix RGB DMD on COM6 baud 2500000
2018-04-02 11:59:08,376 : SwitchController : Loading the SwitchController
2018-04-02 11:59:08,418 : EventManager : Event: ======'machine_var_mpf_version'====== Args={'prev_value': 'MPF v0.33.49', 'change': False, 'value': 'MPF v0.33.49'}
2018-04-02 11:59:08,418 : EventManager : Event: ======'machine_var_mpf_extended_version'====== Args={'prev_value': 'MPF v0.33.49, Config version:4, Show version: 4, BCP version:1.1', 'change': False, 'value': 'MPF v0.33.49, Config version:4, Show version: 4, BCP version:1.1'}
2018-04-02 11:59:08,419 : EventManager : Event: ======'machine_var_python_version'====== Args={'prev_value': '3.4.4', 'change': False, 'value': '3.4.4'}
2018-04-02 11:59:08,419 : EventManager : Event: ======'machine_var_platform'====== Args={'prev_value': 'Windows-10-10.0.16299', 'change': False, 'value': 'Windows-10-10.0.16299'}
2018-04-02 11:59:08,419 : EventManager : Event: ======'machine_var_platform_system'====== Args={'prev_value': 'Windows', 'change': False, 'value': 'Windows'}
2018-04-02 11:59:08,419 : EventManager : Event: ======'machine_var_platform_release'====== Args={'prev_value': '10', 'change': False, 'value': '10'}
2018-04-02 11:59:08,419 : EventManager : Event: ======'machine_var_platform_version'====== Args={'prev_value': '10.0.16299', 'change': False, 'value': '10.0.16299'}
2018-04-02 11:59:08,419 : EventManager : Event: ======'machine_var_platform_machine'====== Args={'prev_value': 'AMD64', 'change': False, 'value': 'AMD64'}
2018-04-02 11:59:08,420 : EventManager : Event: ======'init_phase_1'====== Args={}
2018-04-02 11:59:08,442 : EventManager : Event: ======'init_phase_2'====== Args={}
2018-04-02 11:59:08,453 : BCPClientSocket.local_display : Connecting BCP to 'local_display' at localhost:5050...
2018-04-02 11:59:09,959 : BCPClientSocket.local_display : Connected BCP to 'local_display' localhost:5050
2018-04-02 11:59:09,962 : EventManager : Event: ======'init_phase_3'====== Args={}
2018-04-02 11:59:09,964 : EventManager : Event: ======'init_phase_4'====== Args={}
2018-04-02 11:59:09,966 : EventManager : Event: ======'machine_var_audits_player_score'====== Args={'prev_value': {'top': [], 'total': 0, 'average': 0}, 'change': False, 'value': {'top': [], 'total': 0, 'average': 0}}
2018-04-02 11:59:09,966 : EventManager : Event: ======'init_phase_5'====== Args={}
2018-04-02 11:59:09,966 : EventManager : Event: ======'init_done'====== Args={}
2018-04-02 11:59:09,967 : EventManager : Event: ======'machine_reset_phase_1'====== Args={}
2018-04-02 11:59:09,985 : EventManager : Event: ======'machine_var_master_volume'====== Args={'prev_value': 0.5, 'change': 0.0, 'value': 0.5}
2018-04-02 11:59:09,986 : EventManager : Event: ======'slide_window_slide_1_removed'====== Args={'_from_bcp': True}
2018-04-02 11:59:09,991 : EventManager : Event: ======'slide_window_slide_1_created'====== Args={'_from_bcp': True}
2018-04-02 11:59:09,994 : EventManager : Event: ======'slide_dmd_slide_1_removed'====== Args={'_from_bcp': True}
2018-04-02 11:59:09,994 : EventManager : Event: ======'slide_dmd_slide_1_created'====== Args={'_from_bcp': True}
2018-04-02 11:59:09,996 : EventManager : Event: ======'slide_window_slide_1_active'====== Args={'_from_bcp': True}
2018-04-02 11:59:09,996 : EventManager : Event: ======'machine_reset_phase_2'====== Args={}
2018-04-02 11:59:09,996 : EventManager : Event: ======'machine_reset_phase_3'====== Args={}
2018-04-02 11:59:09,997 : EventManager : Event: ======'slide_dmd_slide_1_active'====== Args={'_from_bcp': True}
2018-04-02 11:59:09,997 : EventManager : Event: ======'reset_complete'====== Args={}
2018-04-02 11:59:09,997 : EventManager : Event: ======'mode_attract_will_start'====== Args={}
2018-04-02 11:59:09,998 : EventManager : Event: ======'mode_attract_starting'====== Args={}
2018-04-02 11:59:09,998 : Mode.attract : Started. Priority: 10
2018-04-02 11:59:09,998 : EventManager : Event: ======'mode_attract_started'====== Args={}
2018-04-02 11:59:09,998 : EventManager : Event: ======'collecting_balls_complete'====== Args={}
2018-04-02 11:59:09,999 : Machine : Starting the main run loop.
2018-04-02 11:59:25,011 : Machine : Shutting down...
2018-04-02 11:59:25,012 : EventManager : Event: ======'shutdown'====== Args={}
2018-04-02 11:59:25,012 : SmartMatrix : Disconnecting from SmartMatrix RGB DMD hardware...
2018-04-02 11:59:25,016 : root : MPF run loop ended.
