2018-04-02 10:40:53,424 : kivy : Factory: 194 symbols loaded
2018-04-02 10:40:53,503 : kivy : Image: Providers: img_tex, img_dds, img_sdl2, img_gif (img_pil, img_ffpyplayer ignored)
2018-04-02 10:40:53,540 : kivy : VideoGstplayer: Using Gstreamer 1.10.2.0
2018-04-02 10:40:53,540 : kivy : Video: Provider: gstplayer
2018-04-02 10:40:53,565 : kivy : Loading MPF-MC controller
2018-04-02 10:40:53,565 : mpfmc : Mission Pinball Framework Media Controller v0.33.16
2018-04-02 10:40:53,566 : mpfmc : Mission Pinball Framework Game Engine v0.33.49
2018-04-02 10:40:53,566 : mpfmc : Machine path: D:\Dev\mpf\scottp
2018-04-02 10:40:53,566 : mpfmc : Starting clock at 30.0Hz
2018-04-02 10:40:53,574 : kivy : Text: Provider: sdl2
2018-04-02 10:40:53,774 : kivy : OSC: using <thread> for socket
2018-04-02 10:40:53,777 : kivy : Window: Provider: sdl2
2018-04-02 10:40:53,979 : kivy : GL: Using the "OpenGL" graphics system
2018-04-02 10:40:53,980 : kivy : GL: GLEW initialization succeeded
2018-04-02 10:40:53,980 : kivy : GL: Backend used <glew>
2018-04-02 10:40:53,981 : kivy : GL: OpenGL version <b'4.5.13497 Compatibility Profile Context 23.20.793.0'>
2018-04-02 10:40:53,981 : kivy : GL: OpenGL vendor <b'ATI Technologies Inc.'>
2018-04-02 10:40:53,981 : kivy : GL: OpenGL renderer <b'Radeon (TM) RX 480 Graphics'>
2018-04-02 10:40:53,981 : kivy : GL: OpenGL parsed version: 4, 5
2018-04-02 10:40:53,981 : kivy : GL: Shading version <b'4.50'>
2018-04-02 10:40:53,982 : kivy : GL: Texture max size <16384>
2018-04-02 10:40:53,982 : kivy : GL: Texture max units <32>
2018-04-02 10:40:53,991 : kivy : Window: auto add sdl2 input provider
2018-04-02 10:40:53,991 : kivy : Window: virtual keyboard not allowed, single mode, not docked
2018-04-02 10:40:53,993 : SoundSystem : SoundSystem: Using default 'sound_system' settings
2018-04-02 10:40:54,560 : AudioInterface : Initialized
2018-04-02 10:40:54,560 : SoundSystem : No audio tracks are specified in your machine config file. a track named 'default' has been created.
2018-04-02 10:40:54,562 : kivy : Base: Start application main loop
2018-04-02 10:40:54,660 : MPF-MC BCP Server : Starting up on localhost port 5050
2018-04-02 10:40:54,665 : MPF-MC BCP Server : Waiting for a connection...
2018-04-02 10:40:54,666 : kivy : GL: NPOT texture support is available
2018-04-02 10:40:55,048 : MPF-MC BCP Server : Received connection from: 127.0.0.1:59638
2018-04-02 10:40:55,063 : mpfmc : Initializing Physical DMD
2018-04-02 10:40:55,071 : mpfmc : Setting Physical DMD to 30.0fps
2018-04-02 10:41:18,909 : kivy : Base: Leaving application in progress...
2018-04-02 10:41:18,909 : mpfmc : Stopping...
2018-04-02 10:41:18,909 : mpfmc : Loop rate 40.17 Hz
2018-04-02 10:41:18,910 : kivy : MC run loop ended.
2018-04-02 10:41:18,910 : kivy : Stopping child threads... (3 remaining)
2018-04-02 10:41:19,163 : mpfmc : Stopping...
2018-04-02 10:41:19,164 : mpfmc : Loop rate 39.75 Hz
2018-04-02 10:41:19,554 : MPF-MC BCP Server : Stopping BCP sending thread
2018-04-02 10:41:19,612 : kivy : All child threads stopped.
