2018-04-02 11:31:40,724 : Machine : Mission Pinball Framework Core Engine v0.33.49
2018-04-02 11:31:40,724 : Machine : Command line arguments: {'bcp': True, 'force_assets_load': False, 'syslog_address': None, 'consoleloglevel': 20, 'pause': False, 'logfile': 'logs\\2018-04-02-11-31-40-mpf-DESKTOP-U1P21TS.log', 'configfile': ['config'], 'mpfconfigfile': 'c:\\python34\\lib\\site-packages\\mpf\\mpfconfig.yaml', 'mc_file_name': None, 'create_config_cache': True, 'no_load_cache': False, 'loglevel': 11, 'force_platform': None}
2018-04-02 11:31:40,724 : Machine : MPF path: c:\python34\lib\site-packages\mpf
2018-04-02 11:31:40,724 : Machine : Machine path: D:\Dev\mpf\scottp
2018-04-02 11:31:40,724 : Machine : Platform: win32
2018-04-02 11:31:40,724 : Machine : Python executable location: c:\python34\python.exe
2018-04-02 11:31:40,724 : Machine : Python version: 3.4.4 (64-bit)
2018-04-02 11:31:40,898 : Machine : Loading config from original files
2018-04-02 11:31:40,948 : Machine : Machine config file #1: D:\Dev\mpf\scottp\config\config
2018-04-02 11:31:40,956 : Machine : Config file cache created: C:\Users\maddo\AppData\Local\Temp\f2725e9fdb5e5699b9561cedbbf1540fconfig
2018-04-02 11:31:40,965 : SmartMatrix : Connecting to SmartMatrix RGB DMD on COM6 baud 2500000
2018-04-02 11:31:40,992 : SwitchController : Loading the SwitchController
2018-04-02 11:31:41,036 : EventManager : Event: ======'machine_var_mpf_version'====== Args={'value': 'MPF v0.33.49', 'change': False, 'prev_value': 'MPF v0.33.49'}
2018-04-02 11:31:41,036 : EventManager : Event: ======'machine_var_mpf_extended_version'====== Args={'value': 'MPF v0.33.49, Config version:4, Show version: 4, BCP version:1.1', 'change': False, 'prev_value': 'MPF v0.33.49, Config version:4, Show version: 4, BCP version:1.1'}
2018-04-02 11:31:41,036 : EventManager : Event: ======'machine_var_python_version'====== Args={'value': '3.4.4', 'change': False, 'prev_value': '3.4.4'}
2018-04-02 11:31:41,037 : EventManager : Event: ======'machine_var_platform'====== Args={'value': 'Windows-10-10.0.16299', 'change': False, 'prev_value': 'Windows-10-10.0.16299'}
2018-04-02 11:31:41,037 : EventManager : Event: ======'machine_var_platform_system'====== Args={'value': 'Windows', 'change': False, 'prev_value': 'Windows'}
2018-04-02 11:31:41,037 : EventManager : Event: ======'machine_var_platform_release'====== Args={'value': '10', 'change': False, 'prev_value': '10'}
2018-04-02 11:31:41,037 : EventManager : Event: ======'machine_var_platform_version'====== Args={'value': '10.0.16299', 'change': False, 'prev_value': '10.0.16299'}
2018-04-02 11:31:41,037 : EventManager : Event: ======'machine_var_platform_machine'====== Args={'value': 'AMD64', 'change': False, 'prev_value': 'AMD64'}
2018-04-02 11:31:41,037 : EventManager : Event: ======'init_phase_1'====== Args={}
2018-04-02 11:31:41,060 : EventManager : Event: ======'init_phase_2'====== Args={}
2018-04-02 11:31:41,072 : BCPClientSocket.local_display : Connecting BCP to 'local_display' at localhost:5050...
2018-04-02 11:31:42,575 : BCPClientSocket.local_display : Connected BCP to 'local_display' localhost:5050
2018-04-02 11:31:42,578 : EventManager : Event: ======'init_phase_3'====== Args={}
2018-04-02 11:31:42,580 : EventManager : Event: ======'init_phase_4'====== Args={}
2018-04-02 11:31:42,581 : EventManager : Event: ======'machine_var_audits_player_score'====== Args={'value': {'top': [], 'total': 0, 'average': 0}, 'change': False, 'prev_value': {'top': [], 'total': 0, 'average': 0}}
2018-04-02 11:31:42,581 : EventManager : Event: ======'init_phase_5'====== Args={}
2018-04-02 11:31:42,582 : EventManager : Event: ======'init_done'====== Args={}
2018-04-02 11:31:42,582 : EventManager : Event: ======'machine_reset_phase_1'====== Args={}
2018-04-02 11:31:42,596 : EventManager : Event: ======'machine_var_master_volume'====== Args={'value': 0.5, 'change': 0.0, 'prev_value': 0.5}
2018-04-02 11:31:42,598 : EventManager : Event: ======'slide_window_slide_1_removed'====== Args={'_from_bcp': True}
2018-04-02 11:31:42,602 : EventManager : Event: ======'slide_window_slide_1_created'====== Args={'_from_bcp': True}
2018-04-02 11:31:42,604 : EventManager : Event: ======'slide_dmd_slide_1_removed'====== Args={'_from_bcp': True}
2018-04-02 11:31:42,604 : EventManager : Event: ======'slide_dmd_slide_1_created'====== Args={'_from_bcp': True}
2018-04-02 11:31:42,606 : EventManager : Event: ======'slide_window_slide_1_active'====== Args={'_from_bcp': True}
2018-04-02 11:31:42,606 : EventManager : Event: ======'slide_dmd_slide_1_active'====== Args={'_from_bcp': True}
2018-04-02 11:31:42,607 : EventManager : Event: ======'machine_reset_phase_2'====== Args={}
2018-04-02 11:31:42,607 : EventManager : Event: ======'machine_reset_phase_3'====== Args={}
2018-04-02 11:31:42,607 : EventManager : Event: ======'reset_complete'====== Args={}
2018-04-02 11:31:42,608 : EventManager : Event: ======'mode_attract_will_start'====== Args={}
2018-04-02 11:31:42,608 : EventManager : Event: ======'mode_attract_starting'====== Args={}
2018-04-02 11:31:42,608 : Mode.attract : Started. Priority: 10
2018-04-02 11:31:42,608 : EventManager : Event: ======'mode_attract_started'====== Args={}
2018-04-02 11:31:42,609 : EventManager : Event: ======'collecting_balls_complete'====== Args={}
2018-04-02 11:31:42,609 : Machine : Starting the main run loop.
2018-04-02 11:32:15,045 : Machine : Shutting down...
2018-04-02 11:32:15,045 : EventManager : Event: ======'shutdown'====== Args={}
2018-04-02 11:32:15,046 : Machine : Shutting down...
2018-04-02 11:32:15,046 : EventManager : Event: ======'shutdown'====== Args={}
2018-04-02 11:32:15,046 : SmartMatrix : Disconnecting from SmartMatrix RGB DMD hardware...
2018-04-02 11:32:15,046 : SmartMatrix : Disconnecting from SmartMatrix RGB DMD hardware...
2018-04-02 11:32:15,047 : root : MPF run loop ended.
