2018-04-02 11:32:18,128 : Machine : Mission Pinball Framework Core Engine v0.33.49
2018-04-02 11:32:18,128 : Machine : Command line arguments: {'configfile': ['config'], 'force_platform': None, 'pause': False, 'mpfconfigfile': 'c:\\python34\\lib\\site-packages\\mpf\\mpfconfig.yaml', 'mc_file_name': None, 'force_assets_load': False, 'no_load_cache': False, 'syslog_address': None, 'loglevel': 11, 'create_config_cache': True, 'logfile': 'logs\\2018-04-02-11-32-18-mpf-DESKTOP-U1P21TS.log', 'bcp': True, 'consoleloglevel': 20}
2018-04-02 11:32:18,128 : Machine : MPF path: c:\python34\lib\site-packages\mpf
2018-04-02 11:32:18,128 : Machine : Machine path: D:\Dev\mpf\scottp
2018-04-02 11:32:18,129 : Machine : Platform: win32
2018-04-02 11:32:18,129 : Machine : Python executable location: c:\python34\python.exe
2018-04-02 11:32:18,129 : Machine : Python version: 3.4.4 (64-bit)
2018-04-02 11:32:18,303 : Machine : Loading config from original files
2018-04-02 11:32:18,352 : Machine : Machine config file #1: D:\Dev\mpf\scottp\config\config
2018-04-02 11:32:18,361 : Machine : Config file cache created: C:\Users\maddo\AppData\Local\Temp\f2725e9fdb5e5699b9561cedbbf1540fconfig
2018-04-02 11:32:18,369 : SmartMatrix : Connecting to SmartMatrix RGB DMD on COM6 baud 2500000
2018-04-02 11:32:18,396 : SwitchController : Loading the SwitchController
2018-04-02 11:32:18,440 : EventManager : Event: ======'machine_var_mpf_version'====== Args={'change': False, 'value': 'MPF v0.33.49', 'prev_value': 'MPF v0.33.49'}
2018-04-02 11:32:18,440 : EventManager : Event: ======'machine_var_mpf_extended_version'====== Args={'change': False, 'value': 'MPF v0.33.49, Config version:4, Show version: 4, BCP version:1.1', 'prev_value': 'MPF v0.33.49, Config version:4, Show version: 4, BCP version:1.1'}
2018-04-02 11:32:18,441 : EventManager : Event: ======'machine_var_python_version'====== Args={'change': False, 'value': '3.4.4', 'prev_value': '3.4.4'}
2018-04-02 11:32:18,441 : EventManager : Event: ======'machine_var_platform'====== Args={'change': False, 'value': 'Windows-10-10.0.16299', 'prev_value': 'Windows-10-10.0.16299'}
2018-04-02 11:32:18,441 : EventManager : Event: ======'machine_var_platform_system'====== Args={'change': False, 'value': 'Windows', 'prev_value': 'Windows'}
2018-04-02 11:32:18,441 : EventManager : Event: ======'machine_var_platform_release'====== Args={'change': False, 'value': '10', 'prev_value': '10'}
2018-04-02 11:32:18,441 : EventManager : Event: ======'machine_var_platform_version'====== Args={'change': False, 'value': '10.0.16299', 'prev_value': '10.0.16299'}
2018-04-02 11:32:18,441 : EventManager : Event: ======'machine_var_platform_machine'====== Args={'change': False, 'value': 'AMD64', 'prev_value': 'AMD64'}
2018-04-02 11:32:18,442 : EventManager : Event: ======'init_phase_1'====== Args={}
2018-04-02 11:32:18,464 : EventManager : Event: ======'init_phase_2'====== Args={}
2018-04-02 11:32:18,476 : BCPClientSocket.local_display : Connecting BCP to 'local_display' at localhost:5050...
2018-04-02 11:32:19,981 : BCPClientSocket.local_display : Connected BCP to 'local_display' localhost:5050
2018-04-02 11:32:19,987 : EventManager : Event: ======'init_phase_3'====== Args={}
2018-04-02 11:32:19,993 : EventManager : Event: ======'init_phase_4'====== Args={}
2018-04-02 11:32:19,996 : EventManager : Event: ======'machine_var_audits_player_score'====== Args={'change': False, 'value': {'top': [], 'total': 0, 'average': 0}, 'prev_value': {'top': [], 'total': 0, 'average': 0}}
2018-04-02 11:32:19,997 : EventManager : Event: ======'init_phase_5'====== Args={}
2018-04-02 11:32:20,000 : EventManager : Event: ======'init_done'====== Args={}
2018-04-02 11:32:20,002 : EventManager : Event: ======'machine_reset_phase_1'====== Args={}
2018-04-02 11:32:20,017 : EventManager : Event: ======'machine_var_master_volume'====== Args={'change': 0.0, 'value': 0.5, 'prev_value': 0.5}
2018-04-02 11:32:20,018 : EventManager : Event: ======'slide_window_slide_1_removed'====== Args={'_from_bcp': True}
2018-04-02 11:32:20,024 : EventManager : Event: ======'slide_window_slide_1_created'====== Args={'_from_bcp': True}
2018-04-02 11:32:20,026 : EventManager : Event: ======'slide_dmd_slide_1_removed'====== Args={'_from_bcp': True}
2018-04-02 11:32:20,027 : EventManager : Event: ======'slide_dmd_slide_1_created'====== Args={'_from_bcp': True}
2018-04-02 11:32:20,028 : EventManager : Event: ======'machine_reset_phase_2'====== Args={}
2018-04-02 11:32:20,029 : EventManager : Event: ======'machine_reset_phase_3'====== Args={}
2018-04-02 11:32:20,029 : EventManager : Event: ======'reset_complete'====== Args={}
2018-04-02 11:32:20,030 : EventManager : Event: ======'mode_attract_will_start'====== Args={}
2018-04-02 11:32:20,030 : EventManager : Event: ======'mode_attract_starting'====== Args={}
2018-04-02 11:32:20,030 : Mode.attract : Started. Priority: 10
2018-04-02 11:32:20,030 : EventManager : Event: ======'mode_attract_started'====== Args={}
2018-04-02 11:32:20,030 : EventManager : Event: ======'collecting_balls_complete'====== Args={}
2018-04-02 11:32:20,031 : Machine : Starting the main run loop.
2018-04-02 11:32:20,031 : EventManager : Event: ======'slide_window_slide_1_active'====== Args={'_from_bcp': True}
2018-04-02 11:32:20,031 : EventManager : Event: ======'slide_dmd_slide_1_active'====== Args={'_from_bcp': True}
2018-04-02 11:32:49,228 : Machine : Shutting down...
2018-04-02 11:32:49,228 : EventManager : Event: ======'shutdown'====== Args={}
2018-04-02 11:32:49,229 : Machine : Shutting down...
2018-04-02 11:32:49,229 : EventManager : Event: ======'shutdown'====== Args={}
2018-04-02 11:32:49,229 : SmartMatrix : Disconnecting from SmartMatrix RGB DMD hardware...
2018-04-02 11:32:49,229 : SmartMatrix : Disconnecting from SmartMatrix RGB DMD hardware...
2018-04-02 11:32:49,231 : root : MPF run loop ended.
