2018-04-02 11:58:50,965 : Machine : Mission Pinball Framework Core Engine v0.33.49
2018-04-02 11:58:50,965 : Machine : Command line arguments: {'mpfconfigfile': 'c:\\python34\\lib\\site-packages\\mpf\\mpfconfig.yaml', 'no_load_cache': False, 'mc_file_name': None, 'syslog_address': None, 'logfile': 'logs\\2018-04-02-11-58-50-mpf-DESKTOP-U1P21TS.log', 'configfile': ['config'], 'pause': False, 'consoleloglevel': 20, 'bcp': True, 'loglevel': 11, 'create_config_cache': True, 'force_platform': None, 'force_assets_load': False}
2018-04-02 11:58:50,965 : Machine : MPF path: c:\python34\lib\site-packages\mpf
2018-04-02 11:58:50,965 : Machine : Machine path: D:\Dev\mpf\scottp
2018-04-02 11:58:50,965 : Machine : Platform: win32
2018-04-02 11:58:50,966 : Machine : Python executable location: c:\python34\python.exe
2018-04-02 11:58:50,966 : Machine : Python version: 3.4.4 (64-bit)
2018-04-02 11:58:51,151 : Machine : Loading config from original files
2018-04-02 11:58:51,200 : Machine : Machine config file #1: D:\Dev\mpf\scottp\config\config
2018-04-02 11:58:51,209 : Machine : Config file cache created: C:\Users\maddo\AppData\Local\Temp\f2725e9fdb5e5699b9561cedbbf1540fconfig
2018-04-02 11:58:51,222 : SmartMatrix : Connecting to SmartMatrix RGB DMD on COM6 baud 2500000
2018-04-02 11:58:51,245 : SwitchController : Loading the SwitchController
2018-04-02 11:58:51,288 : EventManager : Event: ======'machine_var_mpf_version'====== Args={'prev_value': 'MPF v0.33.49', 'value': 'MPF v0.33.49', 'change': False}
2018-04-02 11:58:51,288 : EventManager : Event: ======'machine_var_mpf_extended_version'====== Args={'prev_value': 'MPF v0.33.49, Config version:4, Show version: 4, BCP version:1.1', 'value': 'MPF v0.33.49, Config version:4, Show version: 4, BCP version:1.1', 'change': False}
2018-04-02 11:58:51,288 : EventManager : Event: ======'machine_var_python_version'====== Args={'prev_value': '3.4.4', 'value': '3.4.4', 'change': False}
2018-04-02 11:58:51,289 : EventManager : Event: ======'machine_var_platform'====== Args={'prev_value': 'Windows-10-10.0.16299', 'value': 'Windows-10-10.0.16299', 'change': False}
2018-04-02 11:58:51,289 : EventManager : Event: ======'machine_var_platform_system'====== Args={'prev_value': 'Windows', 'value': 'Windows', 'change': False}
2018-04-02 11:58:51,289 : EventManager : Event: ======'machine_var_platform_release'====== Args={'prev_value': '10', 'value': '10', 'change': False}
2018-04-02 11:58:51,289 : EventManager : Event: ======'machine_var_platform_version'====== Args={'prev_value': '10.0.16299', 'value': '10.0.16299', 'change': False}
2018-04-02 11:58:51,289 : EventManager : Event: ======'machine_var_platform_machine'====== Args={'prev_value': 'AMD64', 'value': 'AMD64', 'change': False}
2018-04-02 11:58:51,289 : EventManager : Event: ======'init_phase_1'====== Args={}
2018-04-02 11:58:51,312 : EventManager : Event: ======'init_phase_2'====== Args={}
2018-04-02 11:58:51,324 : BCPClientSocket.local_display : Connecting BCP to 'local_display' at localhost:5050...
2018-04-02 11:58:52,829 : BCPClientSocket.local_display : Connected BCP to 'local_display' localhost:5050
2018-04-02 11:58:52,832 : EventManager : Event: ======'init_phase_3'====== Args={}
2018-04-02 11:58:52,834 : EventManager : Event: ======'init_phase_4'====== Args={}
2018-04-02 11:58:52,835 : EventManager : Event: ======'machine_var_audits_player_score'====== Args={'prev_value': {'total': 0, 'average': 0, 'top': []}, 'value': {'total': 0, 'average': 0, 'top': []}, 'change': False}
2018-04-02 11:58:52,836 : EventManager : Event: ======'init_phase_5'====== Args={}
2018-04-02 11:58:52,836 : EventManager : Event: ======'init_done'====== Args={}
2018-04-02 11:58:52,837 : EventManager : Event: ======'machine_reset_phase_1'====== Args={}
2018-04-02 11:58:52,858 : EventManager : Event: ======'machine_var_master_volume'====== Args={'prev_value': 0.5, 'value': 0.5, 'change': 0.0}
2018-04-02 11:58:52,859 : EventManager : Event: ======'slide_window_slide_1_removed'====== Args={'_from_bcp': True}
2018-04-02 11:58:52,865 : EventManager : Event: ======'slide_window_slide_1_created'====== Args={'_from_bcp': True}
2018-04-02 11:58:52,867 : EventManager : Event: ======'slide_dmd_slide_1_removed'====== Args={'_from_bcp': True}
2018-04-02 11:58:52,868 : EventManager : Event: ======'slide_dmd_slide_1_created'====== Args={'_from_bcp': True}
2018-04-02 11:58:52,870 : EventManager : Event: ======'slide_window_slide_1_active'====== Args={'_from_bcp': True}
2018-04-02 11:58:52,870 : EventManager : Event: ======'machine_reset_phase_2'====== Args={}
2018-04-02 11:58:52,870 : EventManager : Event: ======'machine_reset_phase_3'====== Args={}
2018-04-02 11:58:52,870 : EventManager : Event: ======'slide_dmd_slide_1_active'====== Args={'_from_bcp': True}
2018-04-02 11:58:52,871 : EventManager : Event: ======'reset_complete'====== Args={}
2018-04-02 11:58:52,871 : EventManager : Event: ======'mode_attract_will_start'====== Args={}
2018-04-02 11:58:52,872 : EventManager : Event: ======'mode_attract_starting'====== Args={}
2018-04-02 11:58:52,872 : Mode.attract : Started. Priority: 10
2018-04-02 11:58:52,872 : EventManager : Event: ======'mode_attract_started'====== Args={}
2018-04-02 11:58:52,872 : EventManager : Event: ======'collecting_balls_complete'====== Args={}
2018-04-02 11:58:52,872 : Machine : Starting the main run loop.
2018-04-02 11:58:58,558 : Machine : Shutting down...
2018-04-02 11:58:58,558 : EventManager : Event: ======'shutdown'====== Args={}
2018-04-02 11:58:58,558 : Machine : Shutting down...
2018-04-02 11:58:58,558 : EventManager : Event: ======'shutdown'====== Args={}
2018-04-02 11:58:58,559 : SmartMatrix : Disconnecting from SmartMatrix RGB DMD hardware...
2018-04-02 11:58:58,559 : SmartMatrix : Disconnecting from SmartMatrix RGB DMD hardware...
2018-04-02 11:58:58,559 : asyncio : Exception in callback SerialTransport._poll_read()
handle: <TimerHandle when=865992.7505 SerialTransport._poll_read()>
Traceback (most recent call last):
  File "c:\python34\lib\asyncio\events.py", line 125, in _run
    self._callback(*self._args)
  File "c:\python34\lib\site-packages\serial_asyncio\__init__.py", line 275, in _poll_read
    if self.serial.in_waiting:
  File "c:\python34\lib\site-packages\serial\serialwin32.py", line 257, in in_waiting
    raise SerialException("ClearCommError failed ({!r})".format(ctypes.WinError()))
serial.serialutil.SerialException: ClearCommError failed (PermissionError(13, 'Le périphérique ne reconnaît pas la commande.', None, 22))
2018-04-02 11:58:58,561 : root : ClearCommError failed (PermissionError(13, 'Le périphérique ne reconnaît pas la commande.', None, 22))
Traceback (most recent call last):
  File "c:\python34\lib\site-packages\mpf\commands\game.py", line 181, in __init__
    MachineController(mpf_path, machine_path, vars(args)).run()
  File "c:\python34\lib\site-packages\mpf\core\machine.py", line 694, in run
    self._run_loop()
  File "c:\python34\lib\site-packages\mpf\core\machine.py", line 735, in _run_loop
    raise self._exception['exception']
  File "c:\python34\lib\asyncio\events.py", line 125, in _run
    self._callback(*self._args)
  File "c:\python34\lib\site-packages\serial_asyncio\__init__.py", line 275, in _poll_read
    if self.serial.in_waiting:
  File "c:\python34\lib\site-packages\serial\serialwin32.py", line 257, in in_waiting
    raise SerialException("ClearCommError failed ({!r})".format(ctypes.WinError()))
serial.serialutil.SerialException: ClearCommError failed (PermissionError(13, 'Le périphérique ne reconnaît pas la commande.', None, 22))
