2018-04-02 13:10:50,393 : Machine : Mission Pinball Framework Core Engine v0.33.49
2018-04-02 13:10:50,393 : Machine : Command line arguments: {'force_platform': None, 'syslog_address': None, 'mpfconfigfile': 'c:\\python34\\lib\\site-packages\\mpf\\mpfconfig.yaml', 'logfile': 'logs\\2018-04-02-13-10-50-mpf-DESKTOP-U1P21TS.log', 'force_assets_load': False, 'loglevel': 11, 'configfile': ['config'], 'create_config_cache': True, 'no_load_cache': False, 'bcp': True, 'consoleloglevel': 20, 'pause': False, 'mc_file_name': None}
2018-04-02 13:10:50,393 : Machine : MPF path: c:\python34\lib\site-packages\mpf
2018-04-02 13:10:50,393 : Machine : Machine path: D:\Dev\mpf\scottp
2018-04-02 13:10:50,393 : Machine : Platform: win32
2018-04-02 13:10:50,393 : Machine : Python executable location: c:\python34\python.exe
2018-04-02 13:10:50,393 : Machine : Python version: 3.4.4 (64-bit)
2018-04-02 13:10:50,591 : Machine : Loading config from original files
2018-04-02 13:10:50,649 : Machine : Machine config file #1: D:\Dev\mpf\scottp\config\config
2018-04-02 13:10:50,663 : Machine : Config file cache created: C:\Users\maddo\AppData\Local\Temp\f2725e9fdb5e5699b9561cedbbf1540fconfig
2018-04-02 13:10:50,675 : SmartMatrix : Connecting to SmartMatrix RGB DMD on COM6 baud 2500000
2018-04-02 13:10:50,700 : SwitchController : Loading the SwitchController
2018-04-02 13:10:50,754 : EventManager : Event: ======'machine_var_mpf_version'====== Args={'value': 'MPF v0.33.49', 'change': False, 'prev_value': 'MPF v0.33.49'}
2018-04-02 13:10:50,754 : EventManager : Event: ======'machine_var_mpf_extended_version'====== Args={'value': 'MPF v0.33.49, Config version:4, Show version: 4, BCP version:1.1', 'change': False, 'prev_value': 'MPF v0.33.49, Config version:4, Show version: 4, BCP version:1.1'}
2018-04-02 13:10:50,754 : EventManager : Event: ======'machine_var_python_version'====== Args={'value': '3.4.4', 'change': False, 'prev_value': '3.4.4'}
2018-04-02 13:10:50,754 : EventManager : Event: ======'machine_var_platform'====== Args={'value': 'Windows-10-10.0.16299', 'change': False, 'prev_value': 'Windows-10-10.0.16299'}
2018-04-02 13:10:50,754 : EventManager : Event: ======'machine_var_platform_system'====== Args={'value': 'Windows', 'change': False, 'prev_value': 'Windows'}
2018-04-02 13:10:50,754 : EventManager : Event: ======'machine_var_platform_release'====== Args={'value': '10', 'change': False, 'prev_value': '10'}
2018-04-02 13:10:50,755 : EventManager : Event: ======'machine_var_platform_version'====== Args={'value': '10.0.16299', 'change': False, 'prev_value': '10.0.16299'}
2018-04-02 13:10:50,755 : EventManager : Event: ======'machine_var_platform_machine'====== Args={'value': 'AMD64', 'change': False, 'prev_value': 'AMD64'}
2018-04-02 13:10:50,755 : EventManager : Event: ======'init_phase_1'====== Args={}
2018-04-02 13:10:50,779 : EventManager : Event: ======'init_phase_2'====== Args={}
2018-04-02 13:10:50,792 : BCPClientSocket.local_display : Connecting BCP to 'local_display' at localhost:5050...
2018-04-02 13:10:52,297 : BCPClientSocket.local_display : Connected BCP to 'local_display' localhost:5050
2018-04-02 13:10:52,300 : EventManager : Event: ======'init_phase_3'====== Args={}
2018-04-02 13:10:52,302 : EventManager : Event: ======'init_phase_4'====== Args={}
2018-04-02 13:10:52,303 : EventManager : Event: ======'machine_var_audits_player_score'====== Args={'value': {'top': [], 'total': 0, 'average': 0}, 'change': False, 'prev_value': {'top': [], 'total': 0, 'average': 0}}
2018-04-02 13:10:52,304 : EventManager : Event: ======'init_phase_5'====== Args={}
2018-04-02 13:10:52,304 : EventManager : Event: ======'init_done'====== Args={}
2018-04-02 13:10:52,305 : EventManager : Event: ======'machine_reset_phase_1'====== Args={}
2018-04-02 13:10:52,323 : EventManager : Event: ======'machine_var_master_volume'====== Args={'value': 0.5, 'change': 0.0, 'prev_value': 0.5}
2018-04-02 13:10:52,324 : EventManager : Event: ======'slide_dmd_slide_1_removed'====== Args={'_from_bcp': True}
2018-04-02 13:10:52,325 : EventManager : Event: ======'slide_dmd_slide_1_created'====== Args={'_from_bcp': True}
2018-04-02 13:10:52,329 : EventManager : Event: ======'slide_window_slide_1_removed'====== Args={'_from_bcp': True}
2018-04-02 13:10:52,335 : EventManager : Event: ======'slide_window_slide_1_created'====== Args={'_from_bcp': True}
2018-04-02 13:10:52,339 : EventManager : Event: ======'slide_dmd_slide_1_active'====== Args={'_from_bcp': True}
2018-04-02 13:10:52,339 : EventManager : Event: ======'machine_reset_phase_2'====== Args={}
2018-04-02 13:10:52,339 : EventManager : Event: ======'machine_reset_phase_3'====== Args={}
2018-04-02 13:10:52,340 : EventManager : Event: ======'reset_complete'====== Args={}
2018-04-02 13:10:52,340 : EventManager : Event: ======'mode_attract_will_start'====== Args={}
2018-04-02 13:10:52,340 : EventManager : Event: ======'mode_attract_starting'====== Args={}
2018-04-02 13:10:52,341 : Mode.attract : Started. Priority: 10
2018-04-02 13:10:52,341 : EventManager : Event: ======'mode_attract_started'====== Args={}
2018-04-02 13:10:52,341 : EventManager : Event: ======'collecting_balls_complete'====== Args={}
2018-04-02 13:10:52,342 : EventManager : Event: ======'slide_window_slide_1_active'====== Args={'_from_bcp': True}
2018-04-02 13:10:52,342 : Machine : Starting the main run loop.
2018-04-02 13:11:08,107 : Machine : Shutting down...
2018-04-02 13:11:08,107 : EventManager : Event: ======'shutdown'====== Args={}
2018-04-02 13:11:08,107 : Machine : Shutting down...
2018-04-02 13:11:08,107 : EventManager : Event: ======'shutdown'====== Args={}
2018-04-02 13:11:08,107 : SmartMatrix : Disconnecting from SmartMatrix RGB DMD hardware...
2018-04-02 13:11:08,107 : SmartMatrix : Disconnecting from SmartMatrix RGB DMD hardware...
2018-04-02 13:11:08,107 : asyncio : Exception in callback SerialTransport._poll_read()
handle: <TimerHandle when=870322.3285 SerialTransport._poll_read()>
Traceback (most recent call last):
  File "c:\python34\lib\asyncio\events.py", line 125, in _run
    self._callback(*self._args)
  File "c:\python34\lib\site-packages\serial_asyncio\__init__.py", line 275, in _poll_read
    if self.serial.in_waiting:
  File "c:\python34\lib\site-packages\serial\serialwin32.py", line 257, in in_waiting
    raise SerialException("ClearCommError failed ({!r})".format(ctypes.WinError()))
serial.serialutil.SerialException: ClearCommError failed (OSError(22, 'L’opération d’entrée/sortie a été abandonnée en raison de l’arrêt d’un thread ou à la demande d’une application.', None, 995))
2018-04-02 13:11:08,111 : root : ClearCommError failed (OSError(22, 'L’opération d’entrée/sortie a été abandonnée en raison de l’arrêt d’un thread ou à la demande d’une application.', None, 995))
Traceback (most recent call last):
  File "c:\python34\lib\site-packages\mpf\commands\game.py", line 181, in __init__
    MachineController(mpf_path, machine_path, vars(args)).run()
  File "c:\python34\lib\site-packages\mpf\core\machine.py", line 694, in run
    self._run_loop()
  File "c:\python34\lib\site-packages\mpf\core\machine.py", line 735, in _run_loop
    raise self._exception['exception']
  File "c:\python34\lib\asyncio\events.py", line 125, in _run
    self._callback(*self._args)
  File "c:\python34\lib\site-packages\serial_asyncio\__init__.py", line 275, in _poll_read
    if self.serial.in_waiting:
  File "c:\python34\lib\site-packages\serial\serialwin32.py", line 257, in in_waiting
    raise SerialException("ClearCommError failed ({!r})".format(ctypes.WinError()))
serial.serialutil.SerialException: ClearCommError failed (OSError(22, 'L’opération d’entrée/sortie a été abandonnée en raison de l’arrêt d’un thread ou à la demande d’une application.', None, 995))
