2018-04-02 14:52:03,991 : Machine : Mission Pinball Framework Core Engine v0.33.49
2018-04-02 14:52:03,991 : Machine : Command line arguments: {'bcp': True, 'no_load_cache': False, 'syslog_address': None, 'create_config_cache': True, 'force_platform': None, 'logfile': 'logs\\2018-04-02-14-52-03-mpf-DESKTOP-U1P21TS.log', 'mc_file_name': None, 'pause': False, 'consoleloglevel': 20, 'mpfconfigfile': 'c:\\python34\\lib\\site-packages\\mpf\\mpfconfig.yaml', 'loglevel': 11, 'configfile': ['config'], 'force_assets_load': False}
2018-04-02 14:52:03,991 : Machine : MPF path: c:\python34\lib\site-packages\mpf
2018-04-02 14:52:03,991 : Machine : Machine path: D:\Dev\mpf\scottp
2018-04-02 14:52:03,991 : Machine : Platform: win32
2018-04-02 14:52:03,991 : Machine : Python executable location: c:\python34\python.exe
2018-04-02 14:52:03,991 : Machine : Python version: 3.4.4 (64-bit)
2018-04-02 14:52:04,163 : Machine : Loading config from original files
2018-04-02 14:52:04,212 : Machine : Machine config file #1: D:\Dev\mpf\scottp\config\config
2018-04-02 14:52:04,234 : Machine : Config file cache created: C:\Users\maddo\AppData\Local\Temp\f2725e9fdb5e5699b9561cedbbf1540fconfig
2018-04-02 14:52:04,247 : SmartMatrix : Connecting to SmartMatrix RGB DMD on COM6 baud 2500000
2018-04-02 14:52:04,270 : SwitchController : Loading the SwitchController
2018-04-02 14:52:04,313 : EventManager : Event: ======'machine_var_mpf_version'====== Args={'prev_value': 'MPF v0.33.49', 'change': False, 'value': 'MPF v0.33.49'}
2018-04-02 14:52:04,313 : EventManager : Event: ======'machine_var_mpf_extended_version'====== Args={'prev_value': 'MPF v0.33.49, Config version:4, Show version: 4, BCP version:1.1', 'change': False, 'value': 'MPF v0.33.49, Config version:4, Show version: 4, BCP version:1.1'}
2018-04-02 14:52:04,313 : EventManager : Event: ======'machine_var_python_version'====== Args={'prev_value': '3.4.4', 'change': False, 'value': '3.4.4'}
2018-04-02 14:52:04,314 : EventManager : Event: ======'machine_var_platform'====== Args={'prev_value': 'Windows-10-10.0.16299', 'change': False, 'value': 'Windows-10-10.0.16299'}
2018-04-02 14:52:04,314 : EventManager : Event: ======'machine_var_platform_system'====== Args={'prev_value': 'Windows', 'change': False, 'value': 'Windows'}
2018-04-02 14:52:04,314 : EventManager : Event: ======'machine_var_platform_release'====== Args={'prev_value': '10', 'change': False, 'value': '10'}
2018-04-02 14:52:04,314 : EventManager : Event: ======'machine_var_platform_version'====== Args={'prev_value': '10.0.16299', 'change': False, 'value': '10.0.16299'}
2018-04-02 14:52:04,314 : EventManager : Event: ======'machine_var_platform_machine'====== Args={'prev_value': 'AMD64', 'change': False, 'value': 'AMD64'}
2018-04-02 14:52:04,314 : EventManager : Event: ======'init_phase_1'====== Args={}
2018-04-02 14:52:04,358 : ball_device.bd_trough : Platform Driver: None
2018-04-02 14:52:04,359 : ball_device.bd_trough : Configuring device with settings: '{'entrance_events': {}, 'eject_timeouts': [], 'eject_coil': <coil.c_trough_eject>, 'ball_missing_target': <playfield.playfield>, 'confirm_eject_type': 'target', 'captures_from': <playfield.playfield>, 'eject_targets': [<ball_device.bd_plunger>], 'exit_count_delay': 500, 'request_ball_events': [], 'eject_events': {}, 'hold_events': {}, 'entrance_switch': None, 'debug': True, 'ball_missing_timeouts': [], 'hold_coil': None, 'jam_switch': <switch.s_trough_jam>, 'auto_fire_on_unexpected_ball': True, 'player_controlled_eject_event': None, 'eject_coil_retry_pulse': None, 'entrance_count_delay': 300, 'entrance_switch_full_timeout': 0, 'file_log': 'full', 'ball_search_order': 200, 'hold_switches': [], 'target_on_unexpected_ball': None, 'ball_capacity': None, 'label': '%', 'confirm_eject_event': None, 'retries_before_increasing_pulse': 4, 'confirm_eject_switch': None, 'ball_switches': [<switch.s_trough1>, <switch.s_trough2>, <switch.s_trough3>, <switch.s_trough4>, <switch.s_trough5>, <switch.s_trough_jam>], 'max_eject_attempts': 0, 'eject_all_events': {}, 'console_log': 'full', 'mechanical_eject': False, 'tags': ['trough', 'home', 'drain'], 'hold_coil_release_time': 1000, 'eject_coil_jam_pulse': None}'
2018-04-02 14:52:04,359 : ball_device.bd_plunger : Platform Driver: None
2018-04-02 14:52:04,359 : ball_device.bd_plunger : Configuring device with settings: '{'entrance_events': {}, 'eject_timeouts': [3000], 'eject_coil': <coil.c_plunger_eject>, 'ball_missing_target': <playfield.playfield>, 'confirm_eject_type': 'target', 'captures_from': <playfield.playfield>, 'eject_targets': [<playfield.playfield>], 'exit_count_delay': 500, 'request_ball_events': [], 'eject_events': {}, 'hold_events': {}, 'entrance_switch': None, 'debug': True, 'ball_missing_timeouts': [], 'hold_coil': None, 'jam_switch': None, 'auto_fire_on_unexpected_ball': True, 'player_controlled_eject_event': 'sw_launch', 'eject_coil_retry_pulse': None, 'entrance_count_delay': 300, 'entrance_switch_full_timeout': 0, 'file_log': 'full', 'ball_search_order': 200, 'hold_switches': [], 'target_on_unexpected_ball': None, 'ball_capacity': None, 'label': '%', 'confirm_eject_event': None, 'retries_before_increasing_pulse': 4, 'confirm_eject_switch': None, 'ball_switches': [<switch.s_plunger_lane>], 'max_eject_attempts': 0, 'eject_all_events': {}, 'console_log': 'full', 'mechanical_eject': False, 'tags': ['ball_add_live'], 'hold_coil_release_time': 1000, 'eject_coil_jam_pulse': None}'
2018-04-02 14:52:04,360 : ball_device.bd_plunger : EVENT: bd_trough to bd_plunger
2018-04-02 14:52:04,361 : SwitchController : Registering switch handler: s_left_flipper, <bound method ComboSwitch._switch_1_went_active of <combo_switch.both_flippers>>, state: 1, ms: 0, info: False, cb_kwargs: {}
2018-04-02 14:52:04,361 : SwitchController : Registering switch handler: s_left_flipper, <bound method ComboSwitch._switch_1_went_inactive of <combo_switch.both_flippers>>, state: 0, ms: 0, info: False, cb_kwargs: {}
2018-04-02 14:52:04,361 : SwitchController : Registering switch handler: s_right_flipper, <bound method ComboSwitch._switch_2_went_active of <combo_switch.both_flippers>>, state: 1, ms: 0, info: False, cb_kwargs: {}
2018-04-02 14:52:04,361 : SwitchController : Registering switch handler: s_right_flipper, <bound method ComboSwitch._switch_2_went_inactive of <combo_switch.both_flippers>>, state: 0, ms: 0, info: False, cb_kwargs: {}
2018-04-02 14:52:04,361 : SwitchController : Registering switch handler: s_left_flipper, <bound method TimedSwitch._activate of <timed_switch.flipper_cradle>>, state: 1, ms: 3000, info: True, cb_kwargs: {}
2018-04-02 14:52:04,361 : SwitchController : Registering switch handler: s_left_flipper, <bound method TimedSwitch._deactivate of <timed_switch.flipper_cradle>>, state: 0, ms: 0, info: True, cb_kwargs: {}
2018-04-02 14:52:04,361 : SwitchController : Registering switch handler: s_right_flipper, <bound method TimedSwitch._activate of <timed_switch.flipper_cradle>>, state: 1, ms: 3000, info: True, cb_kwargs: {}
2018-04-02 14:52:04,361 : SwitchController : Registering switch handler: s_right_flipper, <bound method TimedSwitch._deactivate of <timed_switch.flipper_cradle>>, state: 0, ms: 0, info: True, cb_kwargs: {}
2018-04-02 14:52:04,362 : EventManager : Event: ======'init_phase_2'====== Args={}
2018-04-02 14:52:04,374 : BCPClientSocket.local_display : Connecting BCP to 'local_display' at localhost:5050...
2018-04-02 14:52:05,884 : BCPClientSocket.local_display : Connected BCP to 'local_display' localhost:5050
2018-04-02 14:52:05,885 : SwitchController : Registering switch handler: s_trough1, <bound method SwitchCounter._switch_changed of <mpf.devices.ball_device.switch_counter.SwitchCounter object at 0x0000000006D8AEB8>>, state: 1, ms: 300, info: False, cb_kwargs: {}
2018-04-02 14:52:05,886 : SwitchController : Registering switch handler: s_trough2, <bound method SwitchCounter._switch_changed of <mpf.devices.ball_device.switch_counter.SwitchCounter object at 0x0000000006D8AEB8>>, state: 1, ms: 300, info: False, cb_kwargs: {}
2018-04-02 14:52:05,886 : SwitchController : Registering switch handler: s_trough3, <bound method SwitchCounter._switch_changed of <mpf.devices.ball_device.switch_counter.SwitchCounter object at 0x0000000006D8AEB8>>, state: 1, ms: 300, info: False, cb_kwargs: {}
2018-04-02 14:52:05,886 : SwitchController : Registering switch handler: s_trough4, <bound method SwitchCounter._switch_changed of <mpf.devices.ball_device.switch_counter.SwitchCounter object at 0x0000000006D8AEB8>>, state: 1, ms: 300, info: False, cb_kwargs: {}
2018-04-02 14:52:05,886 : SwitchController : Registering switch handler: s_trough5, <bound method SwitchCounter._switch_changed of <mpf.devices.ball_device.switch_counter.SwitchCounter object at 0x0000000006D8AEB8>>, state: 1, ms: 300, info: False, cb_kwargs: {}
2018-04-02 14:52:05,886 : SwitchController : Registering switch handler: s_trough_jam, <bound method SwitchCounter._switch_changed of <mpf.devices.ball_device.switch_counter.SwitchCounter object at 0x0000000006D8AEB8>>, state: 1, ms: 300, info: False, cb_kwargs: {}
2018-04-02 14:52:05,886 : SwitchController : Registering switch handler: s_trough1, <bound method SwitchCounter._switch_changed of <mpf.devices.ball_device.switch_counter.SwitchCounter object at 0x0000000006D8AEB8>>, state: 0, ms: 500, info: False, cb_kwargs: {}
2018-04-02 14:52:05,886 : SwitchController : Registering switch handler: s_trough2, <bound method SwitchCounter._switch_changed of <mpf.devices.ball_device.switch_counter.SwitchCounter object at 0x0000000006D8AEB8>>, state: 0, ms: 500, info: False, cb_kwargs: {}
2018-04-02 14:52:05,887 : SwitchController : Registering switch handler: s_trough3, <bound method SwitchCounter._switch_changed of <mpf.devices.ball_device.switch_counter.SwitchCounter object at 0x0000000006D8AEB8>>, state: 0, ms: 500, info: False, cb_kwargs: {}
2018-04-02 14:52:05,887 : SwitchController : Registering switch handler: s_trough4, <bound method SwitchCounter._switch_changed of <mpf.devices.ball_device.switch_counter.SwitchCounter object at 0x0000000006D8AEB8>>, state: 0, ms: 500, info: False, cb_kwargs: {}
2018-04-02 14:52:05,887 : SwitchController : Registering switch handler: s_trough5, <bound method SwitchCounter._switch_changed of <mpf.devices.ball_device.switch_counter.SwitchCounter object at 0x0000000006D8AEB8>>, state: 0, ms: 500, info: False, cb_kwargs: {}
2018-04-02 14:52:05,887 : SwitchController : Registering switch handler: s_trough_jam, <bound method SwitchCounter._switch_changed of <mpf.devices.ball_device.switch_counter.SwitchCounter object at 0x0000000006D8AEB8>>, state: 0, ms: 500, info: False, cb_kwargs: {}
2018-04-02 14:52:05,888 : ball_device.bd_trough : Counted 5 balls. Active switches: ['s_trough1', 's_trough2', 's_trough3', 's_trough4', 's_trough5']
2018-04-02 14:52:05,889 : ball_device.bd_trough : Waiting for eject request.
2018-04-02 14:52:05,890 : SwitchController : Registering switch handler: s_plunger_lane, <bound method SwitchCounter._switch_changed of <mpf.devices.ball_device.switch_counter.SwitchCounter object at 0x0000000007250390>>, state: 1, ms: 300, info: False, cb_kwargs: {}
2018-04-02 14:52:05,890 : SwitchController : Registering switch handler: s_plunger_lane, <bound method SwitchCounter._switch_changed of <mpf.devices.ball_device.switch_counter.SwitchCounter object at 0x0000000007250390>>, state: 0, ms: 500, info: False, cb_kwargs: {}
2018-04-02 14:52:05,891 : ball_device.bd_plunger : Counted 0 balls. Active switches: []
2018-04-02 14:52:05,892 : ball_device.bd_plunger : Waiting for eject request.
2018-04-02 14:52:05,904 : EventManager : Event: ======'init_phase_3'====== Args={}
2018-04-02 14:52:05,907 : EventManager : Event: ======'machine_var_master_volume'====== Args={'prev_value': 0.5, 'change': 0.0, 'value': 0.5}
2018-04-02 14:52:05,907 : EventManager : Event: ======'init_phase_4'====== Args={}
2018-04-02 14:52:05,908 : ball_device.bd_plunger : Counted 0 balls. Active switches: []
2018-04-02 14:52:05,908 : ball_device.bd_trough : Counted 5 balls. Active switches: ['s_trough1', 's_trough2', 's_trough3', 's_trough4', 's_trough5']
2018-04-02 14:52:05,909 : EventManager : Event: ======'machine_var_audits_events_game_started'====== Args={'prev_value': 1, 'change': 0, 'value': 1}
2018-04-02 14:52:05,909 : EventManager : Event: ======'machine_var_audits_events_game_ended'====== Args={'prev_value': 0, 'change': 0, 'value': 0}
2018-04-02 14:52:05,910 : EventManager : Event: ======'machine_var_audits_switches_s_trough4'====== Args={'prev_value': 0, 'change': 0, 'value': 0}
2018-04-02 14:52:05,910 : EventManager : Event: ======'machine_var_audits_switches_s_left_flipper'====== Args={'prev_value': 0, 'change': 0, 'value': 0}
2018-04-02 14:52:05,910 : EventManager : Event: ======'machine_var_audits_switches_s_right_flipper'====== Args={'prev_value': 0, 'change': 0, 'value': 0}
2018-04-02 14:52:05,910 : EventManager : Event: ======'machine_var_audits_switches_s_trough5'====== Args={'prev_value': 0, 'change': 0, 'value': 0}
2018-04-02 14:52:05,910 : EventManager : Event: ======'machine_var_audits_switches_s_trough3'====== Args={'prev_value': 0, 'change': 0, 'value': 0}
2018-04-02 14:52:05,910 : EventManager : Event: ======'machine_var_audits_switches_s_trough_jam'====== Args={'prev_value': 0, 'change': 0, 'value': 0}
2018-04-02 14:52:05,911 : EventManager : Event: ======'machine_var_audits_switches_s_trough1'====== Args={'prev_value': 0, 'change': 0, 'value': 0}
2018-04-02 14:52:05,911 : EventManager : Event: ======'machine_var_audits_switches_s_start'====== Args={'prev_value': 0, 'change': 0, 'value': 0}
2018-04-02 14:52:05,911 : EventManager : Event: ======'machine_var_audits_switches_s_plunger_lane'====== Args={'prev_value': 1, 'change': 0, 'value': 1}
2018-04-02 14:52:05,911 : EventManager : Event: ======'machine_var_audits_switches_s_right_inlane'====== Args={'prev_value': 0, 'change': 0, 'value': 0}
2018-04-02 14:52:05,911 : EventManager : Event: ======'machine_var_audits_switches_s_launch'====== Args={'prev_value': 0, 'change': 0, 'value': 0}
2018-04-02 14:52:05,912 : EventManager : Event: ======'machine_var_audits_switches_s_trough2'====== Args={'prev_value': 0, 'change': 0, 'value': 0}
2018-04-02 14:52:05,912 : EventManager : Event: ======'machine_var_audits_player_score'====== Args={'prev_value': {'average': 0, 'total': 0, 'top': []}, 'change': False, 'value': {'average': 0, 'total': 0, 'top': []}}
2018-04-02 14:52:05,912 : EventManager : Event: ======'init_phase_5'====== Args={}
2018-04-02 14:52:05,913 : EventManager : Event: ======'init_done'====== Args={}
2018-04-02 14:52:05,913 : EventManager : Event: ======'machine_reset_phase_1'====== Args={}
2018-04-02 14:52:05,930 : EventManager : Event: ======'slide_dmd_slide_1_removed'====== Args={'_from_bcp': True}
2018-04-02 14:52:05,932 : EventManager : Event: ======'slide_dmd_slide_1_created'====== Args={'_from_bcp': True}
2018-04-02 14:52:05,936 : EventManager : Event: ======'slide_window_slide_1_removed'====== Args={'_from_bcp': True}
2018-04-02 14:52:05,942 : EventManager : Event: ======'slide_window_slide_1_created'====== Args={'_from_bcp': True}
2018-04-02 14:52:05,945 : EventManager : Event: ======'machine_reset_phase_2'====== Args={}
2018-04-02 14:52:05,946 : EventManager : Event: ======'machine_reset_phase_3'====== Args={}
2018-04-02 14:52:05,946 : SwitchController : Found active switch: s_trough5
2018-04-02 14:52:05,946 : SwitchController : Found active switch: s_trough3
2018-04-02 14:52:05,946 : SwitchController : Found active switch: s_trough1
2018-04-02 14:52:05,946 : SwitchController : Found active switch: s_trough4
2018-04-02 14:52:05,946 : SwitchController : Found active switch: s_trough2
2018-04-02 14:52:05,947 : EventManager : Event: ======'reset_complete'====== Args={}
2018-04-02 14:52:05,947 : EventManager : Event: ======'mode_attract_will_start'====== Args={}
2018-04-02 14:52:05,947 : EventManager : Event: ======'mode_attract_starting'====== Args={}
2018-04-02 14:52:05,947 : Mode.attract : Started. Priority: 10
2018-04-02 14:52:05,948 : EventManager : Event: ======'mode_attract_started'====== Args={}
2018-04-02 14:52:05,948 : SwitchController : Registering switch handler: s_start, <bound method Attract.start_button_pressed of <Mode.attract>>, state: 1, ms: 0, info: False, cb_kwargs: {}
2018-04-02 14:52:05,948 : SwitchController : Registering switch handler: s_start, <bound method Attract.start_button_released of <Mode.attract>>, state: 0, ms: 0, info: False, cb_kwargs: {}
2018-04-02 14:52:05,948 : EventManager : Event: ======'collecting_balls_complete'====== Args={}
2018-04-02 14:52:05,949 : EventManager : Event: ======'slide_dmd_slide_1_active'====== Args={'_from_bcp': True}
2018-04-02 14:52:05,949 : Machine : Starting the main run loop.
2018-04-02 14:52:05,949 : EventManager : Event: ======'slide_window_slide_1_active'====== Args={'_from_bcp': True}
2018-04-02 14:52:05,957 : EventManager : Event: ======'slide_attract_started_created'====== Args={'_from_bcp': True}
2018-04-02 14:52:05,958 : EventManager : Event: ======'slide_attract_started_active'====== Args={'_from_bcp': True}
2018-04-02 14:52:26,890 : Machine : Shutting down...
2018-04-02 14:52:26,890 : EventManager : Event: ======'shutdown'====== Args={}
2018-04-02 14:52:26,891 : Machine : Shutting down...
2018-04-02 14:52:26,891 : EventManager : Event: ======'shutdown'====== Args={}
2018-04-02 14:52:26,891 : ball_device.bd_trough : Stopping ball device
2018-04-02 14:52:26,891 : ball_device.bd_plunger : Stopping ball device
2018-04-02 14:52:26,891 : SmartMatrix : Disconnecting from SmartMatrix RGB DMD hardware...
2018-04-02 14:52:26,892 : ball_device.bd_trough : Stopping ball device
2018-04-02 14:52:26,892 : ball_device.bd_plunger : Stopping ball device
2018-04-02 14:52:26,892 : SmartMatrix : Disconnecting from SmartMatrix RGB DMD hardware...
2018-04-02 14:52:26,905 : asyncio : Task was destroyed but it is pending!
task: <Task pending coro=<get() running at c:\python34\lib\asyncio\queues.py:168> wait_for=<Future cancelled> cb=[_wait.<locals>._on_completion() at c:\python34\lib\asyncio\tasks.py:408]>
2018-04-02 14:52:26,905 : asyncio : Task was destroyed but it is pending!
task: <Task pending coro=<wait() running at c:\python34\lib\asyncio\locks.py:264> wait_for=<Future cancelled> cb=[_wait.<locals>._on_completion() at c:\python34\lib\asyncio\tasks.py:408]>
2018-04-02 14:52:26,905 : asyncio : Task was destroyed but it is pending!
task: <Task pending coro=<get() running at c:\python34\lib\asyncio\queues.py:168> wait_for=<Future cancelled> cb=[_wait.<locals>._on_completion() at c:\python34\lib\asyncio\tasks.py:408]>
2018-04-02 14:52:26,905 : asyncio : Task was destroyed but it is pending!
task: <Task pending coro=<wait() running at c:\python34\lib\asyncio\locks.py:264> wait_for=<Future cancelled> cb=[_wait.<locals>._on_completion() at c:\python34\lib\asyncio\tasks.py:408]>
2018-04-02 14:52:26,906 : root : MPF run loop ended.
