2018-04-02 11:59:08,406 : kivy : Factory: 194 symbols loaded
2018-04-02 11:59:08,484 : kivy : Image: Providers: img_tex, img_dds, img_sdl2, img_gif (img_pil, img_ffpyplayer ignored)
2018-04-02 11:59:08,514 : kivy : VideoGstplayer: Using Gstreamer 1.10.2.0
2018-04-02 11:59:08,514 : kivy : Video: Provider: gstplayer
2018-04-02 11:59:08,540 : kivy : Loading MPF-MC controller
2018-04-02 11:59:08,540 : mpfmc : Mission Pinball Framework Media Controller v0.33.16
2018-04-02 11:59:08,540 : mpfmc : Mission Pinball Framework Game Engine v0.33.49
2018-04-02 11:59:08,541 : mpfmc : Machine path: D:\Dev\mpf\scottp
2018-04-02 11:59:08,541 : mpfmc : Starting clock at 30.0Hz
2018-04-02 11:59:08,552 : kivy : Text: Provider: sdl2
2018-04-02 11:59:08,750 : kivy : OSC: using <thread> for socket
2018-04-02 11:59:08,753 : kivy : Window: Provider: sdl2
2018-04-02 11:59:08,959 : kivy : GL: Using the "OpenGL" graphics system
2018-04-02 11:59:08,960 : kivy : GL: GLEW initialization succeeded
2018-04-02 11:59:08,960 : kivy : GL: Backend used <glew>
2018-04-02 11:59:08,961 : kivy : GL: OpenGL version <b'4.5.13497 Compatibility Profile Context 23.20.793.0'>
2018-04-02 11:59:08,961 : kivy : GL: OpenGL vendor <b'ATI Technologies Inc.'>
2018-04-02 11:59:08,961 : kivy : GL: OpenGL renderer <b'Radeon (TM) RX 480 Graphics'>
2018-04-02 11:59:08,961 : kivy : GL: OpenGL parsed version: 4, 5
2018-04-02 11:59:08,961 : kivy : GL: Shading version <b'4.50'>
2018-04-02 11:59:08,962 : kivy : GL: Texture max size <16384>
2018-04-02 11:59:08,962 : kivy : GL: Texture max units <32>
2018-04-02 11:59:08,971 : kivy : Window: auto add sdl2 input provider
2018-04-02 11:59:08,971 : kivy : Window: virtual keyboard not allowed, single mode, not docked
2018-04-02 11:59:08,973 : SoundSystem : SoundSystem: Using default 'sound_system' settings
2018-04-02 11:59:09,497 : AudioInterface : Initialized
2018-04-02 11:59:09,498 : SoundSystem : No audio tracks are specified in your machine config file. a track named 'default' has been created.
2018-04-02 11:59:09,500 : kivy : Base: Start application main loop
2018-04-02 11:59:09,596 : MPF-MC BCP Server : Starting up on localhost port 5050
2018-04-02 11:59:09,600 : MPF-MC BCP Server : Waiting for a connection...
2018-04-02 11:59:09,602 : kivy : GL: NPOT texture support is available
2018-04-02 11:59:09,959 : MPF-MC BCP Server : Received connection from: 127.0.0.1:62904
2018-04-02 11:59:09,975 : mpfmc : Initializing Physical DMD
2018-04-02 11:59:09,982 : mpfmc : Setting Physical DMD to 30.0fps
2018-04-02 11:59:24,267 : kivy : Base: Leaving application in progress...
2018-04-02 11:59:24,267 : mpfmc : Stopping...
2018-04-02 11:59:24,268 : mpfmc : Loop rate 39.75 Hz
2018-04-02 11:59:24,269 : kivy : MC run loop ended.
2018-04-02 11:59:24,269 : kivy : Stopping child threads... (3 remaining)
2018-04-02 11:59:24,923 : MPF-MC BCP Server : Stopping BCP sending thread
2018-04-02 11:59:25,011 : mpfmc : Stopping...
2018-04-02 11:59:25,094 : mpfmc : Loop rate 37.64 Hz
2018-04-02 11:59:25,172 : kivy : All child threads stopped.
