2018-04-02 11:28:03,701 : kivy : Factory: 194 symbols loaded
2018-04-02 11:28:03,780 : kivy : Image: Providers: img_tex, img_dds, img_sdl2, img_gif (img_pil, img_ffpyplayer ignored)
2018-04-02 11:28:03,808 : kivy : VideoGstplayer: Using Gstreamer 1.10.2.0
2018-04-02 11:28:03,808 : kivy : Video: Provider: gstplayer
2018-04-02 11:28:03,834 : kivy : Loading MPF-MC controller
2018-04-02 11:28:03,834 : mpfmc : Mission Pinball Framework Media Controller v0.33.16
2018-04-02 11:28:03,834 : mpfmc : Mission Pinball Framework Game Engine v0.33.49
2018-04-02 11:28:03,834 : mpfmc : Machine path: D:\Dev\mpf\scottp
2018-04-02 11:28:03,835 : mpfmc : Starting clock at 30.0Hz
2018-04-02 11:28:03,842 : kivy : Text: Provider: sdl2
2018-04-02 11:28:04,037 : kivy : OSC: using <thread> for socket
2018-04-02 11:28:04,040 : kivy : Window: Provider: sdl2
2018-04-02 11:28:04,243 : kivy : GL: Using the "OpenGL" graphics system
2018-04-02 11:28:04,244 : kivy : GL: GLEW initialization succeeded
2018-04-02 11:28:04,244 : kivy : GL: Backend used <glew>
2018-04-02 11:28:04,245 : kivy : GL: OpenGL version <b'4.5.13497 Compatibility Profile Context 23.20.793.0'>
2018-04-02 11:28:04,245 : kivy : GL: OpenGL vendor <b'ATI Technologies Inc.'>
2018-04-02 11:28:04,245 : kivy : GL: OpenGL renderer <b'Radeon (TM) RX 480 Graphics'>
2018-04-02 11:28:04,245 : kivy : GL: OpenGL parsed version: 4, 5
2018-04-02 11:28:04,245 : kivy : GL: Shading version <b'4.50'>
2018-04-02 11:28:04,246 : kivy : GL: Texture max size <16384>
2018-04-02 11:28:04,246 : kivy : GL: Texture max units <32>
2018-04-02 11:28:04,255 : kivy : Window: auto add sdl2 input provider
2018-04-02 11:28:04,255 : kivy : Window: virtual keyboard not allowed, single mode, not docked
2018-04-02 11:28:04,258 : SoundSystem : SoundSystem: Using default 'sound_system' settings
2018-04-02 11:28:04,815 : AudioInterface : Initialized
2018-04-02 11:28:04,816 : SoundSystem : No audio tracks are specified in your machine config file. a track named 'default' has been created.
2018-04-02 11:28:04,818 : kivy : Base: Start application main loop
2018-04-02 11:28:04,914 : MPF-MC BCP Server : Starting up on localhost port 5050
2018-04-02 11:28:04,918 : MPF-MC BCP Server : Waiting for a connection...
2018-04-02 11:28:04,920 : kivy : GL: NPOT texture support is available
2018-04-02 11:28:05,261 : MPF-MC BCP Server : Received connection from: 127.0.0.1:61319
2018-04-02 11:28:05,269 : mpfmc : Initializing Physical DMD
2018-04-02 11:28:05,276 : mpfmc : Setting Physical DMD to 30.0fps
2018-04-02 11:28:24,809 : kivy : Base: Leaving application in progress...
2018-04-02 11:28:24,809 : mpfmc : Stopping...
2018-04-02 11:28:24,810 : mpfmc : Loop rate 39.92 Hz
2018-04-02 11:28:24,811 : kivy : MC run loop ended.
2018-04-02 11:28:24,811 : kivy : Stopping child threads... (3 remaining)
2018-04-02 11:28:25,346 : mpfmc : Stopping...
2018-04-02 11:28:25,347 : mpfmc : Loop rate 38.87 Hz
2018-04-02 11:28:25,395 : MPF-MC BCP Server : Stopping BCP sending thread
2018-04-02 11:28:25,413 : kivy : All child threads stopped.
