2018-04-02 14:56:14,085 : Machine : Mission Pinball Framework Core Engine v0.33.49
2018-04-02 14:56:14,085 : Machine : Command line arguments: {'force_assets_load': False, 'loglevel': 10, 'syslog_address': None, 'mpfconfigfile': 'c:\\python34\\lib\\site-packages\\mpf\\mpfconfig.yaml', 'configfile': ['config'], 'create_config_cache': True, 'logfile': 'logs\\2018-04-02-14-56-14-mpf-DESKTOP-U1P21TS.log', 'mc_file_name': None, 'bcp': True, 'no_load_cache': False, 'force_platform': None, 'consoleloglevel': 20, 'pause': False}
2018-04-02 14:56:14,086 : Machine : MPF path: c:\python34\lib\site-packages\mpf
2018-04-02 14:56:14,086 : Machine : Machine path: D:\Dev\mpf\scottp
2018-04-02 14:56:14,086 : Machine : Platform: win32
2018-04-02 14:56:14,086 : Machine : Python executable location: c:\python34\python.exe
2018-04-02 14:56:14,086 : Machine : Python version: 3.4.4 (64-bit)
2018-04-02 14:56:14,262 : Machine : Loading config from original files
2018-04-02 14:56:14,262 : YAML File Interface : Loading file: c:\python34\lib\site-packages\mpf\mpfconfig.yaml
2018-04-02 14:56:14,314 : Machine : Machine config file #1: D:\Dev\mpf\scottp\config\config
2018-04-02 14:56:14,314 : YAML File Interface : Loading file: D:\Dev\mpf\scottp\config\config.yml
2018-04-02 14:56:14,337 : Machine : Config file cache created: C:\Users\maddo\AppData\Local\Temp\f2725e9fdb5e5699b9561cedbbf1540fconfig
2018-04-02 14:56:14,340 : asyncio : Using selector: SelectSelector
2018-04-02 14:56:14,345 : SmartMatrix : Configuring SmartMatrix RGB DMD hardware interface.
2018-04-02 14:56:14,346 : SmartMatrix : Connecting to SmartMatrix RGB DMD on COM6 baud 2500000
2018-04-02 14:56:14,354 : Smart Virtual Platform : Configuring smart_virtual hardware interface.
2018-04-02 14:56:14,371 : ShotProfileManager : Registering Shot Profile: 'default'
2018-04-02 14:56:14,371 : ShotProfileManager : Processed 'default' profile configuration: {'show': None, 'state_names_to_rotate': [], 'rotation_pattern': deque(['right']), 'block': True, 'player_variable': '%_default', 'advance_on_hit': True, 'state_names_to_not_rotate': [], 'show_when_disabled': False, 'loop': False, 'states': [{'show': 'off', 'start_step': 1, 'action': 'play', 'show_tokens': {}, 'speed': 1.0, 'loops': -1, 'name': 'unlit', 'sync_ms': None, 'manual_advance': None, 'priority': 0}, {'show': 'on', 'start_step': 1, 'action': 'play', 'show_tokens': {}, 'speed': 1.0, 'loops': -1, 'name': 'lit', 'sync_ms': None, 'manual_advance': None, 'priority': 0}]}
2018-04-02 14:56:14,373 : SwitchController : Loading the SwitchController
2018-04-02 14:56:14,417 : EventManager : Event: ======'machine_var_mpf_version'====== Args={'value': 'MPF v0.33.49', 'change': False, 'prev_value': 'MPF v0.33.49'}
2018-04-02 14:56:14,417 : EventManager : Event: ======'machine_var_mpf_extended_version'====== Args={'value': 'MPF v0.33.49, Config version:4, Show version: 4, BCP version:1.1', 'change': False, 'prev_value': 'MPF v0.33.49, Config version:4, Show version: 4, BCP version:1.1'}
2018-04-02 14:56:14,417 : EventManager : Event: ======'machine_var_python_version'====== Args={'value': '3.4.4', 'change': False, 'prev_value': '3.4.4'}
2018-04-02 14:56:14,418 : EventManager : Event: ======'machine_var_platform'====== Args={'value': 'Windows-10-10.0.16299', 'change': False, 'prev_value': 'Windows-10-10.0.16299'}
2018-04-02 14:56:14,418 : EventManager : Event: ======'machine_var_platform_system'====== Args={'value': 'Windows', 'change': False, 'prev_value': 'Windows'}
2018-04-02 14:56:14,418 : EventManager : Event: ======'machine_var_platform_release'====== Args={'value': '10', 'change': False, 'prev_value': '10'}
2018-04-02 14:56:14,418 : EventManager : Event: ======'machine_var_platform_version'====== Args={'value': '10.0.16299', 'change': False, 'prev_value': '10.0.16299'}
2018-04-02 14:56:14,418 : EventManager : Event: ======'machine_var_platform_machine'====== Args={'value': 'AMD64', 'change': False, 'prev_value': 'AMD64'}
2018-04-02 14:56:14,418 : EventManager : Event: ======'init_phase_1'====== Args={}
2018-04-02 14:56:14,460 : ball_device.bd_plunger : Platform Driver: None
2018-04-02 14:56:14,460 : ball_device.bd_plunger : Configuring device with settings: '{'eject_targets': [<playfield.playfield>], 'entrance_events': {}, 'entrance_switch_full_timeout': 0, 'ball_missing_target': <playfield.playfield>, 'ball_switches': [<switch.s_plunger_lane>], 'ball_missing_timeouts': [], 'label': '%', 'eject_timeouts': [3000], 'hold_coil_release_time': 1000, 'retries_before_increasing_pulse': 4, 'hold_coil': None, 'eject_coil_retry_pulse': None, 'eject_coil': <coil.c_plunger_eject>, 'ball_search_order': 200, 'confirm_eject_type': 'target', 'hold_events': {}, 'max_eject_attempts': 0, 'entrance_switch': None, 'confirm_eject_switch': None, 'console_log': 'full', 'eject_all_events': {}, 'player_controlled_eject_event': 'sw_launch', 'jam_switch': None, 'eject_coil_jam_pulse': None, 'target_on_unexpected_ball': None, 'confirm_eject_event': None, 'entrance_count_delay': 300, 'hold_switches': [], 'file_log': 'full', 'debug': True, 'ball_capacity': None, 'tags': ['ball_add_live'], 'mechanical_eject': False, 'eject_events': {}, 'auto_fire_on_unexpected_ball': True, 'request_ball_events': [], 'captures_from': <playfield.playfield>, 'exit_count_delay': 500}'
2018-04-02 14:56:14,460 : ball_device.bd_trough : Platform Driver: None
2018-04-02 14:56:14,460 : ball_device.bd_trough : Configuring device with settings: '{'eject_targets': [<ball_device.bd_plunger>], 'entrance_events': {}, 'entrance_switch_full_timeout': 0, 'ball_missing_target': <playfield.playfield>, 'ball_switches': [<switch.s_trough1>, <switch.s_trough2>, <switch.s_trough3>, <switch.s_trough4>, <switch.s_trough5>, <switch.s_trough_jam>], 'ball_missing_timeouts': [], 'label': '%', 'eject_timeouts': [], 'hold_coil_release_time': 1000, 'retries_before_increasing_pulse': 4, 'hold_coil': None, 'eject_coil_retry_pulse': None, 'eject_coil': <coil.c_trough_eject>, 'ball_search_order': 200, 'confirm_eject_type': 'target', 'hold_events': {}, 'max_eject_attempts': 0, 'entrance_switch': None, 'confirm_eject_switch': None, 'console_log': 'full', 'eject_all_events': {}, 'player_controlled_eject_event': None, 'jam_switch': <switch.s_trough_jam>, 'eject_coil_jam_pulse': None, 'target_on_unexpected_ball': None, 'confirm_eject_event': None, 'entrance_count_delay': 300, 'hold_switches': [], 'file_log': 'full', 'debug': True, 'ball_capacity': None, 'tags': ['trough', 'home', 'drain'], 'mechanical_eject': False, 'eject_events': {}, 'auto_fire_on_unexpected_ball': True, 'request_ball_events': [], 'captures_from': <playfield.playfield>, 'exit_count_delay': 500}'
2018-04-02 14:56:14,461 : ball_device.bd_plunger : EVENT: bd_trough to bd_plunger
2018-04-02 14:56:14,462 : SwitchController : Registering switch handler: s_left_flipper, <bound method ComboSwitch._switch_1_went_active of <combo_switch.both_flippers>>, state: 1, ms: 0, info: False, cb_kwargs: {}
2018-04-02 14:56:14,462 : SwitchController : Registering switch handler: s_left_flipper, <bound method ComboSwitch._switch_1_went_inactive of <combo_switch.both_flippers>>, state: 0, ms: 0, info: False, cb_kwargs: {}
2018-04-02 14:56:14,462 : SwitchController : Registering switch handler: s_right_flipper, <bound method ComboSwitch._switch_2_went_active of <combo_switch.both_flippers>>, state: 1, ms: 0, info: False, cb_kwargs: {}
2018-04-02 14:56:14,462 : SwitchController : Registering switch handler: s_right_flipper, <bound method ComboSwitch._switch_2_went_inactive of <combo_switch.both_flippers>>, state: 0, ms: 0, info: False, cb_kwargs: {}
2018-04-02 14:56:14,463 : SwitchController : Registering switch handler: s_left_flipper, <bound method TimedSwitch._activate of <timed_switch.flipper_cradle>>, state: 1, ms: 3000, info: True, cb_kwargs: {}
2018-04-02 14:56:14,463 : SwitchController : Registering switch handler: s_left_flipper, <bound method TimedSwitch._deactivate of <timed_switch.flipper_cradle>>, state: 0, ms: 0, info: True, cb_kwargs: {}
2018-04-02 14:56:14,463 : SwitchController : Registering switch handler: s_right_flipper, <bound method TimedSwitch._activate of <timed_switch.flipper_cradle>>, state: 1, ms: 3000, info: True, cb_kwargs: {}
2018-04-02 14:56:14,463 : SwitchController : Registering switch handler: s_right_flipper, <bound method TimedSwitch._deactivate of <timed_switch.flipper_cradle>>, state: 0, ms: 0, info: True, cb_kwargs: {}
2018-04-02 14:56:14,463 : EventManager : Event: ======'init_phase_2'====== Args={}
2018-04-02 14:56:14,465 : YAML File Interface : Loading file: c:\python34\lib\site-packages\mpf\modes\attract\config\attract.yaml
2018-04-02 14:56:14,469 : YAML File Interface : Loading file: c:\python34\lib\site-packages\mpf\modes\game\config\game.yaml
2018-04-02 14:56:14,474 : BCPClientSocket.local_display : Connecting BCP to 'local_display' at localhost:5050...
2018-04-02 14:56:15,979 : BCPClientSocket.local_display : Connected BCP to 'local_display' localhost:5050
2018-04-02 14:56:15,980 : SwitchController : Registering switch handler: s_plunger_lane, <bound method SwitchCounter._switch_changed of <mpf.devices.ball_device.switch_counter.SwitchCounter object at 0x000000000709E0F0>>, state: 1, ms: 300, info: False, cb_kwargs: {}
2018-04-02 14:56:15,980 : SwitchController : Registering switch handler: s_plunger_lane, <bound method SwitchCounter._switch_changed of <mpf.devices.ball_device.switch_counter.SwitchCounter object at 0x000000000709E0F0>>, state: 0, ms: 500, info: False, cb_kwargs: {}
2018-04-02 14:56:15,981 : ball_device.bd_plunger : Counted 0 balls. Active switches: []
2018-04-02 14:56:15,982 : ball_device.bd_plunger : Waiting for eject request.
2018-04-02 14:56:15,982 : SwitchController : Registering switch handler: s_trough1, <bound method SwitchCounter._switch_changed of <mpf.devices.ball_device.switch_counter.SwitchCounter object at 0x00000000070B4D30>>, state: 1, ms: 300, info: False, cb_kwargs: {}
2018-04-02 14:56:15,982 : SwitchController : Registering switch handler: s_trough2, <bound method SwitchCounter._switch_changed of <mpf.devices.ball_device.switch_counter.SwitchCounter object at 0x00000000070B4D30>>, state: 1, ms: 300, info: False, cb_kwargs: {}
2018-04-02 14:56:15,982 : SwitchController : Registering switch handler: s_trough3, <bound method SwitchCounter._switch_changed of <mpf.devices.ball_device.switch_counter.SwitchCounter object at 0x00000000070B4D30>>, state: 1, ms: 300, info: False, cb_kwargs: {}
2018-04-02 14:56:15,982 : SwitchController : Registering switch handler: s_trough4, <bound method SwitchCounter._switch_changed of <mpf.devices.ball_device.switch_counter.SwitchCounter object at 0x00000000070B4D30>>, state: 1, ms: 300, info: False, cb_kwargs: {}
2018-04-02 14:56:15,983 : SwitchController : Registering switch handler: s_trough5, <bound method SwitchCounter._switch_changed of <mpf.devices.ball_device.switch_counter.SwitchCounter object at 0x00000000070B4D30>>, state: 1, ms: 300, info: False, cb_kwargs: {}
2018-04-02 14:56:15,983 : SwitchController : Registering switch handler: s_trough_jam, <bound method SwitchCounter._switch_changed of <mpf.devices.ball_device.switch_counter.SwitchCounter object at 0x00000000070B4D30>>, state: 1, ms: 300, info: False, cb_kwargs: {}
2018-04-02 14:56:15,983 : SwitchController : Registering switch handler: s_trough1, <bound method SwitchCounter._switch_changed of <mpf.devices.ball_device.switch_counter.SwitchCounter object at 0x00000000070B4D30>>, state: 0, ms: 500, info: False, cb_kwargs: {}
2018-04-02 14:56:15,983 : SwitchController : Registering switch handler: s_trough2, <bound method SwitchCounter._switch_changed of <mpf.devices.ball_device.switch_counter.SwitchCounter object at 0x00000000070B4D30>>, state: 0, ms: 500, info: False, cb_kwargs: {}
2018-04-02 14:56:15,983 : SwitchController : Registering switch handler: s_trough3, <bound method SwitchCounter._switch_changed of <mpf.devices.ball_device.switch_counter.SwitchCounter object at 0x00000000070B4D30>>, state: 0, ms: 500, info: False, cb_kwargs: {}
2018-04-02 14:56:15,983 : SwitchController : Registering switch handler: s_trough4, <bound method SwitchCounter._switch_changed of <mpf.devices.ball_device.switch_counter.SwitchCounter object at 0x00000000070B4D30>>, state: 0, ms: 500, info: False, cb_kwargs: {}
2018-04-02 14:56:15,983 : SwitchController : Registering switch handler: s_trough5, <bound method SwitchCounter._switch_changed of <mpf.devices.ball_device.switch_counter.SwitchCounter object at 0x00000000070B4D30>>, state: 0, ms: 500, info: False, cb_kwargs: {}
2018-04-02 14:56:15,983 : SwitchController : Registering switch handler: s_trough_jam, <bound method SwitchCounter._switch_changed of <mpf.devices.ball_device.switch_counter.SwitchCounter object at 0x00000000070B4D30>>, state: 0, ms: 500, info: False, cb_kwargs: {}
2018-04-02 14:56:15,984 : ball_device.bd_trough : Counted 5 balls. Active switches: ['s_trough1', 's_trough2', 's_trough3', 's_trough4', 's_trough5']
2018-04-02 14:56:15,984 : ball_device.bd_trough : Waiting for eject request.
2018-04-02 14:56:15,989 : YAML File Interface : Loading file: D:\Dev\mpf\scottp\data/audits.yaml
2018-04-02 14:56:15,997 : Machine : "info_lights:" section not found in machine configuration, so the Info Lights plugin will not be used.
2018-04-02 14:56:15,997 : Machine : "switch_player:" section not found in machine configuration, so the Switch Playerplugin will not be used.
2018-04-02 14:56:15,998 : EventManager : Event: ======'init_phase_3'====== Args={}
2018-04-02 14:56:16,002 : EventManager : Event: ======'init_phase_4'====== Args={}
2018-04-02 14:56:16,003 : EventManager : Event: ======'machine_var_master_volume'====== Args={'value': 0.5, 'change': 0.0, 'prev_value': 0.5}
2018-04-02 14:56:16,003 : ball_device.bd_plunger : Counted 0 balls. Active switches: []
2018-04-02 14:56:16,004 : ball_device.bd_trough : Counted 5 balls. Active switches: ['s_trough1', 's_trough2', 's_trough3', 's_trough4', 's_trough5']
2018-04-02 14:56:16,006 : EventManager : Event: ======'machine_var_audits_switches_s_trough3'====== Args={'value': 0, 'change': 0, 'prev_value': 0}
2018-04-02 14:56:16,006 : EventManager : Event: ======'machine_var_audits_switches_s_start'====== Args={'value': 0, 'change': 0, 'prev_value': 0}
2018-04-02 14:56:16,006 : EventManager : Event: ======'machine_var_audits_switches_s_left_flipper'====== Args={'value': 0, 'change': 0, 'prev_value': 0}
2018-04-02 14:56:16,006 : EventManager : Event: ======'machine_var_audits_switches_s_trough_jam'====== Args={'value': 0, 'change': 0, 'prev_value': 0}
2018-04-02 14:56:16,007 : EventManager : Event: ======'machine_var_audits_switches_s_trough2'====== Args={'value': 0, 'change': 0, 'prev_value': 0}
2018-04-02 14:56:16,007 : EventManager : Event: ======'machine_var_audits_switches_s_trough1'====== Args={'value': 0, 'change': 0, 'prev_value': 0}
2018-04-02 14:56:16,007 : EventManager : Event: ======'machine_var_audits_switches_s_launch'====== Args={'value': 0, 'change': 0, 'prev_value': 0}
2018-04-02 14:56:16,007 : EventManager : Event: ======'machine_var_audits_switches_s_plunger_lane'====== Args={'value': 1, 'change': 0, 'prev_value': 1}
2018-04-02 14:56:16,008 : EventManager : Event: ======'machine_var_audits_switches_s_right_flipper'====== Args={'value': 0, 'change': 0, 'prev_value': 0}
2018-04-02 14:56:16,008 : EventManager : Event: ======'machine_var_audits_switches_s_trough5'====== Args={'value': 0, 'change': 0, 'prev_value': 0}
2018-04-02 14:56:16,008 : EventManager : Event: ======'machine_var_audits_switches_s_trough4'====== Args={'value': 0, 'change': 0, 'prev_value': 0}
2018-04-02 14:56:16,008 : EventManager : Event: ======'machine_var_audits_switches_s_right_inlane'====== Args={'value': 0, 'change': 0, 'prev_value': 0}
2018-04-02 14:56:16,008 : EventManager : Event: ======'machine_var_audits_events_game_ended'====== Args={'value': 0, 'change': 0, 'prev_value': 0}
2018-04-02 14:56:16,009 : EventManager : Event: ======'machine_var_audits_events_game_started'====== Args={'value': 1, 'change': 0, 'prev_value': 1}
2018-04-02 14:56:16,009 : EventManager : Event: ======'machine_var_audits_player_score'====== Args={'value': {'total': 0, 'average': 0, 'top': []}, 'change': False, 'prev_value': {'total': 0, 'average': 0, 'top': []}}
2018-04-02 14:56:16,009 : EventManager : Event: ======'init_phase_5'====== Args={}
2018-04-02 14:56:16,011 : EventManager : Event: ======'init_done'====== Args={}
2018-04-02 14:56:16,011 : EventManager : Event: ======'machine_reset_phase_1'====== Args={}
2018-04-02 14:56:16,026 : EventManager : Event: ======'slide_window_slide_1_removed'====== Args={'_from_bcp': True}
2018-04-02 14:56:16,034 : EventManager : Event: ======'slide_window_slide_1_created'====== Args={'_from_bcp': True}
2018-04-02 14:56:16,037 : EventManager : Event: ======'machine_reset_phase_2'====== Args={}
2018-04-02 14:56:16,037 : EventManager : Event: ======'machine_reset_phase_3'====== Args={}
2018-04-02 14:56:16,038 : EventManager : Event: ======'slide_window_slide_1_active'====== Args={'_from_bcp': True}
2018-04-02 14:56:16,038 : SwitchController : Found active switch: s_trough3
2018-04-02 14:56:16,038 : SwitchController : Found active switch: s_trough4
2018-04-02 14:56:16,038 : SwitchController : Found active switch: s_trough2
2018-04-02 14:56:16,038 : SwitchController : Found active switch: s_trough1
2018-04-02 14:56:16,038 : SwitchController : Found active switch: s_trough5
2018-04-02 14:56:16,038 : EventManager : Event: ======'reset_complete'====== Args={}
2018-04-02 14:56:16,039 : EventManager : Event: ======'mode_attract_will_start'====== Args={}
2018-04-02 14:56:16,039 : EventManager : Event: ======'mode_attract_starting'====== Args={}
2018-04-02 14:56:16,039 : Mode.attract : Started. Priority: 10
2018-04-02 14:56:16,039 : EventManager : Event: ======'mode_attract_started'====== Args={}
2018-04-02 14:56:16,040 : SwitchController : Registering switch handler: s_start, <bound method Attract.start_button_pressed of <Mode.attract>>, state: 1, ms: 0, info: False, cb_kwargs: {}
2018-04-02 14:56:16,040 : SwitchController : Registering switch handler: s_start, <bound method Attract.start_button_released of <Mode.attract>>, state: 0, ms: 0, info: False, cb_kwargs: {}
2018-04-02 14:56:16,040 : EventManager : Event: ======'collecting_balls_complete'====== Args={}
2018-04-02 14:56:16,040 : Machine : Starting the main run loop.
2018-04-02 14:56:16,070 : EventManager : Event: ======'slide_dmd_slide_1_created'====== Args={'_from_bcp': True}
2018-04-02 14:56:16,076 : EventManager : Event: ======'slide_dmd_slide_1_active'====== Args={'_from_bcp': True}
2018-04-02 14:56:37,174 : Machine : Shutting down...
2018-04-02 14:56:37,174 : EventManager : Event: ======'shutdown'====== Args={}
2018-04-02 14:56:37,174 : Machine : Shutting down...
2018-04-02 14:56:37,174 : EventManager : Event: ======'shutdown'====== Args={}
2018-04-02 14:56:37,174 : ball_device.bd_plunger : Stopping ball device
2018-04-02 14:56:37,174 : ball_device.bd_trough : Stopping ball device
2018-04-02 14:56:37,174 : SmartMatrix : Disconnecting from SmartMatrix RGB DMD hardware...
2018-04-02 14:56:37,175 : ball_device.bd_plunger : Stopping ball device
2018-04-02 14:56:37,175 : ball_device.bd_trough : Stopping ball device
2018-04-02 14:56:37,175 : SmartMatrix : Disconnecting from SmartMatrix RGB DMD hardware...
2018-04-02 14:56:37,176 : asyncio : Task was destroyed but it is pending!
task: <Task pending coro=<get() running at c:\python34\lib\asyncio\queues.py:168> wait_for=<Future cancelled> cb=[_wait.<locals>._on_completion() at c:\python34\lib\asyncio\tasks.py:408]>
2018-04-02 14:56:37,176 : asyncio : Task was destroyed but it is pending!
task: <Task pending coro=<wait() running at c:\python34\lib\asyncio\locks.py:264> wait_for=<Future cancelled> cb=[_wait.<locals>._on_completion() at c:\python34\lib\asyncio\tasks.py:408]>
2018-04-02 14:56:37,176 : asyncio : Task was destroyed but it is pending!
task: <Task pending coro=<get() running at c:\python34\lib\asyncio\queues.py:168> wait_for=<Future cancelled> cb=[_wait.<locals>._on_completion() at c:\python34\lib\asyncio\tasks.py:408]>
2018-04-02 14:56:37,176 : asyncio : Task was destroyed but it is pending!
task: <Task pending coro=<wait() running at c:\python34\lib\asyncio\locks.py:264> wait_for=<Future cancelled> cb=[_wait.<locals>._on_completion() at c:\python34\lib\asyncio\tasks.py:408]>
2018-04-02 14:56:37,177 : root : MPF run loop ended.
