2018-04-02 12:03:36,534 : kivy : Factory: 194 symbols loaded
2018-04-02 12:03:36,614 : kivy : Image: Providers: img_tex, img_dds, img_sdl2, img_gif (img_pil, img_ffpyplayer ignored)
2018-04-02 12:03:36,644 : kivy : VideoGstplayer: Using Gstreamer 1.10.2.0
2018-04-02 12:03:36,645 : kivy : Video: Provider: gstplayer
2018-04-02 12:03:36,671 : kivy : Loading MPF-MC controller
2018-04-02 12:03:36,671 : mpfmc : Mission Pinball Framework Media Controller v0.33.16
2018-04-02 12:03:36,671 : mpfmc : Mission Pinball Framework Game Engine v0.33.49
2018-04-02 12:03:36,671 : mpfmc : Machine path: D:\Dev\mpf\scottp
2018-04-02 12:03:36,672 : mpfmc : Starting clock at 30.0Hz
2018-04-02 12:03:36,679 : kivy : Text: Provider: sdl2
2018-04-02 12:03:36,880 : kivy : OSC: using <thread> for socket
2018-04-02 12:03:36,884 : kivy : Window: Provider: sdl2
2018-04-02 12:03:37,091 : kivy : GL: Using the "OpenGL" graphics system
2018-04-02 12:03:37,092 : kivy : GL: GLEW initialization succeeded
2018-04-02 12:03:37,093 : kivy : GL: Backend used <glew>
2018-04-02 12:03:37,093 : kivy : GL: OpenGL version <b'4.5.13497 Compatibility Profile Context 23.20.793.0'>
2018-04-02 12:03:37,093 : kivy : GL: OpenGL vendor <b'ATI Technologies Inc.'>
2018-04-02 12:03:37,093 : kivy : GL: OpenGL renderer <b'Radeon (TM) RX 480 Graphics'>
2018-04-02 12:03:37,094 : kivy : GL: OpenGL parsed version: 4, 5
2018-04-02 12:03:37,094 : kivy : GL: Shading version <b'4.50'>
2018-04-02 12:03:37,094 : kivy : GL: Texture max size <16384>
2018-04-02 12:03:37,094 : kivy : GL: Texture max units <32>
2018-04-02 12:03:37,102 : kivy : Window: auto add sdl2 input provider
2018-04-02 12:03:37,103 : kivy : Window: virtual keyboard not allowed, single mode, not docked
2018-04-02 12:03:37,105 : SoundSystem : SoundSystem: Using default 'sound_system' settings
2018-04-02 12:03:37,658 : AudioInterface : Initialized
2018-04-02 12:03:37,658 : SoundSystem : No audio tracks are specified in your machine config file. a track named 'default' has been created.
2018-04-02 12:03:37,660 : kivy : Base: Start application main loop
2018-04-02 12:03:37,759 : MPF-MC BCP Server : Starting up on localhost port 5050
2018-04-02 12:03:37,763 : MPF-MC BCP Server : Waiting for a connection...
2018-04-02 12:03:37,765 : kivy : GL: NPOT texture support is available
2018-04-02 12:03:38,178 : MPF-MC BCP Server : Received connection from: 127.0.0.1:63112
2018-04-02 12:03:38,189 : mpfmc : Initializing Physical DMD
2018-04-02 12:03:38,197 : mpfmc : Setting Physical DMD to 30.0fps
2018-04-02 12:03:46,688 : mpfmc : Shutting down due to child thread crash
2018-04-02 12:03:46,689 : mpfmc : Crash details: Traceback (most recent call last):
  File "c:\python34\lib\site-packages\mpfmc\core\bcp_server.py", line 140, in run
    data_read = self.connection.recv(8192)
ConnectionResetError: [WinError 10054] Une connexion existante a dû être fermée par l’hôte distant

2018-04-02 12:03:46,699 : mpfmc : Stopping...
2018-04-02 12:03:46,951 : mpfmc : Loop rate 39.39 Hz
2018-04-02 12:03:46,952 : kivy : Base: Leaving application in progress...
2018-04-02 12:03:46,980 : mpfmc : Stopping...
2018-04-02 12:03:46,981 : mpfmc : Loop rate 39.37 Hz
2018-04-02 12:03:46,982 : kivy : MC run loop ended.
2018-04-02 12:03:46,982 : kivy : Stopping child threads... (1 remaining)
2018-04-02 12:03:47,685 : kivy : All child threads stopped.
