2018-04-02 12:00:52,124 : kivy : Factory: 194 symbols loaded
2018-04-02 12:00:52,204 : kivy : Image: Providers: img_tex, img_dds, img_sdl2, img_gif (img_pil, img_ffpyplayer ignored)
2018-04-02 12:00:52,233 : kivy : VideoGstplayer: Using Gstreamer 1.10.2.0
2018-04-02 12:00:52,233 : kivy : Video: Provider: gstplayer
2018-04-02 12:00:52,259 : kivy : Loading MPF-MC controller
2018-04-02 12:00:52,259 : mpfmc : Mission Pinball Framework Media Controller v0.33.16
2018-04-02 12:00:52,259 : mpfmc : Mission Pinball Framework Game Engine v0.33.49
2018-04-02 12:00:52,260 : mpfmc : Machine path: D:\Dev\mpf\scottp
2018-04-02 12:00:52,260 : mpfmc : Starting clock at 30.0Hz
2018-04-02 12:00:52,269 : kivy : Text: Provider: sdl2
2018-04-02 12:00:52,471 : kivy : OSC: using <thread> for socket
2018-04-02 12:00:52,475 : kivy : Window: Provider: sdl2
2018-04-02 12:00:52,671 : kivy : GL: Using the "OpenGL" graphics system
2018-04-02 12:00:52,673 : kivy : GL: GLEW initialization succeeded
2018-04-02 12:00:52,673 : kivy : GL: Backend used <glew>
2018-04-02 12:00:52,674 : kivy : GL: OpenGL version <b'4.5.13497 Compatibility Profile Context 23.20.793.0'>
2018-04-02 12:00:52,674 : kivy : GL: OpenGL vendor <b'ATI Technologies Inc.'>
2018-04-02 12:00:52,674 : kivy : GL: OpenGL renderer <b'Radeon (TM) RX 480 Graphics'>
2018-04-02 12:00:52,674 : kivy : GL: OpenGL parsed version: 4, 5
2018-04-02 12:00:52,674 : kivy : GL: Shading version <b'4.50'>
2018-04-02 12:00:52,675 : kivy : GL: Texture max size <16384>
2018-04-02 12:00:52,675 : kivy : GL: Texture max units <32>
2018-04-02 12:00:52,683 : kivy : Window: auto add sdl2 input provider
2018-04-02 12:00:52,683 : kivy : Window: virtual keyboard not allowed, single mode, not docked
2018-04-02 12:00:52,686 : SoundSystem : SoundSystem: Using default 'sound_system' settings
2018-04-02 12:00:53,231 : AudioInterface : Initialized
2018-04-02 12:00:53,232 : SoundSystem : No audio tracks are specified in your machine config file. a track named 'default' has been created.
2018-04-02 12:00:53,234 : kivy : Base: Start application main loop
2018-04-02 12:00:53,330 : MPF-MC BCP Server : Starting up on localhost port 5050
2018-04-02 12:00:53,334 : MPF-MC BCP Server : Waiting for a connection...
2018-04-02 12:00:53,360 : kivy : GL: NPOT texture support is available
2018-04-02 12:00:53,662 : MPF-MC BCP Server : Received connection from: 127.0.0.1:62969
2018-04-02 12:00:53,664 : mpfmc : Initializing Physical DMD
2018-04-02 12:00:53,671 : mpfmc : Setting Physical DMD to 30.0fps
2018-04-02 12:00:57,342 : kivy : Base: Leaving application in progress...
2018-04-02 12:00:57,342 : mpfmc : Stopping...
2018-04-02 12:00:57,343 : mpfmc : Loop rate 36.26 Hz
2018-04-02 12:00:57,343 : kivy : MC run loop ended.
2018-04-02 12:00:57,344 : kivy : Stopping child threads... (3 remaining)
2018-04-02 12:00:57,709 : mpfmc : Stopping...
2018-04-02 12:00:57,710 : mpfmc : Loop rate 33.29 Hz
2018-04-02 12:00:57,930 : MPF-MC BCP Server : Stopping BCP sending thread
2018-04-02 12:00:58,347 : kivy : All child threads stopped.
