2018-04-02 13:46:03,039 : kivy : Factory: 194 symbols loaded
2018-04-02 13:46:03,117 : kivy : Image: Providers: img_tex, img_dds, img_sdl2, img_gif (img_pil, img_ffpyplayer ignored)
2018-04-02 13:46:03,146 : kivy : VideoGstplayer: Using Gstreamer 1.10.2.0
2018-04-02 13:46:03,146 : kivy : Video: Provider: gstplayer
2018-04-02 13:46:03,171 : kivy : Loading MPF-MC controller
2018-04-02 13:46:03,171 : mpfmc : Mission Pinball Framework Media Controller v0.33.16
2018-04-02 13:46:03,172 : mpfmc : Mission Pinball Framework Game Engine v0.33.49
2018-04-02 13:46:03,172 : mpfmc : Machine path: D:\Dev\mpf\scottp
2018-04-02 13:46:03,172 : mpfmc : Starting clock at 30.0Hz
2018-04-02 13:46:03,182 : kivy : Text: Provider: sdl2
2018-04-02 13:46:03,385 : kivy : OSC: using <thread> for socket
2018-04-02 13:46:03,388 : kivy : Window: Provider: sdl2
2018-04-02 13:46:03,588 : kivy : GL: Using the "OpenGL" graphics system
2018-04-02 13:46:03,589 : kivy : GL: GLEW initialization succeeded
2018-04-02 13:46:03,589 : kivy : GL: Backend used <glew>
2018-04-02 13:46:03,589 : kivy : GL: OpenGL version <b'4.5.13497 Compatibility Profile Context 23.20.793.0'>
2018-04-02 13:46:03,589 : kivy : GL: OpenGL vendor <b'ATI Technologies Inc.'>
2018-04-02 13:46:03,590 : kivy : GL: OpenGL renderer <b'Radeon (TM) RX 480 Graphics'>
2018-04-02 13:46:03,590 : kivy : GL: OpenGL parsed version: 4, 5
2018-04-02 13:46:03,590 : kivy : GL: Shading version <b'4.50'>
2018-04-02 13:46:03,590 : kivy : GL: Texture max size <16384>
2018-04-02 13:46:03,590 : kivy : GL: Texture max units <32>
2018-04-02 13:46:03,598 : kivy : Window: auto add sdl2 input provider
2018-04-02 13:46:03,598 : kivy : Window: virtual keyboard not allowed, single mode, not docked
2018-04-02 13:46:03,601 : SoundSystem : SoundSystem: Using default 'sound_system' settings
2018-04-02 13:46:04,144 : AudioInterface : Initialized
2018-04-02 13:46:04,144 : SoundSystem : No audio tracks are specified in your machine config file. a track named 'default' has been created.
2018-04-02 13:46:04,146 : kivy : Base: Start application main loop
2018-04-02 13:46:04,244 : MPF-MC BCP Server : Starting up on localhost port 5050
2018-04-02 13:46:04,248 : MPF-MC BCP Server : Waiting for a connection...
2018-04-02 13:46:04,274 : kivy : GL: NPOT texture support is available
2018-04-02 14:27:42,009 : kivy : Base: Leaving application in progress...
