2018-04-02 10:38:31,876 : Machine : Mission Pinball Framework Core Engine v0.33.49
2018-04-02 10:38:31,876 : Machine : Command line arguments: {'configfile': ['config'], 'logfile': 'logs\\2018-04-02-10-38-31-mpf-DESKTOP-U1P21TS.log', 'force_platform': None, 'create_config_cache': True, 'loglevel': 11, 'no_load_cache': False, 'bcp': False, 'consoleloglevel': 20, 'force_assets_load': False, 'mpfconfigfile': 'c:\\python34\\lib\\site-packages\\mpf\\mpfconfig.yaml', 'mc_file_name': None, 'syslog_address': None, 'pause': False}
2018-04-02 10:38:31,876 : Machine : MPF path: c:\python34\lib\site-packages\mpf
2018-04-02 10:38:31,876 : Machine : Machine path: D:\Dev\mpf\scottp
2018-04-02 10:38:31,876 : Machine : Platform: win32
2018-04-02 10:38:31,876 : Machine : Python executable location: c:\python34\python.exe
2018-04-02 10:38:31,876 : Machine : Python version: 3.4.4 (64-bit)
2018-04-02 10:38:32,048 : Machine : Loading cached config: C:\Users\maddo\AppData\Local\Temp\f2725e9fdb5e5699b9561cedbbf1540fconfig
2018-04-02 10:38:32,058 : SmartMatrix : Connecting to SmartMatrix RGB DMD on COM6 baud 2500000
2018-04-02 10:38:32,081 : SwitchController : Loading the SwitchController
2018-04-02 10:38:32,109 : EventManager : Event: ======'machine_var_mpf_version'====== Args={'prev_value': 'MPF v0.33.49', 'change': False, 'value': 'MPF v0.33.49'}
2018-04-02 10:38:32,109 : EventManager : Event: ======'machine_var_mpf_extended_version'====== Args={'prev_value': 'MPF v0.33.49, Config version:4, Show version: 4, BCP version:1.1', 'change': False, 'value': 'MPF v0.33.49, Config version:4, Show version: 4, BCP version:1.1'}
2018-04-02 10:38:32,109 : EventManager : Event: ======'machine_var_python_version'====== Args={'prev_value': '3.4.4', 'change': False, 'value': '3.4.4'}
2018-04-02 10:38:32,109 : EventManager : Event: ======'machine_var_platform'====== Args={'prev_value': 'Windows-10-10.0.16299', 'change': False, 'value': 'Windows-10-10.0.16299'}
2018-04-02 10:38:32,110 : EventManager : Event: ======'machine_var_platform_system'====== Args={'prev_value': 'Windows', 'change': False, 'value': 'Windows'}
2018-04-02 10:38:32,110 : EventManager : Event: ======'machine_var_platform_release'====== Args={'prev_value': '10', 'change': False, 'value': '10'}
2018-04-02 10:38:32,110 : EventManager : Event: ======'machine_var_platform_version'====== Args={'prev_value': '10.0.16299', 'change': False, 'value': '10.0.16299'}
2018-04-02 10:38:32,110 : EventManager : Event: ======'machine_var_platform_machine'====== Args={'prev_value': 'AMD64', 'change': False, 'value': 'AMD64'}
2018-04-02 10:38:32,110 : EventManager : Event: ======'init_phase_1'====== Args={}
2018-04-02 10:38:32,234 : SwitchController : Registering switch handler: s_left_flipper, <bound method ComboSwitch._switch_1_went_active of <combo_switch.both_flippers>>, state: 1, ms: 0, info: False, cb_kwargs: {}
2018-04-02 10:38:32,234 : SwitchController : Registering switch handler: s_left_flipper, <bound method ComboSwitch._switch_1_went_inactive of <combo_switch.both_flippers>>, state: 0, ms: 0, info: False, cb_kwargs: {}
2018-04-02 10:38:32,234 : SwitchController : Registering switch handler: s_right_flipper, <bound method ComboSwitch._switch_2_went_active of <combo_switch.both_flippers>>, state: 1, ms: 0, info: False, cb_kwargs: {}
2018-04-02 10:38:32,234 : SwitchController : Registering switch handler: s_right_flipper, <bound method ComboSwitch._switch_2_went_inactive of <combo_switch.both_flippers>>, state: 0, ms: 0, info: False, cb_kwargs: {}
2018-04-02 10:38:32,234 : SwitchController : Registering switch handler: s_left_flipper, <bound method TimedSwitch._activate of <timed_switch.flipper_cradle>>, state: 1, ms: 3000, info: True, cb_kwargs: {}
2018-04-02 10:38:32,234 : SwitchController : Registering switch handler: s_left_flipper, <bound method TimedSwitch._deactivate of <timed_switch.flipper_cradle>>, state: 0, ms: 0, info: True, cb_kwargs: {}
2018-04-02 10:38:32,234 : SwitchController : Registering switch handler: s_right_flipper, <bound method TimedSwitch._activate of <timed_switch.flipper_cradle>>, state: 1, ms: 3000, info: True, cb_kwargs: {}
2018-04-02 10:38:32,234 : SwitchController : Registering switch handler: s_right_flipper, <bound method TimedSwitch._deactivate of <timed_switch.flipper_cradle>>, state: 0, ms: 0, info: True, cb_kwargs: {}
2018-04-02 10:38:32,235 : EventManager : Event: ======'init_phase_2'====== Args={}
2018-04-02 10:38:32,246 : EventManager : Event: ======'init_phase_3'====== Args={}
2018-04-02 10:38:32,247 : EventManager : Event: ======'init_phase_4'====== Args={}
2018-04-02 10:38:32,249 : EventManager : Event: ======'machine_var_audits_player_score'====== Args={'prev_value': {'total': 0, 'average': 0, 'top': []}, 'change': False, 'value': {'total': 0, 'average': 0, 'top': []}}
2018-04-02 10:38:32,249 : EventManager : Event: ======'machine_var_audits_switches_s_right_flipper'====== Args={'prev_value': 0, 'change': 0, 'value': 0}
2018-04-02 10:38:32,249 : EventManager : Event: ======'machine_var_audits_switches_s_left_flipper'====== Args={'prev_value': 0, 'change': 0, 'value': 0}
2018-04-02 10:38:32,249 : EventManager : Event: ======'init_phase_5'====== Args={}
2018-04-02 10:38:32,250 : EventManager : Event: ======'init_done'====== Args={}
2018-04-02 10:38:32,250 : EventManager : Event: ======'machine_reset_phase_1'====== Args={}
2018-04-02 10:38:32,251 : EventManager : Event: ======'machine_reset_phase_2'====== Args={}
2018-04-02 10:38:32,251 : EventManager : Event: ======'machine_reset_phase_3'====== Args={}
2018-04-02 10:38:32,251 : EventManager : Event: ======'reset_complete'====== Args={}
2018-04-02 10:38:32,251 : EventManager : Event: ======'mode_attract_will_start'====== Args={}
2018-04-02 10:38:32,252 : EventManager : Event: ======'mode_attract_starting'====== Args={}
2018-04-02 10:38:32,252 : Mode.attract : Started. Priority: 10
2018-04-02 10:38:32,252 : EventManager : Event: ======'mode_attract_started'====== Args={}
2018-04-02 10:38:32,252 : EventManager : Event: ======'collecting_balls_complete'====== Args={}
2018-04-02 10:38:32,252 : Machine : Starting the main run loop.
2018-04-02 10:38:51,245 : Machine : Shutting down...
2018-04-02 10:38:51,245 : EventManager : Event: ======'shutdown'====== Args={}
2018-04-02 10:38:51,246 : SmartMatrix : Disconnecting from SmartMatrix RGB DMD hardware...
2018-04-02 10:38:51,250 : root : MPF run loop ended.
