2018-04-02 14:50:18,979 : kivy : Factory: 194 symbols loaded
2018-04-02 14:50:19,059 : kivy : Image: Providers: img_tex, img_dds, img_sdl2, img_gif (img_pil, img_ffpyplayer ignored)
2018-04-02 14:50:19,089 : kivy : VideoGstplayer: Using Gstreamer 1.10.2.0
2018-04-02 14:50:19,089 : kivy : Video: Provider: gstplayer
2018-04-02 14:50:19,115 : kivy : Loading MPF-MC controller
2018-04-02 14:50:19,116 : mpfmc : Mission Pinball Framework Media Controller v0.33.16
2018-04-02 14:50:19,116 : mpfmc : Mission Pinball Framework Game Engine v0.33.49
2018-04-02 14:50:19,116 : mpfmc : Machine path: D:\Dev\mpf\scottp
2018-04-02 14:50:19,116 : mpfmc : Starting clock at 30.0Hz
2018-04-02 14:50:19,124 : kivy : Text: Provider: sdl2
2018-04-02 14:50:19,328 : kivy : OSC: using <thread> for socket
2018-04-02 14:50:19,331 : kivy : Window: Provider: sdl2
2018-04-02 14:50:19,531 : kivy : GL: Using the "OpenGL" graphics system
2018-04-02 14:50:19,532 : kivy : GL: GLEW initialization succeeded
2018-04-02 14:50:19,532 : kivy : GL: Backend used <glew>
2018-04-02 14:50:19,533 : kivy : GL: OpenGL version <b'4.5.13497 Compatibility Profile Context 23.20.793.0'>
2018-04-02 14:50:19,533 : kivy : GL: OpenGL vendor <b'ATI Technologies Inc.'>
2018-04-02 14:50:19,533 : kivy : GL: OpenGL renderer <b'Radeon (TM) RX 480 Graphics'>
2018-04-02 14:50:19,533 : kivy : GL: OpenGL parsed version: 4, 5
2018-04-02 14:50:19,533 : kivy : GL: Shading version <b'4.50'>
2018-04-02 14:50:19,533 : kivy : GL: Texture max size <16384>
2018-04-02 14:50:19,533 : kivy : GL: Texture max units <32>
2018-04-02 14:50:19,541 : kivy : Window: auto add sdl2 input provider
2018-04-02 14:50:19,542 : kivy : Window: virtual keyboard not allowed, single mode, not docked
2018-04-02 14:50:19,544 : SoundSystem : SoundSystem: Using default 'sound_system' settings
2018-04-02 14:50:20,081 : AudioInterface : Initialized
2018-04-02 14:50:20,081 : SoundSystem : No audio tracks are specified in your machine config file. a track named 'default' has been created.
2018-04-02 14:50:20,083 : kivy : Base: Start application main loop
2018-04-02 14:50:20,184 : MPF-MC BCP Server : Starting up on localhost port 5050
2018-04-02 14:50:20,188 : MPF-MC BCP Server : Waiting for a connection...
2018-04-02 14:50:20,214 : kivy : GL: NPOT texture support is available
2018-04-02 14:50:20,615 : MPF-MC BCP Server : Received connection from: 127.0.0.1:52807
2018-04-02 14:50:20,620 : mpfmc : Initializing Physical DMD
2018-04-02 14:50:20,633 : mpfmc : Setting Physical DMD to 30.0fps
2018-04-02 14:52:02,095 : kivy : Base: Leaving application in progress...
2018-04-02 14:52:02,096 : mpfmc : Stopping...
2018-04-02 14:52:02,381 : mpfmc : Loop rate 40.55 Hz
