2018-04-02 13:12:21,982 : Machine : Mission Pinball Framework Core Engine v0.33.49
2018-04-02 13:12:21,982 : Machine : Command line arguments: {'mpfconfigfile': 'c:\\python34\\lib\\site-packages\\mpf\\mpfconfig.yaml', 'logfile': 'logs\\2018-04-02-13-12-21-mpf-DESKTOP-U1P21TS.log', 'no_load_cache': False, 'consoleloglevel': 20, 'force_assets_load': False, 'mc_file_name': None, 'bcp': True, 'configfile': ['config'], 'syslog_address': None, 'create_config_cache': True, 'force_platform': None, 'loglevel': 11, 'pause': False}
2018-04-02 13:12:21,982 : Machine : MPF path: c:\python34\lib\site-packages\mpf
2018-04-02 13:12:21,982 : Machine : Machine path: D:\Dev\mpf\scottp
2018-04-02 13:12:21,982 : Machine : Platform: win32
2018-04-02 13:12:21,983 : Machine : Python executable location: c:\python34\python.exe
2018-04-02 13:12:21,983 : Machine : Python version: 3.4.4 (64-bit)
2018-04-02 13:12:22,152 : Machine : Loading cached config: C:\Users\maddo\AppData\Local\Temp\f2725e9fdb5e5699b9561cedbbf1540fconfig
2018-04-02 13:12:22,158 : SmartMatrix : Connecting to SmartMatrix RGB DMD on COM6 baud 2500000
2018-04-02 13:12:22,185 : SwitchController : Loading the SwitchController
2018-04-02 13:12:22,229 : EventManager : Event: ======'machine_var_mpf_version'====== Args={'prev_value': 'MPF v0.33.49', 'value': 'MPF v0.33.49', 'change': False}
2018-04-02 13:12:22,229 : EventManager : Event: ======'machine_var_mpf_extended_version'====== Args={'prev_value': 'MPF v0.33.49, Config version:4, Show version: 4, BCP version:1.1', 'value': 'MPF v0.33.49, Config version:4, Show version: 4, BCP version:1.1', 'change': False}
2018-04-02 13:12:22,229 : EventManager : Event: ======'machine_var_python_version'====== Args={'prev_value': '3.4.4', 'value': '3.4.4', 'change': False}
2018-04-02 13:12:22,230 : EventManager : Event: ======'machine_var_platform'====== Args={'prev_value': 'Windows-10-10.0.16299', 'value': 'Windows-10-10.0.16299', 'change': False}
2018-04-02 13:12:22,230 : EventManager : Event: ======'machine_var_platform_system'====== Args={'prev_value': 'Windows', 'value': 'Windows', 'change': False}
2018-04-02 13:12:22,230 : EventManager : Event: ======'machine_var_platform_release'====== Args={'prev_value': '10', 'value': '10', 'change': False}
2018-04-02 13:12:22,230 : EventManager : Event: ======'machine_var_platform_version'====== Args={'prev_value': '10.0.16299', 'value': '10.0.16299', 'change': False}
2018-04-02 13:12:22,230 : EventManager : Event: ======'machine_var_platform_machine'====== Args={'prev_value': 'AMD64', 'value': 'AMD64', 'change': False}
2018-04-02 13:12:22,230 : EventManager : Event: ======'init_phase_1'====== Args={}
2018-04-02 13:12:22,252 : EventManager : Event: ======'init_phase_2'====== Args={}
2018-04-02 13:12:22,264 : BCPClientSocket.local_display : Connecting BCP to 'local_display' at localhost:5050...
2018-04-02 13:12:23,771 : BCPClientSocket.local_display : Connected BCP to 'local_display' localhost:5050
2018-04-02 13:12:23,774 : EventManager : Event: ======'init_phase_3'====== Args={}
2018-04-02 13:12:23,778 : EventManager : Event: ======'init_phase_4'====== Args={}
2018-04-02 13:12:23,781 : EventManager : Event: ======'machine_var_audits_player_score'====== Args={'prev_value': {'top': [], 'average': 0, 'total': 0}, 'value': {'top': [], 'average': 0, 'total': 0}, 'change': False}
2018-04-02 13:12:23,782 : EventManager : Event: ======'init_phase_5'====== Args={}
2018-04-02 13:12:23,783 : EventManager : Event: ======'init_done'====== Args={}
2018-04-02 13:12:23,783 : EventManager : Event: ======'machine_reset_phase_1'====== Args={}
2018-04-02 13:12:23,786 : EventManager : Event: ======'machine_var_master_volume'====== Args={'prev_value': 0.5, 'value': 0.5, 'change': 0.0}
2018-04-02 13:12:23,801 : EventManager : Event: ======'slide_dmd_slide_1_removed'====== Args={'_from_bcp': True}
2018-04-02 13:12:23,802 : EventManager : Event: ======'slide_dmd_slide_1_created'====== Args={'_from_bcp': True}
2018-04-02 13:12:23,806 : EventManager : Event: ======'slide_window_slide_1_removed'====== Args={'_from_bcp': True}
2018-04-02 13:12:23,812 : EventManager : Event: ======'slide_window_slide_1_created'====== Args={'_from_bcp': True}
2018-04-02 13:12:23,815 : EventManager : Event: ======'machine_reset_phase_2'====== Args={}
2018-04-02 13:12:23,815 : EventManager : Event: ======'machine_reset_phase_3'====== Args={}
2018-04-02 13:12:23,816 : EventManager : Event: ======'reset_complete'====== Args={}
2018-04-02 13:12:23,816 : EventManager : Event: ======'mode_attract_will_start'====== Args={}
2018-04-02 13:12:23,816 : EventManager : Event: ======'mode_attract_starting'====== Args={}
2018-04-02 13:12:23,817 : Mode.attract : Started. Priority: 10
2018-04-02 13:12:23,817 : EventManager : Event: ======'mode_attract_started'====== Args={}
2018-04-02 13:12:23,817 : EventManager : Event: ======'collecting_balls_complete'====== Args={}
2018-04-02 13:12:23,818 : EventManager : Event: ======'slide_dmd_slide_1_active'====== Args={'_from_bcp': True}
2018-04-02 13:12:23,818 : Machine : Starting the main run loop.
2018-04-02 13:12:23,818 : EventManager : Event: ======'slide_window_slide_1_active'====== Args={'_from_bcp': True}
2018-04-02 13:12:45,996 : Machine : Shutting down...
2018-04-02 13:12:45,996 : EventManager : Event: ======'shutdown'====== Args={}
2018-04-02 13:12:45,996 : Machine : Shutting down...
2018-04-02 13:12:45,997 : EventManager : Event: ======'shutdown'====== Args={}
2018-04-02 13:12:45,997 : SmartMatrix : Disconnecting from SmartMatrix RGB DMD hardware...
2018-04-02 13:12:45,997 : SmartMatrix : Disconnecting from SmartMatrix RGB DMD hardware...
2018-04-02 13:12:45,999 : root : MPF run loop ended.
