2018-04-02 12:04:04,705 : kivy : Factory: 194 symbols loaded
2018-04-02 12:04:04,784 : kivy : Image: Providers: img_tex, img_dds, img_sdl2, img_gif (img_pil, img_ffpyplayer ignored)
2018-04-02 12:04:04,812 : kivy : VideoGstplayer: Using Gstreamer 1.10.2.0
2018-04-02 12:04:04,812 : kivy : Video: Provider: gstplayer
2018-04-02 12:04:04,838 : kivy : Loading MPF-MC controller
2018-04-02 12:04:04,838 : mpfmc : Mission Pinball Framework Media Controller v0.33.16
2018-04-02 12:04:04,838 : mpfmc : Mission Pinball Framework Game Engine v0.33.49
2018-04-02 12:04:04,839 : mpfmc : Machine path: D:\Dev\mpf\scottp
2018-04-02 12:04:04,839 : mpfmc : Starting clock at 30.0Hz
2018-04-02 12:04:04,849 : kivy : Text: Provider: sdl2
2018-04-02 12:04:05,046 : kivy : OSC: using <thread> for socket
2018-04-02 12:04:05,049 : kivy : Window: Provider: sdl2
2018-04-02 12:04:05,277 : kivy : GL: Using the "OpenGL" graphics system
2018-04-02 12:04:05,278 : kivy : GL: GLEW initialization succeeded
2018-04-02 12:04:05,279 : kivy : GL: Backend used <glew>
2018-04-02 12:04:05,279 : kivy : GL: OpenGL version <b'4.5.13497 Compatibility Profile Context 23.20.793.0'>
2018-04-02 12:04:05,279 : kivy : GL: OpenGL vendor <b'ATI Technologies Inc.'>
2018-04-02 12:04:05,279 : kivy : GL: OpenGL renderer <b'Radeon (TM) RX 480 Graphics'>
2018-04-02 12:04:05,280 : kivy : GL: OpenGL parsed version: 4, 5
2018-04-02 12:04:05,280 : kivy : GL: Shading version <b'4.50'>
2018-04-02 12:04:05,280 : kivy : GL: Texture max size <16384>
2018-04-02 12:04:05,280 : kivy : GL: Texture max units <32>
2018-04-02 12:04:05,288 : kivy : Window: auto add sdl2 input provider
2018-04-02 12:04:05,289 : kivy : Window: virtual keyboard not allowed, single mode, not docked
2018-04-02 12:04:05,291 : SoundSystem : SoundSystem: Using default 'sound_system' settings
2018-04-02 12:04:05,846 : AudioInterface : Initialized
2018-04-02 12:04:05,846 : SoundSystem : No audio tracks are specified in your machine config file. a track named 'default' has been created.
2018-04-02 12:04:05,848 : kivy : Base: Start application main loop
2018-04-02 12:04:05,947 : MPF-MC BCP Server : Starting up on localhost port 5050
2018-04-02 12:04:05,951 : MPF-MC BCP Server : Waiting for a connection...
2018-04-02 12:04:05,953 : kivy : GL: NPOT texture support is available
2018-04-02 12:04:06,262 : MPF-MC BCP Server : Received connection from: 127.0.0.1:63134
2018-04-02 12:04:06,280 : mpfmc : Initializing Physical DMD
2018-04-02 12:04:06,288 : mpfmc : Setting Physical DMD to 30.0fps
2018-04-02 12:07:48,136 : kivy : Base: Leaving application in progress...
2018-04-02 12:07:48,137 : mpfmc : Stopping...
2018-04-02 12:07:48,138 : mpfmc : Loop rate 40.77 Hz
2018-04-02 12:07:48,139 : kivy : MC run loop ended.
2018-04-02 12:07:48,139 : kivy : Stopping child threads... (3 remaining)
2018-04-02 12:07:48,698 : mpfmc : Stopping...
2018-04-02 12:07:48,806 : MPF-MC BCP Server : Stopping BCP sending thread
2018-04-02 12:07:49,545 : mpfmc : Loop rate 40.51 Hz
2018-04-02 12:07:49,644 : kivy : All child threads stopped.
