2018-04-02 13:17:28,489 : kivy : Factory: 194 symbols loaded
2018-04-02 13:17:28,569 : kivy : Image: Providers: img_tex, img_dds, img_sdl2, img_gif (img_pil, img_ffpyplayer ignored)
2018-04-02 13:17:28,598 : kivy : VideoGstplayer: Using Gstreamer 1.10.2.0
2018-04-02 13:17:28,598 : kivy : Video: Provider: gstplayer
2018-04-02 13:17:28,624 : kivy : Loading MPF-MC controller
2018-04-02 13:17:28,624 : mpfmc : Mission Pinball Framework Media Controller v0.33.16
2018-04-02 13:17:28,624 : mpfmc : Mission Pinball Framework Game Engine v0.33.49
2018-04-02 13:17:28,624 : mpfmc : Machine path: D:\Dev\mpf\scottp
2018-04-02 13:17:28,624 : mpfmc : Starting clock at 30.0Hz
2018-04-02 13:17:28,633 : kivy : Text: Provider: sdl2
2018-04-02 13:17:28,831 : kivy : OSC: using <thread> for socket
2018-04-02 13:17:28,834 : kivy : Window: Provider: sdl2
2018-04-02 13:17:29,035 : kivy : GL: Using the "OpenGL" graphics system
2018-04-02 13:17:29,036 : kivy : GL: GLEW initialization succeeded
2018-04-02 13:17:29,036 : kivy : GL: Backend used <glew>
2018-04-02 13:17:29,036 : kivy : GL: OpenGL version <b'4.5.13497 Compatibility Profile Context 23.20.793.0'>
2018-04-02 13:17:29,036 : kivy : GL: OpenGL vendor <b'ATI Technologies Inc.'>
2018-04-02 13:17:29,036 : kivy : GL: OpenGL renderer <b'Radeon (TM) RX 480 Graphics'>
2018-04-02 13:17:29,037 : kivy : GL: OpenGL parsed version: 4, 5
2018-04-02 13:17:29,037 : kivy : GL: Shading version <b'4.50'>
2018-04-02 13:17:29,037 : kivy : GL: Texture max size <16384>
2018-04-02 13:17:29,037 : kivy : GL: Texture max units <32>
2018-04-02 13:17:29,045 : kivy : Window: auto add sdl2 input provider
2018-04-02 13:17:29,045 : kivy : Window: virtual keyboard not allowed, single mode, not docked
2018-04-02 13:17:29,047 : SoundSystem : SoundSystem: Using default 'sound_system' settings
2018-04-02 13:17:29,599 : AudioInterface : Initialized
2018-04-02 13:17:29,600 : SoundSystem : No audio tracks are specified in your machine config file. a track named 'default' has been created.
2018-04-02 13:17:29,602 : kivy : Base: Start application main loop
2018-04-02 13:17:29,697 : MPF-MC BCP Server : Starting up on localhost port 5050
2018-04-02 13:17:29,702 : MPF-MC BCP Server : Waiting for a connection...
2018-04-02 13:17:29,703 : kivy : GL: NPOT texture support is available
2018-04-02 13:17:30,106 : MPF-MC BCP Server : Received connection from: 127.0.0.1:49316
2018-04-02 13:17:30,107 : mpfmc : Initializing Physical DMD
2018-04-02 13:17:30,117 : mpfmc : Setting Physical DMD to 30.0fps
2018-04-02 13:17:55,767 : mpfmc : Stopping...
2018-04-02 13:17:56,007 : kivy : Base: Leaving application in progress...
2018-04-02 13:17:56,008 : mpfmc : Loop rate 40.37 Hz
