2018-04-02 10:45:27,440 : kivy : Factory: 194 symbols loaded
2018-04-02 10:45:27,526 : kivy : Image: Providers: img_tex, img_dds, img_sdl2, img_gif (img_pil, img_ffpyplayer ignored)
2018-04-02 10:45:27,555 : kivy : VideoGstplayer: Using Gstreamer 1.10.2.0
2018-04-02 10:45:27,555 : kivy : Video: Provider: gstplayer
2018-04-02 10:45:27,584 : kivy : Loading MPF-MC controller
2018-04-02 10:45:27,584 : mpfmc : Mission Pinball Framework Media Controller v0.33.16
2018-04-02 10:45:27,585 : mpfmc : Mission Pinball Framework Game Engine v0.33.49
2018-04-02 10:45:27,585 : mpfmc : Machine path: D:\Dev\mpf\scottp
2018-04-02 10:45:27,585 : mpfmc : Starting clock at 30.0Hz
2018-04-02 10:45:27,592 : kivy : Text: Provider: sdl2
2018-04-02 10:45:27,792 : kivy : OSC: using <thread> for socket
2018-04-02 10:45:27,795 : kivy : Window: Provider: sdl2
2018-04-02 10:45:28,010 : kivy : GL: Using the "OpenGL" graphics system
2018-04-02 10:45:28,011 : kivy : GL: GLEW initialization succeeded
2018-04-02 10:45:28,012 : kivy : GL: Backend used <glew>
2018-04-02 10:45:28,012 : kivy : GL: OpenGL version <b'4.5.13497 Compatibility Profile Context 23.20.793.0'>
2018-04-02 10:45:28,012 : kivy : GL: OpenGL vendor <b'ATI Technologies Inc.'>
2018-04-02 10:45:28,012 : kivy : GL: OpenGL renderer <b'Radeon (TM) RX 480 Graphics'>
2018-04-02 10:45:28,013 : kivy : GL: OpenGL parsed version: 4, 5
2018-04-02 10:45:28,013 : kivy : GL: Shading version <b'4.50'>
2018-04-02 10:45:28,013 : kivy : GL: Texture max size <16384>
2018-04-02 10:45:28,013 : kivy : GL: Texture max units <32>
2018-04-02 10:45:28,021 : kivy : Window: auto add sdl2 input provider
2018-04-02 10:45:28,022 : kivy : Window: virtual keyboard not allowed, single mode, not docked
2018-04-02 10:45:28,024 : SoundSystem : SoundSystem: Using default 'sound_system' settings
2018-04-02 10:45:28,572 : AudioInterface : Initialized
2018-04-02 10:45:28,573 : SoundSystem : No audio tracks are specified in your machine config file. a track named 'default' has been created.
2018-04-02 10:45:28,575 : kivy : Base: Start application main loop
2018-04-02 10:45:28,671 : MPF-MC BCP Server : Starting up on localhost port 5050
2018-04-02 10:45:28,675 : MPF-MC BCP Server : Waiting for a connection...
2018-04-02 10:45:28,705 : kivy : GL: NPOT texture support is available
2018-04-02 10:45:29,080 : MPF-MC BCP Server : Received connection from: 127.0.0.1:59830
2018-04-02 10:45:29,102 : mpfmc : Initializing Physical DMD
2018-04-02 10:45:29,112 : mpfmc : Setting Physical DMD to 30.0fps
2018-04-02 10:45:35,369 : kivy : Base: Leaving application in progress...
2018-04-02 10:45:35,370 : mpfmc : Stopping...
2018-04-02 10:45:35,371 : mpfmc : Loop rate 38.25 Hz
2018-04-02 10:45:35,372 : kivy : MC run loop ended.
2018-04-02 10:45:35,372 : kivy : Stopping child threads... (3 remaining)
2018-04-02 10:45:35,962 : MPF-MC BCP Server : Stopping BCP sending thread
2018-04-02 10:45:36,370 : mpfmc : Stopping...
2018-04-02 10:45:36,370 : mpfmc : Loop rate 33.35 Hz
2018-04-02 10:45:36,376 : kivy : All child threads stopped.
