2018-04-02 11:37:58,097 : Machine : Mission Pinball Framework Core Engine v0.33.49
2018-04-02 11:37:58,097 : Machine : Command line arguments: {'force_platform': None, 'configfile': ['config'], 'pause': False, 'mpfconfigfile': 'c:\\python34\\lib\\site-packages\\mpf\\mpfconfig.yaml', 'loglevel': 11, 'logfile': 'logs\\2018-04-02-11-37-58-mpf-DESKTOP-U1P21TS.log', 'mc_file_name': None, 'bcp': True, 'no_load_cache': False, 'syslog_address': None, 'create_config_cache': True, 'consoleloglevel': 20, 'force_assets_load': False}
2018-04-02 11:37:58,097 : Machine : MPF path: c:\python34\lib\site-packages\mpf
2018-04-02 11:37:58,097 : Machine : Machine path: D:\Dev\mpf\scottp
2018-04-02 11:37:58,097 : Machine : Platform: win32
2018-04-02 11:37:58,097 : Machine : Python executable location: c:\python34\python.exe
2018-04-02 11:37:58,097 : Machine : Python version: 3.4.4 (64-bit)
2018-04-02 11:37:58,278 : Machine : Loading config from original files
2018-04-02 11:37:58,327 : Machine : Machine config file #1: D:\Dev\mpf\scottp\config\config
2018-04-02 11:37:58,335 : Machine : Config file cache created: C:\Users\maddo\AppData\Local\Temp\f2725e9fdb5e5699b9561cedbbf1540fconfig
2018-04-02 11:37:58,344 : SmartMatrix : Connecting to SmartMatrix RGB DMD on COM6 baud 2500000
2018-04-02 11:37:58,371 : SwitchController : Loading the SwitchController
2018-04-02 11:37:58,414 : EventManager : Event: ======'machine_var_mpf_version'====== Args={'prev_value': 'MPF v0.33.49', 'change': False, 'value': 'MPF v0.33.49'}
2018-04-02 11:37:58,414 : EventManager : Event: ======'machine_var_mpf_extended_version'====== Args={'prev_value': 'MPF v0.33.49, Config version:4, Show version: 4, BCP version:1.1', 'change': False, 'value': 'MPF v0.33.49, Config version:4, Show version: 4, BCP version:1.1'}
2018-04-02 11:37:58,414 : EventManager : Event: ======'machine_var_python_version'====== Args={'prev_value': '3.4.4', 'change': False, 'value': '3.4.4'}
2018-04-02 11:37:58,415 : EventManager : Event: ======'machine_var_platform'====== Args={'prev_value': 'Windows-10-10.0.16299', 'change': False, 'value': 'Windows-10-10.0.16299'}
2018-04-02 11:37:58,415 : EventManager : Event: ======'machine_var_platform_system'====== Args={'prev_value': 'Windows', 'change': False, 'value': 'Windows'}
2018-04-02 11:37:58,415 : EventManager : Event: ======'machine_var_platform_release'====== Args={'prev_value': '10', 'change': False, 'value': '10'}
2018-04-02 11:37:58,415 : EventManager : Event: ======'machine_var_platform_version'====== Args={'prev_value': '10.0.16299', 'change': False, 'value': '10.0.16299'}
2018-04-02 11:37:58,415 : EventManager : Event: ======'machine_var_platform_machine'====== Args={'prev_value': 'AMD64', 'change': False, 'value': 'AMD64'}
2018-04-02 11:37:58,415 : EventManager : Event: ======'init_phase_1'====== Args={}
2018-04-02 11:37:58,437 : EventManager : Event: ======'init_phase_2'====== Args={}
2018-04-02 11:37:58,449 : BCPClientSocket.local_display : Connecting BCP to 'local_display' at localhost:5050...
2018-04-02 11:37:59,954 : BCPClientSocket.local_display : Connected BCP to 'local_display' localhost:5050
2018-04-02 11:37:59,960 : EventManager : Event: ======'init_phase_3'====== Args={}
2018-04-02 11:37:59,962 : EventManager : Event: ======'init_phase_4'====== Args={}
2018-04-02 11:37:59,963 : EventManager : Event: ======'machine_var_audits_player_score'====== Args={'prev_value': {'top': [], 'total': 0, 'average': 0}, 'change': False, 'value': {'top': [], 'total': 0, 'average': 0}}
2018-04-02 11:37:59,963 : EventManager : Event: ======'init_phase_5'====== Args={}
2018-04-02 11:37:59,964 : EventManager : Event: ======'init_done'====== Args={}
2018-04-02 11:37:59,964 : EventManager : Event: ======'machine_reset_phase_1'====== Args={}
2018-04-02 11:37:59,980 : EventManager : Event: ======'machine_var_master_volume'====== Args={'prev_value': 0.5, 'change': 0.0, 'value': 0.5}
2018-04-02 11:37:59,980 : EventManager : Event: ======'slide_dmd_slide_1_removed'====== Args={'_from_bcp': True}
2018-04-02 11:37:59,981 : EventManager : Event: ======'slide_dmd_slide_1_created'====== Args={'_from_bcp': True}
2018-04-02 11:37:59,984 : EventManager : Event: ======'slide_window_slide_1_removed'====== Args={'_from_bcp': True}
2018-04-02 11:37:59,989 : EventManager : Event: ======'slide_window_slide_1_created'====== Args={'_from_bcp': True}
2018-04-02 11:37:59,991 : EventManager : Event: ======'slide_dmd_slide_1_active'====== Args={'_from_bcp': True}
2018-04-02 11:37:59,991 : EventManager : Event: ======'machine_reset_phase_2'====== Args={}
2018-04-02 11:37:59,992 : EventManager : Event: ======'machine_reset_phase_3'====== Args={}
2018-04-02 11:37:59,992 : EventManager : Event: ======'reset_complete'====== Args={}
2018-04-02 11:37:59,992 : EventManager : Event: ======'mode_attract_will_start'====== Args={}
2018-04-02 11:37:59,993 : EventManager : Event: ======'mode_attract_starting'====== Args={}
2018-04-02 11:37:59,993 : Mode.attract : Started. Priority: 10
2018-04-02 11:37:59,993 : EventManager : Event: ======'mode_attract_started'====== Args={}
2018-04-02 11:37:59,993 : EventManager : Event: ======'collecting_balls_complete'====== Args={}
2018-04-02 11:37:59,994 : EventManager : Event: ======'slide_window_slide_1_active'====== Args={'_from_bcp': True}
2018-04-02 11:37:59,994 : Machine : Starting the main run loop.
2018-04-02 11:38:05,994 : Machine : Shutting down...
2018-04-02 11:38:05,995 : EventManager : Event: ======'shutdown'====== Args={}
2018-04-02 11:38:05,995 : SmartMatrix : Disconnecting from SmartMatrix RGB DMD hardware...
2018-04-02 11:38:06,001 : root : MPF run loop ended.
