2018-04-02 15:00:01,541 : Machine : Mission Pinball Framework Core Engine v0.33.49
2018-04-02 15:00:01,541 : Machine : Command line arguments: {'mc_file_name': None, 'mpfconfigfile': 'c:\\python34\\lib\\site-packages\\mpf\\mpfconfig.yaml', 'loglevel': 10, 'create_config_cache': True, 'bcp': True, 'logfile': 'logs\\2018-04-02-15-00-01-mpf-DESKTOP-U1P21TS.log', 'no_load_cache': False, 'force_assets_load': False, 'consoleloglevel': 20, 'pause': False, 'syslog_address': None, 'force_platform': None, 'configfile': ['config']}
2018-04-02 15:00:01,541 : Machine : MPF path: c:\python34\lib\site-packages\mpf
2018-04-02 15:00:01,541 : Machine : Machine path: D:\Dev\mpf\scottp
2018-04-02 15:00:01,541 : Machine : Platform: win32
2018-04-02 15:00:01,541 : Machine : Python executable location: c:\python34\python.exe
2018-04-02 15:00:01,541 : Machine : Python version: 3.4.4 (64-bit)
2018-04-02 15:00:01,718 : Machine : Loading config from original files
2018-04-02 15:00:01,718 : YAML File Interface : Loading file: c:\python34\lib\site-packages\mpf\mpfconfig.yaml
2018-04-02 15:00:01,768 : Machine : Machine config file #1: D:\Dev\mpf\scottp\config\config
2018-04-02 15:00:01,768 : YAML File Interface : Loading file: D:\Dev\mpf\scottp\config\config.yml
2018-04-02 15:00:01,791 : Machine : Config file cache created: C:\Users\maddo\AppData\Local\Temp\f2725e9fdb5e5699b9561cedbbf1540fconfig
2018-04-02 15:00:01,795 : asyncio : Using selector: SelectSelector
2018-04-02 15:00:01,804 : Smart Virtual Platform : Configuring smart_virtual hardware interface.
2018-04-02 15:00:01,805 : SmartMatrix : Configuring SmartMatrix RGB DMD hardware interface.
2018-04-02 15:00:01,805 : SmartMatrix : Connecting to SmartMatrix RGB DMD on COM6 baud 2500000
2018-04-02 15:00:01,826 : ShotProfileManager : Registering Shot Profile: 'default'
2018-04-02 15:00:01,826 : ShotProfileManager : Processed 'default' profile configuration: {'states': [{'name': 'unlit', 'show': 'off', 'loops': -1, 'speed': 1.0, 'start_step': 1, 'show_tokens': {}, 'sync_ms': None, 'priority': 0, 'manual_advance': None, 'action': 'play'}, {'name': 'lit', 'show': 'on', 'loops': -1, 'speed': 1.0, 'start_step': 1, 'show_tokens': {}, 'sync_ms': None, 'priority': 0, 'manual_advance': None, 'action': 'play'}], 'show': None, 'advance_on_hit': True, 'state_names_to_rotate': [], 'player_variable': '%_default', 'show_when_disabled': False, 'block': True, 'rotation_pattern': deque(['right']), 'loop': False, 'state_names_to_not_rotate': []}
2018-04-02 15:00:01,828 : SwitchController : Loading the SwitchController
2018-04-02 15:00:01,871 : EventManager : Event: ======'machine_var_mpf_version'====== Args={'prev_value': 'MPF v0.33.49', 'value': 'MPF v0.33.49', 'change': False}
2018-04-02 15:00:01,871 : EventManager : Event: ======'machine_var_mpf_extended_version'====== Args={'prev_value': 'MPF v0.33.49, Config version:4, Show version: 4, BCP version:1.1', 'value': 'MPF v0.33.49, Config version:4, Show version: 4, BCP version:1.1', 'change': False}
2018-04-02 15:00:01,871 : EventManager : Event: ======'machine_var_python_version'====== Args={'prev_value': '3.4.4', 'value': '3.4.4', 'change': False}
2018-04-02 15:00:01,872 : EventManager : Event: ======'machine_var_platform'====== Args={'prev_value': 'Windows-10-10.0.16299', 'value': 'Windows-10-10.0.16299', 'change': False}
2018-04-02 15:00:01,872 : EventManager : Event: ======'machine_var_platform_system'====== Args={'prev_value': 'Windows', 'value': 'Windows', 'change': False}
2018-04-02 15:00:01,872 : EventManager : Event: ======'machine_var_platform_release'====== Args={'prev_value': '10', 'value': '10', 'change': False}
2018-04-02 15:00:01,872 : EventManager : Event: ======'machine_var_platform_version'====== Args={'prev_value': '10.0.16299', 'value': '10.0.16299', 'change': False}
2018-04-02 15:00:01,872 : EventManager : Event: ======'machine_var_platform_machine'====== Args={'prev_value': 'AMD64', 'value': 'AMD64', 'change': False}
2018-04-02 15:00:01,872 : EventManager : Event: ======'init_phase_1'====== Args={}
2018-04-02 15:00:01,915 : ball_device.bd_trough : Platform Driver: None
2018-04-02 15:00:01,915 : ball_device.bd_trough : Configuring device with settings: '{'label': '%', 'console_log': 'full', 'eject_coil': <coil.c_trough_eject>, 'retries_before_increasing_pulse': 4, 'hold_events': {}, 'hold_coil': None, 'entrance_count_delay': 300, 'hold_switches': [], 'confirm_eject_switch': None, 'eject_coil_jam_pulse': None, 'ball_switches': [<switch.s_trough1>, <switch.s_trough2>, <switch.s_trough3>, <switch.s_trough4>, <switch.s_trough5>, <switch.s_trough_jam>], 'confirm_eject_type': 'target', 'request_ball_events': [], 'confirm_eject_event': None, 'eject_coil_retry_pulse': None, 'eject_all_events': {}, 'jam_switch': <switch.s_trough_jam>, 'auto_fire_on_unexpected_ball': True, 'debug': True, 'hold_coil_release_time': 1000, 'entrance_events': {}, 'player_controlled_eject_event': None, 'exit_count_delay': 500, 'mechanical_eject': False, 'tags': ['trough', 'home', 'drain'], 'eject_timeouts': [], 'ball_capacity': None, 'max_eject_attempts': 0, 'ball_search_order': 200, 'entrance_switch_full_timeout': 0, 'ball_missing_timeouts': [], 'eject_targets': [<ball_device.bd_plunger>], 'eject_events': {}, 'target_on_unexpected_ball': None, 'entrance_switch': None, 'ball_missing_target': <playfield.playfield>, 'file_log': 'full', 'captures_from': <playfield.playfield>}'
2018-04-02 15:00:01,916 : ball_device.bd_plunger : Platform Driver: None
2018-04-02 15:00:01,916 : ball_device.bd_plunger : Configuring device with settings: '{'label': '%', 'eject_timeouts': [3000], 'eject_coil': <coil.c_plunger_eject>, 'retries_before_increasing_pulse': 4, 'hold_events': {}, 'hold_coil': None, 'entrance_count_delay': 300, 'hold_switches': [], 'confirm_eject_switch': None, 'eject_coil_jam_pulse': None, 'captures_from': <playfield.playfield>, 'confirm_eject_type': 'target', 'request_ball_events': [], 'confirm_eject_event': None, 'eject_coil_retry_pulse': None, 'eject_all_events': {}, 'jam_switch': None, 'auto_fire_on_unexpected_ball': True, 'debug': True, 'hold_coil_release_time': 1000, 'entrance_events': {}, 'player_controlled_eject_event': 'sw_launch', 'exit_count_delay': 500, 'mechanical_eject': False, 'tags': ['ball_add_live'], 'console_log': 'full', 'ball_capacity': None, 'max_eject_attempts': 0, 'ball_search_order': 200, 'entrance_switch_full_timeout': 0, 'ball_missing_timeouts': [], 'eject_targets': [<playfield.playfield>], 'eject_events': {}, 'target_on_unexpected_ball': None, 'entrance_switch': None, 'ball_missing_target': <playfield.playfield>, 'file_log': 'full', 'ball_switches': [<switch.s_plunger_lane>]}'
2018-04-02 15:00:01,917 : ball_device.bd_plunger : EVENT: bd_trough to bd_plunger
2018-04-02 15:00:01,918 : SwitchController : Registering switch handler: s_left_flipper, <bound method ComboSwitch._switch_1_went_active of <combo_switch.both_flippers>>, state: 1, ms: 0, info: False, cb_kwargs: {}
2018-04-02 15:00:01,918 : SwitchController : Registering switch handler: s_left_flipper, <bound method ComboSwitch._switch_1_went_inactive of <combo_switch.both_flippers>>, state: 0, ms: 0, info: False, cb_kwargs: {}
2018-04-02 15:00:01,918 : SwitchController : Registering switch handler: s_right_flipper, <bound method ComboSwitch._switch_2_went_active of <combo_switch.both_flippers>>, state: 1, ms: 0, info: False, cb_kwargs: {}
2018-04-02 15:00:01,918 : SwitchController : Registering switch handler: s_right_flipper, <bound method ComboSwitch._switch_2_went_inactive of <combo_switch.both_flippers>>, state: 0, ms: 0, info: False, cb_kwargs: {}
2018-04-02 15:00:01,918 : SwitchController : Registering switch handler: s_left_flipper, <bound method TimedSwitch._activate of <timed_switch.flipper_cradle>>, state: 1, ms: 3000, info: True, cb_kwargs: {}
2018-04-02 15:00:01,918 : SwitchController : Registering switch handler: s_left_flipper, <bound method TimedSwitch._deactivate of <timed_switch.flipper_cradle>>, state: 0, ms: 0, info: True, cb_kwargs: {}
2018-04-02 15:00:01,918 : SwitchController : Registering switch handler: s_right_flipper, <bound method TimedSwitch._activate of <timed_switch.flipper_cradle>>, state: 1, ms: 3000, info: True, cb_kwargs: {}
2018-04-02 15:00:01,918 : SwitchController : Registering switch handler: s_right_flipper, <bound method TimedSwitch._deactivate of <timed_switch.flipper_cradle>>, state: 0, ms: 0, info: True, cb_kwargs: {}
2018-04-02 15:00:01,919 : EventManager : Event: ======'init_phase_2'====== Args={}
2018-04-02 15:00:01,921 : YAML File Interface : Loading file: c:\python34\lib\site-packages\mpf\modes\attract\config\attract.yaml
2018-04-02 15:00:01,925 : YAML File Interface : Loading file: c:\python34\lib\site-packages\mpf\modes\game\config\game.yaml
2018-04-02 15:00:01,930 : BCPClientSocket.local_display : Connecting BCP to 'local_display' at localhost:5050...
2018-04-02 15:00:03,435 : BCPClientSocket.local_display : Connected BCP to 'local_display' localhost:5050
2018-04-02 15:00:03,436 : SwitchController : Registering switch handler: s_trough1, <bound method SwitchCounter._switch_changed of <mpf.devices.ball_device.switch_counter.SwitchCounter object at 0x000000000766C550>>, state: 1, ms: 300, info: False, cb_kwargs: {}
2018-04-02 15:00:03,436 : SwitchController : Registering switch handler: s_trough2, <bound method SwitchCounter._switch_changed of <mpf.devices.ball_device.switch_counter.SwitchCounter object at 0x000000000766C550>>, state: 1, ms: 300, info: False, cb_kwargs: {}
2018-04-02 15:00:03,436 : SwitchController : Registering switch handler: s_trough3, <bound method SwitchCounter._switch_changed of <mpf.devices.ball_device.switch_counter.SwitchCounter object at 0x000000000766C550>>, state: 1, ms: 300, info: False, cb_kwargs: {}
2018-04-02 15:00:03,436 : SwitchController : Registering switch handler: s_trough4, <bound method SwitchCounter._switch_changed of <mpf.devices.ball_device.switch_counter.SwitchCounter object at 0x000000000766C550>>, state: 1, ms: 300, info: False, cb_kwargs: {}
2018-04-02 15:00:03,436 : SwitchController : Registering switch handler: s_trough5, <bound method SwitchCounter._switch_changed of <mpf.devices.ball_device.switch_counter.SwitchCounter object at 0x000000000766C550>>, state: 1, ms: 300, info: False, cb_kwargs: {}
2018-04-02 15:00:03,436 : SwitchController : Registering switch handler: s_trough_jam, <bound method SwitchCounter._switch_changed of <mpf.devices.ball_device.switch_counter.SwitchCounter object at 0x000000000766C550>>, state: 1, ms: 300, info: False, cb_kwargs: {}
2018-04-02 15:00:03,436 : SwitchController : Registering switch handler: s_trough1, <bound method SwitchCounter._switch_changed of <mpf.devices.ball_device.switch_counter.SwitchCounter object at 0x000000000766C550>>, state: 0, ms: 500, info: False, cb_kwargs: {}
2018-04-02 15:00:03,436 : SwitchController : Registering switch handler: s_trough2, <bound method SwitchCounter._switch_changed of <mpf.devices.ball_device.switch_counter.SwitchCounter object at 0x000000000766C550>>, state: 0, ms: 500, info: False, cb_kwargs: {}
2018-04-02 15:00:03,436 : SwitchController : Registering switch handler: s_trough3, <bound method SwitchCounter._switch_changed of <mpf.devices.ball_device.switch_counter.SwitchCounter object at 0x000000000766C550>>, state: 0, ms: 500, info: False, cb_kwargs: {}
2018-04-02 15:00:03,437 : SwitchController : Registering switch handler: s_trough4, <bound method SwitchCounter._switch_changed of <mpf.devices.ball_device.switch_counter.SwitchCounter object at 0x000000000766C550>>, state: 0, ms: 500, info: False, cb_kwargs: {}
2018-04-02 15:00:03,437 : SwitchController : Registering switch handler: s_trough5, <bound method SwitchCounter._switch_changed of <mpf.devices.ball_device.switch_counter.SwitchCounter object at 0x000000000766C550>>, state: 0, ms: 500, info: False, cb_kwargs: {}
2018-04-02 15:00:03,437 : SwitchController : Registering switch handler: s_trough_jam, <bound method SwitchCounter._switch_changed of <mpf.devices.ball_device.switch_counter.SwitchCounter object at 0x000000000766C550>>, state: 0, ms: 500, info: False, cb_kwargs: {}
2018-04-02 15:00:03,437 : ball_device.bd_trough : Counted 5 balls. Active switches: ['s_trough1', 's_trough2', 's_trough3', 's_trough4', 's_trough5']
2018-04-02 15:00:03,437 : ball_device.bd_trough : Waiting for eject request.
2018-04-02 15:00:03,438 : SwitchController : Registering switch handler: s_plunger_lane, <bound method SwitchCounter._switch_changed of <mpf.devices.ball_device.switch_counter.SwitchCounter object at 0x0000000007684E10>>, state: 1, ms: 300, info: False, cb_kwargs: {}
2018-04-02 15:00:03,438 : SwitchController : Registering switch handler: s_plunger_lane, <bound method SwitchCounter._switch_changed of <mpf.devices.ball_device.switch_counter.SwitchCounter object at 0x0000000007684E10>>, state: 0, ms: 500, info: False, cb_kwargs: {}
2018-04-02 15:00:03,438 : ball_device.bd_plunger : Counted 0 balls. Active switches: []
2018-04-02 15:00:03,438 : ball_device.bd_plunger : Waiting for eject request.
2018-04-02 15:00:03,440 : YAML File Interface : Loading file: D:\Dev\mpf\scottp\data/audits.yaml
2018-04-02 15:00:03,444 : Machine : "info_lights:" section not found in machine configuration, so the Info Lights plugin will not be used.
2018-04-02 15:00:03,445 : Machine : "switch_player:" section not found in machine configuration, so the Switch Playerplugin will not be used.
2018-04-02 15:00:03,445 : EventManager : Event: ======'init_phase_3'====== Args={}
2018-04-02 15:00:03,448 : EventManager : Event: ======'init_phase_4'====== Args={}
2018-04-02 15:00:03,449 : ball_device.bd_plunger : Counted 0 balls. Active switches: []
2018-04-02 15:00:03,449 : ball_device.bd_trough : Counted 5 balls. Active switches: ['s_trough1', 's_trough2', 's_trough3', 's_trough4', 's_trough5']
2018-04-02 15:00:03,450 : EventManager : Event: ======'machine_var_audits_player_score'====== Args={'prev_value': {'top': [], 'total': 0, 'average': 0}, 'value': {'top': [], 'total': 0, 'average': 0}, 'change': False}
2018-04-02 15:00:03,451 : EventManager : Event: ======'machine_var_audits_events_game_ended'====== Args={'prev_value': 0, 'value': 0, 'change': 0}
2018-04-02 15:00:03,451 : EventManager : Event: ======'machine_var_audits_events_game_started'====== Args={'prev_value': 1, 'value': 1, 'change': 0}
2018-04-02 15:00:03,451 : EventManager : Event: ======'machine_var_audits_switches_s_left_flipper'====== Args={'prev_value': 0, 'value': 0, 'change': 0}
2018-04-02 15:00:03,451 : EventManager : Event: ======'machine_var_audits_switches_s_trough2'====== Args={'prev_value': 0, 'value': 0, 'change': 0}
2018-04-02 15:00:03,451 : EventManager : Event: ======'machine_var_audits_switches_s_trough3'====== Args={'prev_value': 0, 'value': 0, 'change': 0}
2018-04-02 15:00:03,451 : EventManager : Event: ======'machine_var_audits_switches_s_start'====== Args={'prev_value': 0, 'value': 0, 'change': 0}
2018-04-02 15:00:03,452 : EventManager : Event: ======'machine_var_audits_switches_s_trough5'====== Args={'prev_value': 0, 'value': 0, 'change': 0}
2018-04-02 15:00:03,452 : EventManager : Event: ======'machine_var_audits_switches_s_trough_jam'====== Args={'prev_value': 0, 'value': 0, 'change': 0}
2018-04-02 15:00:03,452 : EventManager : Event: ======'machine_var_audits_switches_s_launch'====== Args={'prev_value': 0, 'value': 0, 'change': 0}
2018-04-02 15:00:03,452 : EventManager : Event: ======'machine_var_audits_switches_s_right_flipper'====== Args={'prev_value': 0, 'value': 0, 'change': 0}
2018-04-02 15:00:03,452 : EventManager : Event: ======'machine_var_audits_switches_s_trough1'====== Args={'prev_value': 0, 'value': 0, 'change': 0}
2018-04-02 15:00:03,452 : EventManager : Event: ======'machine_var_audits_switches_s_trough4'====== Args={'prev_value': 0, 'value': 0, 'change': 0}
2018-04-02 15:00:03,453 : EventManager : Event: ======'machine_var_audits_switches_s_right_inlane'====== Args={'prev_value': 0, 'value': 0, 'change': 0}
2018-04-02 15:00:03,453 : EventManager : Event: ======'machine_var_audits_switches_s_plunger_lane'====== Args={'prev_value': 1, 'value': 1, 'change': 0}
2018-04-02 15:00:03,453 : EventManager : Event: ======'init_phase_5'====== Args={}
2018-04-02 15:00:03,453 : EventManager : Event: ======'machine_var_master_volume'====== Args={'prev_value': 0.5, 'value': 0.5, 'change': 0.0}
2018-04-02 15:00:03,454 : EventManager : Event: ======'init_done'====== Args={}
2018-04-02 15:00:03,455 : EventManager : Event: ======'machine_reset_phase_1'====== Args={}
2018-04-02 15:00:03,470 : EventManager : Event: ======'slide_window_slide_1_removed'====== Args={'_from_bcp': True}
2018-04-02 15:00:03,477 : EventManager : Event: ======'slide_window_slide_1_created'====== Args={'_from_bcp': True}
2018-04-02 15:00:03,480 : EventManager : Event: ======'machine_reset_phase_2'====== Args={}
2018-04-02 15:00:03,481 : EventManager : Event: ======'machine_reset_phase_3'====== Args={}
2018-04-02 15:00:03,481 : EventManager : Event: ======'slide_window_slide_1_active'====== Args={'_from_bcp': True}
2018-04-02 15:00:03,481 : SwitchController : Found active switch: s_trough2
2018-04-02 15:00:03,481 : SwitchController : Found active switch: s_trough3
2018-04-02 15:00:03,481 : SwitchController : Found active switch: s_trough5
2018-04-02 15:00:03,481 : SwitchController : Found active switch: s_trough1
2018-04-02 15:00:03,482 : SwitchController : Found active switch: s_trough4
2018-04-02 15:00:03,482 : EventManager : Event: ======'reset_complete'====== Args={}
2018-04-02 15:00:03,482 : EventManager : Event: ======'mode_attract_will_start'====== Args={}
2018-04-02 15:00:03,483 : EventManager : Event: ======'mode_attract_starting'====== Args={}
2018-04-02 15:00:03,483 : Mode.attract : Started. Priority: 10
2018-04-02 15:00:03,483 : EventManager : Event: ======'mode_attract_started'====== Args={}
2018-04-02 15:00:03,483 : SwitchController : Registering switch handler: s_start, <bound method Attract.start_button_pressed of <Mode.attract>>, state: 1, ms: 0, info: False, cb_kwargs: {}
2018-04-02 15:00:03,483 : SwitchController : Registering switch handler: s_start, <bound method Attract.start_button_released of <Mode.attract>>, state: 0, ms: 0, info: False, cb_kwargs: {}
2018-04-02 15:00:03,483 : EventManager : Event: ======'collecting_balls_complete'====== Args={}
2018-04-02 15:00:03,484 : Machine : Starting the main run loop.
2018-04-02 15:00:03,514 : EventManager : Event: ======'slide_dmd_slide_1_created'====== Args={'_from_bcp': True}
2018-04-02 15:00:03,519 : EventManager : Event: ======'slide_dmd_slide_1_active'====== Args={'_from_bcp': True}
2018-04-02 15:01:51,793 : SwitchController : Processing switch. Name: s_start, state: 1, logical: True,
2018-04-02 15:01:51,794 : SwitchController : <<<<<<< 's_start' active >>>>>>>
2018-04-02 15:01:51,794 : EventManager : Event: ======'s_start_active'====== Args={}
2018-04-02 15:01:51,794 : EventManager : Event: ======'sw_start'====== Args={}
2018-04-02 15:01:51,794 : EventManager : Event: ======'sw_start_active'====== Args={}
2018-04-02 15:01:51,940 : SwitchController : Processing switch. Name: s_start, state: 0, logical: True,
2018-04-02 15:01:51,940 : SwitchController : <<<<<<< 's_start' inactive >>>>>>>
2018-04-02 15:01:51,940 : EventManager : Event: ======'request_to_start_game'====== Args={}
2018-04-02 15:01:51,941 : EventManager : Event: ======'s_start_inactive'====== Args={}
2018-04-02 15:01:51,941 : EventManager : Event: ======'sw_start_inactive'====== Args={}
2018-04-02 15:01:51,942 : EventManager : Event: ======'game_start'====== Args={'hold_time': 0.1559999999590218, 'buttons': []}
2018-04-02 15:01:51,942 : EventManager : Event: ======'mode_game_will_start'====== Args={}
2018-04-02 15:01:51,943 : EventManager : Event: ======'mode_game_starting'====== Args={}
2018-04-02 15:01:51,943 : SwitchController : Removing switch handler. Switch: s_start, State: 1, ms: 0
2018-04-02 15:01:51,943 : SwitchController : Removing switch handler. Switch: s_start, State: 0, ms: 0
2018-04-02 15:01:51,944 : EventManager : Event: ======'mode_attract_stopping'====== Args={}
2018-04-02 15:01:51,944 : Mode.attract : Stopped.
2018-04-02 15:01:51,944 : EventManager : Event: ======'mode_attract_stopped'====== Args={}
2018-04-02 15:01:51,944 : EventManager : Event: ======'clear'====== Args={'key': 'attract'}
2018-04-02 15:01:51,944 : Mode.game : Started. Priority: 20
2018-04-02 15:01:51,945 : EventManager : Event: ======'mode_game_started'====== Args={}
2018-04-02 15:01:51,958 : EventManager : Event: ======'game_starting'====== Args={'game': <Mode.game>}
2018-04-02 15:01:51,959 : Auditor : Enabling the Auditor
2018-04-02 15:01:51,959 : Player : Creating new player: Player 1. (player index '0')
2018-04-02 15:01:51,960 : EventManager : Event: ======'player_add_success'====== Args={'num': 1, 'player': <Player 1>}
2018-04-02 15:01:51,960 : EventManager : Event: ======'player_turn_start'====== Args={'number': 1, 'player': <Player 1>}
2018-04-02 15:01:51,960 : EventManager : Event: ======'game_started'====== Args={}
2018-04-02 15:01:51,960 : Mode.game : Player added successfully. Total players: 1
2018-04-02 15:01:51,960 : Player : Setting 'extra_balls_lit' to: 0, (prior: 0, change: 0)
2018-04-02 15:01:51,960 : EventManager : Event: ======'player_extra_balls_lit'====== Args={'prev_value': 0, 'value': 0, 'player_num': 1, 'change': 0}
2018-04-02 15:01:51,961 : Player : Setting 'extra_balls' to: 0, (prior: 0, change: 0)
2018-04-02 15:01:51,961 : EventManager : Event: ======'player_extra_balls'====== Args={'prev_value': 0, 'value': 0, 'player_num': 1, 'change': 0}
2018-04-02 15:01:51,961 : Player : Setting 'extra_balls_current_ball' to: 0, (prior: 0, change: 0)
2018-04-02 15:01:51,961 : EventManager : Event: ======'player_extra_balls_current_ball'====== Args={'prev_value': 0, 'value': 0, 'player_num': 1, 'change': 0}
2018-04-02 15:01:51,962 : EventManager : Event: ======'player_turn_starting'====== Args={'number': 1, 'player': <Player 1>}
2018-04-02 15:01:51,962 : Player : Setting 'ball' to: 1, (prior: 0, change: 1)
2018-04-02 15:01:51,962 : EventManager : Event: ======'player_ball'====== Args={'prev_value': 0, 'value': 1, 'player_num': 1, 'change': 1}
2018-04-02 15:01:51,963 : EventManager : Event: ======'player_turn_started'====== Args={'number': 1, 'player': <Player 1>}
2018-04-02 15:01:51,963 : EventManager : Event: ======'ball_starting'====== Args={'balls_remaining': 2, 'is_extra_ball': False}
2018-04-02 15:01:51,963 : EventManager : Event: ======'balls_in_play'====== Args={'balls': 1}
2018-04-02 15:01:51,964 : EventManager : Event: ======'ball_started'====== Args={'player': 1, 'ball': 1}
2018-04-02 15:01:51,964 : EventManager : Event: ======'single_player_ball_started'====== Args={}
2018-04-02 15:01:51,964 : ball_device.bd_plunger : Setting up player-controlled eject. Balls: 1, Target: <playfield.playfield>, player_controlled_eject_event: sw_launch
2018-04-02 15:01:51,964 : ball_device.bd_trough : Adding eject chain
2018-04-02 15:01:51,964 : ball_device.bd_plunger : Adding eject chain
2018-04-02 15:01:51,964 : EventManager : Event: ======'balldevice_balls_available'====== Args={}
2018-04-02 15:01:51,965 : ball_device.bd_trough : Got eject request
2018-04-02 15:01:51,965 : EventManager : Event: ======'balldevice_bd_trough_ball_eject_attempt'====== Args={'num_attempts': 0, 'source': <ball_device.bd_trough>, 'balls': 1, 'mechanical_eject': True, 'target': <ball_device.bd_plunger>}
2018-04-02 15:01:51,965 : ball_device.bd_plunger : Got eject request
2018-04-02 15:01:51,966 : ball_device.bd_plunger : No ball found. Waiting for balls.
2018-04-02 15:01:51,966 : ball_device.bd_plunger : Ready to receive from <ball_device.bd_trough>. Free space 1 (Capacity: 1, Balls: 0), incoming_balls: 0
2018-04-02 15:01:51,966 : ball_device.bd_plunger : Counted 0 balls. Active switches: []
2018-04-02 15:01:51,966 : ball_device.bd_trough : Ejecting ball to <ball_device.bd_plunger>
2018-04-02 15:01:51,967 : EventManager : Event: ======'balldevice_bd_trough_ejecting_ball'====== Args={'num_attempts': 0, 'source': <ball_device.bd_trough>, 'balls': 1, 'mechanical_eject': True, 'target': <ball_device.bd_plunger>}
2018-04-02 15:01:51,967 : ball_device.bd_plunger : Counted 0 balls. Active switches: []
2018-04-02 15:01:51,967 : SmartVirtual Coil Action : Setting eject target. bd_trough -> bd_plunger. Mechanical: True
2018-04-02 15:01:51,967 : ball_device.bd_trough : Entered eject mode.
2018-04-02 15:01:51,968 : SwitchController : Registering switch handler: s_trough1, functools.partial(<function SwitchController._wait_handler at 0x0000000007107620>, _future=<Future pending cb=[SwitchController._future_done([])()]>, switch_name='s_trough1', ms=0), state: 0, ms: 0, info: False, cb_kwargs: {}
2018-04-02 15:01:51,968 : SwitchController : Registering switch handler: s_trough2, functools.partial(<function SwitchController._wait_handler at 0x0000000007107620>, _future=<Future pending cb=[SwitchController._future_done([])()]>, switch_name='s_trough2', ms=0), state: 0, ms: 0, info: False, cb_kwargs: {}
2018-04-02 15:01:51,968 : SwitchController : Registering switch handler: s_trough3, functools.partial(<function SwitchController._wait_handler at 0x0000000007107620>, _future=<Future pending cb=[SwitchController._future_done([])()]>, switch_name='s_trough3', ms=0), state: 0, ms: 0, info: False, cb_kwargs: {}
2018-04-02 15:01:51,968 : SwitchController : Registering switch handler: s_trough4, functools.partial(<function SwitchController._wait_handler at 0x0000000007107620>, _future=<Future pending cb=[SwitchController._future_done([])()]>, switch_name='s_trough4', ms=0), state: 0, ms: 0, info: False, cb_kwargs: {}
2018-04-02 15:01:51,968 : SwitchController : Registering switch handler: s_trough5, functools.partial(<function SwitchController._wait_handler at 0x0000000007107620>, _future=<Future pending cb=[SwitchController._future_done([])()]>, switch_name='s_trough5', ms=0), state: 0, ms: 0, info: False, cb_kwargs: {}
2018-04-02 15:01:51,969 : ball_device.bd_trough : Counted 5 balls. Active switches: ['s_trough1', 's_trough2', 's_trough3', 's_trough4', 's_trough5']
2018-04-02 15:01:51,969 : ball_device.bd_trough : Waiting for eject to end
2018-04-02 15:01:51,969 : ball_device.bd_trough : Wait for ball to leave device
2018-04-02 15:01:51,969 : SmartVirtual Coil Action : Removing ball from device bd_trough
2018-04-02 15:01:51,969 : SwitchController : Processing switch. Name: s_trough1, state: 0, logical: True,
2018-04-02 15:01:51,969 : SwitchController : <<<<<<< 's_trough1' inactive >>>>>>>
2018-04-02 15:01:51,969 : SwitchController : Found timed switch handler for k/v 876966.703 / {'switch_action': 's_trough1-0', 'callback': <bound method SwitchCounter._switch_changed of <mpf.devices.ball_device.switch_counter.SwitchCounter object at 0x000000000766C550>>, 'switch_name': 's_trough1', 'return_info': False, 'removed': False, 'state': 0, 'callback_kwargs': {}, 'ms': 500}
2018-04-02 15:01:51,970 : EventManager : Event: ======'s_trough1_inactive'====== Args={}
2018-04-02 15:01:51,970 : SmartVirtual Coil Action : Deactivating: s_trough1
2018-04-02 15:01:51,970 : SmartVirtual Coil Action : Adding delay for bd_plunger to receive ball in 100ms
2018-04-02 15:01:51,970 : ball_device.bd_trough : Firing eject coil. Current balls: 5.
2018-04-02 15:01:51,970 : SwitchController : Removing switch handler. Switch: s_trough1, State: 0, ms: 0
2018-04-02 15:01:51,970 : SwitchController : Removing switch handler. Switch: s_trough5, State: 0, ms: 0
2018-04-02 15:01:51,971 : SwitchController : Removing switch handler. Switch: s_trough3, State: 0, ms: 0
2018-04-02 15:01:51,971 : SwitchController : Removing switch handler. Switch: s_trough4, State: 0, ms: 0
2018-04-02 15:01:51,971 : SwitchController : Removing switch handler. Switch: s_trough2, State: 0, ms: 0
2018-04-02 15:01:51,971 : ball_device.bd_trough : Got ball left during eject
2018-04-02 15:01:51,971 : ball_device.bd_trough : Switch 's_trough1' changed too recently. Aborting count!
2018-04-02 15:01:51,972 : ball_device.bd_trough : Ball left
2018-04-02 15:01:51,972 : ball_device.bd_plunger : Adding incoming ball from <ball_device.bd_trough>
2018-04-02 15:01:51,972 : ball_device.bd_trough : Wait for confirm with timeout 10.0
2018-04-02 15:01:52,060 : SwitchController : Processing switch. Name: s_plunger_lane, state: 1, logical: True,
2018-04-02 15:01:52,060 : SwitchController : <<<<<<< 's_plunger_lane' active >>>>>>>
2018-04-02 15:01:52,060 : SwitchController : Found timed switch handler for k/v 876966.596 / {'switch_action': 's_plunger_lane-1', 'callback': <bound method SwitchCounter._switch_changed of <mpf.devices.ball_device.switch_counter.SwitchCounter object at 0x0000000007684E10>>, 'switch_name': 's_plunger_lane', 'return_info': False, 'removed': False, 'state': 1, 'callback_kwargs': {}, 'ms': 300}
2018-04-02 15:01:52,060 : EventManager : Event: ======'machine_var_audits_switches_s_plunger_lane'====== Args={'prev_value': 2, 'value': 2, 'change': 0}
2018-04-02 15:01:52,060 : EventManager : Event: ======'s_plunger_lane_active'====== Args={}
2018-04-02 15:01:52,373 : SwitchController : Processing timed switch handler. Switch: s_plunger_lane  State: 1, ms: 300
2018-04-02 15:01:52,373 : ball_device.bd_plunger : Counted 1 balls. Active switches: ['s_plunger_lane']
2018-04-02 15:01:52,374 : ball_device.bd_plunger : Counted 1 balls. Active switches: ['s_plunger_lane']
2018-04-02 15:01:52,374 : ball_device.bd_plunger : Counting idle
2018-04-02 15:01:52,374 : ball_device.bd_plunger : BCH: Found 1 new balls
2018-04-02 15:01:52,374 : ball_device.bd_plunger : Received ball from <ball_device.bd_trough>
2018-04-02 15:01:52,375 : ball_device.bd_plunger : Removing incoming ball from <ball_device.bd_trough>
2018-04-02 15:01:52,375 : ball_device.bd_plunger : Processing new ball
2018-04-02 15:01:52,375 : EventManager : Event: ======'balldevice_bd_plunger_ball_enter'====== Args={'device': <ball_device.bd_plunger>, 'unclaimed_balls': 0, 'new_balls': 1}
2018-04-02 15:01:52,375 : ball_device.bd_plunger : A ball arrived. Progressing.
2018-04-02 15:01:52,376 : EventManager : Event: ======'balldevice_bd_plunger_ball_eject_attempt'====== Args={'num_attempts': 0, 'source': <ball_device.bd_plunger>, 'balls': 1, 'mechanical_eject': True, 'target': <playfield.playfield>}
2018-04-02 15:01:52,377 : ball_device.bd_trough : Got eject confirm
2018-04-02 15:01:52,377 : ball_device.bd_trough : Eject successful
2018-04-02 15:01:52,377 : ball_device.bd_trough : Received eject success.
2018-04-02 15:01:52,377 : EventManager : Event: ======'balldevice_bd_trough_ball_eject_success'====== Args={'target': <ball_device.bd_plunger>, 'balls': 1}
2018-04-02 15:01:52,378 : ball_device.bd_trough : Exited eject mode.
2018-04-02 15:01:52,379 : ball_device.bd_trough : Waiting for eject request.
2018-04-02 15:01:52,379 : ball_device.bd_plunger : Ejecting ball to <playfield.playfield>
2018-04-02 15:01:52,380 : EventManager : Event: ======'balldevice_bd_plunger_ejecting_ball'====== Args={'num_attempts': 0, 'source': <ball_device.bd_plunger>, 'balls': 1, 'mechanical_eject': True, 'target': <playfield.playfield>}
2018-04-02 15:01:52,380 : ball_device.bd_trough : Switch 's_trough1' changed too recently. Aborting count!
2018-04-02 15:01:52,381 : SmartVirtual Coil Action : Setting eject target. bd_plunger -> playfield. Mechanical: True
2018-04-02 15:01:52,381 : ball_device.bd_plunger : Entered eject mode.
2018-04-02 15:01:52,382 : SwitchController : Registering switch handler: s_plunger_lane, functools.partial(<function SwitchController._wait_handler at 0x0000000007107620>, _future=<Future pending cb=[SwitchController._future_done([])()]>, switch_name='s_plunger_lane', ms=0), state: 0, ms: 0, info: False, cb_kwargs: {}
2018-04-02 15:01:52,383 : ball_device.bd_plunger : Counted 1 balls. Active switches: ['s_plunger_lane']
2018-04-02 15:01:52,384 : ball_device.bd_plunger : Waiting for eject to end
2018-04-02 15:01:52,384 : ball_device.bd_plunger : Wait for ball to leave device
2018-04-02 15:01:52,466 : SwitchController : Processing timed switch handler. Switch: s_trough1  State: 0, ms: 500
2018-04-02 15:01:52,467 : ball_device.bd_trough : Counted 4 balls. Active switches: ['s_trough2', 's_trough3', 's_trough4', 's_trough5']
2018-04-02 15:01:52,467 : ball_device.bd_trough : Eject ended
2018-04-02 15:01:52,467 : ball_device.bd_trough : Counting idle
2018-04-02 15:01:54,023 : SwitchController : Processing switch. Name: s_start, state: 1, logical: True,
2018-04-02 15:01:54,023 : SwitchController : <<<<<<< 's_start' active >>>>>>>
2018-04-02 15:01:54,023 : EventManager : Event: ======'machine_var_audits_switches_s_start'====== Args={'prev_value': 1, 'value': 1, 'change': 0}
2018-04-02 15:01:54,024 : EventManager : Event: ======'s_start_active'====== Args={}
2018-04-02 15:01:54,024 : EventManager : Event: ======'sw_start'====== Args={}
2018-04-02 15:01:54,024 : EventManager : Event: ======'sw_start_active'====== Args={}
2018-04-02 15:01:54,025 : EventManager : Event: ======'player_add_request'====== Args={}
2018-04-02 15:01:54,025 : Player : Creating new player: Player 2. (player index '1')
2018-04-02 15:01:54,025 : EventManager : Event: ======'player_add_success'====== Args={'num': 2, 'player': <Player 2>}
2018-04-02 15:01:54,025 : Mode.game : Player added successfully. Total players: 2
2018-04-02 15:01:54,025 : EventManager : Event: ======'multiplayer_game'====== Args={}
2018-04-02 15:01:54,025 : Player : Setting 'extra_balls_lit' to: 0, (prior: 0, change: 0)
2018-04-02 15:01:54,026 : EventManager : Event: ======'player_extra_balls_lit'====== Args={'prev_value': 0, 'value': 0, 'player_num': 2, 'change': 0}
2018-04-02 15:01:54,026 : Player : Setting 'extra_balls' to: 0, (prior: 0, change: 0)
2018-04-02 15:01:54,026 : EventManager : Event: ======'player_extra_balls'====== Args={'prev_value': 0, 'value': 0, 'player_num': 2, 'change': 0}
2018-04-02 15:01:54,027 : Player : Setting 'extra_balls_current_ball' to: 0, (prior: 0, change: 0)
2018-04-02 15:01:54,027 : EventManager : Event: ======'player_extra_balls_current_ball'====== Args={'prev_value': 0, 'value': 0, 'player_num': 2, 'change': 0}
2018-04-02 15:01:54,027 : Player : Setting 'score' to: 0, (prior: 0, change: 0)
2018-04-02 15:01:54,027 : EventManager : Event: ======'player_score'====== Args={'prev_value': 0, 'value': 0, 'player_num': 2, 'change': 0}
2018-04-02 15:01:54,262 : SwitchController : Processing switch. Name: s_start, state: 0, logical: True,
2018-04-02 15:01:54,263 : SwitchController : <<<<<<< 's_start' inactive >>>>>>>
2018-04-02 15:01:54,263 : EventManager : Event: ======'s_start_inactive'====== Args={}
2018-04-02 15:01:54,263 : EventManager : Event: ======'sw_start_inactive'====== Args={}
2018-04-02 15:01:55,610 : SwitchController : Processing switch. Name: s_start, state: 1, logical: True,
2018-04-02 15:01:55,610 : SwitchController : <<<<<<< 's_start' active >>>>>>>
2018-04-02 15:01:55,610 : EventManager : Event: ======'machine_var_audits_switches_s_start'====== Args={'prev_value': 2, 'value': 2, 'change': 0}
2018-04-02 15:01:55,611 : EventManager : Event: ======'s_start_active'====== Args={}
2018-04-02 15:01:55,611 : EventManager : Event: ======'sw_start'====== Args={}
2018-04-02 15:01:55,611 : EventManager : Event: ======'sw_start_active'====== Args={}
2018-04-02 15:01:55,611 : EventManager : Event: ======'player_add_request'====== Args={}
2018-04-02 15:01:55,611 : Player : Creating new player: Player 3. (player index '2')
2018-04-02 15:01:55,611 : EventManager : Event: ======'player_add_success'====== Args={'num': 3, 'player': <Player 3>}
2018-04-02 15:01:55,611 : Mode.game : Player added successfully. Total players: 3
2018-04-02 15:01:55,612 : Player : Setting 'extra_balls_lit' to: 0, (prior: 0, change: 0)
2018-04-02 15:01:55,612 : EventManager : Event: ======'player_extra_balls_lit'====== Args={'prev_value': 0, 'value': 0, 'player_num': 3, 'change': 0}
2018-04-02 15:01:55,612 : Player : Setting 'extra_balls' to: 0, (prior: 0, change: 0)
2018-04-02 15:01:55,612 : EventManager : Event: ======'player_extra_balls'====== Args={'prev_value': 0, 'value': 0, 'player_num': 3, 'change': 0}
2018-04-02 15:01:55,612 : Player : Setting 'extra_balls_current_ball' to: 0, (prior: 0, change: 0)
2018-04-02 15:01:55,612 : EventManager : Event: ======'player_extra_balls_current_ball'====== Args={'prev_value': 0, 'value': 0, 'player_num': 3, 'change': 0}
2018-04-02 15:01:55,613 : Player : Setting 'score' to: 0, (prior: 0, change: 0)
2018-04-02 15:01:55,613 : EventManager : Event: ======'player_score'====== Args={'prev_value': 0, 'value': 0, 'player_num': 3, 'change': 0}
2018-04-02 15:01:55,808 : SwitchController : Processing switch. Name: s_start, state: 0, logical: True,
2018-04-02 15:01:55,808 : SwitchController : <<<<<<< 's_start' inactive >>>>>>>
2018-04-02 15:01:55,808 : EventManager : Event: ======'s_start_inactive'====== Args={}
2018-04-02 15:01:55,808 : EventManager : Event: ======'sw_start_inactive'====== Args={}
2018-04-02 15:01:56,301 : SwitchController : Processing switch. Name: s_start, state: 1, logical: True,
2018-04-02 15:01:56,301 : SwitchController : <<<<<<< 's_start' active >>>>>>>
2018-04-02 15:01:56,302 : EventManager : Event: ======'machine_var_audits_switches_s_start'====== Args={'prev_value': 3, 'value': 3, 'change': 0}
2018-04-02 15:01:56,302 : EventManager : Event: ======'s_start_active'====== Args={}
2018-04-02 15:01:56,302 : EventManager : Event: ======'sw_start'====== Args={}
2018-04-02 15:01:56,303 : EventManager : Event: ======'sw_start_active'====== Args={}
2018-04-02 15:01:56,303 : EventManager : Event: ======'player_add_request'====== Args={}
2018-04-02 15:01:56,304 : Player : Creating new player: Player 4. (player index '3')
2018-04-02 15:01:56,304 : EventManager : Event: ======'player_add_success'====== Args={'num': 4, 'player': <Player 4>}
2018-04-02 15:01:56,304 : Mode.game : Player added successfully. Total players: 4
2018-04-02 15:01:56,304 : Player : Setting 'extra_balls_lit' to: 0, (prior: 0, change: 0)
2018-04-02 15:01:56,305 : EventManager : Event: ======'player_extra_balls_lit'====== Args={'prev_value': 0, 'value': 0, 'player_num': 4, 'change': 0}
2018-04-02 15:01:56,305 : Player : Setting 'extra_balls' to: 0, (prior: 0, change: 0)
2018-04-02 15:01:56,305 : EventManager : Event: ======'player_extra_balls'====== Args={'prev_value': 0, 'value': 0, 'player_num': 4, 'change': 0}
2018-04-02 15:01:56,306 : Player : Setting 'extra_balls_current_ball' to: 0, (prior: 0, change: 0)
2018-04-02 15:01:56,306 : EventManager : Event: ======'player_extra_balls_current_ball'====== Args={'prev_value': 0, 'value': 0, 'player_num': 4, 'change': 0}
2018-04-02 15:01:56,307 : Player : Setting 'score' to: 0, (prior: 0, change: 0)
2018-04-02 15:01:56,307 : EventManager : Event: ======'player_score'====== Args={'prev_value': 0, 'value': 0, 'player_num': 4, 'change': 0}
2018-04-02 15:01:56,370 : SwitchController : Processing switch. Name: s_start, state: 0, logical: True,
2018-04-02 15:01:56,370 : SwitchController : <<<<<<< 's_start' inactive >>>>>>>
2018-04-02 15:01:56,370 : EventManager : Event: ======'s_start_inactive'====== Args={}
2018-04-02 15:01:56,371 : EventManager : Event: ======'sw_start_inactive'====== Args={}
2018-04-02 15:01:56,469 : SwitchController : Processing switch. Name: s_start, state: 1, logical: True,
2018-04-02 15:01:56,469 : SwitchController : <<<<<<< 's_start' active >>>>>>>
2018-04-02 15:01:56,469 : EventManager : Event: ======'machine_var_audits_switches_s_start'====== Args={'prev_value': 4, 'value': 4, 'change': 0}
2018-04-02 15:01:56,469 : EventManager : Event: ======'s_start_active'====== Args={}
2018-04-02 15:01:56,470 : EventManager : Event: ======'sw_start'====== Args={}
2018-04-02 15:01:56,470 : EventManager : Event: ======'sw_start_active'====== Args={}
2018-04-02 15:01:56,566 : SwitchController : Processing switch. Name: s_start, state: 0, logical: True,
2018-04-02 15:01:56,567 : SwitchController : <<<<<<< 's_start' inactive >>>>>>>
2018-04-02 15:01:56,567 : EventManager : Event: ======'s_start_inactive'====== Args={}
2018-04-02 15:01:56,567 : EventManager : Event: ======'sw_start_inactive'====== Args={}
2018-04-02 15:01:56,715 : SwitchController : Processing switch. Name: s_start, state: 1, logical: True,
2018-04-02 15:01:56,715 : SwitchController : <<<<<<< 's_start' active >>>>>>>
2018-04-02 15:01:56,716 : EventManager : Event: ======'machine_var_audits_switches_s_start'====== Args={'prev_value': 5, 'value': 5, 'change': 0}
2018-04-02 15:01:56,716 : EventManager : Event: ======'s_start_active'====== Args={}
2018-04-02 15:01:56,716 : EventManager : Event: ======'sw_start'====== Args={}
2018-04-02 15:01:56,717 : EventManager : Event: ======'sw_start_active'====== Args={}
2018-04-02 15:01:56,788 : SwitchController : Processing switch. Name: s_start, state: 0, logical: True,
2018-04-02 15:01:56,788 : SwitchController : <<<<<<< 's_start' inactive >>>>>>>
2018-04-02 15:01:56,788 : EventManager : Event: ======'s_start_inactive'====== Args={}
2018-04-02 15:01:56,788 : EventManager : Event: ======'sw_start_inactive'====== Args={}
2018-04-02 15:01:59,803 : SwitchController : Processing switch. Name: s_launch, state: 1, logical: True,
2018-04-02 15:01:59,803 : SwitchController : <<<<<<< 's_launch' active >>>>>>>
2018-04-02 15:01:59,803 : EventManager : Event: ======'machine_var_audits_switches_s_launch'====== Args={'prev_value': 1, 'value': 1, 'change': 0}
2018-04-02 15:01:59,804 : EventManager : Event: ======'s_launch_active'====== Args={}
2018-04-02 15:01:59,804 : EventManager : Event: ======'sw_launch'====== Args={}
2018-04-02 15:01:59,804 : EventManager : Event: ======'sw_launch_active'====== Args={}
2018-04-02 15:01:59,805 : SmartVirtual Coil Action : Removing ball from device bd_plunger
2018-04-02 15:01:59,805 : SwitchController : Processing switch. Name: s_plunger_lane, state: 0, logical: True,
2018-04-02 15:01:59,806 : SwitchController : <<<<<<< 's_plunger_lane' inactive >>>>>>>
2018-04-02 15:01:59,806 : SwitchController : Found timed switch handler for k/v 876974.5310000001 / {'switch_action': 's_plunger_lane-0', 'callback': <bound method SwitchCounter._switch_changed of <mpf.devices.ball_device.switch_counter.SwitchCounter object at 0x0000000007684E10>>, 'switch_name': 's_plunger_lane', 'return_info': False, 'removed': False, 'state': 0, 'callback_kwargs': {}, 'ms': 500}
2018-04-02 15:01:59,806 : EventManager : Event: ======'s_plunger_lane_inactive'====== Args={}
2018-04-02 15:01:59,806 : SmartVirtual Coil Action : Deactivating: s_plunger_lane
2018-04-02 15:01:59,806 : ball_device.bd_plunger : Firing eject coil. Current balls: 1.
2018-04-02 15:01:59,807 : SwitchController : Removing switch handler. Switch: s_plunger_lane, State: 0, ms: 0
2018-04-02 15:01:59,808 : ball_device.bd_plunger : Got ball left during eject
2018-04-02 15:01:59,808 : ball_device.bd_plunger : Switch 's_plunger_lane' changed too recently. Aborting count!
2018-04-02 15:01:59,809 : ball_device.bd_plunger : Ball left
2018-04-02 15:01:59,809 : ball_device.bd_plunger : Wait for confirm with timeout 3.0
2018-04-02 15:01:59,900 : SwitchController : Processing switch. Name: s_launch, state: 0, logical: True,
2018-04-02 15:01:59,901 : SwitchController : <<<<<<< 's_launch' inactive >>>>>>>
2018-04-02 15:01:59,901 : EventManager : Event: ======'s_launch_inactive'====== Args={}
2018-04-02 15:01:59,901 : EventManager : Event: ======'sw_launch_inactive'====== Args={}
2018-04-02 15:02:00,294 : SwitchController : Processing timed switch handler. Switch: s_plunger_lane  State: 0, ms: 500
2018-04-02 15:02:00,295 : ball_device.bd_plunger : Counted 0 balls. Active switches: []
2018-04-02 15:02:02,794 : ball_device.bd_plunger : Got timeout before confirm
2018-04-02 15:02:02,888 : ball_device.bd_plunger : Confirming eject because target is playfield and ball did not return.
2018-04-02 15:02:02,889 : ball_device.bd_plunger : Eject successful
2018-04-02 15:02:02,889 : ball_device.bd_plunger : Received eject success.
2018-04-02 15:02:02,889 : EventManager : Event: ======'balldevice_bd_plunger_ball_eject_success'====== Args={'target': <playfield.playfield>, 'balls': 1}
2018-04-02 15:02:02,890 : EventManager : Event: ======'balldevice_playfield_ball_enter'====== Args={'device': <playfield.playfield>, 'unclaimed_balls': 1, 'new_balls': 1}
2018-04-02 15:02:02,890 : EventManager : Event: ======'playfield_ball_count_change'====== Args={'balls': 1, 'change': 1}
2018-04-02 15:02:02,891 : ball_device.bd_plunger : Exited eject mode.
2018-04-02 15:02:02,892 : ball_device.bd_plunger : Waiting for eject request.
2018-04-02 15:02:02,893 : ball_device.bd_plunger : Counted 0 balls. Active switches: []
2018-04-02 15:02:02,893 : ball_device.bd_plunger : Eject ended
2018-04-02 15:02:02,893 : ball_device.bd_plunger : Counting idle
2018-04-02 15:05:19,835 : Machine : Shutting down...
2018-04-02 15:05:19,835 : EventManager : Event: ======'shutdown'====== Args={}
2018-04-02 15:05:19,836 : Machine : Shutting down...
2018-04-02 15:05:19,836 : EventManager : Event: ======'shutdown'====== Args={}
2018-04-02 15:05:19,836 : ball_device.bd_trough : Stopping ball device
2018-04-02 15:05:19,836 : ball_device.bd_plunger : Stopping ball device
2018-04-02 15:05:19,837 : SmartMatrix : Disconnecting from SmartMatrix RGB DMD hardware...
2018-04-02 15:05:19,837 : ball_device.bd_trough : Stopping ball device
2018-04-02 15:05:19,837 : ball_device.bd_plunger : Stopping ball device
2018-04-02 15:05:19,837 : SmartMatrix : Disconnecting from SmartMatrix RGB DMD hardware...
2018-04-02 15:05:19,840 : asyncio : Task was destroyed but it is pending!
task: <Task pending coro=<get() running at c:\python34\lib\asyncio\queues.py:168> wait_for=<Future cancelled> cb=[_wait.<locals>._on_completion() at c:\python34\lib\asyncio\tasks.py:408]>
2018-04-02 15:05:19,841 : asyncio : Task was destroyed but it is pending!
task: <Task pending coro=<wait() running at c:\python34\lib\asyncio\locks.py:264> wait_for=<Future cancelled> cb=[_wait.<locals>._on_completion() at c:\python34\lib\asyncio\tasks.py:408]>
2018-04-02 15:05:19,841 : asyncio : Task was destroyed but it is pending!
task: <Task pending coro=<get() running at c:\python34\lib\asyncio\queues.py:168> wait_for=<Future cancelled> cb=[_wait.<locals>._on_completion() at c:\python34\lib\asyncio\tasks.py:408]>
2018-04-02 15:05:19,841 : asyncio : Task was destroyed but it is pending!
task: <Task pending coro=<wait() running at c:\python34\lib\asyncio\locks.py:264> wait_for=<Future cancelled> cb=[_wait.<locals>._on_completion() at c:\python34\lib\asyncio\tasks.py:408]>
2018-04-02 15:05:19,842 : root : MPF run loop ended.
