2018-04-02 15:09:32,994 : kivy : Factory: 194 symbols loaded
2018-04-02 15:09:32,996 : kivy : Cache: register <kv.lang> with limit=None, timeout=None
2018-04-02 15:09:33,067 : kivy : Cache: register <kv.image> with limit=None, timeout=60
2018-04-02 15:09:33,067 : kivy : Cache: register <kv.atlas> with limit=None, timeout=None
2018-04-02 15:09:33,073 : kivy : Image: Providers: img_tex, img_dds, img_sdl2, img_gif (img_pil, img_ffpyplayer ignored)
2018-04-02 15:09:33,074 : kivy : Cache: register <kv.texture> with limit=1000, timeout=60
2018-04-02 15:09:33,074 : kivy : Cache: register <kv.shader> with limit=1000, timeout=3600
2018-04-02 15:09:33,102 : kivy : VideoGstplayer: Using Gstreamer 1.10.2.0
2018-04-02 15:09:33,103 : kivy : Video: Provider: gstplayer
2018-04-02 15:09:33,130 : kivy : Loading MPF-MC controller
2018-04-02 15:09:33,130 : mpfmc : Mission Pinball Framework Media Controller v0.33.16
2018-04-02 15:09:33,131 : mpfmc : Mission Pinball Framework Game Engine v0.33.49
2018-04-02 15:09:33,131 : mpfmc : Machine path: D:\Dev\mpf\scottp
2018-04-02 15:09:33,131 : mpfmc : Starting clock at 30.0Hz
2018-04-02 15:09:33,137 : kivy : Text: Provider: sdl2
2018-04-02 15:09:33,352 : kivy : OSC: using <thread> for socket
2018-04-02 15:09:33,355 : kivy : Window: Provider: sdl2
2018-04-02 15:09:33,559 : kivy : GL: Using the "OpenGL" graphics system
2018-04-02 15:09:33,560 : kivy : GL: GLEW initialization succeeded
2018-04-02 15:09:33,560 : kivy : GL: available extensions: b'GL_AMDX_debug_output GL_AMD_blend_minmax_factor GL_AMD_conservative_depth GL_AMD_debug_output GL_AMD_depth_clamp_separate GL_AMD_draw_buffers_blend GL_AMD_framebuffer_sample_positions GL_AMD_gcn_shader GL_AMD_gpu_shader_half_float GL_AMD_gpu_shader_half_float2 GL_AMD_gpu_shader_int64 GL_AMD_interleaved_elements GL_AMD_multi_draw_indirect GL_AMD_name_gen_delete GL_AMD_occlusion_query_event GL_AMD_performance_monitor GL_AMD_pinned_memory GL_AMD_query_buffer_object GL_AMD_sample_positions GL_AMD_seamless_cubemap_per_texture GL_AMD_shader_atomic_counter_ops GL_AMD_shader_stencil_export GL_AMD_shader_stencil_value_export GL_AMD_shader_trace GL_AMD_shader_trinary_minmax GL_AMD_sparse_texture GL_AMD_sparse_texture_pool GL_AMD_stencil_operation_extended GL_AMD_texture_cube_map_array GL_AMD_texture_texture4 GL_AMD_transform_feedback3_lines_triangles GL_AMD_transform_feedback4 GL_AMD_vertex_shader_layer GL_AMD_vertex_shader_viewport_index GL_ARB_ES2_compatibility GL_ARB_ES3_1_compatibility GL_ARB_ES3_compatibility GL_ARB_arrays_of_arrays GL_ARB_base_instance GL_ARB_bindless_texture GL_ARB_blend_func_extended GL_ARB_buffer_storage GL_ARB_clear_buffer_object GL_ARB_clear_texture GL_ARB_clip_control GL_ARB_color_buffer_float GL_ARB_compatibility GL_ARB_compressed_texture_pixel_storage GL_ARB_compute_shader GL_ARB_conditional_render_inverted GL_ARB_conservative_depth GL_ARB_copy_buffer GL_ARB_copy_image GL_ARB_cull_distance GL_ARB_debug_output GL_ARB_depth_buffer_float GL_ARB_depth_clamp GL_ARB_depth_texture GL_ARB_derivative_control GL_ARB_direct_state_access GL_ARB_draw_buffers GL_ARB_draw_buffers_blend GL_ARB_draw_elements_base_vertex GL_ARB_draw_indirect GL_ARB_draw_instanced GL_ARB_enhanced_layouts GL_ARB_explicit_attrib_location GL_ARB_explicit_uniform_location GL_ARB_fragment_coord_conventions GL_ARB_fragment_layer_viewport GL_ARB_fragment_program GL_ARB_fragment_program_shadow GL_ARB_fragment_shader GL_ARB_framebuffer_no_attachments GL_ARB_framebuffer_object GL_ARB_framebuffer_sRGB GL_ARB_geometry_shader4 GL_ARB_get_program_binary GL_ARB_get_texture_sub_image GL_ARB_gl_spirv GL_ARB_gpu_shader5 GL_ARB_gpu_shader_fp64 GL_ARB_half_float_pixel GL_ARB_half_float_vertex GL_ARB_imaging GL_ARB_indirect_parameters GL_ARB_instanced_arrays GL_ARB_internalformat_query GL_ARB_internalformat_query2 GL_ARB_invalidate_subdata GL_ARB_map_buffer_alignment GL_ARB_map_buffer_range GL_ARB_multi_bind GL_ARB_multi_draw_indirect GL_ARB_multisample GL_ARB_multitexture GL_ARB_occlusion_query GL_ARB_occlusion_query2 GL_ARB_pipeline_statistics_query GL_ARB_pixel_buffer_object GL_ARB_point_parameters GL_ARB_point_sprite GL_ARB_program_interface_query GL_ARB_provoking_vertex GL_ARB_query_buffer_object GL_ARB_robust_buffer_access_behavior GL_ARB_sample_shading GL_ARB_sampler_objects GL_ARB_seamless_cube_map GL_ARB_seamless_cubemap_per_texture GL_ARB_separate_shader_objects GL_ARB_shader_atomic_counters GL_ARB_shader_ballot GL_ARB_shader_bit_encoding GL_ARB_shader_draw_parameters GL_ARB_shader_group_vote GL_ARB_shader_image_load_store GL_ARB_shader_image_size GL_ARB_shader_objects GL_ARB_shader_precision GL_ARB_shader_stencil_export GL_ARB_shader_storage_buffer_object GL_ARB_shader_subroutine GL_ARB_shader_texture_image_samples GL_ARB_shader_texture_lod GL_ARB_shader_viewport_layer_array GL_ARB_shading_language_100 GL_ARB_shading_language_420pack GL_ARB_shading_language_packing GL_ARB_shadow GL_ARB_shadow_ambient GL_ARB_sparse_buffer GL_ARB_sparse_texture GL_ARB_stencil_texturing GL_ARB_sync GL_ARB_tessellation_shader GL_ARB_texture_barrier GL_ARB_texture_border_clamp GL_ARB_texture_buffer_object GL_ARB_texture_buffer_object_rgb32 GL_ARB_texture_buffer_range GL_ARB_texture_compression GL_ARB_texture_compression_bptc GL_ARB_texture_compression_rgtc GL_ARB_texture_cube_map GL_ARB_texture_cube_map_array GL_ARB_texture_env_add GL_ARB_texture_env_combine GL_ARB_texture_env_crossbar GL_ARB_texture_env_dot3 GL_ARB_texture_float GL_ARB_texture_gather GL_ARB_texture_mirror_clamp_to_edge GL_ARB_texture_mirrored_repeat GL_ARB_texture_multisample GL_ARB_texture_non_power_of_two GL_ARB_texture_query_levels GL_ARB_texture_query_lod GL_ARB_texture_rectangle GL_ARB_texture_rg GL_ARB_texture_rgb10_a2ui GL_ARB_texture_snorm GL_ARB_texture_stencil8 GL_ARB_texture_storage GL_ARB_texture_storage_multisample GL_ARB_texture_swizzle GL_ARB_texture_view GL_ARB_timer_query GL_ARB_transform_feedback2 GL_ARB_transform_feedback3 GL_ARB_transform_feedback_instanced GL_ARB_transform_feedback_overflow_query GL_ARB_transpose_matrix GL_ARB_uniform_buffer_object GL_ARB_vertex_array_bgra GL_ARB_vertex_array_object GL_ARB_vertex_attrib_64bit GL_ARB_vertex_attrib_binding GL_ARB_vertex_buffer_object GL_ARB_vertex_program GL_ARB_vertex_shader GL_ARB_vertex_type_10f_11f_11f_rev GL_ARB_vertex_type_2_10_10_10_rev GL_ARB_viewport_array GL_ARB_window_pos GL_ATI_draw_buffers GL_ATI_envmap_bumpmap GL_ATI_fragment_shader GL_ATI_separate_stencil GL_ATI_texture_compression_3dc GL_ATI_texture_env_combine3 GL_ATI_texture_float GL_ATI_texture_mirror_once GL_EXT_abgr GL_EXT_bgra GL_EXT_bindable_uniform GL_EXT_blend_color GL_EXT_blend_equation_separate GL_EXT_blend_func_separate GL_EXT_blend_minmax GL_EXT_blend_subtract GL_EXT_compiled_vertex_array GL_EXT_copy_buffer GL_EXT_copy_texture GL_EXT_depth_bounds_test GL_EXT_direct_state_access GL_EXT_draw_buffers2 GL_EXT_draw_instanced GL_EXT_draw_range_elements GL_EXT_fog_coord GL_EXT_framebuffer_blit GL_EXT_framebuffer_multisample GL_EXT_framebuffer_object GL_EXT_framebuffer_sRGB GL_EXT_geometry_shader4 GL_EXT_gpu_program_parameters GL_EXT_gpu_shader4 GL_EXT_histogram GL_EXT_multi_draw_arrays GL_EXT_packed_depth_stencil GL_EXT_packed_float GL_EXT_packed_pixels GL_EXT_pixel_buffer_object GL_EXT_point_parameters GL_EXT_polygon_offset_clamp GL_EXT_provoking_vertex GL_EXT_rescale_normal GL_EXT_secondary_color GL_EXT_separate_specular_color GL_EXT_shader_image_load_store GL_EXT_shader_integer_mix GL_EXT_shadow_funcs GL_EXT_stencil_wrap GL_EXT_subtexture GL_EXT_texgen_reflection GL_EXT_texture3D GL_EXT_texture_array GL_EXT_texture_buffer_object GL_EXT_texture_compression_bptc GL_EXT_texture_compression_latc GL_EXT_texture_compression_rgtc GL_EXT_texture_compression_s3tc GL_EXT_texture_cube_map GL_EXT_texture_edge_clamp GL_EXT_texture_env_add GL_EXT_texture_env_combine GL_EXT_texture_env_dot3 GL_EXT_texture_filter_anisotropic GL_EXT_texture_integer GL_EXT_texture_lod GL_EXT_texture_lod_bias GL_EXT_texture_mirror_clamp GL_EXT_texture_object GL_EXT_texture_rectangle GL_EXT_texture_sRGB GL_EXT_texture_sRGB_decode GL_EXT_texture_shared_exponent GL_EXT_texture_snorm GL_EXT_texture_storage GL_EXT_texture_swizzle GL_EXT_timer_query GL_EXT_transform_feedback GL_EXT_vertex_array GL_EXT_vertex_array_bgra GL_EXT_vertex_attrib_64bit GL_IBM_texture_mirrored_repeat GL_INTEL_fragment_shader_ordering GL_KHR_context_flush_control GL_KHR_debug GL_KHR_robust_buffer_access_behavior GL_KHR_robustness GL_KTX_buffer_region GL_NV_alpha_to_coverage_dither_control GL_NV_blend_square GL_NV_conditional_render GL_NV_copy_depth_to_color GL_NV_copy_image GL_NV_depth_buffer_float GL_NV_explicit_multisample GL_NV_float_buffer GL_NV_half_float GL_NV_primitive_restart GL_NV_texgen_reflection GL_NV_texture_barrier GL_OES_EGL_image GL_SGIS_generate_mipmap GL_SGIS_texture_edge_clamp GL_SGIS_texture_lod GL_SUN_multi_draw_arrays GL_WIN_swap_hint WGL_EXT_swap_control'
2018-04-02 15:09:33,560 : kivy : GL: glShaderBinary is not available
2018-04-02 15:09:33,561 : kivy : GL: Backend used <glew>
2018-04-02 15:09:33,561 : kivy : GL: OpenGL version <b'4.5.13497 Compatibility Profile Context 23.20.793.0'>
2018-04-02 15:09:33,561 : kivy : GL: OpenGL vendor <b'ATI Technologies Inc.'>
2018-04-02 15:09:33,561 : kivy : GL: OpenGL renderer <b'Radeon (TM) RX 480 Graphics'>
2018-04-02 15:09:33,561 : kivy : GL: OpenGL parsed version: 4, 5
2018-04-02 15:09:33,561 : kivy : GL: Shading version <b'4.50'>
2018-04-02 15:09:33,561 : kivy : GL: Texture max size <16384>
2018-04-02 15:09:33,561 : kivy : GL: Texture max units <32>
2018-04-02 15:09:33,568 : kivy : Shader: Fragment compiled successfully
2018-04-02 15:09:33,568 : kivy : Shader: Vertex compiled successfully
2018-04-02 15:09:33,569 : kivy : ImageSDL2: Load <c:\python34\lib\site-packages\kivy\data\glsl\default.png>
2018-04-02 15:09:33,570 : kivy : Window: auto add sdl2 input provider
2018-04-02 15:09:33,571 : kivy : Window: virtual keyboard not allowed, single mode, not docked
2018-04-02 15:09:33,573 : mpfmc : Machine path: D:\Dev\mpf\scottp
2018-04-02 15:09:33,573 : kivy : Resource: add <D:\Dev\mpf\scottp\fonts> in path list
2018-04-02 15:09:33,573 : kivy : Resource: add <c:\python34\lib\site-packages\mpfmc\fonts> in path list
2018-04-02 15:09:33,573 : SoundSystem : Loading the Sound System
2018-04-02 15:09:33,573 : SoundSystem : SoundSystem: Using default 'sound_system' settings
2018-04-02 15:09:34,107 : AudioInterface : Initialized
2018-04-02 15:09:34,107 : AudioInterface : Loaded SDL 2.0.5
2018-04-02 15:09:34,107 : AudioInterface : Loaded SDL_Mixer 2.0.1
2018-04-02 15:09:34,107 : AudioInterface : Loaded GStreamer 1.10.2.0
2018-04-02 15:09:34,107 : AudioInterface : Loaded GLib 2.48.1
2018-04-02 15:09:34,108 : AudioInterface : Settings requested - rate: 44100, channels: 1, buffer: 2048 samples
2018-04-02 15:09:34,108 : AudioInterface : Settings in use - rate: 44100, channels: 1, buffer: 2048 samples (4096 bytes @ 2 bytes per sample)
2018-04-02 15:09:34,108 : Track : Allocated track audio buffer (4096 bytes)
2018-04-02 15:09:34,108 : Track.0.TrackStandard.default : Created Track 0 default with the following settings: simultaneous_sounds = 1, volume = 0.500000
2018-04-02 15:09:34,108 : AudioInterface : The 'default' standard track has successfully been created.
2018-04-02 15:09:34,108 : SoundSystem : No audio tracks are specified in your machine config file. a track named 'default' has been created.
2018-04-02 15:09:34,108 : AudioInterface : Enabling audio playback
2018-04-02 15:09:34,109 : kivy : App: Loading kv <c:\python34\lib\site-packages\mpfmc\core\mpfmc.kv>
2018-04-02 15:09:34,110 : kivy : App: kv <c:\python34\lib\site-packages\mpfmc\core\mpfmc.kv> not found
2018-04-02 15:09:34,110 : kivy : Base: Create provider from mouse
2018-04-02 15:09:34,110 : kivy : Base: Create provider from wm_touch
2018-04-02 15:09:34,110 : kivy : Base: Create provider from wm_pen
2018-04-02 15:09:34,110 : kivy : Base: Start application main loop
2018-04-02 15:09:34,137 : EventManager : Event: ======'slide_dmd_blank_created'====== Args={}
2018-04-02 15:09:34,138 : EventManager : Event: ======'display_dmd_ready'====== Args={}
2018-04-02 15:09:34,139 : EventManager : Event: ======'slide_window_blank_created'====== Args={}
2018-04-02 15:09:34,139 : EventManager : Event: ======'display_window_ready'====== Args={}
2018-04-02 15:09:34,160 : EventManager : Event: ======'display_dmd_initialized'====== Args={}
2018-04-02 15:09:34,160 : EventManager : Event: ======'display_window_initialized'====== Args={}
2018-04-02 15:09:34,187 : EventManager : Event: ======'displays_initialized'====== Args={}
2018-04-02 15:09:34,192 : EventManager : Event: ======'init_phase_1'====== Args={}
2018-04-02 15:09:34,206 : EventManager : Event: ======'mc_ready'====== Args={}
2018-04-02 15:09:34,206 : EventManager : Event: ======'init_phase_2'====== Args={}
2018-04-02 15:09:34,207 : ModeController : Found MPF Mode folders: {'credits': 'credits', 'bonus': 'bonus', 'service': 'service', 'game': 'game', 'high_score': 'high_score', 'tilt': 'tilt', 'attract': 'attract', 'match': 'match', 'carousel': 'carousel'}
2018-04-02 15:09:34,207 : ModeController : Found Machine-specific Mode folders: {}
2018-04-02 15:09:34,210 : EventManager : Event: ======'init_phase_3'====== Args={}
2018-04-02 15:09:34,210 : mpfmc : Clearing boot hold assets. Holds remaining: {'init'}
2018-04-02 15:09:34,210 : EventManager : Event: ======'init_phase_4'====== Args={}
2018-04-02 15:09:34,210 : EventManager : Event: ======'init_phase_5'====== Args={}
2018-04-02 15:09:34,210 : mpfmc : Clearing boot hold init. Holds remaining: set()
2018-04-02 15:09:34,210 : EventManager : Event: ======'init_done'====== Args={}
2018-04-02 15:09:34,211 : MPF-MC BCP Server : Starting up on localhost port 5050
2018-04-02 15:09:34,215 : MPF-MC BCP Server : Waiting for a connection...
2018-04-02 15:09:34,216 : kivy : GL: NPOT texture support is available
2018-04-02 15:09:34,230 : kivy : Shader: Fragment compiled successfully
2018-04-02 15:09:34,262 : kivy : Resource: add <C:\WINDOWS\Fonts> in path list
2018-04-02 15:09:34,262 : kivy : Resource: add <c:\python34\lib\site-packages\kivy\data\fonts> in path list
2018-04-02 15:09:34,265 : EventManager : Event: ======'slide_window_slide_1_created'====== Args={}
2018-04-02 15:09:34,266 : EventManager : Event: ======'slide_window_slide_1_active'====== Args={}
2018-04-02 15:09:34,269 : EventManager : Event: ======'client_disconnected'====== Args={'port': 5050, 'host': '127.0.0.1'}
2018-04-02 15:09:34,572 : MPF-MC BCP Server : Received connection from: 127.0.0.1:53604
2018-04-02 15:09:34,572 : MPF-MC BCP Server : Received "hello?controller_name=Mission%20Pinball%20Framework&version=1.1&controller_version=0.33.49"
2018-04-02 15:09:34,587 : EventManager : Event: ======'client_connected'====== Args={'port': 53604, 'host': '127.0.0.1'}
2018-04-02 15:09:34,587 : mpfmc : Initializing Physical DMD
2018-04-02 15:09:34,590 : MPF-MC BCP Server : Received "settings?json={"settings": [["flipper_power", "Flipper power", 1000, "flipper_power", 1.0, {"0.8": "Weak", "1.0": "Normal (default)", "1.2": "Strong"}]]}"
2018-04-02 15:09:34,590 : MPF-MC BCP Server : Received "machine_variable?value=int:0&name=audits_events_game_ended"
2018-04-02 15:09:34,591 : kivy : Shader: Fragment compiled successfully
2018-04-02 15:09:34,591 : MPF-MC BCP Server : Received "machine_variable?value=int:0&name=audits_switches_s_trough_jam"
2018-04-02 15:09:34,592 : kivy : Shader: Fragment compiled successfully
2018-04-02 15:09:34,593 : kivy : Shader: Fragment compiled successfully
2018-04-02 15:09:34,593 : MPF-MC BCP Server : Received "machine_variable?value=int:0&name=audits_switches_s_trough2"
2018-04-02 15:09:34,594 : MPF-MC BCP Server : Received "machine_variable?value=MPF%20v0.33.49%2C%20Config%20version%3A4%2C%20Show%20version%3A%204%2C%20BCP%20version%3A1.1&name=mpf_extended_version"
2018-04-02 15:09:34,594 : MPF-MC BCP Server : Received "machine_variable?value=int:7&name=audits_switches_s_plunger_lane"
2018-04-02 15:09:34,595 : MPF-MC BCP Server : Received "machine_variable?value=MPF%20v0.33.49&name=mpf_version"
2018-04-02 15:09:34,595 : mpfmc : Setting Physical DMD to 30.0fps
2018-04-02 15:09:34,595 : MPF-MC BCP Server : Received "machine_variable?value=int:0&name=audits_switches_s_trough4"
2018-04-02 15:09:34,597 : MPF-MC BCP Server : Received "machine_variable?value=10.0.16299&name=platform_version"
2018-04-02 15:09:34,597 : MPF-MC BCP Server : Received "machine_variable?value=Windows-10-10.0.16299&name=platform"
2018-04-02 15:09:34,597 : MPF-MC BCP Server : Received "machine_variable?value=Windows&name=platform_system"
2018-04-02 15:09:34,597 : MPF-MC BCP Server : Received "machine_variable?value=int:1&name=audits_switches_s_start"
2018-04-02 15:09:34,597 : MPF-MC BCP Server : Received "machine_variable?value=3.4.4&name=python_version"
2018-04-02 15:09:34,597 : MPF-MC BCP Server : Received "machine_variable?value=int:6&name=audits_events_game_started"
2018-04-02 15:09:34,597 : MPF-MC BCP Server : Received "machine_variable?value=int:1&name=audits_switches_s_trough1"
2018-04-02 15:09:34,597 : MPF-MC BCP Server : Received "machine_variable?value=AMD64&name=platform_machine"
2018-04-02 15:09:34,597 : MPF-MC BCP Server : Received "machine_variable?value=int:0&name=audits_switches_s_left_flipper"
2018-04-02 15:09:34,597 : MPF-MC BCP Server : Received "machine_variable?value=int:0&name=audits_switches_s_right_flipper"
2018-04-02 15:09:34,598 : MPF-MC BCP Server : Received "machine_variable?value=int:0&name=audits_switches_s_trough5"
2018-04-02 15:09:34,598 : MPF-MC BCP Server : Received "machine_variable?value=FREE%20PLAY&name=credits_string"
2018-04-02 15:09:34,598 : MPF-MC BCP Server : Received "machine_variable?value=int:0&name=audits_switches_s_right_inlane"
2018-04-02 15:09:34,598 : MPF-MC BCP Server : Received "machine_variable?json={"value": {"total": 0, "average": 0, "top": []}, "name": "audits_player_score"}"
2018-04-02 15:09:34,598 : MPF-MC BCP Server : Received "machine_variable?value=int:0&name=audits_switches_s_trough3"
2018-04-02 15:09:34,598 : MPF-MC BCP Server : Received "machine_variable?value=int:1&name=audits_switches_s_launch"
2018-04-02 15:09:34,598 : MPF-MC BCP Server : Received "machine_variable?value=10&name=platform_release"
2018-04-02 15:09:34,598 : MPF-MC BCP Server : Received "trigger?name=init_done"
2018-04-02 15:09:34,598 : MPF-MC BCP Server : Received "reset"
2018-04-02 15:09:34,598 : MPF-MC BCP Server : Received "machine_variable?value=float:0.5&prev_value=float:0.5&name=master_volume&change=float:0.0"
2018-04-02 15:09:34,612 : mpfmc : Setting machine_var 'audits_events_game_ended' to: 0, (prior: None, change: True)
2018-04-02 15:09:34,612 : EventManager : Event: ======'machine_var_audits_events_game_ended'====== Args={'prev_value': None, 'value': 0, 'change': True}
2018-04-02 15:09:34,612 : mpfmc : Setting machine_var 'audits_switches_s_trough_jam' to: 0, (prior: None, change: True)
2018-04-02 15:09:34,612 : EventManager : Event: ======'machine_var_audits_switches_s_trough_jam'====== Args={'prev_value': None, 'value': 0, 'change': True}
2018-04-02 15:09:34,612 : mpfmc : Setting machine_var 'audits_switches_s_trough2' to: 0, (prior: None, change: True)
2018-04-02 15:09:34,612 : EventManager : Event: ======'machine_var_audits_switches_s_trough2'====== Args={'prev_value': None, 'value': 0, 'change': True}
2018-04-02 15:09:34,612 : mpfmc : Setting machine_var 'mpf_extended_version' to: MPF v0.33.49, Config version:4, Show version: 4, BCP version:1.1, (prior: None, change: True)
2018-04-02 15:09:34,612 : EventManager : Event: ======'machine_var_mpf_extended_version'====== Args={'prev_value': None, 'value': 'MPF v0.33.49, Config version:4, Show version: 4, BCP version:1.1', 'change': True}
2018-04-02 15:09:34,612 : mpfmc : Setting machine_var 'audits_switches_s_plunger_lane' to: 7, (prior: None, change: True)
2018-04-02 15:09:34,612 : EventManager : Event: ======'machine_var_audits_switches_s_plunger_lane'====== Args={'prev_value': None, 'value': 7, 'change': True}
2018-04-02 15:09:34,612 : mpfmc : Setting machine_var 'mpf_version' to: MPF v0.33.49, (prior: None, change: True)
2018-04-02 15:09:34,612 : EventManager : Event: ======'machine_var_mpf_version'====== Args={'prev_value': None, 'value': 'MPF v0.33.49', 'change': True}
2018-04-02 15:09:34,612 : mpfmc : Setting machine_var 'audits_switches_s_trough4' to: 0, (prior: None, change: True)
2018-04-02 15:09:34,612 : EventManager : Event: ======'machine_var_audits_switches_s_trough4'====== Args={'prev_value': None, 'value': 0, 'change': True}
2018-04-02 15:09:34,612 : mpfmc : Setting machine_var 'platform_version' to: 10.0.16299, (prior: None, change: True)
2018-04-02 15:09:34,613 : EventManager : Event: ======'machine_var_platform_version'====== Args={'prev_value': None, 'value': '10.0.16299', 'change': True}
2018-04-02 15:09:34,613 : mpfmc : Setting machine_var 'platform' to: Windows-10-10.0.16299, (prior: None, change: True)
2018-04-02 15:09:34,613 : EventManager : Event: ======'machine_var_platform'====== Args={'prev_value': None, 'value': 'Windows-10-10.0.16299', 'change': True}
2018-04-02 15:09:34,613 : mpfmc : Setting machine_var 'platform_system' to: Windows, (prior: None, change: True)
2018-04-02 15:09:34,613 : EventManager : Event: ======'machine_var_platform_system'====== Args={'prev_value': None, 'value': 'Windows', 'change': True}
2018-04-02 15:09:34,613 : mpfmc : Setting machine_var 'audits_switches_s_start' to: 1, (prior: None, change: True)
2018-04-02 15:09:34,613 : EventManager : Event: ======'machine_var_audits_switches_s_start'====== Args={'prev_value': None, 'value': 1, 'change': True}
2018-04-02 15:09:34,613 : mpfmc : Setting machine_var 'python_version' to: 3.4.4, (prior: None, change: True)
2018-04-02 15:09:34,613 : EventManager : Event: ======'machine_var_python_version'====== Args={'prev_value': None, 'value': '3.4.4', 'change': True}
2018-04-02 15:09:34,613 : mpfmc : Setting machine_var 'audits_events_game_started' to: 6, (prior: None, change: True)
2018-04-02 15:09:34,613 : EventManager : Event: ======'machine_var_audits_events_game_started'====== Args={'prev_value': None, 'value': 6, 'change': True}
2018-04-02 15:09:34,613 : mpfmc : Setting machine_var 'audits_switches_s_trough1' to: 1, (prior: None, change: True)
2018-04-02 15:09:34,613 : EventManager : Event: ======'machine_var_audits_switches_s_trough1'====== Args={'prev_value': None, 'value': 1, 'change': True}
2018-04-02 15:09:34,613 : mpfmc : Setting machine_var 'platform_machine' to: AMD64, (prior: None, change: True)
2018-04-02 15:09:34,613 : EventManager : Event: ======'machine_var_platform_machine'====== Args={'prev_value': None, 'value': 'AMD64', 'change': True}
2018-04-02 15:09:34,613 : mpfmc : Setting machine_var 'audits_switches_s_left_flipper' to: 0, (prior: None, change: True)
2018-04-02 15:09:34,613 : EventManager : Event: ======'machine_var_audits_switches_s_left_flipper'====== Args={'prev_value': None, 'value': 0, 'change': True}
2018-04-02 15:09:34,613 : mpfmc : Setting machine_var 'audits_switches_s_right_flipper' to: 0, (prior: None, change: True)
2018-04-02 15:09:34,613 : EventManager : Event: ======'machine_var_audits_switches_s_right_flipper'====== Args={'prev_value': None, 'value': 0, 'change': True}
2018-04-02 15:09:34,613 : mpfmc : Setting machine_var 'audits_switches_s_trough5' to: 0, (prior: None, change: True)
2018-04-02 15:09:34,614 : EventManager : Event: ======'machine_var_audits_switches_s_trough5'====== Args={'prev_value': None, 'value': 0, 'change': True}
2018-04-02 15:09:34,614 : mpfmc : Setting machine_var 'credits_string' to: FREE PLAY, (prior: None, change: True)
2018-04-02 15:09:34,614 : EventManager : Event: ======'machine_var_credits_string'====== Args={'prev_value': None, 'value': 'FREE PLAY', 'change': True}
2018-04-02 15:09:34,614 : mpfmc : Setting machine_var 'audits_switches_s_right_inlane' to: 0, (prior: None, change: True)
2018-04-02 15:09:34,614 : EventManager : Event: ======'machine_var_audits_switches_s_right_inlane'====== Args={'prev_value': None, 'value': 0, 'change': True}
2018-04-02 15:09:34,614 : mpfmc : Setting machine_var 'audits_player_score' to: {'total': 0, 'average': 0, 'top': []}, (prior: None, change: True)
2018-04-02 15:09:34,614 : EventManager : Event: ======'machine_var_audits_player_score'====== Args={'prev_value': None, 'value': {'total': 0, 'average': 0, 'top': []}, 'change': True}
2018-04-02 15:09:34,614 : mpfmc : Setting machine_var 'audits_switches_s_trough3' to: 0, (prior: None, change: True)
2018-04-02 15:09:34,614 : EventManager : Event: ======'machine_var_audits_switches_s_trough3'====== Args={'prev_value': None, 'value': 0, 'change': True}
2018-04-02 15:09:34,614 : mpfmc : Setting machine_var 'audits_switches_s_launch' to: 1, (prior: None, change: True)
2018-04-02 15:09:34,614 : EventManager : Event: ======'machine_var_audits_switches_s_launch'====== Args={'prev_value': None, 'value': 1, 'change': True}
2018-04-02 15:09:34,614 : mpfmc : Setting machine_var 'platform_release' to: 10, (prior: None, change: True)
2018-04-02 15:09:34,614 : EventManager : Event: ======'machine_var_platform_release'====== Args={'prev_value': None, 'value': '10', 'change': True}
2018-04-02 15:09:34,614 : EventManager : Event: ======'init_done'====== Args={}
2018-04-02 15:09:34,614 : EventManager : Event: ======'mc_reset_phase_1'====== Args={}
2018-04-02 15:09:34,616 : EventManager : Event: ======'slide_window_slide_1_removed'====== Args={}
2018-04-02 15:09:34,623 : EventManager : Event: ======'slide_window_slide_1_created'====== Args={}
2018-04-02 15:09:34,624 : EventManager : Event: ======'mc_reset_phase_2'====== Args={}
2018-04-02 15:09:34,624 : EventManager : Event: ======'mc_reset_phase_3'====== Args={}
2018-04-02 15:09:34,624 : EventManager : Event: ======'mc_reset_complete'====== Args={}
2018-04-02 15:09:34,626 : EventManager : Event: ======'slide_window_slide_1_active'====== Args={}
2018-04-02 15:09:34,631 : MPF-MC BCP Server : Received "mode_start?priority=int:10&name=attract"
2018-04-02 15:09:34,632 : MPF-MC BCP Server : Received "trigger?name=mode_attract_started"
2018-04-02 15:09:34,654 : Mode.attract : Mode Start. Priority: 10
2018-04-02 15:09:34,654 : EventManager : Event: ======'mode_attract_started'====== Args={}
2018-04-02 15:09:34,660 : EventManager : Event: ======'slide_dmd_slide_1_created'====== Args={}
2018-04-02 15:09:34,665 : EventManager : Event: ======'slide_dmd_slide_1_active'====== Args={}
2018-04-02 15:09:47,270 : Keyboard : Processing key stroke for key s-
2018-04-02 15:09:47,395 : MPF-MC BCP Server : Received "mode_start?priority=int:20&name=game"
2018-04-02 15:09:47,396 : MPF-MC BCP Server : Received "mode_stop?name=attract"
2018-04-02 15:09:47,400 : MPF-MC BCP Server : Received "player_variable?value=int:0&prev_value=int:0&name=extra_balls_lit&change=int:0&player_num=int:1"
2018-04-02 15:09:47,401 : MPF-MC BCP Server : Received "player_variable?value=int:0&prev_value=int:0&name=extra_balls&change=int:0&player_num=int:1"
2018-04-02 15:09:47,401 : MPF-MC BCP Server : Received "player_variable?value=int:0&prev_value=int:0&name=extra_balls_current_ball&change=int:0&player_num=int:1"
2018-04-02 15:09:47,401 : MPF-MC BCP Server : Received "player_added?player_num=int:1"
2018-04-02 15:09:47,401 : MPF-MC BCP Server : Received "player_turn_start?player_num=int:1"
2018-04-02 15:09:47,402 : MPF-MC BCP Server : Received "player_variable?value=int:1&prev_value=int:0&name=ball&change=int:1&player_num=int:1"
2018-04-02 15:09:47,405 : MPF-MC BCP Server : Received "trigger?ball=int:1&name=ball_started&player=int:1"
2018-04-02 15:09:47,405 : MPF-MC BCP Server : Received "ball_start?ball=int:1&player_num=int:1"
2018-04-02 15:09:47,412 : EventManager : Event: ======'game_started'====== Args={}
2018-04-02 15:09:47,412 : Mode.game : Mode Start. Priority: 20
2018-04-02 15:09:47,413 : Mode.attract : Mode Stop.
2018-04-02 15:09:47,413 : Player : Creating new player: Player 1. (player index '0')
2018-04-02 15:09:47,413 : EventManager : Event: ======'player_add_success'====== Args={'player': <Player 1>, 'num': 1}
2018-04-02 15:09:47,414 : EventManager : Event: ======'player_add_success'====== Args={'player': <Player 1>, 'num': 1}
2018-04-02 15:09:47,414 : EventManager : Event: ======'player_turn_start'====== Args={'player': <Player 1>, 'number': 1}
2018-04-02 15:09:47,414 : Player : Setting 'ball' to: 1, (prior: 0, change: 1)
2018-04-02 15:09:47,414 : EventManager : Event: ======'player_ball'====== Args={'prev_value': 0, 'player_num': 1, 'value': 1, 'change': 1}
2018-04-02 15:09:47,414 : EventManager : Event: ======'ball_started'====== Args={'player': 1, 'ball': 1}
2018-04-02 15:09:47,419 : EventManager : Event: ======'slide_widgets_created'====== Args={}
2018-04-02 15:09:47,420 : Player : Setting 'score' to: 0, (prior: 0, change: 0)
2018-04-02 15:09:47,421 : EventManager : Event: ======'player_score'====== Args={'prev_value': 0, 'player_num': 1, 'value': 0, 'change': 0}
2018-04-02 15:09:47,425 : EventManager : Event: ======'slide_widgets_active'====== Args={}
2018-04-02 15:09:47,498 : MPF-MC BCP Server : Received "machine_variable?value=int:8&prev_value=int:8&name=audits_switches_s_plunger_lane&change=int:0"
2018-04-02 15:09:53,832 : Keyboard : Processing key stroke for key 1-
2018-04-02 15:09:53,834 : MPF-MC BCP Server : Received "machine_variable?value=int:2&prev_value=int:2&name=audits_switches_s_trough1&change=int:0"
2018-04-02 15:09:54,148 : MPF-MC BCP Server : Received "ball_end"
2018-04-02 15:09:54,149 : MPF-MC BCP Server : Received "player_turn_start?player_num=int:1"
2018-04-02 15:09:54,149 : MPF-MC BCP Server : Received "player_variable?value=int:2&prev_value=int:1&name=ball&change=int:1&player_num=int:1"
2018-04-02 15:09:54,150 : MPF-MC BCP Server : Received "trigger?ball=int:2&name=ball_started&player=int:1"
2018-04-02 15:09:54,150 : MPF-MC BCP Server : Received "ball_start?ball=int:2&player_num=int:1"
2018-04-02 15:09:54,167 : Player : Setting 'ball' to: 2, (prior: 1, change: 1)
2018-04-02 15:09:54,167 : EventManager : Event: ======'player_ball'====== Args={'prev_value': 1, 'player_num': 1, 'value': 2, 'change': 1}
2018-04-02 15:09:54,168 : EventManager : Event: ======'ball_started'====== Args={'player': 1, 'ball': 2}
2018-04-02 15:09:54,171 : EventManager : Event: ======'slide_widgets_removed'====== Args={}
2018-04-02 15:09:54,176 : EventManager : Event: ======'slide_widgets_created'====== Args={}
2018-04-02 15:09:54,182 : EventManager : Event: ======'slide_widgets_active'====== Args={}
2018-04-02 15:09:57,867 : Keyboard : Processing key stroke for key 1-
2018-04-02 15:10:01,542 : Keyboard : Processing key stroke for key 1-
2018-04-02 15:10:01,543 : MPF-MC BCP Server : Received "machine_variable?value=int:3&prev_value=int:3&name=audits_switches_s_trough1&change=int:0"
2018-04-02 15:10:01,848 : MPF-MC BCP Server : Received "ball_end"
2018-04-02 15:10:01,849 : MPF-MC BCP Server : Received "player_turn_start?player_num=int:1"
2018-04-02 15:10:01,849 : MPF-MC BCP Server : Received "player_variable?value=int:3&prev_value=int:2&name=ball&change=int:1&player_num=int:1"
2018-04-02 15:10:01,852 : MPF-MC BCP Server : Received "trigger?ball=int:3&name=ball_started&player=int:1"
2018-04-02 15:10:01,852 : MPF-MC BCP Server : Received "ball_start?ball=int:3&player_num=int:1"
2018-04-02 15:10:01,854 : Player : Setting 'ball' to: 3, (prior: 2, change: 1)
2018-04-02 15:10:01,854 : EventManager : Event: ======'player_ball'====== Args={'prev_value': 2, 'player_num': 1, 'value': 3, 'change': 1}
2018-04-02 15:10:01,854 : EventManager : Event: ======'ball_started'====== Args={'player': 1, 'ball': 3}
2018-04-02 15:10:01,857 : EventManager : Event: ======'slide_widgets_removed'====== Args={}
2018-04-02 15:10:01,861 : EventManager : Event: ======'slide_widgets_created'====== Args={}
2018-04-02 15:10:01,867 : EventManager : Event: ======'slide_widgets_active'====== Args={}
2018-04-02 15:10:03,909 : Keyboard : Processing key stroke for key 1-
2018-04-02 15:10:05,057 : Keyboard : Processing key stroke for key 1-
2018-04-02 15:10:05,058 : MPF-MC BCP Server : Received "machine_variable?value=int:4&prev_value=int:4&name=audits_switches_s_trough1&change=int:0"
2018-04-02 15:10:05,362 : MPF-MC BCP Server : Received "ball_end"
2018-04-02 15:10:05,364 : MPF-MC BCP Server : Received "machine_variable?value=int:0&prev_value=int:0&name=player1_score&change=int:0"
2018-04-02 15:10:05,365 : MPF-MC BCP Server : Received "mode_start?priority=int:10&name=attract"
2018-04-02 15:10:05,366 : MPF-MC BCP Server : Received "trigger?name=mode_attract_started"
2018-04-02 15:10:05,367 : MPF-MC BCP Server : Received "mode_stop?name=game"
2018-04-02 15:10:05,371 : Mode.attract : Mode Start. Priority: 10
2018-04-02 15:10:05,371 : EventManager : Event: ======'mode_attract_started'====== Args={}
2018-04-02 15:10:05,371 : EventManager : Event: ======'game_ended'====== Args={}
2018-04-02 15:10:05,371 : Mode.game : Mode Stop.
2018-04-02 15:10:05,373 : EventManager : Event: ======'slide_dmd_slide_1_removed'====== Args={}
2018-04-02 15:10:05,379 : EventManager : Event: ======'slide_dmd_slide_1_created'====== Args={}
2018-04-02 15:10:05,387 : EventManager : Event: ======'slide_dmd_slide_1_active'====== Args={}
2018-04-02 15:10:06,198 : Keyboard : Processing key stroke for key 1-
2018-04-02 15:10:24,330 : MPF-MC BCP Server : Received "goodbye"
2018-04-02 15:10:24,556 : kivy : Base: Leaving application in progress...
