2018-04-02 14:33:24,823 : Machine : Mission Pinball Framework Core Engine v0.33.49
2018-04-02 14:33:24,823 : Machine : Command line arguments: {'configfile': ['config'], 'no_load_cache': False, 'create_config_cache': True, 'force_assets_load': False, 'mpfconfigfile': 'c:\\python34\\lib\\site-packages\\mpf\\mpfconfig.yaml', 'bcp': False, 'consoleloglevel': 20, 'syslog_address': None, 'mc_file_name': None, 'loglevel': 10, 'logfile': 'logs\\2018-04-02-14-33-24-mpf-DESKTOP-U1P21TS.log', 'force_platform': None, 'pause': False}
2018-04-02 14:33:24,823 : Machine : MPF path: c:\python34\lib\site-packages\mpf
2018-04-02 14:33:24,823 : Machine : Machine path: D:\Dev\mpf\scottp
2018-04-02 14:33:24,823 : Machine : Platform: win32
2018-04-02 14:33:24,823 : Machine : Python executable location: c:\python34\python.exe
2018-04-02 14:33:24,823 : Machine : Python version: 3.4.4 (64-bit)
2018-04-02 14:33:24,997 : Machine : Loading cached config: C:\Users\maddo\AppData\Local\Temp\f2725e9fdb5e5699b9561cedbbf1540fconfig
2018-04-02 14:33:24,998 : asyncio : Using selector: SelectSelector
2018-04-02 14:33:25,007 : Smart Virtual Platform : Configuring smart_virtual hardware interface.
2018-04-02 14:33:25,008 : SmartMatrix : Configuring SmartMatrix RGB DMD hardware interface.
2018-04-02 14:33:25,008 : SmartMatrix : Connecting to SmartMatrix RGB DMD on COM6 baud 2500000
2018-04-02 14:33:25,029 : ShotProfileManager : Registering Shot Profile: 'default'
2018-04-02 14:33:25,029 : ShotProfileManager : Processed 'default' profile configuration: {'rotation_pattern': deque(['right']), 'state_names_to_rotate': [], 'advance_on_hit': True, 'states': [{'action': 'play', 'start_step': 1, 'name': 'unlit', 'speed': 1.0, 'priority': 0, 'sync_ms': None, 'show_tokens': {}, 'manual_advance': None, 'show': 'off', 'loops': -1}, {'action': 'play', 'start_step': 1, 'name': 'lit', 'speed': 1.0, 'priority': 0, 'sync_ms': None, 'show_tokens': {}, 'manual_advance': None, 'show': 'on', 'loops': -1}], 'show_when_disabled': False, 'block': True, 'state_names_to_not_rotate': [], 'loop': False, 'show': None, 'player_variable': '%_default'}
2018-04-02 14:33:25,031 : SwitchController : Loading the SwitchController
2018-04-02 14:33:25,059 : EventManager : Event: ======'machine_var_mpf_version'====== Args={'value': 'MPF v0.33.49', 'change': False, 'prev_value': 'MPF v0.33.49'}
2018-04-02 14:33:25,059 : EventManager : Event: ======'machine_var_mpf_extended_version'====== Args={'value': 'MPF v0.33.49, Config version:4, Show version: 4, BCP version:1.1', 'change': False, 'prev_value': 'MPF v0.33.49, Config version:4, Show version: 4, BCP version:1.1'}
2018-04-02 14:33:25,059 : EventManager : Event: ======'machine_var_python_version'====== Args={'value': '3.4.4', 'change': False, 'prev_value': '3.4.4'}
2018-04-02 14:33:25,060 : EventManager : Event: ======'machine_var_platform'====== Args={'value': 'Windows-10-10.0.16299', 'change': False, 'prev_value': 'Windows-10-10.0.16299'}
2018-04-02 14:33:25,060 : EventManager : Event: ======'machine_var_platform_system'====== Args={'value': 'Windows', 'change': False, 'prev_value': 'Windows'}
2018-04-02 14:33:25,060 : EventManager : Event: ======'machine_var_platform_release'====== Args={'value': '10', 'change': False, 'prev_value': '10'}
2018-04-02 14:33:25,060 : EventManager : Event: ======'machine_var_platform_version'====== Args={'value': '10.0.16299', 'change': False, 'prev_value': '10.0.16299'}
2018-04-02 14:33:25,060 : EventManager : Event: ======'machine_var_platform_machine'====== Args={'value': 'AMD64', 'change': False, 'prev_value': 'AMD64'}
2018-04-02 14:33:25,060 : EventManager : Event: ======'init_phase_1'====== Args={}
2018-04-02 14:33:25,100 : Machine : Shutting down...
2018-04-02 14:33:25,100 : EventManager : Event: ======'shutdown'====== Args={}
2018-04-02 14:33:25,101 : asyncio : Unhandled error in exception handler
context: {'handle': <Handle EventManager._done(<Task finishe...ot valid. ',)>)>, 'message': "Exception in callback EventManager._done(<Task finishe...ot valid. ',)>)", 'exception': AssertionError('Config validation error: Entry ball_devices:bd_trough:eject_coil:c_trough_eject is not valid. ',)}
Traceback (most recent call last):
  File "c:\python34\lib\asyncio\events.py", line 125, in _run
    self._callback(*self._args)
  File "c:\python34\lib\site-packages\mpf\core\events.py", line 572, in _done
    future.result()
  File "c:\python34\lib\asyncio\futures.py", line 274, in result
    raise self._exception
  File "c:\python34\lib\asyncio\tasks.py", line 239, in _step
    result = coro.send(None)
  File "c:\python34\lib\site-packages\mpf\core\events.py", line 507, in _run_handlers_sequential
    handler.callback(queue=queue, **merged_kwargs)
  File "c:\python34\lib\site-packages\mpf\core\device_manager.py", line 80, in _load_device_modules
    self.load_devices_config(validate=True)
  File "c:\python34\lib\site-packages\mpf\core\device_manager.py", line 126, in load_devices_config
    config[device_name] = collection[device_name].validate_and_parse_config(config[device_name], False)
  File "c:\python34\lib\site-packages\mpf\core\device.py", line 68, in validate_and_parse_config
    self.config_section, config, self.name, "device")
  File "c:\python34\lib\site-packages\mpf\core\config_validator.py", line 164, in validate_config
    validation_failure_info=(validation_failure_info, k))
  File "c:\python34\lib\site-packages\mpf\core\config_validator.py", line 205, in validate_config_item
    validation_failure_info)
  File "c:\python34\lib\site-packages\mpf\core\config_validator.py", line 565, in validate_item
    return self.validator_list[validator](item, validation_failure_info=validation_failure_info, param=param)
  File "c:\python34\lib\site-packages\mpf\core\config_validator.py", line 327, in _validate_type_machine
    self.validation_error(item, validation_failure_info)
  File "c:\python34\lib\site-packages\mpf\core\config_validator.py", line 582, in validation_error
    item, msg))
AssertionError: Config validation error: Entry ball_devices:bd_trough:eject_coil:c_trough_eject is not valid. 

During handling of the above exception, another exception occurred:

Traceback (most recent call last):
  File "c:\python34\lib\asyncio\base_events.py", line 1122, in call_exception_handler
    self._exception_handler(self, context)
  File "c:\python34\lib\site-packages\mpf\core\machine.py", line 143, in _exception_handler
    self.stop()
  File "c:\python34\lib\site-packages\mpf\core\machine.py", line 709, in stop
    self.events.process_event_queue()
  File "c:\python34\lib\site-packages\mpf\core\events.py", line 615, in process_event_queue
    **event[3])
  File "c:\python34\lib\site-packages\mpf\core\events.py", line 584, in _process_event
    result = self._run_handlers(event, ev_type, kwargs)
  File "c:\python34\lib\site-packages\mpf\core\events.py", line 543, in _run_handlers
    result = handler.callback(**merged_kwargs)
  File "c:\python34\lib\site-packages\mpf\devices\ball_device\ball_device.py", line 146, in stop
    self.ball_count_handler.stop()
AttributeError: 'NoneType' object has no attribute 'stop'
