2018-04-02 14:47:01,722 : kivy : Factory: 194 symbols loaded
2018-04-02 14:47:01,800 : kivy : Image: Providers: img_tex, img_dds, img_sdl2, img_gif (img_pil, img_ffpyplayer ignored)
2018-04-02 14:47:01,832 : kivy : VideoGstplayer: Using Gstreamer 1.10.2.0
2018-04-02 14:47:01,832 : kivy : Video: Provider: gstplayer
2018-04-02 14:47:01,857 : kivy : Loading MPF-MC controller
2018-04-02 14:47:01,857 : mpfmc : Mission Pinball Framework Media Controller v0.33.16
2018-04-02 14:47:01,858 : mpfmc : Mission Pinball Framework Game Engine v0.33.49
2018-04-02 14:47:01,858 : mpfmc : Machine path: D:\Dev\mpf\scottp
2018-04-02 14:47:01,858 : mpfmc : Starting clock at 30.0Hz
2018-04-02 14:47:01,865 : kivy : Text: Provider: sdl2
2018-04-02 14:47:02,077 : kivy : OSC: using <thread> for socket
2018-04-02 14:47:02,081 : kivy : Window: Provider: sdl2
2018-04-02 14:47:02,281 : kivy : GL: Using the "OpenGL" graphics system
2018-04-02 14:47:02,283 : kivy : GL: GLEW initialization succeeded
2018-04-02 14:47:02,283 : kivy : GL: Backend used <glew>
2018-04-02 14:47:02,283 : kivy : GL: OpenGL version <b'4.5.13497 Compatibility Profile Context 23.20.793.0'>
2018-04-02 14:47:02,283 : kivy : GL: OpenGL vendor <b'ATI Technologies Inc.'>
2018-04-02 14:47:02,283 : kivy : GL: OpenGL renderer <b'Radeon (TM) RX 480 Graphics'>
2018-04-02 14:47:02,283 : kivy : GL: OpenGL parsed version: 4, 5
2018-04-02 14:47:02,284 : kivy : GL: Shading version <b'4.50'>
2018-04-02 14:47:02,284 : kivy : GL: Texture max size <16384>
2018-04-02 14:47:02,284 : kivy : GL: Texture max units <32>
2018-04-02 14:47:02,292 : kivy : Window: auto add sdl2 input provider
2018-04-02 14:47:02,292 : kivy : Window: virtual keyboard not allowed, single mode, not docked
2018-04-02 14:47:02,294 : SoundSystem : SoundSystem: Using default 'sound_system' settings
2018-04-02 14:47:02,845 : AudioInterface : Initialized
2018-04-02 14:47:02,845 : SoundSystem : No audio tracks are specified in your machine config file. a track named 'default' has been created.
2018-04-02 14:47:02,847 : kivy : Base: Start application main loop
2018-04-02 14:47:02,944 : MPF-MC BCP Server : Starting up on localhost port 5050
2018-04-02 14:47:02,948 : MPF-MC BCP Server : Waiting for a connection...
2018-04-02 14:47:02,950 : kivy : GL: NPOT texture support is available
2018-04-02 14:47:03,288 : MPF-MC BCP Server : Received connection from: 127.0.0.1:52676
2018-04-02 14:47:03,303 : mpfmc : Initializing Physical DMD
2018-04-02 14:47:03,311 : mpfmc : Setting Physical DMD to 30.0fps
2018-04-02 14:49:35,936 : mpfmc : Stopping...
2018-04-02 14:49:36,226 : kivy : Base: Leaving application in progress...
2018-04-02 14:49:36,226 : mpfmc : Loop rate 40.59 Hz
