2018-04-02 10:41:45,784 : Machine : Mission Pinball Framework Core Engine v0.33.49
2018-04-02 10:41:45,784 : Machine : Command line arguments: {'bcp': True, 'mpfconfigfile': 'c:\\python34\\lib\\site-packages\\mpf\\mpfconfig.yaml', 'force_assets_load': False, 'no_load_cache': False, 'mc_file_name': None, 'loglevel': 11, 'pause': False, 'create_config_cache': True, 'consoleloglevel': 20, 'syslog_address': None, 'logfile': 'logs\\2018-04-02-10-41-45-mpf-DESKTOP-U1P21TS.log', 'configfile': ['config'], 'force_platform': None}
2018-04-02 10:41:45,784 : Machine : MPF path: c:\python34\lib\site-packages\mpf
2018-04-02 10:41:45,784 : Machine : Machine path: D:\Dev\mpf\scottp
2018-04-02 10:41:45,784 : Machine : Platform: win32
2018-04-02 10:41:45,784 : Machine : Python executable location: c:\python34\python.exe
2018-04-02 10:41:45,784 : Machine : Python version: 3.4.4 (64-bit)
2018-04-02 10:41:45,960 : Machine : Loading config from original files
2018-04-02 10:41:46,009 : Machine : Machine config file #1: D:\Dev\mpf\scottp\config\config
2018-04-02 10:41:46,016 : Machine : Config file cache created: C:\Users\maddo\AppData\Local\Temp\f2725e9fdb5e5699b9561cedbbf1540fconfig
2018-04-02 10:41:46,028 : SmartMatrix : Connecting to SmartMatrix RGB DMD on COM6 baud 2500000
2018-04-02 10:41:46,055 : SwitchController : Loading the SwitchController
2018-04-02 10:41:46,098 : EventManager : Event: ======'machine_var_mpf_version'====== Args={'value': 'MPF v0.33.49', 'change': False, 'prev_value': 'MPF v0.33.49'}
2018-04-02 10:41:46,098 : EventManager : Event: ======'machine_var_mpf_extended_version'====== Args={'value': 'MPF v0.33.49, Config version:4, Show version: 4, BCP version:1.1', 'change': False, 'prev_value': 'MPF v0.33.49, Config version:4, Show version: 4, BCP version:1.1'}
2018-04-02 10:41:46,098 : EventManager : Event: ======'machine_var_python_version'====== Args={'value': '3.4.4', 'change': False, 'prev_value': '3.4.4'}
2018-04-02 10:41:46,099 : EventManager : Event: ======'machine_var_platform'====== Args={'value': 'Windows-10-10.0.16299', 'change': False, 'prev_value': 'Windows-10-10.0.16299'}
2018-04-02 10:41:46,099 : EventManager : Event: ======'machine_var_platform_system'====== Args={'value': 'Windows', 'change': False, 'prev_value': 'Windows'}
2018-04-02 10:41:46,099 : EventManager : Event: ======'machine_var_platform_release'====== Args={'value': '10', 'change': False, 'prev_value': '10'}
2018-04-02 10:41:46,099 : EventManager : Event: ======'machine_var_platform_version'====== Args={'value': '10.0.16299', 'change': False, 'prev_value': '10.0.16299'}
2018-04-02 10:41:46,099 : EventManager : Event: ======'machine_var_platform_machine'====== Args={'value': 'AMD64', 'change': False, 'prev_value': 'AMD64'}
2018-04-02 10:41:46,099 : EventManager : Event: ======'init_phase_1'====== Args={}
2018-04-02 10:41:46,122 : EventManager : Event: ======'init_phase_2'====== Args={}
2018-04-02 10:41:46,133 : BCPClientSocket.local_display : Connecting BCP to 'local_display' at localhost:5050...
2018-04-02 10:41:47,640 : BCPClientSocket.local_display : Connected BCP to 'local_display' localhost:5050
2018-04-02 10:41:47,648 : EventManager : Event: ======'init_phase_3'====== Args={}
2018-04-02 10:41:47,652 : EventManager : Event: ======'init_phase_4'====== Args={}
2018-04-02 10:41:47,654 : EventManager : Event: ======'machine_var_audits_player_score'====== Args={'value': {'total': 0, 'top': [], 'average': 0}, 'change': False, 'prev_value': {'total': 0, 'top': [], 'average': 0}}
2018-04-02 10:41:47,655 : EventManager : Event: ======'init_phase_5'====== Args={}
2018-04-02 10:41:47,655 : EventManager : Event: ======'init_done'====== Args={}
2018-04-02 10:41:47,656 : EventManager : Event: ======'machine_reset_phase_1'====== Args={}
2018-04-02 10:41:47,656 : EventManager : Event: ======'machine_var_master_volume'====== Args={'value': 0.5, 'change': 0.0, 'prev_value': 0.5}
2018-04-02 10:41:47,683 : EventManager : Event: ======'slide_window_slide_1_removed'====== Args={'_from_bcp': True}
2018-04-02 10:41:47,692 : EventManager : Event: ======'slide_window_slide_1_created'====== Args={'_from_bcp': True}
2018-04-02 10:41:47,692 : EventManager : Event: ======'slide_dmd_slide_1_removed'====== Args={'_from_bcp': True}
2018-04-02 10:41:47,694 : EventManager : Event: ======'slide_dmd_slide_1_created'====== Args={'_from_bcp': True}
2018-04-02 10:41:47,695 : EventManager : Event: ======'machine_reset_phase_2'====== Args={}
2018-04-02 10:41:47,695 : EventManager : Event: ======'machine_reset_phase_3'====== Args={}
2018-04-02 10:41:47,696 : EventManager : Event: ======'reset_complete'====== Args={}
2018-04-02 10:41:47,696 : EventManager : Event: ======'slide_window_slide_1_active'====== Args={'_from_bcp': True}
2018-04-02 10:41:47,696 : EventManager : Event: ======'mode_attract_will_start'====== Args={}
2018-04-02 10:41:47,697 : EventManager : Event: ======'mode_attract_starting'====== Args={}
2018-04-02 10:41:47,697 : Mode.attract : Started. Priority: 10
2018-04-02 10:41:47,697 : EventManager : Event: ======'mode_attract_started'====== Args={}
2018-04-02 10:41:47,697 : EventManager : Event: ======'collecting_balls_complete'====== Args={}
2018-04-02 10:41:47,697 : Machine : Starting the main run loop.
2018-04-02 10:41:47,699 : EventManager : Event: ======'slide_dmd_slide_1_active'====== Args={'_from_bcp': True}
2018-04-02 10:42:47,356 : Machine : Shutting down...
2018-04-02 10:42:47,356 : EventManager : Event: ======'shutdown'====== Args={}
2018-04-02 10:42:47,356 : Machine : Shutting down...
2018-04-02 10:42:47,356 : EventManager : Event: ======'shutdown'====== Args={}
2018-04-02 10:42:47,356 : SmartMatrix : Disconnecting from SmartMatrix RGB DMD hardware...
2018-04-02 10:42:47,356 : SmartMatrix : Disconnecting from SmartMatrix RGB DMD hardware...
2018-04-02 10:42:47,358 : root : MPF run loop ended.
