2018-04-02 11:45:19,371 : Machine : Mission Pinball Framework Core Engine v0.33.49
2018-04-02 11:45:19,371 : Machine : Command line arguments: {'bcp': True, 'logfile': 'logs\\2018-04-02-11-45-19-mpf-DESKTOP-U1P21TS.log', 'syslog_address': None, 'create_config_cache': True, 'pause': False, 'configfile': ['config'], 'consoleloglevel': 20, 'no_load_cache': False, 'force_assets_load': False, 'force_platform': None, 'mc_file_name': None, 'loglevel': 11, 'mpfconfigfile': 'c:\\python34\\lib\\site-packages\\mpf\\mpfconfig.yaml'}
2018-04-02 11:45:19,371 : Machine : MPF path: c:\python34\lib\site-packages\mpf
2018-04-02 11:45:19,371 : Machine : Machine path: D:\Dev\mpf\scottp
2018-04-02 11:45:19,371 : Machine : Platform: win32
2018-04-02 11:45:19,371 : Machine : Python executable location: c:\python34\python.exe
2018-04-02 11:45:19,371 : Machine : Python version: 3.4.4 (64-bit)
2018-04-02 11:45:19,554 : Machine : Loading config from original files
2018-04-02 11:45:19,603 : Machine : Machine config file #1: D:\Dev\mpf\scottp\config\config
2018-04-02 11:45:19,611 : Machine : Config file cache created: C:\Users\maddo\AppData\Local\Temp\f2725e9fdb5e5699b9561cedbbf1540fconfig
2018-04-02 11:45:19,621 : SmartMatrix : Connecting to SmartMatrix RGB DMD on COM6 baud 2500000
2018-04-02 11:45:19,647 : SwitchController : Loading the SwitchController
2018-04-02 11:45:19,691 : EventManager : Event: ======'machine_var_mpf_version'====== Args={'value': 'MPF v0.33.49', 'prev_value': 'MPF v0.33.49', 'change': False}
2018-04-02 11:45:19,691 : EventManager : Event: ======'machine_var_mpf_extended_version'====== Args={'value': 'MPF v0.33.49, Config version:4, Show version: 4, BCP version:1.1', 'prev_value': 'MPF v0.33.49, Config version:4, Show version: 4, BCP version:1.1', 'change': False}
2018-04-02 11:45:19,691 : EventManager : Event: ======'machine_var_python_version'====== Args={'value': '3.4.4', 'prev_value': '3.4.4', 'change': False}
2018-04-02 11:45:19,691 : EventManager : Event: ======'machine_var_platform'====== Args={'value': 'Windows-10-10.0.16299', 'prev_value': 'Windows-10-10.0.16299', 'change': False}
2018-04-02 11:45:19,692 : EventManager : Event: ======'machine_var_platform_system'====== Args={'value': 'Windows', 'prev_value': 'Windows', 'change': False}
2018-04-02 11:45:19,692 : EventManager : Event: ======'machine_var_platform_release'====== Args={'value': '10', 'prev_value': '10', 'change': False}
2018-04-02 11:45:19,692 : EventManager : Event: ======'machine_var_platform_version'====== Args={'value': '10.0.16299', 'prev_value': '10.0.16299', 'change': False}
2018-04-02 11:45:19,692 : EventManager : Event: ======'machine_var_platform_machine'====== Args={'value': 'AMD64', 'prev_value': 'AMD64', 'change': False}
2018-04-02 11:45:19,692 : EventManager : Event: ======'init_phase_1'====== Args={}
2018-04-02 11:45:19,714 : EventManager : Event: ======'init_phase_2'====== Args={}
2018-04-02 11:45:19,726 : BCPClientSocket.local_display : Connecting BCP to 'local_display' at localhost:5050...
2018-04-02 11:45:21,233 : BCPClientSocket.local_display : Connected BCP to 'local_display' localhost:5050
2018-04-02 11:45:21,241 : EventManager : Event: ======'init_phase_3'====== Args={}
2018-04-02 11:45:21,247 : EventManager : Event: ======'init_phase_4'====== Args={}
2018-04-02 11:45:21,256 : EventManager : Event: ======'machine_var_audits_player_score'====== Args={'value': {'top': [], 'average': 0, 'total': 0}, 'prev_value': {'top': [], 'average': 0, 'total': 0}, 'change': False}
2018-04-02 11:45:21,257 : EventManager : Event: ======'init_phase_5'====== Args={}
2018-04-02 11:45:21,258 : EventManager : Event: ======'init_done'====== Args={}
2018-04-02 11:45:21,259 : EventManager : Event: ======'machine_reset_phase_1'====== Args={}
2018-04-02 11:45:21,267 : EventManager : Event: ======'machine_var_master_volume'====== Args={'value': 0.5, 'prev_value': 0.5, 'change': 0.0}
2018-04-02 11:45:21,270 : EventManager : Event: ======'slide_window_slide_1_removed'====== Args={'_from_bcp': True}
2018-04-02 11:45:21,278 : EventManager : Event: ======'slide_window_slide_1_created'====== Args={'_from_bcp': True}
2018-04-02 11:45:21,281 : EventManager : Event: ======'slide_dmd_slide_1_removed'====== Args={'_from_bcp': True}
2018-04-02 11:45:21,281 : EventManager : Event: ======'slide_dmd_slide_1_created'====== Args={'_from_bcp': True}
2018-04-02 11:45:21,283 : EventManager : Event: ======'machine_reset_phase_2'====== Args={}
2018-04-02 11:45:21,283 : EventManager : Event: ======'machine_reset_phase_3'====== Args={}
2018-04-02 11:45:21,284 : EventManager : Event: ======'reset_complete'====== Args={}
2018-04-02 11:45:21,284 : EventManager : Event: ======'mode_attract_will_start'====== Args={}
2018-04-02 11:45:21,285 : EventManager : Event: ======'mode_attract_starting'====== Args={}
2018-04-02 11:45:21,285 : Mode.attract : Started. Priority: 10
2018-04-02 11:45:21,285 : EventManager : Event: ======'mode_attract_started'====== Args={}
2018-04-02 11:45:21,285 : EventManager : Event: ======'collecting_balls_complete'====== Args={}
2018-04-02 11:45:21,286 : EventManager : Event: ======'slide_window_slide_1_active'====== Args={'_from_bcp': True}
2018-04-02 11:45:21,286 : EventManager : Event: ======'slide_dmd_slide_1_active'====== Args={'_from_bcp': True}
2018-04-02 11:45:21,286 : Machine : Starting the main run loop.
2018-04-02 11:47:08,997 : Machine : Shutting down...
2018-04-02 11:47:08,997 : EventManager : Event: ======'shutdown'====== Args={}
2018-04-02 11:47:08,997 : Machine : Shutting down...
2018-04-02 11:47:08,997 : EventManager : Event: ======'shutdown'====== Args={}
2018-04-02 11:47:08,998 : SmartMatrix : Disconnecting from SmartMatrix RGB DMD hardware...
2018-04-02 11:47:08,998 : SmartMatrix : Disconnecting from SmartMatrix RGB DMD hardware...
2018-04-02 11:47:08,998 : asyncio : Exception in callback SerialTransport._poll_read()
handle: <TimerHandle when=865283.1714999999 SerialTransport._poll_read()>
Traceback (most recent call last):
  File "c:\python34\lib\asyncio\events.py", line 125, in _run
    self._callback(*self._args)
  File "c:\python34\lib\site-packages\serial_asyncio\__init__.py", line 275, in _poll_read
    if self.serial.in_waiting:
  File "c:\python34\lib\site-packages\serial\serialwin32.py", line 257, in in_waiting
    raise SerialException("ClearCommError failed ({!r})".format(ctypes.WinError()))
serial.serialutil.SerialException: ClearCommError failed (PermissionError(13, 'Le périphérique ne reconnaît pas la commande.', None, 22))
2018-04-02 11:47:09,000 : root : ClearCommError failed (PermissionError(13, 'Le périphérique ne reconnaît pas la commande.', None, 22))
Traceback (most recent call last):
  File "c:\python34\lib\site-packages\mpf\commands\game.py", line 181, in __init__
    MachineController(mpf_path, machine_path, vars(args)).run()
  File "c:\python34\lib\site-packages\mpf\core\machine.py", line 694, in run
    self._run_loop()
  File "c:\python34\lib\site-packages\mpf\core\machine.py", line 735, in _run_loop
    raise self._exception['exception']
  File "c:\python34\lib\asyncio\events.py", line 125, in _run
    self._callback(*self._args)
  File "c:\python34\lib\site-packages\serial_asyncio\__init__.py", line 275, in _poll_read
    if self.serial.in_waiting:
  File "c:\python34\lib\site-packages\serial\serialwin32.py", line 257, in in_waiting
    raise SerialException("ClearCommError failed ({!r})".format(ctypes.WinError()))
serial.serialutil.SerialException: ClearCommError failed (PermissionError(13, 'Le périphérique ne reconnaît pas la commande.', None, 22))
