2018-04-02 13:45:39,387 : kivy : Factory: 194 symbols loaded
2018-04-02 13:45:39,465 : kivy : Image: Providers: img_tex, img_dds, img_sdl2, img_gif (img_pil, img_ffpyplayer ignored)
2018-04-02 13:45:39,494 : kivy : VideoGstplayer: Using Gstreamer 1.10.2.0
2018-04-02 13:45:39,494 : kivy : Video: Provider: gstplayer
2018-04-02 13:45:39,520 : kivy : Loading MPF-MC controller
2018-04-02 13:45:39,520 : mpfmc : Mission Pinball Framework Media Controller v0.33.16
2018-04-02 13:45:39,520 : mpfmc : Mission Pinball Framework Game Engine v0.33.49
2018-04-02 13:45:39,520 : mpfmc : Machine path: D:\Dev\mpf\scottp
2018-04-02 13:45:39,520 : mpfmc : Starting clock at 30.0Hz
2018-04-02 13:45:39,529 : kivy : Text: Provider: sdl2
2018-04-02 13:45:39,735 : kivy : OSC: using <thread> for socket
2018-04-02 13:45:39,738 : kivy : Window: Provider: sdl2
2018-04-02 13:45:39,941 : kivy : GL: Using the "OpenGL" graphics system
2018-04-02 13:45:39,942 : kivy : GL: GLEW initialization succeeded
2018-04-02 13:45:39,942 : kivy : GL: Backend used <glew>
2018-04-02 13:45:39,943 : kivy : GL: OpenGL version <b'4.5.13497 Compatibility Profile Context 23.20.793.0'>
2018-04-02 13:45:39,943 : kivy : GL: OpenGL vendor <b'ATI Technologies Inc.'>
2018-04-02 13:45:39,943 : kivy : GL: OpenGL renderer <b'Radeon (TM) RX 480 Graphics'>
2018-04-02 13:45:39,943 : kivy : GL: OpenGL parsed version: 4, 5
2018-04-02 13:45:39,943 : kivy : GL: Shading version <b'4.50'>
2018-04-02 13:45:39,943 : kivy : GL: Texture max size <16384>
2018-04-02 13:45:39,943 : kivy : GL: Texture max units <32>
2018-04-02 13:45:39,951 : kivy : Window: auto add sdl2 input provider
2018-04-02 13:45:39,951 : kivy : Window: virtual keyboard not allowed, single mode, not docked
2018-04-02 13:45:39,953 : SoundSystem : SoundSystem: Using default 'sound_system' settings
2018-04-02 13:45:40,483 : AudioInterface : Initialized
2018-04-02 13:45:40,483 : SoundSystem : No audio tracks are specified in your machine config file. a track named 'default' has been created.
2018-04-02 13:45:40,485 : kivy : Base: Start application main loop
2018-04-02 13:45:40,582 : MPF-MC BCP Server : Starting up on localhost port 5050
2018-04-02 13:45:40,586 : MPF-MC BCP Server : Waiting for a connection...
2018-04-02 13:45:40,588 : kivy : GL: NPOT texture support is available
2018-04-02 13:45:48,120 : kivy : Base: Leaving application in progress...
2018-04-02 13:45:48,120 : mpfmc : Stopping...
2018-04-02 13:45:48,121 : mpfmc : Loop rate 38.5 Hz
2018-04-02 13:45:48,121 : kivy : MC run loop ended.
2018-04-02 13:45:48,121 : kivy : Stopping child threads... (3 remaining)
2018-04-02 13:45:48,587 : MPF-MC BCP Server : Stopping BCP sending thread
2018-04-02 13:45:48,589 : MPF-MC BCP Server : Stopping BCP listener thread
2018-04-02 13:45:56,541 : kivy : All child threads stopped.
