2018-04-02 11:55:04,580 : Machine : Mission Pinball Framework Core Engine v0.33.49
2018-04-02 11:55:04,580 : Machine : Command line arguments: {'logfile': 'logs\\2018-04-02-11-55-04-mpf-DESKTOP-U1P21TS.log', 'consoleloglevel': 20, 'syslog_address': None, 'mpfconfigfile': 'c:\\python34\\lib\\site-packages\\mpf\\mpfconfig.yaml', 'mc_file_name': None, 'force_assets_load': False, 'no_load_cache': False, 'pause': False, 'force_platform': None, 'create_config_cache': True, 'loglevel': 11, 'bcp': True, 'configfile': ['config']}
2018-04-02 11:55:04,580 : Machine : MPF path: c:\python34\lib\site-packages\mpf
2018-04-02 11:55:04,580 : Machine : Machine path: D:\Dev\mpf\scottp
2018-04-02 11:55:04,580 : Machine : Platform: win32
2018-04-02 11:55:04,580 : Machine : Python executable location: c:\python34\python.exe
2018-04-02 11:55:04,580 : Machine : Python version: 3.4.4 (64-bit)
2018-04-02 11:55:04,757 : Machine : Loading config from original files
2018-04-02 11:55:04,807 : Machine : Machine config file #1: D:\Dev\mpf\scottp\config\config
2018-04-02 11:55:04,816 : Machine : Config file cache created: C:\Users\maddo\AppData\Local\Temp\f2725e9fdb5e5699b9561cedbbf1540fconfig
2018-04-02 11:55:04,828 : SmartMatrix : Connecting to SmartMatrix RGB DMD on COM6 baud 2500000
2018-04-02 11:55:04,851 : SwitchController : Loading the SwitchController
2018-04-02 11:55:04,894 : EventManager : Event: ======'machine_var_mpf_version'====== Args={'prev_value': 'MPF v0.33.49', 'change': False, 'value': 'MPF v0.33.49'}
2018-04-02 11:55:04,894 : EventManager : Event: ======'machine_var_mpf_extended_version'====== Args={'prev_value': 'MPF v0.33.49, Config version:4, Show version: 4, BCP version:1.1', 'change': False, 'value': 'MPF v0.33.49, Config version:4, Show version: 4, BCP version:1.1'}
2018-04-02 11:55:04,894 : EventManager : Event: ======'machine_var_python_version'====== Args={'prev_value': '3.4.4', 'change': False, 'value': '3.4.4'}
2018-04-02 11:55:04,895 : EventManager : Event: ======'machine_var_platform'====== Args={'prev_value': 'Windows-10-10.0.16299', 'change': False, 'value': 'Windows-10-10.0.16299'}
2018-04-02 11:55:04,895 : EventManager : Event: ======'machine_var_platform_system'====== Args={'prev_value': 'Windows', 'change': False, 'value': 'Windows'}
2018-04-02 11:55:04,895 : EventManager : Event: ======'machine_var_platform_release'====== Args={'prev_value': '10', 'change': False, 'value': '10'}
2018-04-02 11:55:04,895 : EventManager : Event: ======'machine_var_platform_version'====== Args={'prev_value': '10.0.16299', 'change': False, 'value': '10.0.16299'}
2018-04-02 11:55:04,895 : EventManager : Event: ======'machine_var_platform_machine'====== Args={'prev_value': 'AMD64', 'change': False, 'value': 'AMD64'}
2018-04-02 11:55:04,895 : EventManager : Event: ======'init_phase_1'====== Args={}
2018-04-02 11:55:04,917 : EventManager : Event: ======'init_phase_2'====== Args={}
2018-04-02 11:55:04,929 : BCPClientSocket.local_display : Connecting BCP to 'local_display' at localhost:5050...
2018-04-02 11:55:06,435 : BCPClientSocket.local_display : Connected BCP to 'local_display' localhost:5050
2018-04-02 11:55:06,442 : EventManager : Event: ======'init_phase_3'====== Args={}
2018-04-02 11:55:06,447 : EventManager : Event: ======'init_phase_4'====== Args={}
2018-04-02 11:55:06,455 : EventManager : Event: ======'machine_var_audits_player_score'====== Args={'prev_value': {'average': 0, 'total': 0, 'top': []}, 'change': False, 'value': {'average': 0, 'total': 0, 'top': []}}
2018-04-02 11:55:06,456 : EventManager : Event: ======'init_phase_5'====== Args={}
2018-04-02 11:55:06,457 : EventManager : Event: ======'init_done'====== Args={}
2018-04-02 11:55:06,458 : EventManager : Event: ======'machine_reset_phase_1'====== Args={}
2018-04-02 11:55:06,469 : EventManager : Event: ======'machine_var_master_volume'====== Args={'prev_value': 0.5, 'change': 0.0, 'value': 0.5}
2018-04-02 11:55:06,470 : EventManager : Event: ======'slide_dmd_slide_1_removed'====== Args={'_from_bcp': True}
2018-04-02 11:55:06,470 : EventManager : Event: ======'slide_dmd_slide_1_created'====== Args={'_from_bcp': True}
2018-04-02 11:55:06,476 : EventManager : Event: ======'slide_window_slide_1_removed'====== Args={'_from_bcp': True}
2018-04-02 11:55:06,483 : EventManager : Event: ======'slide_window_slide_1_created'====== Args={'_from_bcp': True}
2018-04-02 11:55:06,485 : EventManager : Event: ======'machine_reset_phase_2'====== Args={}
2018-04-02 11:55:06,486 : EventManager : Event: ======'machine_reset_phase_3'====== Args={}
2018-04-02 11:55:06,486 : EventManager : Event: ======'reset_complete'====== Args={}
2018-04-02 11:55:06,487 : EventManager : Event: ======'mode_attract_will_start'====== Args={}
2018-04-02 11:55:06,487 : EventManager : Event: ======'mode_attract_starting'====== Args={}
2018-04-02 11:55:06,487 : Mode.attract : Started. Priority: 10
2018-04-02 11:55:06,487 : EventManager : Event: ======'mode_attract_started'====== Args={}
2018-04-02 11:55:06,488 : EventManager : Event: ======'collecting_balls_complete'====== Args={}
2018-04-02 11:55:06,488 : EventManager : Event: ======'slide_dmd_slide_1_active'====== Args={'_from_bcp': True}
2018-04-02 11:55:06,488 : Machine : Starting the main run loop.
2018-04-02 11:55:06,489 : EventManager : Event: ======'slide_window_slide_1_active'====== Args={'_from_bcp': True}
2018-04-02 11:55:39,602 : Machine : Shutting down...
2018-04-02 11:55:39,602 : EventManager : Event: ======'shutdown'====== Args={}
2018-04-02 11:55:39,602 : Machine : Shutting down...
2018-04-02 11:55:39,602 : EventManager : Event: ======'shutdown'====== Args={}
2018-04-02 11:55:39,603 : SmartMatrix : Disconnecting from SmartMatrix RGB DMD hardware...
2018-04-02 11:55:39,603 : SmartMatrix : Disconnecting from SmartMatrix RGB DMD hardware...
2018-04-02 11:55:39,604 : root : MPF run loop ended.
