2018-04-02 14:43:37,702 : kivy : Factory: 194 symbols loaded
2018-04-02 14:43:37,780 : kivy : Image: Providers: img_tex, img_dds, img_sdl2, img_gif (img_pil, img_ffpyplayer ignored)
2018-04-02 14:43:37,810 : kivy : VideoGstplayer: Using Gstreamer 1.10.2.0
2018-04-02 14:43:37,811 : kivy : Video: Provider: gstplayer
2018-04-02 14:43:37,836 : kivy : Loading MPF-MC controller
2018-04-02 14:43:37,837 : mpfmc : Mission Pinball Framework Media Controller v0.33.16
2018-04-02 14:43:37,837 : mpfmc : Mission Pinball Framework Game Engine v0.33.49
2018-04-02 14:43:37,837 : mpfmc : Machine path: D:\Dev\mpf\scottp
2018-04-02 14:43:37,837 : mpfmc : Starting clock at 30.0Hz
2018-04-02 14:43:37,846 : kivy : Text: Provider: sdl2
2018-04-02 14:43:38,044 : kivy : OSC: using <thread> for socket
2018-04-02 14:43:38,047 : kivy : Window: Provider: sdl2
2018-04-02 14:43:38,247 : kivy : GL: Using the "OpenGL" graphics system
2018-04-02 14:43:38,249 : kivy : GL: GLEW initialization succeeded
2018-04-02 14:43:38,249 : kivy : GL: Backend used <glew>
2018-04-02 14:43:38,249 : kivy : GL: OpenGL version <b'4.5.13497 Compatibility Profile Context 23.20.793.0'>
2018-04-02 14:43:38,249 : kivy : GL: OpenGL vendor <b'ATI Technologies Inc.'>
2018-04-02 14:43:38,249 : kivy : GL: OpenGL renderer <b'Radeon (TM) RX 480 Graphics'>
2018-04-02 14:43:38,249 : kivy : GL: OpenGL parsed version: 4, 5
2018-04-02 14:43:38,249 : kivy : GL: Shading version <b'4.50'>
2018-04-02 14:43:38,250 : kivy : GL: Texture max size <16384>
2018-04-02 14:43:38,250 : kivy : GL: Texture max units <32>
2018-04-02 14:43:38,258 : kivy : Window: auto add sdl2 input provider
2018-04-02 14:43:38,258 : kivy : Window: virtual keyboard not allowed, single mode, not docked
2018-04-02 14:43:38,261 : SoundSystem : SoundSystem: Using default 'sound_system' settings
2018-04-02 14:43:38,818 : AudioInterface : Initialized
2018-04-02 14:43:38,819 : SoundSystem : No audio tracks are specified in your machine config file. a track named 'default' has been created.
2018-04-02 14:43:38,821 : kivy : Base: Start application main loop
2018-04-02 14:43:38,918 : MPF-MC BCP Server : Starting up on localhost port 5050
2018-04-02 14:43:38,922 : MPF-MC BCP Server : Waiting for a connection...
2018-04-02 14:43:38,924 : kivy : GL: NPOT texture support is available
2018-04-02 14:43:39,338 : MPF-MC BCP Server : Received connection from: 127.0.0.1:52546
2018-04-02 14:43:39,355 : mpfmc : Initializing Physical DMD
2018-04-02 14:43:39,369 : mpfmc : Setting Physical DMD to 30.0fps
2018-04-02 14:43:44,821 : mpfmc : Shutting down due to child thread crash
2018-04-02 14:43:44,822 : mpfmc : Crash details: Traceback (most recent call last):
  File "c:\python34\lib\site-packages\mpfmc\core\bcp_server.py", line 140, in run
    data_read = self.connection.recv(8192)
ConnectionResetError: [WinError 10054] Une connexion existante a dû être fermée par l’hôte distant

2018-04-02 14:43:44,822 : mpfmc : Stopping...
2018-04-02 14:43:45,170 : mpfmc : Loop rate 37.8 Hz
2018-04-02 14:43:45,173 : kivy : Base: Leaving application in progress...
2018-04-02 14:43:45,192 : mpfmc : Stopping...
2018-04-02 14:43:45,194 : mpfmc : Loop rate 37.81 Hz
2018-04-02 14:43:45,194 : kivy : MC run loop ended.
2018-04-02 14:43:45,194 : kivy : Stopping child threads... (0 remaining)
2018-04-02 14:43:45,195 : kivy : All child threads stopped.
