2018-04-02 14:52:44,631 : Machine : Mission Pinball Framework Core Engine v0.33.49
2018-04-02 14:52:44,631 : Machine : Command line arguments: {'no_load_cache': False, 'force_assets_load': False, 'consoleloglevel': 20, 'mpfconfigfile': 'c:\\python34\\lib\\site-packages\\mpf\\mpfconfig.yaml', 'logfile': 'logs\\2018-04-02-14-52-44-mpf-DESKTOP-U1P21TS.log', 'pause': False, 'configfile': ['config'], 'syslog_address': None, 'mc_file_name': None, 'force_platform': None, 'create_config_cache': True, 'bcp': True, 'loglevel': 11}
2018-04-02 14:52:44,631 : Machine : MPF path: c:\python34\lib\site-packages\mpf
2018-04-02 14:52:44,631 : Machine : Machine path: D:\Dev\mpf\scottp
2018-04-02 14:52:44,631 : Machine : Platform: win32
2018-04-02 14:52:44,631 : Machine : Python executable location: c:\python34\python.exe
2018-04-02 14:52:44,631 : Machine : Python version: 3.4.4 (64-bit)
2018-04-02 14:52:44,803 : Machine : Loading cached config: C:\Users\maddo\AppData\Local\Temp\f2725e9fdb5e5699b9561cedbbf1540fconfig
2018-04-02 14:52:44,810 : SmartMatrix : Connecting to SmartMatrix RGB DMD on COM6 baud 2500000
2018-04-02 14:52:44,837 : SwitchController : Loading the SwitchController
2018-04-02 14:52:44,880 : EventManager : Event: ======'machine_var_mpf_version'====== Args={'value': 'MPF v0.33.49', 'prev_value': 'MPF v0.33.49', 'change': False}
2018-04-02 14:52:44,880 : EventManager : Event: ======'machine_var_mpf_extended_version'====== Args={'value': 'MPF v0.33.49, Config version:4, Show version: 4, BCP version:1.1', 'prev_value': 'MPF v0.33.49, Config version:4, Show version: 4, BCP version:1.1', 'change': False}
2018-04-02 14:52:44,880 : EventManager : Event: ======'machine_var_python_version'====== Args={'value': '3.4.4', 'prev_value': '3.4.4', 'change': False}
2018-04-02 14:52:44,880 : EventManager : Event: ======'machine_var_platform'====== Args={'value': 'Windows-10-10.0.16299', 'prev_value': 'Windows-10-10.0.16299', 'change': False}
2018-04-02 14:52:44,880 : EventManager : Event: ======'machine_var_platform_system'====== Args={'value': 'Windows', 'prev_value': 'Windows', 'change': False}
2018-04-02 14:52:44,880 : EventManager : Event: ======'machine_var_platform_release'====== Args={'value': '10', 'prev_value': '10', 'change': False}
2018-04-02 14:52:44,880 : EventManager : Event: ======'machine_var_platform_version'====== Args={'value': '10.0.16299', 'prev_value': '10.0.16299', 'change': False}
2018-04-02 14:52:44,881 : EventManager : Event: ======'machine_var_platform_machine'====== Args={'value': 'AMD64', 'prev_value': 'AMD64', 'change': False}
2018-04-02 14:52:44,881 : EventManager : Event: ======'init_phase_1'====== Args={}
2018-04-02 14:52:44,923 : ball_device.bd_plunger : Platform Driver: None
2018-04-02 14:52:44,923 : ball_device.bd_plunger : Configuring device with settings: '{'file_log': 'full', 'hold_switches': [], 'entrance_switch': None, 'ball_switches': [<switch.s_plunger_lane>], 'entrance_switch_full_timeout': 0, 'auto_fire_on_unexpected_ball': True, 'console_log': 'full', 'exit_count_delay': 500, 'captures_from': <playfield.playfield>, 'hold_coil_release_time': 1000, 'mechanical_eject': False, 'entrance_count_delay': 300, 'ball_search_order': 200, 'retries_before_increasing_pulse': 4, 'eject_coil': <coil.c_plunger_eject>, 'jam_switch': None, 'tags': ['ball_add_live'], 'eject_events': {}, 'ball_missing_target': <playfield.playfield>, 'eject_all_events': {}, 'confirm_eject_event': None, 'ball_capacity': None, 'label': '%', 'eject_timeouts': [3000], 'hold_events': {}, 'target_on_unexpected_ball': None, 'eject_coil_jam_pulse': None, 'confirm_eject_switch': None, 'player_controlled_eject_event': 'sw_launch', 'request_ball_events': [], 'ball_missing_timeouts': [], 'hold_coil': None, 'max_eject_attempts': 0, 'eject_coil_retry_pulse': None, 'entrance_events': {}, 'confirm_eject_type': 'target', 'eject_targets': [<playfield.playfield>], 'debug': True}'
2018-04-02 14:52:44,923 : ball_device.bd_trough : Platform Driver: None
2018-04-02 14:52:44,924 : ball_device.bd_trough : Configuring device with settings: '{'file_log': 'full', 'hold_switches': [], 'entrance_switch': None, 'ball_switches': [<switch.s_trough1>, <switch.s_trough2>, <switch.s_trough3>, <switch.s_trough4>, <switch.s_trough5>, <switch.s_trough_jam>], 'entrance_switch_full_timeout': 0, 'auto_fire_on_unexpected_ball': True, 'console_log': 'full', 'exit_count_delay': 500, 'captures_from': <playfield.playfield>, 'hold_coil_release_time': 1000, 'mechanical_eject': False, 'entrance_count_delay': 300, 'ball_search_order': 200, 'retries_before_increasing_pulse': 4, 'eject_coil': <coil.c_trough_eject>, 'jam_switch': <switch.s_trough_jam>, 'tags': ['trough', 'home', 'drain'], 'eject_events': {}, 'ball_missing_target': <playfield.playfield>, 'eject_all_events': {}, 'confirm_eject_event': None, 'ball_capacity': None, 'label': '%', 'eject_timeouts': [], 'hold_events': {}, 'target_on_unexpected_ball': None, 'eject_coil_jam_pulse': None, 'confirm_eject_switch': None, 'player_controlled_eject_event': None, 'request_ball_events': [], 'ball_missing_timeouts': [], 'hold_coil': None, 'max_eject_attempts': 0, 'eject_coil_retry_pulse': None, 'entrance_events': {}, 'confirm_eject_type': 'target', 'eject_targets': [<ball_device.bd_plunger>], 'debug': True}'
2018-04-02 14:52:44,924 : ball_device.bd_plunger : EVENT: bd_trough to bd_plunger
2018-04-02 14:52:44,925 : SwitchController : Registering switch handler: s_left_flipper, <bound method ComboSwitch._switch_1_went_active of <combo_switch.both_flippers>>, state: 1, ms: 0, info: False, cb_kwargs: {}
2018-04-02 14:52:44,925 : SwitchController : Registering switch handler: s_left_flipper, <bound method ComboSwitch._switch_1_went_inactive of <combo_switch.both_flippers>>, state: 0, ms: 0, info: False, cb_kwargs: {}
2018-04-02 14:52:44,925 : SwitchController : Registering switch handler: s_right_flipper, <bound method ComboSwitch._switch_2_went_active of <combo_switch.both_flippers>>, state: 1, ms: 0, info: False, cb_kwargs: {}
2018-04-02 14:52:44,926 : SwitchController : Registering switch handler: s_right_flipper, <bound method ComboSwitch._switch_2_went_inactive of <combo_switch.both_flippers>>, state: 0, ms: 0, info: False, cb_kwargs: {}
2018-04-02 14:52:44,926 : SwitchController : Registering switch handler: s_left_flipper, <bound method TimedSwitch._activate of <timed_switch.flipper_cradle>>, state: 1, ms: 3000, info: True, cb_kwargs: {}
2018-04-02 14:52:44,926 : SwitchController : Registering switch handler: s_left_flipper, <bound method TimedSwitch._deactivate of <timed_switch.flipper_cradle>>, state: 0, ms: 0, info: True, cb_kwargs: {}
2018-04-02 14:52:44,926 : SwitchController : Registering switch handler: s_right_flipper, <bound method TimedSwitch._activate of <timed_switch.flipper_cradle>>, state: 1, ms: 3000, info: True, cb_kwargs: {}
2018-04-02 14:52:44,926 : SwitchController : Registering switch handler: s_right_flipper, <bound method TimedSwitch._deactivate of <timed_switch.flipper_cradle>>, state: 0, ms: 0, info: True, cb_kwargs: {}
2018-04-02 14:52:44,926 : EventManager : Event: ======'init_phase_2'====== Args={}
2018-04-02 14:52:44,938 : BCPClientSocket.local_display : Connecting BCP to 'local_display' at localhost:5050...
2018-04-02 14:52:46,443 : BCPClientSocket.local_display : Connected BCP to 'local_display' localhost:5050
2018-04-02 14:52:46,444 : SwitchController : Registering switch handler: s_plunger_lane, <bound method SwitchCounter._switch_changed of <mpf.devices.ball_device.switch_counter.SwitchCounter object at 0x0000000007714CC0>>, state: 1, ms: 300, info: False, cb_kwargs: {}
2018-04-02 14:52:46,444 : SwitchController : Registering switch handler: s_plunger_lane, <bound method SwitchCounter._switch_changed of <mpf.devices.ball_device.switch_counter.SwitchCounter object at 0x0000000007714CC0>>, state: 0, ms: 500, info: False, cb_kwargs: {}
2018-04-02 14:52:46,444 : ball_device.bd_plunger : Counted 0 balls. Active switches: []
2018-04-02 14:52:46,444 : ball_device.bd_plunger : Waiting for eject request.
2018-04-02 14:52:46,445 : SwitchController : Registering switch handler: s_trough1, <bound method SwitchCounter._switch_changed of <mpf.devices.ball_device.switch_counter.SwitchCounter object at 0x0000000007721940>>, state: 1, ms: 300, info: False, cb_kwargs: {}
2018-04-02 14:52:46,445 : SwitchController : Registering switch handler: s_trough2, <bound method SwitchCounter._switch_changed of <mpf.devices.ball_device.switch_counter.SwitchCounter object at 0x0000000007721940>>, state: 1, ms: 300, info: False, cb_kwargs: {}
2018-04-02 14:52:46,445 : SwitchController : Registering switch handler: s_trough3, <bound method SwitchCounter._switch_changed of <mpf.devices.ball_device.switch_counter.SwitchCounter object at 0x0000000007721940>>, state: 1, ms: 300, info: False, cb_kwargs: {}
2018-04-02 14:52:46,445 : SwitchController : Registering switch handler: s_trough4, <bound method SwitchCounter._switch_changed of <mpf.devices.ball_device.switch_counter.SwitchCounter object at 0x0000000007721940>>, state: 1, ms: 300, info: False, cb_kwargs: {}
2018-04-02 14:52:46,445 : SwitchController : Registering switch handler: s_trough5, <bound method SwitchCounter._switch_changed of <mpf.devices.ball_device.switch_counter.SwitchCounter object at 0x0000000007721940>>, state: 1, ms: 300, info: False, cb_kwargs: {}
2018-04-02 14:52:46,445 : SwitchController : Registering switch handler: s_trough_jam, <bound method SwitchCounter._switch_changed of <mpf.devices.ball_device.switch_counter.SwitchCounter object at 0x0000000007721940>>, state: 1, ms: 300, info: False, cb_kwargs: {}
2018-04-02 14:52:46,445 : SwitchController : Registering switch handler: s_trough1, <bound method SwitchCounter._switch_changed of <mpf.devices.ball_device.switch_counter.SwitchCounter object at 0x0000000007721940>>, state: 0, ms: 500, info: False, cb_kwargs: {}
2018-04-02 14:52:46,445 : SwitchController : Registering switch handler: s_trough2, <bound method SwitchCounter._switch_changed of <mpf.devices.ball_device.switch_counter.SwitchCounter object at 0x0000000007721940>>, state: 0, ms: 500, info: False, cb_kwargs: {}
2018-04-02 14:52:46,445 : SwitchController : Registering switch handler: s_trough3, <bound method SwitchCounter._switch_changed of <mpf.devices.ball_device.switch_counter.SwitchCounter object at 0x0000000007721940>>, state: 0, ms: 500, info: False, cb_kwargs: {}
2018-04-02 14:52:46,445 : SwitchController : Registering switch handler: s_trough4, <bound method SwitchCounter._switch_changed of <mpf.devices.ball_device.switch_counter.SwitchCounter object at 0x0000000007721940>>, state: 0, ms: 500, info: False, cb_kwargs: {}
2018-04-02 14:52:46,446 : SwitchController : Registering switch handler: s_trough5, <bound method SwitchCounter._switch_changed of <mpf.devices.ball_device.switch_counter.SwitchCounter object at 0x0000000007721940>>, state: 0, ms: 500, info: False, cb_kwargs: {}
2018-04-02 14:52:46,446 : SwitchController : Registering switch handler: s_trough_jam, <bound method SwitchCounter._switch_changed of <mpf.devices.ball_device.switch_counter.SwitchCounter object at 0x0000000007721940>>, state: 0, ms: 500, info: False, cb_kwargs: {}
2018-04-02 14:52:46,446 : ball_device.bd_trough : Counted 5 balls. Active switches: ['s_trough1', 's_trough2', 's_trough3', 's_trough4', 's_trough5']
2018-04-02 14:52:46,448 : ball_device.bd_trough : Waiting for eject request.
2018-04-02 14:52:46,454 : EventManager : Event: ======'init_phase_3'====== Args={}
2018-04-02 14:52:46,456 : EventManager : Event: ======'machine_var_master_volume'====== Args={'value': 0.5, 'prev_value': 0.5, 'change': 0.0}
2018-04-02 14:52:46,457 : EventManager : Event: ======'init_phase_4'====== Args={}
2018-04-02 14:52:46,457 : ball_device.bd_plunger : Counted 0 balls. Active switches: []
2018-04-02 14:52:46,457 : ball_device.bd_trough : Counted 5 balls. Active switches: ['s_trough1', 's_trough2', 's_trough3', 's_trough4', 's_trough5']
2018-04-02 14:52:46,458 : EventManager : Event: ======'machine_var_audits_events_game_ended'====== Args={'value': 0, 'prev_value': 0, 'change': 0}
2018-04-02 14:52:46,459 : EventManager : Event: ======'machine_var_audits_events_game_started'====== Args={'value': 1, 'prev_value': 1, 'change': 0}
2018-04-02 14:52:46,459 : EventManager : Event: ======'machine_var_audits_switches_s_launch'====== Args={'value': 0, 'prev_value': 0, 'change': 0}
2018-04-02 14:52:46,459 : EventManager : Event: ======'machine_var_audits_switches_s_left_flipper'====== Args={'value': 0, 'prev_value': 0, 'change': 0}
2018-04-02 14:52:46,459 : EventManager : Event: ======'machine_var_audits_switches_s_start'====== Args={'value': 0, 'prev_value': 0, 'change': 0}
2018-04-02 14:52:46,459 : EventManager : Event: ======'machine_var_audits_switches_s_trough1'====== Args={'value': 0, 'prev_value': 0, 'change': 0}
2018-04-02 14:52:46,459 : EventManager : Event: ======'machine_var_audits_switches_s_right_inlane'====== Args={'value': 0, 'prev_value': 0, 'change': 0}
2018-04-02 14:52:46,460 : EventManager : Event: ======'machine_var_audits_switches_s_trough3'====== Args={'value': 0, 'prev_value': 0, 'change': 0}
2018-04-02 14:52:46,460 : EventManager : Event: ======'machine_var_audits_switches_s_trough4'====== Args={'value': 0, 'prev_value': 0, 'change': 0}
2018-04-02 14:52:46,460 : EventManager : Event: ======'machine_var_audits_switches_s_trough2'====== Args={'value': 0, 'prev_value': 0, 'change': 0}
2018-04-02 14:52:46,460 : EventManager : Event: ======'machine_var_audits_switches_s_right_flipper'====== Args={'value': 0, 'prev_value': 0, 'change': 0}
2018-04-02 14:52:46,460 : EventManager : Event: ======'machine_var_audits_switches_s_plunger_lane'====== Args={'value': 1, 'prev_value': 1, 'change': 0}
2018-04-02 14:52:46,460 : EventManager : Event: ======'machine_var_audits_switches_s_trough_jam'====== Args={'value': 0, 'prev_value': 0, 'change': 0}
2018-04-02 14:52:46,461 : EventManager : Event: ======'machine_var_audits_switches_s_trough5'====== Args={'value': 0, 'prev_value': 0, 'change': 0}
2018-04-02 14:52:46,461 : EventManager : Event: ======'machine_var_audits_player_score'====== Args={'value': {'average': 0, 'top': [], 'total': 0}, 'prev_value': {'average': 0, 'top': [], 'total': 0}, 'change': False}
2018-04-02 14:52:46,461 : EventManager : Event: ======'init_phase_5'====== Args={}
2018-04-02 14:52:46,462 : EventManager : Event: ======'init_done'====== Args={}
2018-04-02 14:52:46,462 : EventManager : Event: ======'machine_reset_phase_1'====== Args={}
2018-04-02 14:52:46,471 : EventManager : Event: ======'slide_dmd_slide_1_removed'====== Args={'_from_bcp': True}
2018-04-02 14:52:46,473 : EventManager : Event: ======'slide_dmd_slide_1_created'====== Args={'_from_bcp': True}
2018-04-02 14:52:46,477 : EventManager : Event: ======'slide_window_slide_1_removed'====== Args={'_from_bcp': True}
2018-04-02 14:52:46,483 : EventManager : Event: ======'slide_window_slide_1_created'====== Args={'_from_bcp': True}
2018-04-02 14:52:46,487 : EventManager : Event: ======'machine_reset_phase_2'====== Args={}
2018-04-02 14:52:46,487 : EventManager : Event: ======'machine_reset_phase_3'====== Args={}
2018-04-02 14:52:46,487 : SwitchController : Found active switch: s_trough1
2018-04-02 14:52:46,487 : SwitchController : Found active switch: s_trough3
2018-04-02 14:52:46,488 : SwitchController : Found active switch: s_trough4
2018-04-02 14:52:46,488 : SwitchController : Found active switch: s_trough2
2018-04-02 14:52:46,488 : SwitchController : Found active switch: s_trough5
2018-04-02 14:52:46,488 : EventManager : Event: ======'reset_complete'====== Args={}
2018-04-02 14:52:46,488 : EventManager : Event: ======'mode_attract_will_start'====== Args={}
2018-04-02 14:52:46,489 : EventManager : Event: ======'mode_attract_starting'====== Args={}
2018-04-02 14:52:46,489 : Mode.attract : Started. Priority: 10
2018-04-02 14:52:46,489 : EventManager : Event: ======'mode_attract_started'====== Args={}
2018-04-02 14:52:46,489 : SwitchController : Registering switch handler: s_start, <bound method Attract.start_button_pressed of <Mode.attract>>, state: 1, ms: 0, info: False, cb_kwargs: {}
2018-04-02 14:52:46,489 : SwitchController : Registering switch handler: s_start, <bound method Attract.start_button_released of <Mode.attract>>, state: 0, ms: 0, info: False, cb_kwargs: {}
2018-04-02 14:52:46,489 : EventManager : Event: ======'collecting_balls_complete'====== Args={}
2018-04-02 14:52:46,490 : EventManager : Event: ======'slide_dmd_slide_1_active'====== Args={'_from_bcp': True}
2018-04-02 14:52:46,490 : Machine : Starting the main run loop.
2018-04-02 14:52:46,491 : EventManager : Event: ======'slide_window_slide_1_active'====== Args={'_from_bcp': True}
2018-04-02 14:52:46,498 : EventManager : Event: ======'slide_attract_started_created'====== Args={'_from_bcp': True}
2018-04-02 14:52:46,499 : EventManager : Event: ======'slide_attract_started_active'====== Args={'_from_bcp': True}
2018-04-02 14:53:52,982 : Machine : Shutting down...
2018-04-02 14:53:52,982 : EventManager : Event: ======'shutdown'====== Args={}
2018-04-02 14:53:52,983 : Machine : Shutting down...
2018-04-02 14:53:52,983 : EventManager : Event: ======'shutdown'====== Args={}
2018-04-02 14:53:52,983 : ball_device.bd_plunger : Stopping ball device
2018-04-02 14:53:52,984 : ball_device.bd_trough : Stopping ball device
2018-04-02 14:53:52,984 : SmartMatrix : Disconnecting from SmartMatrix RGB DMD hardware...
2018-04-02 14:53:52,984 : ball_device.bd_plunger : Stopping ball device
2018-04-02 14:53:52,984 : ball_device.bd_trough : Stopping ball device
2018-04-02 14:53:52,984 : SmartMatrix : Disconnecting from SmartMatrix RGB DMD hardware...
2018-04-02 14:53:52,987 : asyncio : Task was destroyed but it is pending!
task: <Task pending coro=<get() running at c:\python34\lib\asyncio\queues.py:168> wait_for=<Future cancelled> cb=[_wait.<locals>._on_completion() at c:\python34\lib\asyncio\tasks.py:408]>
2018-04-02 14:53:52,987 : asyncio : Task was destroyed but it is pending!
task: <Task pending coro=<wait() running at c:\python34\lib\asyncio\locks.py:264> wait_for=<Future cancelled> cb=[_wait.<locals>._on_completion() at c:\python34\lib\asyncio\tasks.py:408]>
2018-04-02 14:53:52,988 : asyncio : Task was destroyed but it is pending!
task: <Task pending coro=<get() running at c:\python34\lib\asyncio\queues.py:168> wait_for=<Future cancelled> cb=[_wait.<locals>._on_completion() at c:\python34\lib\asyncio\tasks.py:408]>
2018-04-02 14:53:52,988 : asyncio : Task was destroyed but it is pending!
task: <Task pending coro=<wait() running at c:\python34\lib\asyncio\locks.py:264> wait_for=<Future cancelled> cb=[_wait.<locals>._on_completion() at c:\python34\lib\asyncio\tasks.py:408]>
2018-04-02 14:53:52,989 : root : MPF run loop ended.
