2018-04-02 11:37:58,332 : kivy : Factory: 194 symbols loaded
2018-04-02 11:37:58,411 : kivy : Image: Providers: img_tex, img_dds, img_sdl2, img_gif (img_pil, img_ffpyplayer ignored)
2018-04-02 11:37:58,440 : kivy : VideoGstplayer: Using Gstreamer 1.10.2.0
2018-04-02 11:37:58,440 : kivy : Video: Provider: gstplayer
2018-04-02 11:37:58,466 : kivy : Loading MPF-MC controller
2018-04-02 11:37:58,466 : mpfmc : Mission Pinball Framework Media Controller v0.33.16
2018-04-02 11:37:58,466 : mpfmc : Mission Pinball Framework Game Engine v0.33.49
2018-04-02 11:37:58,467 : mpfmc : Machine path: D:\Dev\mpf\scottp
2018-04-02 11:37:58,467 : mpfmc : Starting clock at 30.0Hz
2018-04-02 11:37:58,473 : kivy : Text: Provider: sdl2
2018-04-02 11:37:58,685 : kivy : OSC: using <thread> for socket
2018-04-02 11:37:58,689 : kivy : Window: Provider: sdl2
2018-04-02 11:37:58,890 : kivy : GL: Using the "OpenGL" graphics system
2018-04-02 11:37:58,891 : kivy : GL: GLEW initialization succeeded
2018-04-02 11:37:58,892 : kivy : GL: Backend used <glew>
2018-04-02 11:37:58,892 : kivy : GL: OpenGL version <b'4.5.13497 Compatibility Profile Context 23.20.793.0'>
2018-04-02 11:37:58,892 : kivy : GL: OpenGL vendor <b'ATI Technologies Inc.'>
2018-04-02 11:37:58,892 : kivy : GL: OpenGL renderer <b'Radeon (TM) RX 480 Graphics'>
2018-04-02 11:37:58,892 : kivy : GL: OpenGL parsed version: 4, 5
2018-04-02 11:37:58,893 : kivy : GL: Shading version <b'4.50'>
2018-04-02 11:37:58,893 : kivy : GL: Texture max size <16384>
2018-04-02 11:37:58,893 : kivy : GL: Texture max units <32>
2018-04-02 11:37:58,901 : kivy : Window: auto add sdl2 input provider
2018-04-02 11:37:58,902 : kivy : Window: virtual keyboard not allowed, single mode, not docked
2018-04-02 11:37:58,904 : SoundSystem : SoundSystem: Using default 'sound_system' settings
2018-04-02 11:37:59,446 : AudioInterface : Initialized
2018-04-02 11:37:59,446 : SoundSystem : No audio tracks are specified in your machine config file. a track named 'default' has been created.
2018-04-02 11:37:59,448 : kivy : Base: Start application main loop
2018-04-02 11:37:59,543 : MPF-MC BCP Server : Starting up on localhost port 5050
2018-04-02 11:37:59,547 : MPF-MC BCP Server : Waiting for a connection...
2018-04-02 11:37:59,573 : kivy : GL: NPOT texture support is available
2018-04-02 11:37:59,954 : MPF-MC BCP Server : Received connection from: 127.0.0.1:61757
2018-04-02 11:37:59,970 : mpfmc : Initializing Physical DMD
2018-04-02 11:37:59,978 : mpfmc : Setting Physical DMD to 30.0fps
2018-04-02 11:38:05,280 : kivy : Base: Leaving application in progress...
2018-04-02 11:38:05,280 : mpfmc : Stopping...
2018-04-02 11:38:05,281 : mpfmc : Loop rate 37.72 Hz
2018-04-02 11:38:05,281 : kivy : MC run loop ended.
2018-04-02 11:38:05,281 : kivy : Stopping child threads... (3 remaining)
2018-04-02 11:38:05,867 : MPF-MC BCP Server : Stopping BCP sending thread
2018-04-02 11:38:05,994 : mpfmc : Stopping...
2018-04-02 11:38:05,995 : mpfmc : Loop rate 33.6 Hz
2018-04-02 11:38:06,084 : kivy : All child threads stopped.
