2018-04-02 10:41:21,745 : kivy : Factory: 194 symbols loaded
2018-04-02 10:41:21,824 : kivy : Image: Providers: img_tex, img_dds, img_sdl2, img_gif (img_pil, img_ffpyplayer ignored)
2018-04-02 10:41:21,853 : kivy : VideoGstplayer: Using Gstreamer 1.10.2.0
2018-04-02 10:41:21,853 : kivy : Video: Provider: gstplayer
2018-04-02 10:41:21,878 : kivy : Loading MPF-MC controller
2018-04-02 10:41:21,879 : mpfmc : Mission Pinball Framework Media Controller v0.33.16
2018-04-02 10:41:21,879 : mpfmc : Mission Pinball Framework Game Engine v0.33.49
2018-04-02 10:41:21,879 : mpfmc : Machine path: D:\Dev\mpf\scottp
2018-04-02 10:41:21,879 : mpfmc : Starting clock at 30.0Hz
2018-04-02 10:41:21,889 : kivy : Text: Provider: sdl2
2018-04-02 10:41:22,101 : kivy : OSC: using <thread> for socket
2018-04-02 10:41:22,104 : kivy : Window: Provider: sdl2
2018-04-02 10:41:22,334 : kivy : GL: Using the "OpenGL" graphics system
2018-04-02 10:41:22,335 : kivy : GL: GLEW initialization succeeded
2018-04-02 10:41:22,335 : kivy : GL: Backend used <glew>
2018-04-02 10:41:22,336 : kivy : GL: OpenGL version <b'4.5.13497 Compatibility Profile Context 23.20.793.0'>
2018-04-02 10:41:22,336 : kivy : GL: OpenGL vendor <b'ATI Technologies Inc.'>
2018-04-02 10:41:22,336 : kivy : GL: OpenGL renderer <b'Radeon (TM) RX 480 Graphics'>
2018-04-02 10:41:22,336 : kivy : GL: OpenGL parsed version: 4, 5
2018-04-02 10:41:22,336 : kivy : GL: Shading version <b'4.50'>
2018-04-02 10:41:22,337 : kivy : GL: Texture max size <16384>
2018-04-02 10:41:22,337 : kivy : GL: Texture max units <32>
2018-04-02 10:41:22,346 : kivy : Window: auto add sdl2 input provider
2018-04-02 10:41:22,346 : kivy : Window: virtual keyboard not allowed, single mode, not docked
2018-04-02 10:41:22,349 : SoundSystem : SoundSystem: Using default 'sound_system' settings
2018-04-02 10:41:22,873 : AudioInterface : Initialized
2018-04-02 10:41:22,873 : SoundSystem : No audio tracks are specified in your machine config file. a track named 'default' has been created.
2018-04-02 10:41:22,875 : kivy : Base: Start application main loop
2018-04-02 10:41:22,971 : MPF-MC BCP Server : Starting up on localhost port 5050
2018-04-02 10:41:22,975 : MPF-MC BCP Server : Waiting for a connection...
2018-04-02 10:41:22,977 : kivy : GL: NPOT texture support is available
2018-04-02 10:41:23,349 : MPF-MC BCP Server : Received connection from: 127.0.0.1:59658
2018-04-02 10:41:23,350 : mpfmc : Initializing Physical DMD
2018-04-02 10:41:23,358 : mpfmc : Setting Physical DMD to 30.0fps
2018-04-02 10:41:40,046 : kivy : Base: Leaving application in progress...
2018-04-02 10:41:40,046 : mpfmc : Stopping...
2018-04-02 10:41:40,047 : mpfmc : Loop rate 39.89 Hz
2018-04-02 10:41:40,047 : kivy : MC run loop ended.
2018-04-02 10:41:40,047 : kivy : Stopping child threads... (3 remaining)
2018-04-02 10:41:40,413 : mpfmc : Stopping...
2018-04-02 10:41:40,414 : mpfmc : Loop rate 39.06 Hz
2018-04-02 10:41:40,695 : MPF-MC BCP Server : Stopping BCP sending thread
2018-04-02 10:41:41,051 : kivy : All child threads stopped.
