2018-04-02 14:38:00,825 : Machine : Mission Pinball Framework Core Engine v0.33.49
2018-04-02 14:38:00,826 : Machine : Command line arguments: {'configfile': ['config'], 'bcp': True, 'loglevel': 11, 'create_config_cache': True, 'logfile': 'logs\\2018-04-02-14-38-00-mpf-DESKTOP-U1P21TS.log', 'mc_file_name': None, 'force_assets_load': False, 'pause': False, 'no_load_cache': False, 'consoleloglevel': 20, 'mpfconfigfile': 'c:\\python34\\lib\\site-packages\\mpf\\mpfconfig.yaml', 'syslog_address': None, 'force_platform': None}
2018-04-02 14:38:00,826 : Machine : MPF path: c:\python34\lib\site-packages\mpf
2018-04-02 14:38:00,826 : Machine : Machine path: D:\Dev\mpf\scottp
2018-04-02 14:38:00,826 : Machine : Platform: win32
2018-04-02 14:38:00,826 : Machine : Python executable location: c:\python34\python.exe
2018-04-02 14:38:00,826 : Machine : Python version: 3.4.4 (64-bit)
2018-04-02 14:38:01,001 : Machine : Loading cached config: C:\Users\maddo\AppData\Local\Temp\f2725e9fdb5e5699b9561cedbbf1540fconfig
2018-04-02 14:38:01,007 : SmartMatrix : Connecting to SmartMatrix RGB DMD on COM6 baud 2500000
2018-04-02 14:38:01,034 : SwitchController : Loading the SwitchController
2018-04-02 14:38:01,077 : EventManager : Event: ======'machine_var_mpf_version'====== Args={'value': 'MPF v0.33.49', 'prev_value': 'MPF v0.33.49', 'change': False}
2018-04-02 14:38:01,077 : EventManager : Event: ======'machine_var_mpf_extended_version'====== Args={'value': 'MPF v0.33.49, Config version:4, Show version: 4, BCP version:1.1', 'prev_value': 'MPF v0.33.49, Config version:4, Show version: 4, BCP version:1.1', 'change': False}
2018-04-02 14:38:01,077 : EventManager : Event: ======'machine_var_python_version'====== Args={'value': '3.4.4', 'prev_value': '3.4.4', 'change': False}
2018-04-02 14:38:01,077 : EventManager : Event: ======'machine_var_platform'====== Args={'value': 'Windows-10-10.0.16299', 'prev_value': 'Windows-10-10.0.16299', 'change': False}
2018-04-02 14:38:01,077 : EventManager : Event: ======'machine_var_platform_system'====== Args={'value': 'Windows', 'prev_value': 'Windows', 'change': False}
2018-04-02 14:38:01,077 : EventManager : Event: ======'machine_var_platform_release'====== Args={'value': '10', 'prev_value': '10', 'change': False}
2018-04-02 14:38:01,078 : EventManager : Event: ======'machine_var_platform_version'====== Args={'value': '10.0.16299', 'prev_value': '10.0.16299', 'change': False}
2018-04-02 14:38:01,078 : EventManager : Event: ======'machine_var_platform_machine'====== Args={'value': 'AMD64', 'prev_value': 'AMD64', 'change': False}
2018-04-02 14:38:01,078 : EventManager : Event: ======'init_phase_1'====== Args={}
2018-04-02 14:38:01,119 : ball_device.bd_trough : Platform Driver: None
2018-04-02 14:38:01,120 : ball_device.bd_trough : Configuring device with settings: '{'entrance_switch': None, 'debug': True, 'eject_events': {}, 'eject_targets': [<ball_device.bd_plunger>], 'eject_all_events': {}, 'ball_capacity': None, 'tags': ['trough', 'home', 'drain'], 'entrance_count_delay': 300, 'ball_search_order': 200, 'auto_fire_on_unexpected_ball': True, 'ball_missing_target': <playfield.playfield>, 'confirm_eject_switch': None, 'player_controlled_eject_event': None, 'eject_coil_retry_pulse': None, 'target_on_unexpected_ball': None, 'hold_coil': None, 'console_log': 'full', 'hold_events': {}, 'retries_before_increasing_pulse': 4, 'entrance_events': {}, 'jam_switch': <switch.s_trough_jam>, 'eject_timeouts': [], 'mechanical_eject': False, 'entrance_switch_full_timeout': 0, 'request_ball_events': [], 'ball_switches': [<switch.s_trough1>, <switch.s_trough2>, <switch.s_trough3>, <switch.s_trough4>, <switch.s_trough5>, <switch.s_trough_jam>], 'file_log': 'full', 'hold_coil_release_time': 1000, 'captures_from': <playfield.playfield>, 'label': '%', 'ball_missing_timeouts': [], 'hold_switches': [], 'confirm_eject_type': 'target', 'confirm_eject_event': None, 'eject_coil': <coil.c_trough_eject>, 'eject_coil_jam_pulse': None, 'exit_count_delay': 500, 'max_eject_attempts': 0}'
2018-04-02 14:38:01,120 : ball_device.bd_plunger : Platform Driver: None
2018-04-02 14:38:01,120 : ball_device.bd_plunger : Configuring device with settings: '{'eject_timeouts': [3000], 'debug': True, 'eject_events': {}, 'eject_targets': [<playfield.playfield>], 'eject_all_events': {}, 'ball_capacity': None, 'tags': ['ball_add_live'], 'entrance_count_delay': 300, 'ball_search_order': 200, 'auto_fire_on_unexpected_ball': True, 'ball_missing_target': <playfield.playfield>, 'entrance_switch': None, 'player_controlled_eject_event': 'sw_launch', 'eject_coil_retry_pulse': None, 'target_on_unexpected_ball': None, 'hold_coil': None, 'console_log': 'full', 'retries_before_increasing_pulse': 4, 'confirm_eject_switch': None, 'jam_switch': None, 'hold_events': {}, 'mechanical_eject': False, 'entrance_switch_full_timeout': 0, 'request_ball_events': [], 'ball_switches': [<switch.s_plunger_lane>], 'file_log': 'full', 'hold_coil_release_time': 1000, 'captures_from': <playfield.playfield>, 'label': '%', 'ball_missing_timeouts': [], 'entrance_events': {}, 'hold_switches': [], 'confirm_eject_type': 'target', 'confirm_eject_event': None, 'eject_coil': <coil.c_plunger_eject>, 'eject_coil_jam_pulse': None, 'exit_count_delay': 500, 'max_eject_attempts': 0}'
2018-04-02 14:38:01,121 : ball_device.bd_plunger : EVENT: bd_trough to bd_plunger
2018-04-02 14:38:01,122 : SwitchController : Registering switch handler: s_left_flipper, <bound method ComboSwitch._switch_1_went_active of <combo_switch.both_flippers>>, state: 1, ms: 0, info: False, cb_kwargs: {}
2018-04-02 14:38:01,122 : SwitchController : Registering switch handler: s_left_flipper, <bound method ComboSwitch._switch_1_went_inactive of <combo_switch.both_flippers>>, state: 0, ms: 0, info: False, cb_kwargs: {}
2018-04-02 14:38:01,122 : SwitchController : Registering switch handler: s_right_flipper, <bound method ComboSwitch._switch_2_went_active of <combo_switch.both_flippers>>, state: 1, ms: 0, info: False, cb_kwargs: {}
2018-04-02 14:38:01,122 : SwitchController : Registering switch handler: s_right_flipper, <bound method ComboSwitch._switch_2_went_inactive of <combo_switch.both_flippers>>, state: 0, ms: 0, info: False, cb_kwargs: {}
2018-04-02 14:38:01,122 : SwitchController : Registering switch handler: s_left_flipper, <bound method TimedSwitch._activate of <timed_switch.flipper_cradle>>, state: 1, ms: 3000, info: True, cb_kwargs: {}
2018-04-02 14:38:01,122 : SwitchController : Registering switch handler: s_left_flipper, <bound method TimedSwitch._deactivate of <timed_switch.flipper_cradle>>, state: 0, ms: 0, info: True, cb_kwargs: {}
2018-04-02 14:38:01,122 : SwitchController : Registering switch handler: s_right_flipper, <bound method TimedSwitch._activate of <timed_switch.flipper_cradle>>, state: 1, ms: 3000, info: True, cb_kwargs: {}
2018-04-02 14:38:01,122 : SwitchController : Registering switch handler: s_right_flipper, <bound method TimedSwitch._deactivate of <timed_switch.flipper_cradle>>, state: 0, ms: 0, info: True, cb_kwargs: {}
2018-04-02 14:38:01,123 : EventManager : Event: ======'init_phase_2'====== Args={}
2018-04-02 14:38:01,133 : BCPClientSocket.local_display : Connecting BCP to 'local_display' at localhost:5050...
2018-04-02 14:38:02,637 : BCPClientSocket.local_display : Connected BCP to 'local_display' localhost:5050
2018-04-02 14:38:02,637 : SwitchController : Registering switch handler: s_trough1, <bound method SwitchCounter._switch_changed of <mpf.devices.ball_device.switch_counter.SwitchCounter object at 0x000000000762A908>>, state: 1, ms: 300, info: False, cb_kwargs: {}
2018-04-02 14:38:02,638 : SwitchController : Registering switch handler: s_trough2, <bound method SwitchCounter._switch_changed of <mpf.devices.ball_device.switch_counter.SwitchCounter object at 0x000000000762A908>>, state: 1, ms: 300, info: False, cb_kwargs: {}
2018-04-02 14:38:02,638 : SwitchController : Registering switch handler: s_trough3, <bound method SwitchCounter._switch_changed of <mpf.devices.ball_device.switch_counter.SwitchCounter object at 0x000000000762A908>>, state: 1, ms: 300, info: False, cb_kwargs: {}
2018-04-02 14:38:02,638 : SwitchController : Registering switch handler: s_trough4, <bound method SwitchCounter._switch_changed of <mpf.devices.ball_device.switch_counter.SwitchCounter object at 0x000000000762A908>>, state: 1, ms: 300, info: False, cb_kwargs: {}
2018-04-02 14:38:02,638 : SwitchController : Registering switch handler: s_trough5, <bound method SwitchCounter._switch_changed of <mpf.devices.ball_device.switch_counter.SwitchCounter object at 0x000000000762A908>>, state: 1, ms: 300, info: False, cb_kwargs: {}
2018-04-02 14:38:02,638 : SwitchController : Registering switch handler: s_trough_jam, <bound method SwitchCounter._switch_changed of <mpf.devices.ball_device.switch_counter.SwitchCounter object at 0x000000000762A908>>, state: 1, ms: 300, info: False, cb_kwargs: {}
2018-04-02 14:38:02,638 : SwitchController : Registering switch handler: s_trough1, <bound method SwitchCounter._switch_changed of <mpf.devices.ball_device.switch_counter.SwitchCounter object at 0x000000000762A908>>, state: 0, ms: 500, info: False, cb_kwargs: {}
2018-04-02 14:38:02,638 : SwitchController : Registering switch handler: s_trough2, <bound method SwitchCounter._switch_changed of <mpf.devices.ball_device.switch_counter.SwitchCounter object at 0x000000000762A908>>, state: 0, ms: 500, info: False, cb_kwargs: {}
2018-04-02 14:38:02,638 : SwitchController : Registering switch handler: s_trough3, <bound method SwitchCounter._switch_changed of <mpf.devices.ball_device.switch_counter.SwitchCounter object at 0x000000000762A908>>, state: 0, ms: 500, info: False, cb_kwargs: {}
2018-04-02 14:38:02,638 : SwitchController : Registering switch handler: s_trough4, <bound method SwitchCounter._switch_changed of <mpf.devices.ball_device.switch_counter.SwitchCounter object at 0x000000000762A908>>, state: 0, ms: 500, info: False, cb_kwargs: {}
2018-04-02 14:38:02,638 : SwitchController : Registering switch handler: s_trough5, <bound method SwitchCounter._switch_changed of <mpf.devices.ball_device.switch_counter.SwitchCounter object at 0x000000000762A908>>, state: 0, ms: 500, info: False, cb_kwargs: {}
2018-04-02 14:38:02,638 : SwitchController : Registering switch handler: s_trough_jam, <bound method SwitchCounter._switch_changed of <mpf.devices.ball_device.switch_counter.SwitchCounter object at 0x000000000762A908>>, state: 0, ms: 500, info: False, cb_kwargs: {}
2018-04-02 14:38:02,638 : ball_device.bd_trough : Counted 5 balls. Active switches: ['s_trough1', 's_trough2', 's_trough3', 's_trough4', 's_trough5']
2018-04-02 14:38:02,639 : ball_device.bd_trough : Waiting for eject request.
2018-04-02 14:38:02,639 : SwitchController : Registering switch handler: s_plunger_lane, <bound method SwitchCounter._switch_changed of <mpf.devices.ball_device.switch_counter.SwitchCounter object at 0x0000000007639908>>, state: 1, ms: 300, info: False, cb_kwargs: {}
2018-04-02 14:38:02,639 : SwitchController : Registering switch handler: s_plunger_lane, <bound method SwitchCounter._switch_changed of <mpf.devices.ball_device.switch_counter.SwitchCounter object at 0x0000000007639908>>, state: 0, ms: 500, info: False, cb_kwargs: {}
2018-04-02 14:38:02,639 : ball_device.bd_plunger : Counted 0 balls. Active switches: []
2018-04-02 14:38:02,640 : ball_device.bd_plunger : Waiting for eject request.
2018-04-02 14:38:02,642 : EventManager : Event: ======'init_phase_3'====== Args={}
2018-04-02 14:38:02,644 : EventManager : Event: ======'init_phase_4'====== Args={}
2018-04-02 14:38:02,645 : ball_device.bd_trough : Counted 5 balls. Active switches: ['s_trough1', 's_trough2', 's_trough3', 's_trough4', 's_trough5']
2018-04-02 14:38:02,645 : ball_device.bd_plunger : Counted 0 balls. Active switches: []
2018-04-02 14:38:02,646 : EventManager : Event: ======'machine_var_audits_player_score'====== Args={'value': {'average': 0, 'top': [], 'total': 0}, 'prev_value': {'average': 0, 'top': [], 'total': 0}, 'change': False}
2018-04-02 14:38:02,646 : EventManager : Event: ======'machine_var_audits_switches_s_trough1'====== Args={'value': 0, 'prev_value': 0, 'change': 0}
2018-04-02 14:38:02,646 : EventManager : Event: ======'machine_var_audits_switches_s_trough2'====== Args={'value': 0, 'prev_value': 0, 'change': 0}
2018-04-02 14:38:02,646 : EventManager : Event: ======'machine_var_audits_switches_s_trough3'====== Args={'value': 0, 'prev_value': 0, 'change': 0}
2018-04-02 14:38:02,646 : EventManager : Event: ======'machine_var_audits_switches_s_trough5'====== Args={'value': 0, 'prev_value': 0, 'change': 0}
2018-04-02 14:38:02,646 : EventManager : Event: ======'machine_var_audits_switches_s_plunger_lane'====== Args={'value': 0, 'prev_value': 0, 'change': 0}
2018-04-02 14:38:02,646 : EventManager : Event: ======'machine_var_audits_switches_s_trough_jam'====== Args={'value': 0, 'prev_value': 0, 'change': 0}
2018-04-02 14:38:02,646 : EventManager : Event: ======'machine_var_audits_switches_s_trough4'====== Args={'value': 0, 'prev_value': 0, 'change': 0}
2018-04-02 14:38:02,647 : EventManager : Event: ======'machine_var_audits_switches_s_left_flipper'====== Args={'value': 0, 'prev_value': 0, 'change': 0}
2018-04-02 14:38:02,647 : EventManager : Event: ======'machine_var_audits_switches_s_right_flipper'====== Args={'value': 0, 'prev_value': 0, 'change': 0}
2018-04-02 14:38:02,647 : EventManager : Event: ======'machine_var_audits_switches_s_launch'====== Args={'value': 0, 'prev_value': 0, 'change': 0}
2018-04-02 14:38:02,647 : EventManager : Event: ======'init_phase_5'====== Args={}
2018-04-02 14:38:02,648 : EventManager : Event: ======'init_done'====== Args={}
2018-04-02 14:38:02,649 : EventManager : Event: ======'machine_reset_phase_1'====== Args={}
2018-04-02 14:38:02,661 : EventManager : Event: ======'machine_var_master_volume'====== Args={'value': 0.5, 'prev_value': 0.5, 'change': 0.0}
2018-04-02 14:38:02,662 : EventManager : Event: ======'slide_dmd_slide_1_removed'====== Args={'_from_bcp': True}
2018-04-02 14:38:02,664 : EventManager : Event: ======'slide_dmd_slide_1_created'====== Args={'_from_bcp': True}
2018-04-02 14:38:02,668 : EventManager : Event: ======'slide_window_slide_1_removed'====== Args={'_from_bcp': True}
2018-04-02 14:38:02,674 : EventManager : Event: ======'slide_window_slide_1_created'====== Args={'_from_bcp': True}
2018-04-02 14:38:02,678 : EventManager : Event: ======'slide_dmd_slide_1_active'====== Args={'_from_bcp': True}
2018-04-02 14:38:02,679 : EventManager : Event: ======'machine_reset_phase_2'====== Args={}
2018-04-02 14:38:02,679 : EventManager : Event: ======'machine_reset_phase_3'====== Args={}
2018-04-02 14:38:02,679 : SwitchController : Found active switch: s_trough1
2018-04-02 14:38:02,679 : SwitchController : Found active switch: s_trough2
2018-04-02 14:38:02,679 : SwitchController : Found active switch: s_trough3
2018-04-02 14:38:02,680 : SwitchController : Found active switch: s_trough5
2018-04-02 14:38:02,680 : SwitchController : Found active switch: s_trough4
2018-04-02 14:38:02,680 : EventManager : Event: ======'reset_complete'====== Args={}
2018-04-02 14:38:02,680 : EventManager : Event: ======'mode_attract_will_start'====== Args={}
2018-04-02 14:38:02,680 : EventManager : Event: ======'mode_attract_starting'====== Args={}
2018-04-02 14:38:02,681 : Mode.attract : Started. Priority: 10
2018-04-02 14:38:02,681 : EventManager : Event: ======'mode_attract_started'====== Args={}
2018-04-02 14:38:02,681 : EventManager : Event: ======'collecting_balls_complete'====== Args={}
2018-04-02 14:38:02,681 : EventManager : Event: ======'slide_window_slide_1_active'====== Args={'_from_bcp': True}
2018-04-02 14:38:02,682 : Machine : Starting the main run loop.
2018-04-02 14:38:28,296 : SwitchController : Processing switch. Name: s_left_flipper, state: 1, logical: True,
2018-04-02 14:38:28,296 : SwitchController : <<<<<<< 's_left_flipper' active >>>>>>>
2018-04-02 14:38:28,297 : SwitchController : Found timed switch handler for k/v 875565.5310000001 / {'state': 1, 'callback': <bound method TimedSwitch._activate of <timed_switch.flipper_cradle>>, 'ms': 3000, 'return_info': True, 'callback_kwargs': {}, 'removed': False, 'switch_name': 's_left_flipper', 'switch_action': 's_left_flipper-1'}
2018-04-02 14:38:28,297 : EventManager : Event: ======'s_left_flipper_active'====== Args={}
2018-04-02 14:38:28,297 : EventManager : Event: ======'sw_left_flipper'====== Args={}
2018-04-02 14:38:28,297 : EventManager : Event: ======'sw_left_flipper_active'====== Args={}
2018-04-02 14:38:28,493 : SwitchController : Processing switch. Name: s_left_flipper, state: 0, logical: True,
2018-04-02 14:38:28,493 : SwitchController : <<<<<<< 's_left_flipper' inactive >>>>>>>
2018-04-02 14:38:28,494 : EventManager : Event: ======'s_left_flipper_inactive'====== Args={}
2018-04-02 14:38:28,494 : EventManager : Event: ======'sw_left_flipper_inactive'====== Args={}
2018-04-02 14:38:31,046 : SwitchController : Processing switch. Name: s_left_flipper, state: 1, logical: True,
2018-04-02 14:38:31,047 : SwitchController : <<<<<<< 's_left_flipper' active >>>>>>>
2018-04-02 14:38:31,047 : SwitchController : Found timed switch handler for k/v 875568.2810000001 / {'state': 1, 'callback': <bound method TimedSwitch._activate of <timed_switch.flipper_cradle>>, 'ms': 3000, 'return_info': True, 'callback_kwargs': {}, 'removed': False, 'switch_name': 's_left_flipper', 'switch_action': 's_left_flipper-1'}
2018-04-02 14:38:31,047 : EventManager : Event: ======'s_left_flipper_active'====== Args={}
2018-04-02 14:38:31,047 : EventManager : Event: ======'sw_left_flipper'====== Args={}
2018-04-02 14:38:31,047 : EventManager : Event: ======'sw_left_flipper_active'====== Args={}
2018-04-02 14:38:31,240 : SwitchController : Processing switch. Name: s_left_flipper, state: 0, logical: True,
2018-04-02 14:38:31,240 : SwitchController : <<<<<<< 's_left_flipper' inactive >>>>>>>
2018-04-02 14:38:31,240 : EventManager : Event: ======'s_left_flipper_inactive'====== Args={}
2018-04-02 14:38:31,240 : EventManager : Event: ======'sw_left_flipper_inactive'====== Args={}
2018-04-02 14:38:33,788 : SwitchController : Processing switch. Name: s_left_flipper, state: 1, logical: True,
2018-04-02 14:38:33,788 : SwitchController : <<<<<<< 's_left_flipper' active >>>>>>>
2018-04-02 14:38:33,789 : SwitchController : Found timed switch handler for k/v 875571.015 / {'state': 1, 'callback': <bound method TimedSwitch._activate of <timed_switch.flipper_cradle>>, 'ms': 3000, 'return_info': True, 'callback_kwargs': {}, 'removed': False, 'switch_name': 's_left_flipper', 'switch_action': 's_left_flipper-1'}
2018-04-02 14:38:33,789 : EventManager : Event: ======'s_left_flipper_active'====== Args={}
2018-04-02 14:38:33,789 : EventManager : Event: ======'sw_left_flipper'====== Args={}
2018-04-02 14:38:33,789 : EventManager : Event: ======'sw_left_flipper_active'====== Args={}
2018-04-02 14:38:35,455 : SwitchController : Processing switch. Name: s_left_flipper, state: 0, logical: True,
2018-04-02 14:38:35,455 : SwitchController : <<<<<<< 's_left_flipper' inactive >>>>>>>
2018-04-02 14:38:35,455 : EventManager : Event: ======'s_left_flipper_inactive'====== Args={}
2018-04-02 14:38:35,455 : EventManager : Event: ======'sw_left_flipper_inactive'====== Args={}
2018-04-02 14:38:35,675 : SwitchController : Processing switch. Name: s_right_flipper, state: 1, logical: True,
2018-04-02 14:38:35,675 : SwitchController : <<<<<<< 's_right_flipper' active >>>>>>>
2018-04-02 14:38:35,675 : SwitchController : Found timed switch handler for k/v 875572.9060000001 / {'state': 1, 'callback': <bound method TimedSwitch._activate of <timed_switch.flipper_cradle>>, 'ms': 3000, 'return_info': True, 'callback_kwargs': {}, 'removed': False, 'switch_name': 's_right_flipper', 'switch_action': 's_right_flipper-1'}
2018-04-02 14:38:35,675 : EventManager : Event: ======'s_right_flipper_active'====== Args={}
2018-04-02 14:38:35,676 : EventManager : Event: ======'sw_right_flipper'====== Args={}
2018-04-02 14:38:35,676 : EventManager : Event: ======'sw_right_flipper_active'====== Args={}
2018-04-02 14:38:36,678 : SwitchController : Processing switch. Name: s_right_flipper, state: 0, logical: True,
2018-04-02 14:38:36,678 : SwitchController : <<<<<<< 's_right_flipper' inactive >>>>>>>
2018-04-02 14:38:36,678 : EventManager : Event: ======'s_right_flipper_inactive'====== Args={}
2018-04-02 14:38:36,678 : EventManager : Event: ======'sw_right_flipper_inactive'====== Args={}
2018-04-02 14:38:37,118 : SwitchController : Processing switch. Name: s_right_flipper, state: 1, logical: True,
2018-04-02 14:38:37,118 : SwitchController : <<<<<<< 's_right_flipper' active >>>>>>>
2018-04-02 14:38:37,118 : SwitchController : Found timed switch handler for k/v 875574.343 / {'state': 1, 'callback': <bound method TimedSwitch._activate of <timed_switch.flipper_cradle>>, 'ms': 3000, 'return_info': True, 'callback_kwargs': {}, 'removed': False, 'switch_name': 's_right_flipper', 'switch_action': 's_right_flipper-1'}
2018-04-02 14:38:37,118 : EventManager : Event: ======'s_right_flipper_active'====== Args={}
2018-04-02 14:38:37,118 : EventManager : Event: ======'sw_right_flipper'====== Args={}
2018-04-02 14:38:37,118 : EventManager : Event: ======'sw_right_flipper_active'====== Args={}
2018-04-02 14:38:37,977 : SwitchController : Processing switch. Name: s_right_flipper, state: 0, logical: True,
2018-04-02 14:38:37,978 : SwitchController : <<<<<<< 's_right_flipper' inactive >>>>>>>
2018-04-02 14:38:37,978 : EventManager : Event: ======'s_right_flipper_inactive'====== Args={}
2018-04-02 14:38:37,978 : EventManager : Event: ======'sw_right_flipper_inactive'====== Args={}
2018-04-02 14:42:53,813 : Machine : Shutting down...
2018-04-02 14:42:53,813 : EventManager : Event: ======'shutdown'====== Args={}
2018-04-02 14:42:53,814 : Machine : Shutting down...
2018-04-02 14:42:53,814 : EventManager : Event: ======'shutdown'====== Args={}
2018-04-02 14:42:53,815 : ball_device.bd_trough : Stopping ball device
2018-04-02 14:42:53,815 : ball_device.bd_plunger : Stopping ball device
2018-04-02 14:42:53,815 : SmartMatrix : Disconnecting from SmartMatrix RGB DMD hardware...
2018-04-02 14:42:53,815 : ball_device.bd_trough : Stopping ball device
2018-04-02 14:42:53,815 : ball_device.bd_plunger : Stopping ball device
2018-04-02 14:42:53,815 : SmartMatrix : Disconnecting from SmartMatrix RGB DMD hardware...
2018-04-02 14:42:53,818 : asyncio : Task was destroyed but it is pending!
task: <Task pending coro=<get() running at c:\python34\lib\asyncio\queues.py:168> wait_for=<Future cancelled> cb=[_wait.<locals>._on_completion() at c:\python34\lib\asyncio\tasks.py:408]>
2018-04-02 14:42:53,818 : asyncio : Task was destroyed but it is pending!
task: <Task pending coro=<wait() running at c:\python34\lib\asyncio\locks.py:264> wait_for=<Future cancelled> cb=[_wait.<locals>._on_completion() at c:\python34\lib\asyncio\tasks.py:408]>
2018-04-02 14:42:53,818 : asyncio : Task was destroyed but it is pending!
task: <Task pending coro=<get() running at c:\python34\lib\asyncio\queues.py:168> wait_for=<Future cancelled> cb=[_wait.<locals>._on_completion() at c:\python34\lib\asyncio\tasks.py:408]>
2018-04-02 14:42:53,818 : asyncio : Task was destroyed but it is pending!
task: <Task pending coro=<wait() running at c:\python34\lib\asyncio\locks.py:264> wait_for=<Future cancelled> cb=[_wait.<locals>._on_completion() at c:\python34\lib\asyncio\tasks.py:408]>
2018-04-02 14:42:53,819 : root : MPF run loop ended.
