2018-04-02 13:19:06,230 : Machine : Mission Pinball Framework Core Engine v0.33.49
2018-04-02 13:19:06,230 : Machine : Command line arguments: {'no_load_cache': False, 'force_assets_load': False, 'force_platform': None, 'create_config_cache': True, 'loglevel': 11, 'consoleloglevel': 20, 'pause': False, 'syslog_address': None, 'mpfconfigfile': 'c:\\python34\\lib\\site-packages\\mpf\\mpfconfig.yaml', 'mc_file_name': None, 'configfile': ['config'], 'bcp': True, 'logfile': 'logs\\2018-04-02-13-19-06-mpf-DESKTOP-U1P21TS.log'}
2018-04-02 13:19:06,230 : Machine : MPF path: c:\python34\lib\site-packages\mpf
2018-04-02 13:19:06,230 : Machine : Machine path: D:\Dev\mpf\scottp
2018-04-02 13:19:06,230 : Machine : Platform: win32
2018-04-02 13:19:06,230 : Machine : Python executable location: c:\python34\python.exe
2018-04-02 13:19:06,231 : Machine : Python version: 3.4.4 (64-bit)
2018-04-02 13:19:06,418 : Machine : Loading config from original files
2018-04-02 13:19:06,470 : Machine : Machine config file #1: D:\Dev\mpf\scottp\config\config
2018-04-02 13:19:06,481 : Machine : Config file cache created: C:\Users\maddo\AppData\Local\Temp\f2725e9fdb5e5699b9561cedbbf1540fconfig
2018-04-02 13:19:06,494 : SmartMatrix : Connecting to SmartMatrix RGB DMD on COM6 baud 2500000
2018-04-02 13:19:06,517 : SwitchController : Loading the SwitchController
2018-04-02 13:19:06,561 : EventManager : Event: ======'machine_var_mpf_version'====== Args={'value': 'MPF v0.33.49', 'prev_value': 'MPF v0.33.49', 'change': False}
2018-04-02 13:19:06,561 : EventManager : Event: ======'machine_var_mpf_extended_version'====== Args={'value': 'MPF v0.33.49, Config version:4, Show version: 4, BCP version:1.1', 'prev_value': 'MPF v0.33.49, Config version:4, Show version: 4, BCP version:1.1', 'change': False}
2018-04-02 13:19:06,561 : EventManager : Event: ======'machine_var_python_version'====== Args={'value': '3.4.4', 'prev_value': '3.4.4', 'change': False}
2018-04-02 13:19:06,562 : EventManager : Event: ======'machine_var_platform'====== Args={'value': 'Windows-10-10.0.16299', 'prev_value': 'Windows-10-10.0.16299', 'change': False}
2018-04-02 13:19:06,562 : EventManager : Event: ======'machine_var_platform_system'====== Args={'value': 'Windows', 'prev_value': 'Windows', 'change': False}
2018-04-02 13:19:06,562 : EventManager : Event: ======'machine_var_platform_release'====== Args={'value': '10', 'prev_value': '10', 'change': False}
2018-04-02 13:19:06,562 : EventManager : Event: ======'machine_var_platform_version'====== Args={'value': '10.0.16299', 'prev_value': '10.0.16299', 'change': False}
2018-04-02 13:19:06,562 : EventManager : Event: ======'machine_var_platform_machine'====== Args={'value': 'AMD64', 'prev_value': 'AMD64', 'change': False}
2018-04-02 13:19:06,562 : EventManager : Event: ======'init_phase_1'====== Args={}
2018-04-02 13:19:06,586 : EventManager : Event: ======'init_phase_2'====== Args={}
2018-04-02 13:19:06,598 : BCPClientSocket.local_display : Connecting BCP to 'local_display' at localhost:5050...
2018-04-02 13:19:08,103 : BCPClientSocket.local_display : Connected BCP to 'local_display' localhost:5050
2018-04-02 13:19:08,110 : EventManager : Event: ======'init_phase_3'====== Args={}
2018-04-02 13:19:08,115 : EventManager : Event: ======'init_phase_4'====== Args={}
2018-04-02 13:19:08,119 : EventManager : Event: ======'machine_var_audits_player_score'====== Args={'value': {'top': [], 'average': 0, 'total': 0}, 'prev_value': {'top': [], 'average': 0, 'total': 0}, 'change': False}
2018-04-02 13:19:08,120 : EventManager : Event: ======'init_phase_5'====== Args={}
2018-04-02 13:19:08,121 : EventManager : Event: ======'init_done'====== Args={}
2018-04-02 13:19:08,122 : EventManager : Event: ======'machine_reset_phase_1'====== Args={}
2018-04-02 13:19:08,140 : EventManager : Event: ======'machine_var_master_volume'====== Args={'value': 0.5, 'prev_value': 0.5, 'change': 0.0}
2018-04-02 13:19:08,141 : EventManager : Event: ======'slide_dmd_slide_1_removed'====== Args={'_from_bcp': True}
2018-04-02 13:19:08,143 : EventManager : Event: ======'slide_dmd_slide_1_created'====== Args={'_from_bcp': True}
2018-04-02 13:19:08,149 : EventManager : Event: ======'slide_window_slide_1_removed'====== Args={'_from_bcp': True}
2018-04-02 13:19:08,155 : EventManager : Event: ======'slide_window_slide_1_created'====== Args={'_from_bcp': True}
2018-04-02 13:19:08,160 : EventManager : Event: ======'slide_dmd_slide_1_active'====== Args={'_from_bcp': True}
2018-04-02 13:19:08,160 : EventManager : Event: ======'machine_reset_phase_2'====== Args={}
2018-04-02 13:19:08,160 : EventManager : Event: ======'machine_reset_phase_3'====== Args={}
2018-04-02 13:19:08,161 : EventManager : Event: ======'reset_complete'====== Args={}
2018-04-02 13:19:08,161 : EventManager : Event: ======'mode_attract_will_start'====== Args={}
2018-04-02 13:19:08,161 : EventManager : Event: ======'mode_attract_starting'====== Args={}
2018-04-02 13:19:08,161 : Mode.attract : Started. Priority: 10
2018-04-02 13:19:08,162 : EventManager : Event: ======'mode_attract_started'====== Args={}
2018-04-02 13:19:08,162 : EventManager : Event: ======'collecting_balls_complete'====== Args={}
2018-04-02 13:19:08,162 : EventManager : Event: ======'slide_window_slide_1_active'====== Args={'_from_bcp': True}
2018-04-02 13:19:08,162 : Machine : Starting the main run loop.
2018-04-02 13:19:14,918 : Machine : Shutting down...
2018-04-02 13:19:14,918 : EventManager : Event: ======'shutdown'====== Args={}
2018-04-02 13:19:14,918 : Machine : Shutting down...
2018-04-02 13:19:14,918 : EventManager : Event: ======'shutdown'====== Args={}
2018-04-02 13:19:14,919 : SmartMatrix : Disconnecting from SmartMatrix RGB DMD hardware...
2018-04-02 13:19:14,919 : SmartMatrix : Disconnecting from SmartMatrix RGB DMD hardware...
2018-04-02 13:19:14,924 : root : MPF run loop ended.
