2018-04-02 15:09:32,740 : Machine : Mission Pinball Framework Core Engine v0.33.49
2018-04-02 15:09:32,740 : Machine : Command line arguments: {'configfile': ['config'], 'no_load_cache': False, 'force_assets_load': False, 'loglevel': 10, 'bcp': True, 'syslog_address': None, 'mpfconfigfile': 'c:\\python34\\lib\\site-packages\\mpf\\mpfconfig.yaml', 'pause': False, 'logfile': 'logs\\2018-04-02-15-09-32-mpf-DESKTOP-U1P21TS.log', 'consoleloglevel': 20, 'force_platform': None, 'mc_file_name': None, 'create_config_cache': True}
2018-04-02 15:09:32,740 : Machine : MPF path: c:\python34\lib\site-packages\mpf
2018-04-02 15:09:32,740 : Machine : Machine path: D:\Dev\mpf\scottp
2018-04-02 15:09:32,740 : Machine : Platform: win32
2018-04-02 15:09:32,740 : Machine : Python executable location: c:\python34\python.exe
2018-04-02 15:09:32,740 : Machine : Python version: 3.4.4 (64-bit)
2018-04-02 15:09:32,920 : Machine : Loading cached config: C:\Users\maddo\AppData\Local\Temp\f2725e9fdb5e5699b9561cedbbf1540fconfig
2018-04-02 15:09:32,921 : asyncio : Using selector: SelectSelector
2018-04-02 15:09:32,927 : SmartMatrix : Configuring SmartMatrix RGB DMD hardware interface.
2018-04-02 15:09:32,927 : SmartMatrix : Connecting to SmartMatrix RGB DMD on COM6 baud 2500000
2018-04-02 15:09:32,936 : Smart Virtual Platform : Configuring smart_virtual hardware interface.
2018-04-02 15:09:32,954 : ShotProfileManager : Registering Shot Profile: 'default'
2018-04-02 15:09:32,955 : ShotProfileManager : Processed 'default' profile configuration: {'player_variable': '%_default', 'states': [{'show': 'off', 'action': 'play', 'priority': 0, 'loops': -1, 'name': 'unlit', 'start_step': 1, 'sync_ms': None, 'manual_advance': None, 'show_tokens': {}, 'speed': 1.0}, {'show': 'on', 'action': 'play', 'priority': 0, 'loops': -1, 'name': 'lit', 'start_step': 1, 'sync_ms': None, 'manual_advance': None, 'show_tokens': {}, 'speed': 1.0}], 'show': None, 'advance_on_hit': True, 'state_names_to_rotate': [], 'loop': False, 'show_when_disabled': False, 'state_names_to_not_rotate': [], 'block': True, 'rotation_pattern': deque(['right'])}
2018-04-02 15:09:32,957 : SwitchController : Loading the SwitchController
2018-04-02 15:09:33,002 : EventManager : Event: ======'machine_var_mpf_version'====== Args={'value': 'MPF v0.33.49', 'prev_value': 'MPF v0.33.49', 'change': False}
2018-04-02 15:09:33,002 : EventManager : Event: ======'machine_var_mpf_extended_version'====== Args={'value': 'MPF v0.33.49, Config version:4, Show version: 4, BCP version:1.1', 'prev_value': 'MPF v0.33.49, Config version:4, Show version: 4, BCP version:1.1', 'change': False}
2018-04-02 15:09:33,002 : EventManager : Event: ======'machine_var_python_version'====== Args={'value': '3.4.4', 'prev_value': '3.4.4', 'change': False}
2018-04-02 15:09:33,003 : EventManager : Event: ======'machine_var_platform'====== Args={'value': 'Windows-10-10.0.16299', 'prev_value': 'Windows-10-10.0.16299', 'change': False}
2018-04-02 15:09:33,003 : EventManager : Event: ======'machine_var_platform_system'====== Args={'value': 'Windows', 'prev_value': 'Windows', 'change': False}
2018-04-02 15:09:33,003 : EventManager : Event: ======'machine_var_platform_release'====== Args={'value': '10', 'prev_value': '10', 'change': False}
2018-04-02 15:09:33,003 : EventManager : Event: ======'machine_var_platform_version'====== Args={'value': '10.0.16299', 'prev_value': '10.0.16299', 'change': False}
2018-04-02 15:09:33,003 : EventManager : Event: ======'machine_var_platform_machine'====== Args={'value': 'AMD64', 'prev_value': 'AMD64', 'change': False}
2018-04-02 15:09:33,003 : EventManager : Event: ======'init_phase_1'====== Args={}
2018-04-02 15:09:33,045 : ball_device.bd_plunger : Platform Driver: None
2018-04-02 15:09:33,045 : ball_device.bd_plunger : Configuring device with settings: '{'exit_count_delay': 500, 'debug': True, 'retries_before_increasing_pulse': 4, 'ball_switches': [<switch.s_plunger_lane>], 'entrance_switch_full_timeout': 0, 'hold_events': {}, 'ball_capacity': None, 'console_log': 'full', 'ball_search_order': 200, 'entrance_events': {}, 'confirm_eject_event': None, 'eject_events': {}, 'jam_switch': None, 'ball_missing_target': <playfield.playfield>, 'mechanical_eject': False, 'request_ball_events': [], 'ball_missing_timeouts': [], 'entrance_switch': None, 'auto_fire_on_unexpected_ball': True, 'eject_coil': <coil.c_plunger_eject>, 'eject_targets': [<playfield.playfield>], 'label': '%', 'eject_coil_retry_pulse': None, 'hold_coil_release_time': 1000, 'eject_coil_jam_pulse': None, 'file_log': 'full', 'confirm_eject_type': 'target', 'confirm_eject_switch': None, 'player_controlled_eject_event': 'sw_launch', 'eject_all_events': {}, 'tags': ['ball_add_live'], 'hold_coil': None, 'hold_switches': [], 'eject_timeouts': [3000], 'target_on_unexpected_ball': None, 'entrance_count_delay': 300, 'max_eject_attempts': 0, 'captures_from': <playfield.playfield>}'
2018-04-02 15:09:33,046 : ball_device.bd_trough : Platform Driver: None
2018-04-02 15:09:33,046 : ball_device.bd_trough : Configuring device with settings: '{'exit_count_delay': 500, 'debug': True, 'tags': ['trough', 'home', 'drain'], 'ball_switches': [<switch.s_trough1>, <switch.s_trough2>, <switch.s_trough3>, <switch.s_trough4>, <switch.s_trough5>, <switch.s_trough_jam>], 'entrance_switch_full_timeout': 0, 'hold_events': {}, 'ball_capacity': None, 'console_log': 'full', 'ball_search_order': 200, 'target_on_unexpected_ball': None, 'confirm_eject_event': None, 'player_controlled_eject_event': None, 'eject_events': {}, 'jam_switch': <switch.s_trough_jam>, 'ball_missing_target': <playfield.playfield>, 'mechanical_eject': False, 'request_ball_events': [], 'ball_missing_timeouts': [], 'captures_from': <playfield.playfield>, 'auto_fire_on_unexpected_ball': True, 'eject_coil': <coil.c_trough_eject>, 'eject_targets': [<ball_device.bd_plunger>], 'eject_coil_retry_pulse': None, 'retries_before_increasing_pulse': 4, 'label': '%', 'eject_coil_jam_pulse': None, 'file_log': 'full', 'confirm_eject_type': 'target', 'confirm_eject_switch': None, 'hold_coil_release_time': 1000, 'eject_all_events': {}, 'entrance_switch': None, 'hold_coil': None, 'hold_switches': [], 'entrance_events': {}, 'entrance_count_delay': 300, 'eject_timeouts': [], 'max_eject_attempts': 0}'
2018-04-02 15:09:33,047 : ball_device.bd_plunger : EVENT: bd_trough to bd_plunger
2018-04-02 15:09:33,049 : SwitchController : Registering switch handler: s_left_flipper, <bound method ComboSwitch._switch_1_went_active of <combo_switch.both_flippers>>, state: 1, ms: 0, info: False, cb_kwargs: {}
2018-04-02 15:09:33,049 : SwitchController : Registering switch handler: s_left_flipper, <bound method ComboSwitch._switch_1_went_inactive of <combo_switch.both_flippers>>, state: 0, ms: 0, info: False, cb_kwargs: {}
2018-04-02 15:09:33,049 : SwitchController : Registering switch handler: s_right_flipper, <bound method ComboSwitch._switch_2_went_active of <combo_switch.both_flippers>>, state: 1, ms: 0, info: False, cb_kwargs: {}
2018-04-02 15:09:33,049 : SwitchController : Registering switch handler: s_right_flipper, <bound method ComboSwitch._switch_2_went_inactive of <combo_switch.both_flippers>>, state: 0, ms: 0, info: False, cb_kwargs: {}
2018-04-02 15:09:33,049 : SwitchController : Registering switch handler: s_left_flipper, <bound method TimedSwitch._activate of <timed_switch.flipper_cradle>>, state: 1, ms: 3000, info: True, cb_kwargs: {}
2018-04-02 15:09:33,049 : SwitchController : Registering switch handler: s_left_flipper, <bound method TimedSwitch._deactivate of <timed_switch.flipper_cradle>>, state: 0, ms: 0, info: True, cb_kwargs: {}
2018-04-02 15:09:33,049 : SwitchController : Registering switch handler: s_right_flipper, <bound method TimedSwitch._activate of <timed_switch.flipper_cradle>>, state: 1, ms: 3000, info: True, cb_kwargs: {}
2018-04-02 15:09:33,049 : SwitchController : Registering switch handler: s_right_flipper, <bound method TimedSwitch._deactivate of <timed_switch.flipper_cradle>>, state: 0, ms: 0, info: True, cb_kwargs: {}
2018-04-02 15:09:33,050 : EventManager : Event: ======'init_phase_2'====== Args={}
2018-04-02 15:09:33,052 : YAML File Interface : Loading file: c:\python34\lib\site-packages\mpf\modes\game\config\game.yaml
2018-04-02 15:09:33,056 : YAML File Interface : Loading file: c:\python34\lib\site-packages\mpf\modes\attract\config\attract.yaml
2018-04-02 15:09:33,061 : BCPClientSocket.local_display : Connecting BCP to 'local_display' at localhost:5050...
2018-04-02 15:09:34,572 : BCPClientSocket.local_display : Connected BCP to 'local_display' localhost:5050
2018-04-02 15:09:34,573 : SwitchController : Registering switch handler: s_plunger_lane, <bound method SwitchCounter._switch_changed of <mpf.devices.ball_device.switch_counter.SwitchCounter object at 0x0000000007C20F98>>, state: 1, ms: 300, info: False, cb_kwargs: {}
2018-04-02 15:09:34,573 : SwitchController : Registering switch handler: s_plunger_lane, <bound method SwitchCounter._switch_changed of <mpf.devices.ball_device.switch_counter.SwitchCounter object at 0x0000000007C20F98>>, state: 0, ms: 500, info: False, cb_kwargs: {}
2018-04-02 15:09:34,573 : ball_device.bd_plunger : Counted 0 balls. Active switches: []
2018-04-02 15:09:34,574 : ball_device.bd_plunger : Waiting for eject request.
2018-04-02 15:09:34,574 : SwitchController : Registering switch handler: s_trough1, <bound method SwitchCounter._switch_changed of <mpf.devices.ball_device.switch_counter.SwitchCounter object at 0x0000000007C2C358>>, state: 1, ms: 300, info: False, cb_kwargs: {}
2018-04-02 15:09:34,574 : SwitchController : Registering switch handler: s_trough2, <bound method SwitchCounter._switch_changed of <mpf.devices.ball_device.switch_counter.SwitchCounter object at 0x0000000007C2C358>>, state: 1, ms: 300, info: False, cb_kwargs: {}
2018-04-02 15:09:34,574 : SwitchController : Registering switch handler: s_trough3, <bound method SwitchCounter._switch_changed of <mpf.devices.ball_device.switch_counter.SwitchCounter object at 0x0000000007C2C358>>, state: 1, ms: 300, info: False, cb_kwargs: {}
2018-04-02 15:09:34,574 : SwitchController : Registering switch handler: s_trough4, <bound method SwitchCounter._switch_changed of <mpf.devices.ball_device.switch_counter.SwitchCounter object at 0x0000000007C2C358>>, state: 1, ms: 300, info: False, cb_kwargs: {}
2018-04-02 15:09:34,574 : SwitchController : Registering switch handler: s_trough5, <bound method SwitchCounter._switch_changed of <mpf.devices.ball_device.switch_counter.SwitchCounter object at 0x0000000007C2C358>>, state: 1, ms: 300, info: False, cb_kwargs: {}
2018-04-02 15:09:34,574 : SwitchController : Registering switch handler: s_trough_jam, <bound method SwitchCounter._switch_changed of <mpf.devices.ball_device.switch_counter.SwitchCounter object at 0x0000000007C2C358>>, state: 1, ms: 300, info: False, cb_kwargs: {}
2018-04-02 15:09:34,574 : SwitchController : Registering switch handler: s_trough1, <bound method SwitchCounter._switch_changed of <mpf.devices.ball_device.switch_counter.SwitchCounter object at 0x0000000007C2C358>>, state: 0, ms: 500, info: False, cb_kwargs: {}
2018-04-02 15:09:34,574 : SwitchController : Registering switch handler: s_trough2, <bound method SwitchCounter._switch_changed of <mpf.devices.ball_device.switch_counter.SwitchCounter object at 0x0000000007C2C358>>, state: 0, ms: 500, info: False, cb_kwargs: {}
2018-04-02 15:09:34,574 : SwitchController : Registering switch handler: s_trough3, <bound method SwitchCounter._switch_changed of <mpf.devices.ball_device.switch_counter.SwitchCounter object at 0x0000000007C2C358>>, state: 0, ms: 500, info: False, cb_kwargs: {}
2018-04-02 15:09:34,574 : SwitchController : Registering switch handler: s_trough4, <bound method SwitchCounter._switch_changed of <mpf.devices.ball_device.switch_counter.SwitchCounter object at 0x0000000007C2C358>>, state: 0, ms: 500, info: False, cb_kwargs: {}
2018-04-02 15:09:34,574 : SwitchController : Registering switch handler: s_trough5, <bound method SwitchCounter._switch_changed of <mpf.devices.ball_device.switch_counter.SwitchCounter object at 0x0000000007C2C358>>, state: 0, ms: 500, info: False, cb_kwargs: {}
2018-04-02 15:09:34,574 : SwitchController : Registering switch handler: s_trough_jam, <bound method SwitchCounter._switch_changed of <mpf.devices.ball_device.switch_counter.SwitchCounter object at 0x0000000007C2C358>>, state: 0, ms: 500, info: False, cb_kwargs: {}
2018-04-02 15:09:34,575 : ball_device.bd_trough : Counted 5 balls. Active switches: ['s_trough1', 's_trough2', 's_trough3', 's_trough4', 's_trough5']
2018-04-02 15:09:34,575 : ball_device.bd_trough : Waiting for eject request.
2018-04-02 15:09:34,577 : YAML File Interface : Loading file: D:\Dev\mpf\scottp\data/audits.yaml
2018-04-02 15:09:34,581 : Machine : "info_lights:" section not found in machine configuration, so the Info Lights plugin will not be used.
2018-04-02 15:09:34,581 : Machine : "switch_player:" section not found in machine configuration, so the Switch Playerplugin will not be used.
2018-04-02 15:09:34,581 : EventManager : Event: ======'init_phase_3'====== Args={}
2018-04-02 15:09:34,584 : EventManager : Event: ======'init_phase_4'====== Args={}
2018-04-02 15:09:34,585 : ball_device.bd_plunger : Counted 0 balls. Active switches: []
2018-04-02 15:09:34,585 : ball_device.bd_trough : Counted 5 balls. Active switches: ['s_trough1', 's_trough2', 's_trough3', 's_trough4', 's_trough5']
2018-04-02 15:09:34,586 : EventManager : Event: ======'machine_var_audits_switches_s_trough3'====== Args={'value': 0, 'prev_value': 0, 'change': 0}
2018-04-02 15:09:34,586 : EventManager : Event: ======'machine_var_audits_switches_s_right_flipper'====== Args={'value': 0, 'prev_value': 0, 'change': 0}
2018-04-02 15:09:34,586 : EventManager : Event: ======'machine_var_audits_switches_s_trough5'====== Args={'value': 0, 'prev_value': 0, 'change': 0}
2018-04-02 15:09:34,586 : EventManager : Event: ======'machine_var_audits_switches_s_trough4'====== Args={'value': 0, 'prev_value': 0, 'change': 0}
2018-04-02 15:09:34,587 : EventManager : Event: ======'machine_var_audits_switches_s_launch'====== Args={'value': 1, 'prev_value': 1, 'change': 0}
2018-04-02 15:09:34,587 : EventManager : Event: ======'machine_var_audits_switches_s_left_flipper'====== Args={'value': 0, 'prev_value': 0, 'change': 0}
2018-04-02 15:09:34,587 : EventManager : Event: ======'machine_var_audits_switches_s_plunger_lane'====== Args={'value': 7, 'prev_value': 7, 'change': 0}
2018-04-02 15:09:34,587 : EventManager : Event: ======'machine_var_audits_switches_s_start'====== Args={'value': 1, 'prev_value': 1, 'change': 0}
2018-04-02 15:09:34,587 : EventManager : Event: ======'machine_var_audits_switches_s_right_inlane'====== Args={'value': 0, 'prev_value': 0, 'change': 0}
2018-04-02 15:09:34,587 : EventManager : Event: ======'machine_var_audits_switches_s_trough_jam'====== Args={'value': 0, 'prev_value': 0, 'change': 0}
2018-04-02 15:09:34,587 : EventManager : Event: ======'machine_var_audits_switches_s_trough2'====== Args={'value': 0, 'prev_value': 0, 'change': 0}
2018-04-02 15:09:34,587 : EventManager : Event: ======'machine_var_audits_switches_s_trough1'====== Args={'value': 1, 'prev_value': 1, 'change': 0}
2018-04-02 15:09:34,587 : EventManager : Event: ======'machine_var_audits_events_game_ended'====== Args={'value': 0, 'prev_value': 0, 'change': 0}
2018-04-02 15:09:34,587 : EventManager : Event: ======'machine_var_audits_events_game_started'====== Args={'value': 6, 'prev_value': 6, 'change': 0}
2018-04-02 15:09:34,587 : EventManager : Event: ======'machine_var_audits_player_score'====== Args={'value': {'total': 0, 'average': 0, 'top': []}, 'prev_value': {'total': 0, 'average': 0, 'top': []}, 'change': False}
2018-04-02 15:09:34,587 : EventManager : Event: ======'init_phase_5'====== Args={}
2018-04-02 15:09:34,592 : EventManager : Event: ======'init_done'====== Args={}
2018-04-02 15:09:34,592 : EventManager : Event: ======'machine_reset_phase_1'====== Args={}
2018-04-02 15:09:34,597 : EventManager : Event: ======'machine_var_master_volume'====== Args={'value': 0.5, 'prev_value': 0.5, 'change': 0.0}
2018-04-02 15:09:34,616 : EventManager : Event: ======'slide_window_slide_1_removed'====== Args={'_from_bcp': True}
2018-04-02 15:09:34,623 : EventManager : Event: ======'slide_window_slide_1_created'====== Args={'_from_bcp': True}
2018-04-02 15:09:34,627 : EventManager : Event: ======'machine_reset_phase_2'====== Args={}
2018-04-02 15:09:34,627 : EventManager : Event: ======'machine_reset_phase_3'====== Args={}
2018-04-02 15:09:34,627 : EventManager : Event: ======'slide_window_slide_1_active'====== Args={'_from_bcp': True}
2018-04-02 15:09:34,628 : SwitchController : Found active switch: s_trough3
2018-04-02 15:09:34,628 : SwitchController : Found active switch: s_trough5
2018-04-02 15:09:34,628 : SwitchController : Found active switch: s_trough4
2018-04-02 15:09:34,628 : SwitchController : Found active switch: s_trough2
2018-04-02 15:09:34,628 : SwitchController : Found active switch: s_trough1
2018-04-02 15:09:34,628 : EventManager : Event: ======'reset_complete'====== Args={}
2018-04-02 15:09:34,629 : EventManager : Event: ======'mode_attract_will_start'====== Args={}
2018-04-02 15:09:34,629 : EventManager : Event: ======'mode_attract_starting'====== Args={}
2018-04-02 15:09:34,629 : Mode.attract : Started. Priority: 10
2018-04-02 15:09:34,629 : EventManager : Event: ======'mode_attract_started'====== Args={}
2018-04-02 15:09:34,629 : SwitchController : Registering switch handler: s_start, <bound method Attract.start_button_pressed of <Mode.attract>>, state: 1, ms: 0, info: False, cb_kwargs: {}
2018-04-02 15:09:34,629 : SwitchController : Registering switch handler: s_start, <bound method Attract.start_button_released of <Mode.attract>>, state: 0, ms: 0, info: False, cb_kwargs: {}
2018-04-02 15:09:34,630 : EventManager : Event: ======'collecting_balls_complete'====== Args={}
2018-04-02 15:09:34,630 : Machine : Starting the main run loop.
2018-04-02 15:09:34,660 : EventManager : Event: ======'slide_dmd_slide_1_created'====== Args={'_from_bcp': True}
2018-04-02 15:09:34,666 : EventManager : Event: ======'slide_dmd_slide_1_active'====== Args={'_from_bcp': True}
2018-04-02 15:09:47,271 : SwitchController : Processing switch. Name: s_start, state: 1, logical: True,
2018-04-02 15:09:47,271 : SwitchController : <<<<<<< 's_start' active >>>>>>>
2018-04-02 15:09:47,271 : EventManager : Event: ======'s_start_active'====== Args={}
2018-04-02 15:09:47,272 : EventManager : Event: ======'sw_start'====== Args={}
2018-04-02 15:09:47,272 : EventManager : Event: ======'sw_start_active'====== Args={}
2018-04-02 15:09:47,393 : SwitchController : Processing switch. Name: s_start, state: 0, logical: True,
2018-04-02 15:09:47,393 : SwitchController : <<<<<<< 's_start' inactive >>>>>>>
2018-04-02 15:09:47,393 : EventManager : Event: ======'request_to_start_game'====== Args={}
2018-04-02 15:09:47,393 : EventManager : Event: ======'s_start_inactive'====== Args={}
2018-04-02 15:09:47,394 : EventManager : Event: ======'sw_start_inactive'====== Args={}
2018-04-02 15:09:47,394 : EventManager : Event: ======'game_start'====== Args={'hold_time': 0.125, 'buttons': []}
2018-04-02 15:09:47,394 : EventManager : Event: ======'mode_game_will_start'====== Args={}
2018-04-02 15:09:47,395 : EventManager : Event: ======'mode_game_starting'====== Args={}
2018-04-02 15:09:47,395 : SwitchController : Removing switch handler. Switch: s_start, State: 1, ms: 0
2018-04-02 15:09:47,396 : SwitchController : Removing switch handler. Switch: s_start, State: 0, ms: 0
2018-04-02 15:09:47,396 : EventManager : Event: ======'mode_attract_stopping'====== Args={}
2018-04-02 15:09:47,396 : Mode.attract : Stopped.
2018-04-02 15:09:47,396 : EventManager : Event: ======'mode_attract_stopped'====== Args={}
2018-04-02 15:09:47,396 : EventManager : Event: ======'clear'====== Args={'key': 'attract'}
2018-04-02 15:09:47,396 : Mode.game : Started. Priority: 20
2018-04-02 15:09:47,396 : EventManager : Event: ======'mode_game_started'====== Args={}
2018-04-02 15:09:47,397 : EventManager : Event: ======'game_starting'====== Args={'game': <Mode.game>}
2018-04-02 15:09:47,398 : Auditor : Enabling the Auditor
2018-04-02 15:09:47,399 : Player : Creating new player: Player 1. (player index '0')
2018-04-02 15:09:47,399 : EventManager : Event: ======'player_add_success'====== Args={'num': 1, 'player': <Player 1>}
2018-04-02 15:09:47,399 : EventManager : Event: ======'player_turn_start'====== Args={'number': 1, 'player': <Player 1>}
2018-04-02 15:09:47,399 : EventManager : Event: ======'game_started'====== Args={}
2018-04-02 15:09:47,400 : Mode.game : Player added successfully. Total players: 1
2018-04-02 15:09:47,400 : Player : Setting 'extra_balls_lit' to: 0, (prior: 0, change: 0)
2018-04-02 15:09:47,400 : EventManager : Event: ======'player_extra_balls_lit'====== Args={'value': 0, 'prev_value': 0, 'player_num': 1, 'change': 0}
2018-04-02 15:09:47,400 : Player : Setting 'extra_balls' to: 0, (prior: 0, change: 0)
2018-04-02 15:09:47,400 : EventManager : Event: ======'player_extra_balls'====== Args={'value': 0, 'prev_value': 0, 'player_num': 1, 'change': 0}
2018-04-02 15:09:47,401 : Player : Setting 'extra_balls_current_ball' to: 0, (prior: 0, change: 0)
2018-04-02 15:09:47,401 : EventManager : Event: ======'player_extra_balls_current_ball'====== Args={'value': 0, 'prev_value': 0, 'player_num': 1, 'change': 0}
2018-04-02 15:09:47,402 : EventManager : Event: ======'player_turn_starting'====== Args={'number': 1, 'player': <Player 1>}
2018-04-02 15:09:47,402 : Player : Setting 'ball' to: 1, (prior: 0, change: 1)
2018-04-02 15:09:47,402 : EventManager : Event: ======'player_ball'====== Args={'value': 1, 'prev_value': 0, 'player_num': 1, 'change': 1}
2018-04-02 15:09:47,402 : EventManager : Event: ======'player_turn_started'====== Args={'number': 1, 'player': <Player 1>}
2018-04-02 15:09:47,403 : EventManager : Event: ======'ball_starting'====== Args={'balls_remaining': 2, 'is_extra_ball': False}
2018-04-02 15:09:47,403 : EventManager : Event: ======'balls_in_play'====== Args={'balls': 1}
2018-04-02 15:09:47,404 : EventManager : Event: ======'ball_started'====== Args={'ball': 1, 'player': 1}
2018-04-02 15:09:47,404 : EventManager : Event: ======'single_player_ball_started'====== Args={}
2018-04-02 15:09:47,404 : ball_device.bd_plunger : Setting up player-controlled eject. Balls: 1, Target: <playfield.playfield>, player_controlled_eject_event: sw_launch
2018-04-02 15:09:47,404 : ball_device.bd_trough : Adding eject chain
2018-04-02 15:09:47,404 : ball_device.bd_plunger : Adding eject chain
2018-04-02 15:09:47,404 : EventManager : Event: ======'balldevice_balls_available'====== Args={}
2018-04-02 15:09:47,407 : ball_device.bd_trough : Got eject request
2018-04-02 15:09:47,407 : EventManager : Event: ======'balldevice_bd_trough_ball_eject_attempt'====== Args={'num_attempts': 0, 'balls': 1, 'mechanical_eject': True, 'target': <ball_device.bd_plunger>, 'source': <ball_device.bd_trough>}
2018-04-02 15:09:47,407 : ball_device.bd_plunger : Got eject request
2018-04-02 15:09:47,408 : ball_device.bd_plunger : No ball found. Waiting for balls.
2018-04-02 15:09:47,408 : ball_device.bd_plunger : Ready to receive from <ball_device.bd_trough>. Free space 1 (Capacity: 1, Balls: 0), incoming_balls: 0
2018-04-02 15:09:47,408 : ball_device.bd_plunger : Counted 0 balls. Active switches: []
2018-04-02 15:09:47,408 : ball_device.bd_trough : Ejecting ball to <ball_device.bd_plunger>
2018-04-02 15:09:47,409 : EventManager : Event: ======'balldevice_bd_trough_ejecting_ball'====== Args={'num_attempts': 0, 'balls': 1, 'mechanical_eject': True, 'target': <ball_device.bd_plunger>, 'source': <ball_device.bd_trough>}
2018-04-02 15:09:47,409 : ball_device.bd_plunger : Counted 0 balls. Active switches: []
2018-04-02 15:09:47,409 : SmartVirtual Coil Action : Setting eject target. bd_trough -> bd_plunger. Mechanical: True
2018-04-02 15:09:47,410 : ball_device.bd_trough : Entered eject mode.
2018-04-02 15:09:47,411 : SwitchController : Registering switch handler: s_trough1, functools.partial(<function SwitchController._wait_handler at 0x00000000076A5620>, switch_name='s_trough1', ms=0, _future=<Future pending cb=[SwitchController._future_done([])()]>), state: 0, ms: 0, info: False, cb_kwargs: {}
2018-04-02 15:09:47,411 : SwitchController : Registering switch handler: s_trough2, functools.partial(<function SwitchController._wait_handler at 0x00000000076A5620>, switch_name='s_trough2', ms=0, _future=<Future pending cb=[SwitchController._future_done([])()]>), state: 0, ms: 0, info: False, cb_kwargs: {}
2018-04-02 15:09:47,411 : SwitchController : Registering switch handler: s_trough3, functools.partial(<function SwitchController._wait_handler at 0x00000000076A5620>, switch_name='s_trough3', ms=0, _future=<Future pending cb=[SwitchController._future_done([])()]>), state: 0, ms: 0, info: False, cb_kwargs: {}
2018-04-02 15:09:47,411 : SwitchController : Registering switch handler: s_trough4, functools.partial(<function SwitchController._wait_handler at 0x00000000076A5620>, switch_name='s_trough4', ms=0, _future=<Future pending cb=[SwitchController._future_done([])()]>), state: 0, ms: 0, info: False, cb_kwargs: {}
2018-04-02 15:09:47,411 : SwitchController : Registering switch handler: s_trough5, functools.partial(<function SwitchController._wait_handler at 0x00000000076A5620>, switch_name='s_trough5', ms=0, _future=<Future pending cb=[SwitchController._future_done([])()]>), state: 0, ms: 0, info: False, cb_kwargs: {}
2018-04-02 15:09:47,412 : ball_device.bd_trough : Counted 5 balls. Active switches: ['s_trough1', 's_trough2', 's_trough3', 's_trough4', 's_trough5']
2018-04-02 15:09:47,413 : ball_device.bd_trough : Waiting for eject to end
2018-04-02 15:09:47,413 : ball_device.bd_trough : Wait for ball to leave device
2018-04-02 15:09:47,413 : SmartVirtual Coil Action : Removing ball from device bd_trough
2018-04-02 15:09:47,414 : SwitchController : Processing switch. Name: s_trough1, state: 0, logical: True,
2018-04-02 15:09:47,414 : SwitchController : <<<<<<< 's_trough1' inactive >>>>>>>
2018-04-02 15:09:47,414 : SwitchController : Found timed switch handler for k/v 877442.14 / {'switch_name': 's_trough1', 'switch_action': 's_trough1-0', 'return_info': False, 'removed': False, 'ms': 500, 'callback_kwargs': {}, 'callback': <bound method SwitchCounter._switch_changed of <mpf.devices.ball_device.switch_counter.SwitchCounter object at 0x0000000007C2C358>>, 'state': 0}
2018-04-02 15:09:47,414 : EventManager : Event: ======'s_trough1_inactive'====== Args={}
2018-04-02 15:09:47,414 : SmartVirtual Coil Action : Deactivating: s_trough1
2018-04-02 15:09:47,414 : SmartVirtual Coil Action : Adding delay for bd_plunger to receive ball in 100ms
2018-04-02 15:09:47,414 : ball_device.bd_trough : Firing eject coil. Current balls: 5.
2018-04-02 15:09:47,415 : SwitchController : Removing switch handler. Switch: s_trough1, State: 0, ms: 0
2018-04-02 15:09:47,416 : SwitchController : Removing switch handler. Switch: s_trough4, State: 0, ms: 0
2018-04-02 15:09:47,416 : SwitchController : Removing switch handler. Switch: s_trough5, State: 0, ms: 0
2018-04-02 15:09:47,416 : SwitchController : Removing switch handler. Switch: s_trough3, State: 0, ms: 0
2018-04-02 15:09:47,416 : SwitchController : Removing switch handler. Switch: s_trough2, State: 0, ms: 0
2018-04-02 15:09:47,417 : ball_device.bd_trough : Got ball left during eject
2018-04-02 15:09:47,418 : ball_device.bd_trough : Switch 's_trough1' changed too recently. Aborting count!
2018-04-02 15:09:47,419 : ball_device.bd_trough : Ball left
2018-04-02 15:09:47,419 : ball_device.bd_plunger : Adding incoming ball from <ball_device.bd_trough>
2018-04-02 15:09:47,419 : ball_device.bd_trough : Wait for confirm with timeout 10.0
2018-04-02 15:09:47,420 : EventManager : Event: ======'slide_widgets_created'====== Args={'_from_bcp': True}
2018-04-02 15:09:47,426 : EventManager : Event: ======'slide_widgets_active'====== Args={'_from_bcp': True}
2018-04-02 15:09:47,498 : SwitchController : Processing switch. Name: s_plunger_lane, state: 1, logical: True,
2018-04-02 15:09:47,498 : SwitchController : <<<<<<< 's_plunger_lane' active >>>>>>>
2018-04-02 15:09:47,498 : SwitchController : Found timed switch handler for k/v 877442.0340000001 / {'switch_name': 's_plunger_lane', 'switch_action': 's_plunger_lane-1', 'return_info': False, 'removed': False, 'ms': 300, 'callback_kwargs': {}, 'callback': <bound method SwitchCounter._switch_changed of <mpf.devices.ball_device.switch_counter.SwitchCounter object at 0x0000000007C20F98>>, 'state': 1}
2018-04-02 15:09:47,498 : EventManager : Event: ======'machine_var_audits_switches_s_plunger_lane'====== Args={'value': 8, 'prev_value': 8, 'change': 0}
2018-04-02 15:09:47,498 : EventManager : Event: ======'s_plunger_lane_active'====== Args={}
2018-04-02 15:09:47,810 : SwitchController : Processing timed switch handler. Switch: s_plunger_lane  State: 1, ms: 300
2018-04-02 15:09:47,811 : ball_device.bd_plunger : Counted 1 balls. Active switches: ['s_plunger_lane']
2018-04-02 15:09:47,811 : ball_device.bd_plunger : Counted 1 balls. Active switches: ['s_plunger_lane']
2018-04-02 15:09:47,811 : ball_device.bd_plunger : Counting idle
2018-04-02 15:09:47,812 : ball_device.bd_plunger : BCH: Found 1 new balls
2018-04-02 15:09:47,812 : ball_device.bd_plunger : Received ball from <ball_device.bd_trough>
2018-04-02 15:09:47,812 : ball_device.bd_plunger : Removing incoming ball from <ball_device.bd_trough>
2018-04-02 15:09:47,812 : ball_device.bd_plunger : Processing new ball
2018-04-02 15:09:47,812 : EventManager : Event: ======'balldevice_bd_plunger_ball_enter'====== Args={'unclaimed_balls': 0, 'new_balls': 1, 'device': <ball_device.bd_plunger>}
2018-04-02 15:09:47,812 : ball_device.bd_plunger : A ball arrived. Progressing.
2018-04-02 15:09:47,813 : EventManager : Event: ======'balldevice_bd_plunger_ball_eject_attempt'====== Args={'num_attempts': 0, 'balls': 1, 'mechanical_eject': True, 'target': <playfield.playfield>, 'source': <ball_device.bd_plunger>}
2018-04-02 15:09:47,814 : ball_device.bd_trough : Got eject confirm
2018-04-02 15:09:47,814 : ball_device.bd_trough : Eject successful
2018-04-02 15:09:47,814 : ball_device.bd_trough : Received eject success.
2018-04-02 15:09:47,814 : EventManager : Event: ======'balldevice_bd_trough_ball_eject_success'====== Args={'balls': 1, 'target': <ball_device.bd_plunger>}
2018-04-02 15:09:47,815 : ball_device.bd_trough : Exited eject mode.
2018-04-02 15:09:47,815 : ball_device.bd_trough : Waiting for eject request.
2018-04-02 15:09:47,815 : ball_device.bd_plunger : Ejecting ball to <playfield.playfield>
2018-04-02 15:09:47,816 : EventManager : Event: ======'balldevice_bd_plunger_ejecting_ball'====== Args={'num_attempts': 0, 'balls': 1, 'mechanical_eject': True, 'target': <playfield.playfield>, 'source': <ball_device.bd_plunger>}
2018-04-02 15:09:47,816 : ball_device.bd_trough : Switch 's_trough1' changed too recently. Aborting count!
2018-04-02 15:09:47,816 : SmartVirtual Coil Action : Setting eject target. bd_plunger -> playfield. Mechanical: True
2018-04-02 15:09:47,817 : ball_device.bd_plunger : Entered eject mode.
2018-04-02 15:09:47,818 : SwitchController : Registering switch handler: s_plunger_lane, functools.partial(<function SwitchController._wait_handler at 0x00000000076A5620>, switch_name='s_plunger_lane', ms=0, _future=<Future pending cb=[SwitchController._future_done([])()]>), state: 0, ms: 0, info: False, cb_kwargs: {}
2018-04-02 15:09:47,818 : ball_device.bd_plunger : Counted 1 balls. Active switches: ['s_plunger_lane']
2018-04-02 15:09:47,819 : ball_device.bd_plunger : Waiting for eject to end
2018-04-02 15:09:47,819 : ball_device.bd_plunger : Wait for ball to leave device
2018-04-02 15:09:47,904 : SwitchController : Processing timed switch handler. Switch: s_trough1  State: 0, ms: 500
2018-04-02 15:09:47,904 : ball_device.bd_trough : Counted 4 balls. Active switches: ['s_trough2', 's_trough3', 's_trough4', 's_trough5']
2018-04-02 15:09:47,904 : ball_device.bd_trough : Eject ended
2018-04-02 15:09:47,904 : ball_device.bd_trough : Counting idle
2018-04-02 15:09:53,833 : SwitchController : Processing switch. Name: s_trough1, state: 1, logical: True,
2018-04-02 15:09:53,833 : SwitchController : <<<<<<< 's_trough1' active >>>>>>>
2018-04-02 15:09:53,833 : SwitchController : Found timed switch handler for k/v 877448.3620000001 / {'switch_name': 's_trough1', 'switch_action': 's_trough1-1', 'return_info': False, 'removed': False, 'ms': 300, 'callback_kwargs': {}, 'callback': <bound method SwitchCounter._switch_changed of <mpf.devices.ball_device.switch_counter.SwitchCounter object at 0x0000000007C2C358>>, 'state': 1}
2018-04-02 15:09:53,834 : EventManager : Event: ======'machine_var_audits_switches_s_trough1'====== Args={'value': 2, 'prev_value': 2, 'change': 0}
2018-04-02 15:09:53,834 : EventManager : Event: ======'s_trough1_active'====== Args={}
2018-04-02 15:09:54,138 : SwitchController : Processing timed switch handler. Switch: s_trough1  State: 1, ms: 300
2018-04-02 15:09:54,139 : ball_device.bd_trough : Counted 5 balls. Active switches: ['s_trough1', 's_trough2', 's_trough3', 's_trough4', 's_trough5']
2018-04-02 15:09:54,139 : ball_device.bd_trough : Counting idle
2018-04-02 15:09:54,139 : ball_device.bd_trough : BCH: Found 1 new balls
2018-04-02 15:09:54,139 : ball_device.bd_trough : Received unexpected ball
2018-04-02 15:09:54,139 : EventManager : Event: ======'balldevice_captured_from_playfield'====== Args={'balls': 1}
2018-04-02 15:09:54,140 : EventManager : Event: ======'sw_playfield_active'====== Args={'balls': 1}
2018-04-02 15:09:54,140 : EventManager : Event: ======'playfield_active'====== Args={}
2018-04-02 15:09:54,140 : EventManager : Event: ======'playfield_ball_count_change'====== Args={'balls': -1, 'change': -1}
2018-04-02 15:09:54,141 : ball_device.bd_plunger : Counted 1 balls. Active switches: ['s_plunger_lane']
2018-04-02 15:09:54,141 : ball_device.bd_trough : Counted 5 balls. Active switches: ['s_trough1', 's_trough2', 's_trough3', 's_trough4', 's_trough5']
2018-04-02 15:09:54,141 : EventManager : Event: ======'balldevice_playfield_ball_enter'====== Args={'unclaimed_balls': 1, 'new_balls': 1, 'device': <playfield.playfield>}
2018-04-02 15:09:54,142 : EventManager : Event: ======'playfield_ball_count_change'====== Args={'balls': 0, 'change': 1}
2018-04-02 15:09:54,142 : BallController : Found a new ball which was captured from playfield. Known balls: 6
2018-04-02 15:09:54,142 : ball_device.bd_trough : Processing new ball
2018-04-02 15:09:54,142 : EventManager : Event: ======'balldevice_bd_trough_ball_enter'====== Args={'unclaimed_balls': 1, 'new_balls': 1, 'device': <ball_device.bd_trough>}
2018-04-02 15:09:54,143 : EventManager : Event: ======'ball_drain'====== Args={'balls': 1, 'device': <ball_device.bd_trough>}
2018-04-02 15:09:54,143 : EventManager : Event: ======'ball_will_end'====== Args={}
2018-04-02 15:09:54,143 : EventManager : Event: ======'ball_ending'====== Args={}
2018-04-02 15:09:54,144 : EventManager : Event: ======'ball_ended'====== Args={}
2018-04-02 15:09:54,144 : ball_device.bd_trough : Adding ball
2018-04-02 15:09:54,144 : EventManager : Event: ======'balldevice_balls_available'====== Args={}
2018-04-02 15:09:54,144 : EventManager : Event: ======'balldevice_bd_trough_ball_entered'====== Args={'new_balls': 1, 'device': <ball_device.bd_trough>}
2018-04-02 15:09:54,145 : EventManager : Event: ======'player_turn_ending'====== Args={'number': 1, 'player': <Player 1>}
2018-04-02 15:09:54,145 : EventManager : Event: ======'player_turn_stop'====== Args={'number': 1, 'player': <Player 1>}
2018-04-02 15:09:54,146 : EventManager : Event: ======'player_turn_start'====== Args={'number': 1, 'player': <Player 1>}
2018-04-02 15:09:54,146 : EventManager : Event: ======'player_turn_starting'====== Args={'number': 1, 'player': <Player 1>}
2018-04-02 15:09:54,146 : Player : Setting 'ball' to: 2, (prior: 1, change: 1)
2018-04-02 15:09:54,146 : EventManager : Event: ======'player_ball'====== Args={'value': 2, 'prev_value': 1, 'player_num': 1, 'change': 1}
2018-04-02 15:09:54,147 : EventManager : Event: ======'player_turn_started'====== Args={'number': 1, 'player': <Player 1>}
2018-04-02 15:09:54,147 : EventManager : Event: ======'ball_starting'====== Args={'balls_remaining': 1, 'is_extra_ball': False}
2018-04-02 15:09:54,148 : EventManager : Event: ======'balls_in_play'====== Args={'balls': 1}
2018-04-02 15:09:54,148 : EventManager : Event: ======'ball_started'====== Args={'ball': 2, 'player': 1}
2018-04-02 15:09:54,148 : EventManager : Event: ======'single_player_ball_started'====== Args={}
2018-04-02 15:09:54,148 : ball_device.bd_plunger : Setting up player-controlled eject. Balls: 1, Target: <playfield.playfield>, player_controlled_eject_event: sw_launch
2018-04-02 15:09:54,149 : ball_device.bd_trough : Adding eject chain
2018-04-02 15:09:54,149 : ball_device.bd_plunger : Adding eject chain
2018-04-02 15:09:54,149 : EventManager : Event: ======'balldevice_balls_available'====== Args={}
2018-04-02 15:09:54,152 : ball_device.bd_trough : Got eject request
2018-04-02 15:09:54,152 : EventManager : Event: ======'balldevice_bd_trough_ball_eject_attempt'====== Args={'num_attempts': 0, 'balls': 1, 'mechanical_eject': True, 'target': <ball_device.bd_plunger>, 'source': <ball_device.bd_trough>}
2018-04-02 15:09:54,153 : ball_device.bd_plunger : Not ready to receive from <ball_device.bd_trough>. Free space 0 (Capacity: 1, Balls: 1), incoming_balls: 0
2018-04-02 15:09:54,171 : EventManager : Event: ======'slide_widgets_removed'====== Args={'_from_bcp': True}
2018-04-02 15:09:54,176 : EventManager : Event: ======'slide_widgets_created'====== Args={'_from_bcp': True}
2018-04-02 15:09:54,182 : EventManager : Event: ======'slide_widgets_active'====== Args={'_from_bcp': True}
2018-04-02 15:09:57,868 : SwitchController : Processing switch. Name: s_trough1, state: 0, logical: True,
2018-04-02 15:09:57,868 : SwitchController : <<<<<<< 's_trough1' inactive >>>>>>>
2018-04-02 15:09:57,868 : SwitchController : Found timed switch handler for k/v 877452.593 / {'switch_name': 's_trough1', 'switch_action': 's_trough1-0', 'return_info': False, 'removed': False, 'ms': 500, 'callback_kwargs': {}, 'callback': <bound method SwitchCounter._switch_changed of <mpf.devices.ball_device.switch_counter.SwitchCounter object at 0x0000000007C2C358>>, 'state': 0}
2018-04-02 15:09:57,868 : EventManager : Event: ======'s_trough1_inactive'====== Args={}
2018-04-02 15:09:58,357 : SwitchController : Processing timed switch handler. Switch: s_trough1  State: 0, ms: 500
2018-04-02 15:09:58,358 : ball_device.bd_trough : Counted 4 balls. Active switches: ['s_trough2', 's_trough3', 's_trough4', 's_trough5']
2018-04-02 15:09:58,358 : ball_device.bd_trough : Counting idle
2018-04-02 15:09:58,358 : ball_device.bd_trough : BCH: Lost 1 balls
2018-04-02 15:09:58,358 : EventManager : Event: ======'balldevice_playfield_ball_enter'====== Args={'unclaimed_balls': 1, 'new_balls': 1, 'device': <playfield.playfield>}
2018-04-02 15:09:58,359 : EventManager : Event: ======'playfield_ball_count_change'====== Args={'balls': 1, 'change': 1}
2018-04-02 15:09:58,359 : ball_device.bd_trough : 1 ball(s) missing from device. Mechanical eject? False
2018-04-02 15:09:58,359 : EventManager : Event: ======'balldevice_1_ball_missing'====== Args={}
2018-04-02 15:09:58,360 : EventManager : Event: ======'balldevice_ball_missing'====== Args={'balls': 1}
2018-04-02 15:10:01,542 : SwitchController : Processing switch. Name: s_trough1, state: 1, logical: True,
2018-04-02 15:10:01,542 : SwitchController : <<<<<<< 's_trough1' active >>>>>>>
2018-04-02 15:10:01,543 : SwitchController : Found timed switch handler for k/v 877456.0650000001 / {'switch_name': 's_trough1', 'switch_action': 's_trough1-1', 'return_info': False, 'removed': False, 'ms': 300, 'callback_kwargs': {}, 'callback': <bound method SwitchCounter._switch_changed of <mpf.devices.ball_device.switch_counter.SwitchCounter object at 0x0000000007C2C358>>, 'state': 1}
2018-04-02 15:10:01,543 : EventManager : Event: ======'machine_var_audits_switches_s_trough1'====== Args={'value': 3, 'prev_value': 3, 'change': 0}
2018-04-02 15:10:01,543 : EventManager : Event: ======'s_trough1_active'====== Args={}
2018-04-02 15:10:01,841 : SwitchController : Processing timed switch handler. Switch: s_trough1  State: 1, ms: 300
2018-04-02 15:10:01,842 : ball_device.bd_trough : Counted 5 balls. Active switches: ['s_trough1', 's_trough2', 's_trough3', 's_trough4', 's_trough5']
2018-04-02 15:10:01,842 : ball_device.bd_trough : Counting idle
2018-04-02 15:10:01,842 : ball_device.bd_trough : BCH: Found 1 new balls
2018-04-02 15:10:01,842 : ball_device.bd_trough : Received unexpected ball
2018-04-02 15:10:01,843 : EventManager : Event: ======'balldevice_captured_from_playfield'====== Args={'balls': 1}
2018-04-02 15:10:01,843 : EventManager : Event: ======'sw_playfield_active'====== Args={'balls': 1}
2018-04-02 15:10:01,843 : EventManager : Event: ======'playfield_ball_count_change'====== Args={'balls': 0, 'change': -1}
2018-04-02 15:10:01,844 : ball_device.bd_plunger : Counted 1 balls. Active switches: ['s_plunger_lane']
2018-04-02 15:10:01,844 : ball_device.bd_trough : Counted 5 balls. Active switches: ['s_trough1', 's_trough2', 's_trough3', 's_trough4', 's_trough5']
2018-04-02 15:10:01,844 : ball_device.bd_trough : Processing new ball
2018-04-02 15:10:01,845 : EventManager : Event: ======'balldevice_bd_trough_ball_enter'====== Args={'unclaimed_balls': 1, 'new_balls': 1, 'device': <ball_device.bd_trough>}
2018-04-02 15:10:01,845 : EventManager : Event: ======'ball_drain'====== Args={'balls': 1, 'device': <ball_device.bd_trough>}
2018-04-02 15:10:01,845 : EventManager : Event: ======'ball_will_end'====== Args={}
2018-04-02 15:10:01,846 : EventManager : Event: ======'ball_ending'====== Args={}
2018-04-02 15:10:01,846 : EventManager : Event: ======'ball_ended'====== Args={}
2018-04-02 15:10:01,846 : ball_device.bd_trough : Adding ball
2018-04-02 15:10:01,847 : EventManager : Event: ======'balldevice_balls_available'====== Args={}
2018-04-02 15:10:01,847 : EventManager : Event: ======'balldevice_bd_trough_ball_entered'====== Args={'new_balls': 1, 'device': <ball_device.bd_trough>}
2018-04-02 15:10:01,847 : EventManager : Event: ======'player_turn_ending'====== Args={'number': 1, 'player': <Player 1>}
2018-04-02 15:10:01,848 : EventManager : Event: ======'player_turn_stop'====== Args={'number': 1, 'player': <Player 1>}
2018-04-02 15:10:01,848 : EventManager : Event: ======'player_turn_start'====== Args={'number': 1, 'player': <Player 1>}
2018-04-02 15:10:01,849 : EventManager : Event: ======'player_turn_starting'====== Args={'number': 1, 'player': <Player 1>}
2018-04-02 15:10:01,849 : Player : Setting 'ball' to: 3, (prior: 2, change: 1)
2018-04-02 15:10:01,849 : EventManager : Event: ======'player_ball'====== Args={'value': 3, 'prev_value': 2, 'player_num': 1, 'change': 1}
2018-04-02 15:10:01,849 : EventManager : Event: ======'player_turn_started'====== Args={'number': 1, 'player': <Player 1>}
2018-04-02 15:10:01,850 : EventManager : Event: ======'ball_starting'====== Args={'balls_remaining': 0, 'is_extra_ball': False}
2018-04-02 15:10:01,850 : EventManager : Event: ======'balls_in_play'====== Args={'balls': 1}
2018-04-02 15:10:01,851 : EventManager : Event: ======'ball_started'====== Args={'ball': 3, 'player': 1}
2018-04-02 15:10:01,851 : EventManager : Event: ======'single_player_ball_started'====== Args={}
2018-04-02 15:10:01,851 : ball_device.bd_plunger : Setting up player-controlled eject. Balls: 1, Target: <playfield.playfield>, player_controlled_eject_event: sw_launch
2018-04-02 15:10:01,851 : ball_device.bd_trough : Adding eject chain
2018-04-02 15:10:01,851 : ball_device.bd_plunger : Adding eject chain
2018-04-02 15:10:01,851 : EventManager : Event: ======'balldevice_balls_available'====== Args={}
2018-04-02 15:10:01,858 : EventManager : Event: ======'slide_widgets_removed'====== Args={'_from_bcp': True}
2018-04-02 15:10:01,861 : EventManager : Event: ======'slide_widgets_created'====== Args={'_from_bcp': True}
2018-04-02 15:10:01,867 : EventManager : Event: ======'slide_widgets_active'====== Args={'_from_bcp': True}
2018-04-02 15:10:03,909 : SwitchController : Processing switch. Name: s_trough1, state: 0, logical: True,
2018-04-02 15:10:03,909 : SwitchController : <<<<<<< 's_trough1' inactive >>>>>>>
2018-04-02 15:10:03,910 : SwitchController : Found timed switch handler for k/v 877458.64 / {'switch_name': 's_trough1', 'switch_action': 's_trough1-0', 'return_info': False, 'removed': False, 'ms': 500, 'callback_kwargs': {}, 'callback': <bound method SwitchCounter._switch_changed of <mpf.devices.ball_device.switch_counter.SwitchCounter object at 0x0000000007C2C358>>, 'state': 0}
2018-04-02 15:10:03,910 : EventManager : Event: ======'s_trough1_inactive'====== Args={}
2018-04-02 15:10:04,404 : SwitchController : Processing timed switch handler. Switch: s_trough1  State: 0, ms: 500
2018-04-02 15:10:04,404 : ball_device.bd_trough : Counted 4 balls. Active switches: ['s_trough2', 's_trough3', 's_trough4', 's_trough5']
2018-04-02 15:10:04,404 : ball_device.bd_trough : Counting idle
2018-04-02 15:10:04,405 : ball_device.bd_trough : BCH: Lost 1 balls
2018-04-02 15:10:04,405 : EventManager : Event: ======'balldevice_playfield_ball_enter'====== Args={'unclaimed_balls': 1, 'new_balls': 1, 'device': <playfield.playfield>}
2018-04-02 15:10:04,405 : EventManager : Event: ======'playfield_ball_count_change'====== Args={'balls': 1, 'change': 1}
2018-04-02 15:10:04,405 : ball_device.bd_trough : 1 ball(s) missing from device. Mechanical eject? False
2018-04-02 15:10:04,405 : EventManager : Event: ======'balldevice_1_ball_missing'====== Args={}
2018-04-02 15:10:04,406 : EventManager : Event: ======'balldevice_ball_missing'====== Args={'balls': 1}
2018-04-02 15:10:05,057 : SwitchController : Processing switch. Name: s_trough1, state: 1, logical: True,
2018-04-02 15:10:05,058 : SwitchController : <<<<<<< 's_trough1' active >>>>>>>
2018-04-02 15:10:05,058 : SwitchController : Found timed switch handler for k/v 877459.5810000001 / {'switch_name': 's_trough1', 'switch_action': 's_trough1-1', 'return_info': False, 'removed': False, 'ms': 300, 'callback_kwargs': {}, 'callback': <bound method SwitchCounter._switch_changed of <mpf.devices.ball_device.switch_counter.SwitchCounter object at 0x0000000007C2C358>>, 'state': 1}
2018-04-02 15:10:05,058 : EventManager : Event: ======'machine_var_audits_switches_s_trough1'====== Args={'value': 4, 'prev_value': 4, 'change': 0}
2018-04-02 15:10:05,058 : EventManager : Event: ======'s_trough1_active'====== Args={}
2018-04-02 15:10:05,357 : SwitchController : Processing timed switch handler. Switch: s_trough1  State: 1, ms: 300
2018-04-02 15:10:05,357 : ball_device.bd_trough : Counted 5 balls. Active switches: ['s_trough1', 's_trough2', 's_trough3', 's_trough4', 's_trough5']
2018-04-02 15:10:05,357 : ball_device.bd_trough : Counting idle
2018-04-02 15:10:05,358 : ball_device.bd_trough : BCH: Found 1 new balls
2018-04-02 15:10:05,358 : ball_device.bd_trough : Received unexpected ball
2018-04-02 15:10:05,358 : EventManager : Event: ======'balldevice_captured_from_playfield'====== Args={'balls': 1}
2018-04-02 15:10:05,358 : EventManager : Event: ======'sw_playfield_active'====== Args={'balls': 1}
2018-04-02 15:10:05,358 : EventManager : Event: ======'playfield_ball_count_change'====== Args={'balls': 0, 'change': -1}
2018-04-02 15:10:05,359 : ball_device.bd_plunger : Counted 1 balls. Active switches: ['s_plunger_lane']
2018-04-02 15:10:05,359 : ball_device.bd_trough : Counted 5 balls. Active switches: ['s_trough1', 's_trough2', 's_trough3', 's_trough4', 's_trough5']
2018-04-02 15:10:05,359 : ball_device.bd_trough : Processing new ball
2018-04-02 15:10:05,359 : EventManager : Event: ======'balldevice_bd_trough_ball_enter'====== Args={'unclaimed_balls': 1, 'new_balls': 1, 'device': <ball_device.bd_trough>}
2018-04-02 15:10:05,360 : EventManager : Event: ======'ball_drain'====== Args={'balls': 1, 'device': <ball_device.bd_trough>}
2018-04-02 15:10:05,360 : EventManager : Event: ======'ball_will_end'====== Args={}
2018-04-02 15:10:05,360 : EventManager : Event: ======'ball_ending'====== Args={}
2018-04-02 15:10:05,361 : EventManager : Event: ======'ball_ended'====== Args={}
2018-04-02 15:10:05,361 : ball_device.bd_trough : Adding ball
2018-04-02 15:10:05,361 : EventManager : Event: ======'balldevice_balls_available'====== Args={}
2018-04-02 15:10:05,361 : EventManager : Event: ======'balldevice_bd_trough_ball_entered'====== Args={'new_balls': 1, 'device': <ball_device.bd_trough>}
2018-04-02 15:10:05,362 : EventManager : Event: ======'player_turn_ending'====== Args={'number': 1, 'player': <Player 1>}
2018-04-02 15:10:05,362 : EventManager : Event: ======'game_ending'====== Args={}
2018-04-02 15:10:05,363 : EventManager : Event: ======'player_turn_stop'====== Args={'number': 1, 'player': <Player 1>}
2018-04-02 15:10:05,363 : EventManager : Event: ======'game_ended'====== Args={}
2018-04-02 15:10:05,364 : EventManager : Event: ======'mode_game_stopping'====== Args={}
2018-04-02 15:10:05,364 : EventManager : Event: ======'machine_var_player1_score'====== Args={'value': 0, 'prev_value': 0, 'change': 0}
2018-04-02 15:10:05,364 : EventManager : Event: ======'mode_attract_will_start'====== Args={}
2018-04-02 15:10:05,365 : EventManager : Event: ======'mode_attract_starting'====== Args={}
2018-04-02 15:10:05,365 : Auditor : Disabling the Auditor
2018-04-02 15:10:05,366 : Mode.attract : Started. Priority: 10
2018-04-02 15:10:05,366 : EventManager : Event: ======'mode_attract_started'====== Args={}
2018-04-02 15:10:05,366 : SwitchController : Registering switch handler: s_start, <bound method Attract.start_button_pressed of <Mode.attract>>, state: 1, ms: 0, info: False, cb_kwargs: {}
2018-04-02 15:10:05,366 : SwitchController : Registering switch handler: s_start, <bound method Attract.start_button_released of <Mode.attract>>, state: 0, ms: 0, info: False, cb_kwargs: {}
2018-04-02 15:10:05,367 : EventManager : Event: ======'collecting_balls'====== Args={}
2018-04-02 15:10:05,367 : Mode.game : Stopped.
2018-04-02 15:10:05,368 : EventManager : Event: ======'mode_game_stopped'====== Args={}
2018-04-02 15:10:05,368 : EventManager : Event: ======'clear'====== Args={'key': 'game'}
2018-04-02 15:10:05,373 : EventManager : Event: ======'slide_dmd_slide_1_removed'====== Args={'_from_bcp': True}
2018-04-02 15:10:05,380 : EventManager : Event: ======'slide_dmd_slide_1_created'====== Args={'_from_bcp': True}
2018-04-02 15:10:05,387 : EventManager : Event: ======'slide_dmd_slide_1_active'====== Args={'_from_bcp': True}
2018-04-02 15:10:06,198 : SwitchController : Processing switch. Name: s_trough1, state: 0, logical: True,
2018-04-02 15:10:06,199 : SwitchController : <<<<<<< 's_trough1' inactive >>>>>>>
2018-04-02 15:10:06,199 : SwitchController : Found timed switch handler for k/v 877460.921 / {'switch_name': 's_trough1', 'switch_action': 's_trough1-0', 'return_info': False, 'removed': False, 'ms': 500, 'callback_kwargs': {}, 'callback': <bound method SwitchCounter._switch_changed of <mpf.devices.ball_device.switch_counter.SwitchCounter object at 0x0000000007C2C358>>, 'state': 0}
2018-04-02 15:10:06,199 : EventManager : Event: ======'s_trough1_inactive'====== Args={}
2018-04-02 15:10:06,685 : SwitchController : Processing timed switch handler. Switch: s_trough1  State: 0, ms: 500
2018-04-02 15:10:06,686 : ball_device.bd_trough : Counted 4 balls. Active switches: ['s_trough2', 's_trough3', 's_trough4', 's_trough5']
2018-04-02 15:10:06,686 : ball_device.bd_trough : Counting idle
2018-04-02 15:10:06,686 : ball_device.bd_trough : BCH: Lost 1 balls
2018-04-02 15:10:06,686 : EventManager : Event: ======'balldevice_playfield_ball_enter'====== Args={'unclaimed_balls': 1, 'new_balls': 1, 'device': <playfield.playfield>}
2018-04-02 15:10:06,686 : EventManager : Event: ======'playfield_ball_count_change'====== Args={'balls': 1, 'change': 1}
2018-04-02 15:10:06,686 : ball_device.bd_trough : 1 ball(s) missing from device. Mechanical eject? False
2018-04-02 15:10:06,687 : EventManager : Event: ======'balldevice_1_ball_missing'====== Args={}
2018-04-02 15:10:06,688 : EventManager : Event: ======'balldevice_ball_missing'====== Args={'balls': 1}
2018-04-02 15:10:24,329 : Machine : Shutting down...
2018-04-02 15:10:24,329 : EventManager : Event: ======'shutdown'====== Args={}
2018-04-02 15:10:24,330 : Machine : Shutting down...
2018-04-02 15:10:24,330 : EventManager : Event: ======'shutdown'====== Args={}
2018-04-02 15:10:24,330 : ball_device.bd_plunger : Stopping ball device
2018-04-02 15:10:24,331 : ball_device.bd_trough : Stopping ball device
2018-04-02 15:10:24,331 : SmartMatrix : Disconnecting from SmartMatrix RGB DMD hardware...
2018-04-02 15:10:24,331 : ball_device.bd_plunger : Stopping ball device
2018-04-02 15:10:24,331 : ball_device.bd_trough : Stopping ball device
2018-04-02 15:10:24,331 : SmartMatrix : Disconnecting from SmartMatrix RGB DMD hardware...
2018-04-02 15:10:24,332 : asyncio : Exception in callback SerialTransport._poll_read()
handle: <TimerHandle when=877478.5625 SerialTransport._poll_read()>
Traceback (most recent call last):
  File "c:\python34\lib\asyncio\events.py", line 125, in _run
    self._callback(*self._args)
  File "c:\python34\lib\site-packages\serial_asyncio\__init__.py", line 275, in _poll_read
    if self.serial.in_waiting:
  File "c:\python34\lib\site-packages\serial\serialwin32.py", line 257, in in_waiting
    raise SerialException("ClearCommError failed ({!r})".format(ctypes.WinError()))
serial.serialutil.SerialException: ClearCommError failed (PermissionError(13, 'Le priphrique ne reconnat pas la commande.', None, 22))
2018-04-02 15:10:24,335 : root : ClearCommError failed (PermissionError(13, 'Le priphrique ne reconnat pas la commande.', None, 22))
Traceback (most recent call last):
  File "c:\python34\lib\site-packages\mpf\commands\game.py", line 181, in __init__
    MachineController(mpf_path, machine_path, vars(args)).run()
  File "c:\python34\lib\site-packages\mpf\core\machine.py", line 694, in run
    self._run_loop()
  File "c:\python34\lib\site-packages\mpf\core\machine.py", line 735, in _run_loop
    raise self._exception['exception']
  File "c:\python34\lib\asyncio\events.py", line 125, in _run
    self._callback(*self._args)
  File "c:\python34\lib\site-packages\serial_asyncio\__init__.py", line 275, in _poll_read
    if self.serial.in_waiting:
  File "c:\python34\lib\site-packages\serial\serialwin32.py", line 257, in in_waiting
    raise SerialException("ClearCommError failed ({!r})".format(ctypes.WinError()))
serial.serialutil.SerialException: ClearCommError failed (PermissionError(13, 'Le priphrique ne reconnat pas la commande.', None, 22))
