2018-04-02 11:57:19,277 : Machine : Mission Pinball Framework Core Engine v0.33.49
2018-04-02 11:57:19,277 : Machine : Command line arguments: {'configfile': ['config'], 'logfile': 'logs\\2018-04-02-11-57-19-mpf-DESKTOP-U1P21TS.log', 'consoleloglevel': 20, 'loglevel': 11, 'mc_file_name': None, 'pause': False, 'create_config_cache': True, 'force_platform': None, 'mpfconfigfile': 'c:\\python34\\lib\\site-packages\\mpf\\mpfconfig.yaml', 'no_load_cache': False, 'bcp': True, 'syslog_address': None, 'force_assets_load': False}
2018-04-02 11:57:19,277 : Machine : MPF path: c:\python34\lib\site-packages\mpf
2018-04-02 11:57:19,277 : Machine : Machine path: D:\Dev\mpf\scottp
2018-04-02 11:57:19,277 : Machine : Platform: win32
2018-04-02 11:57:19,277 : Machine : Python executable location: c:\python34\python.exe
2018-04-02 11:57:19,277 : Machine : Python version: 3.4.4 (64-bit)
2018-04-02 11:57:19,459 : Machine : Loading config from original files
2018-04-02 11:57:19,512 : Machine : Machine config file #1: D:\Dev\mpf\scottp\config\config
2018-04-02 11:57:19,522 : Machine : Config file cache created: C:\Users\maddo\AppData\Local\Temp\f2725e9fdb5e5699b9561cedbbf1540fconfig
2018-04-02 11:57:19,535 : SmartMatrix : Connecting to SmartMatrix RGB DMD on COM6 baud 2500000
2018-04-02 11:57:19,558 : SwitchController : Loading the SwitchController
2018-04-02 11:57:19,604 : EventManager : Event: ======'machine_var_mpf_version'====== Args={'value': 'MPF v0.33.49', 'prev_value': 'MPF v0.33.49', 'change': False}
2018-04-02 11:57:19,604 : EventManager : Event: ======'machine_var_mpf_extended_version'====== Args={'value': 'MPF v0.33.49, Config version:4, Show version: 4, BCP version:1.1', 'prev_value': 'MPF v0.33.49, Config version:4, Show version: 4, BCP version:1.1', 'change': False}
2018-04-02 11:57:19,604 : EventManager : Event: ======'machine_var_python_version'====== Args={'value': '3.4.4', 'prev_value': '3.4.4', 'change': False}
2018-04-02 11:57:19,605 : EventManager : Event: ======'machine_var_platform'====== Args={'value': 'Windows-10-10.0.16299', 'prev_value': 'Windows-10-10.0.16299', 'change': False}
2018-04-02 11:57:19,605 : EventManager : Event: ======'machine_var_platform_system'====== Args={'value': 'Windows', 'prev_value': 'Windows', 'change': False}
2018-04-02 11:57:19,605 : EventManager : Event: ======'machine_var_platform_release'====== Args={'value': '10', 'prev_value': '10', 'change': False}
2018-04-02 11:57:19,605 : EventManager : Event: ======'machine_var_platform_version'====== Args={'value': '10.0.16299', 'prev_value': '10.0.16299', 'change': False}
2018-04-02 11:57:19,605 : EventManager : Event: ======'machine_var_platform_machine'====== Args={'value': 'AMD64', 'prev_value': 'AMD64', 'change': False}
2018-04-02 11:57:19,606 : EventManager : Event: ======'init_phase_1'====== Args={}
2018-04-02 11:57:19,628 : EventManager : Event: ======'init_phase_2'====== Args={}
2018-04-02 11:57:19,641 : BCPClientSocket.local_display : Connecting BCP to 'local_display' at localhost:5050...
2018-04-02 11:57:21,146 : BCPClientSocket.local_display : Connected BCP to 'local_display' localhost:5050
2018-04-02 11:57:21,150 : EventManager : Event: ======'init_phase_3'====== Args={}
2018-04-02 11:57:21,152 : EventManager : Event: ======'init_phase_4'====== Args={}
2018-04-02 11:57:21,154 : EventManager : Event: ======'machine_var_audits_player_score'====== Args={'value': {'total': 0, 'top': [], 'average': 0}, 'prev_value': {'total': 0, 'top': [], 'average': 0}, 'change': False}
2018-04-02 11:57:21,154 : EventManager : Event: ======'init_phase_5'====== Args={}
2018-04-02 11:57:21,154 : EventManager : Event: ======'init_done'====== Args={}
2018-04-02 11:57:21,155 : EventManager : Event: ======'machine_reset_phase_1'====== Args={}
2018-04-02 11:57:21,178 : EventManager : Event: ======'machine_var_master_volume'====== Args={'value': 0.5, 'prev_value': 0.5, 'change': 0.0}
2018-04-02 11:57:21,178 : EventManager : Event: ======'slide_window_slide_1_removed'====== Args={'_from_bcp': True}
2018-04-02 11:57:21,184 : EventManager : Event: ======'slide_window_slide_1_created'====== Args={'_from_bcp': True}
2018-04-02 11:57:21,186 : EventManager : Event: ======'slide_dmd_slide_1_removed'====== Args={'_from_bcp': True}
2018-04-02 11:57:21,187 : EventManager : Event: ======'slide_dmd_slide_1_created'====== Args={'_from_bcp': True}
2018-04-02 11:57:21,188 : EventManager : Event: ======'slide_window_slide_1_active'====== Args={'_from_bcp': True}
2018-04-02 11:57:21,189 : EventManager : Event: ======'machine_reset_phase_2'====== Args={}
2018-04-02 11:57:21,189 : EventManager : Event: ======'machine_reset_phase_3'====== Args={}
2018-04-02 11:57:21,189 : EventManager : Event: ======'slide_dmd_slide_1_active'====== Args={'_from_bcp': True}
2018-04-02 11:57:21,190 : EventManager : Event: ======'reset_complete'====== Args={}
2018-04-02 11:57:21,190 : EventManager : Event: ======'mode_attract_will_start'====== Args={}
2018-04-02 11:57:21,190 : EventManager : Event: ======'mode_attract_starting'====== Args={}
2018-04-02 11:57:21,190 : Mode.attract : Started. Priority: 10
2018-04-02 11:57:21,191 : EventManager : Event: ======'mode_attract_started'====== Args={}
2018-04-02 11:57:21,191 : EventManager : Event: ======'collecting_balls_complete'====== Args={}
2018-04-02 11:57:21,191 : Machine : Starting the main run loop.
2018-04-02 11:57:58,214 : Machine : Shutting down...
2018-04-02 11:57:58,214 : EventManager : Event: ======'shutdown'====== Args={}
2018-04-02 11:57:58,215 : Machine : Shutting down...
2018-04-02 11:57:58,215 : EventManager : Event: ======'shutdown'====== Args={}
2018-04-02 11:57:58,216 : SmartMatrix : Disconnecting from SmartMatrix RGB DMD hardware...
2018-04-02 11:57:58,216 : SmartMatrix : Disconnecting from SmartMatrix RGB DMD hardware...
2018-04-02 11:57:58,219 : root : MPF run loop ended.
