2018-04-02 13:17:57,510 : Machine : Mission Pinball Framework Core Engine v0.33.49
2018-04-02 13:17:57,511 : Machine : Command line arguments: {'bcp': True, 'consoleloglevel': 20, 'create_config_cache': True, 'pause': False, 'no_load_cache': False, 'syslog_address': None, 'mc_file_name': None, 'force_platform': None, 'mpfconfigfile': 'c:\\python34\\lib\\site-packages\\mpf\\mpfconfig.yaml', 'configfile': ['config'], 'loglevel': 11, 'logfile': 'logs\\2018-04-02-13-17-57-mpf-DESKTOP-U1P21TS.log', 'force_assets_load': False}
2018-04-02 13:17:57,511 : Machine : MPF path: c:\python34\lib\site-packages\mpf
2018-04-02 13:17:57,511 : Machine : Machine path: D:\Dev\mpf\scottp
2018-04-02 13:17:57,511 : Machine : Platform: win32
2018-04-02 13:17:57,511 : Machine : Python executable location: c:\python34\python.exe
2018-04-02 13:17:57,511 : Machine : Python version: 3.4.4 (64-bit)
2018-04-02 13:17:57,686 : Machine : Loading config from original files
2018-04-02 13:17:57,734 : Machine : Machine config file #1: D:\Dev\mpf\scottp\config\config
2018-04-02 13:17:57,744 : Machine : Config file cache created: C:\Users\maddo\AppData\Local\Temp\f2725e9fdb5e5699b9561cedbbf1540fconfig
2018-04-02 13:17:57,757 : SmartMatrix : Connecting to SmartMatrix RGB DMD on COM6 baud 2500000
2018-04-02 13:17:57,781 : SwitchController : Loading the SwitchController
2018-04-02 13:17:57,826 : EventManager : Event: ======'machine_var_mpf_version'====== Args={'change': False, 'value': 'MPF v0.33.49', 'prev_value': 'MPF v0.33.49'}
2018-04-02 13:17:57,826 : EventManager : Event: ======'machine_var_mpf_extended_version'====== Args={'change': False, 'value': 'MPF v0.33.49, Config version:4, Show version: 4, BCP version:1.1', 'prev_value': 'MPF v0.33.49, Config version:4, Show version: 4, BCP version:1.1'}
2018-04-02 13:17:57,826 : EventManager : Event: ======'machine_var_python_version'====== Args={'change': False, 'value': '3.4.4', 'prev_value': '3.4.4'}
2018-04-02 13:17:57,826 : EventManager : Event: ======'machine_var_platform'====== Args={'change': False, 'value': 'Windows-10-10.0.16299', 'prev_value': 'Windows-10-10.0.16299'}
2018-04-02 13:17:57,826 : EventManager : Event: ======'machine_var_platform_system'====== Args={'change': False, 'value': 'Windows', 'prev_value': 'Windows'}
2018-04-02 13:17:57,827 : EventManager : Event: ======'machine_var_platform_release'====== Args={'change': False, 'value': '10', 'prev_value': '10'}
2018-04-02 13:17:57,827 : EventManager : Event: ======'machine_var_platform_version'====== Args={'change': False, 'value': '10.0.16299', 'prev_value': '10.0.16299'}
2018-04-02 13:17:57,827 : EventManager : Event: ======'machine_var_platform_machine'====== Args={'change': False, 'value': 'AMD64', 'prev_value': 'AMD64'}
2018-04-02 13:17:57,827 : EventManager : Event: ======'init_phase_1'====== Args={}
2018-04-02 13:17:57,849 : EventManager : Event: ======'init_phase_2'====== Args={}
2018-04-02 13:17:57,861 : BCPClientSocket.local_display : Connecting BCP to 'local_display' at localhost:5050...
2018-04-02 13:17:59,365 : BCPClientSocket.local_display : Connected BCP to 'local_display' localhost:5050
2018-04-02 13:17:59,369 : EventManager : Event: ======'init_phase_3'====== Args={}
2018-04-02 13:17:59,372 : EventManager : Event: ======'init_phase_4'====== Args={}
2018-04-02 13:17:59,375 : EventManager : Event: ======'machine_var_audits_player_score'====== Args={'change': False, 'value': {'top': [], 'average': 0, 'total': 0}, 'prev_value': {'top': [], 'average': 0, 'total': 0}}
2018-04-02 13:17:59,376 : EventManager : Event: ======'init_phase_5'====== Args={}
2018-04-02 13:17:59,376 : EventManager : Event: ======'init_done'====== Args={}
2018-04-02 13:17:59,377 : EventManager : Event: ======'machine_reset_phase_1'====== Args={}
2018-04-02 13:17:59,381 : EventManager : Event: ======'machine_var_master_volume'====== Args={'change': 0.0, 'value': 0.5, 'prev_value': 0.5}
2018-04-02 13:17:59,396 : EventManager : Event: ======'slide_dmd_slide_1_removed'====== Args={'_from_bcp': True}
2018-04-02 13:17:59,399 : EventManager : Event: ======'slide_dmd_slide_1_created'====== Args={'_from_bcp': True}
2018-04-02 13:17:59,403 : EventManager : Event: ======'slide_window_slide_1_removed'====== Args={'_from_bcp': True}
2018-04-02 13:17:59,409 : EventManager : Event: ======'slide_window_slide_1_created'====== Args={'_from_bcp': True}
2018-04-02 13:17:59,413 : EventManager : Event: ======'machine_reset_phase_2'====== Args={}
2018-04-02 13:17:59,413 : EventManager : Event: ======'machine_reset_phase_3'====== Args={}
2018-04-02 13:17:59,413 : EventManager : Event: ======'reset_complete'====== Args={}
2018-04-02 13:17:59,414 : EventManager : Event: ======'mode_attract_will_start'====== Args={}
2018-04-02 13:17:59,414 : EventManager : Event: ======'mode_attract_starting'====== Args={}
2018-04-02 13:17:59,414 : Mode.attract : Started. Priority: 10
2018-04-02 13:17:59,414 : EventManager : Event: ======'mode_attract_started'====== Args={}
2018-04-02 13:17:59,414 : EventManager : Event: ======'collecting_balls_complete'====== Args={}
2018-04-02 13:17:59,415 : EventManager : Event: ======'slide_dmd_slide_1_active'====== Args={'_from_bcp': True}
2018-04-02 13:17:59,415 : Machine : Starting the main run loop.
2018-04-02 13:17:59,416 : EventManager : Event: ======'slide_window_slide_1_active'====== Args={'_from_bcp': True}
2018-04-02 13:18:08,782 : Machine : Shutting down...
2018-04-02 13:18:08,782 : EventManager : Event: ======'shutdown'====== Args={}
2018-04-02 13:18:08,782 : Machine : Shutting down...
2018-04-02 13:18:08,782 : EventManager : Event: ======'shutdown'====== Args={}
2018-04-02 13:18:08,782 : SmartMatrix : Disconnecting from SmartMatrix RGB DMD hardware...
2018-04-02 13:18:08,782 : SmartMatrix : Disconnecting from SmartMatrix RGB DMD hardware...
2018-04-02 13:18:08,786 : root : MPF run loop ended.
