2018-04-02 11:47:28,426 : Machine : Mission Pinball Framework Core Engine v0.33.49
2018-04-02 11:47:28,426 : Machine : Command line arguments: {'syslog_address': None, 'create_config_cache': True, 'configfile': ['config'], 'force_assets_load': False, 'mpfconfigfile': 'c:\\python34\\lib\\site-packages\\mpf\\mpfconfig.yaml', 'pause': False, 'logfile': 'logs\\2018-04-02-11-47-28-mpf-DESKTOP-U1P21TS.log', 'force_platform': None, 'mc_file_name': None, 'loglevel': 11, 'bcp': True, 'consoleloglevel': 20, 'no_load_cache': False}
2018-04-02 11:47:28,426 : Machine : MPF path: c:\python34\lib\site-packages\mpf
2018-04-02 11:47:28,426 : Machine : Machine path: D:\Dev\mpf\scottp
2018-04-02 11:47:28,426 : Machine : Platform: win32
2018-04-02 11:47:28,426 : Machine : Python executable location: c:\python34\python.exe
2018-04-02 11:47:28,426 : Machine : Python version: 3.4.4 (64-bit)
2018-04-02 11:47:28,601 : Machine : Loading config from original files
2018-04-02 11:47:28,657 : Machine : Machine config file #1: D:\Dev\mpf\scottp\config\config
2018-04-02 11:47:28,666 : Machine : Config file cache created: C:\Users\maddo\AppData\Local\Temp\f2725e9fdb5e5699b9561cedbbf1540fconfig
2018-04-02 11:47:28,679 : SmartMatrix : Connecting to SmartMatrix RGB DMD on COM6 baud 2500000
2018-04-02 11:47:28,702 : SwitchController : Loading the SwitchController
2018-04-02 11:47:28,746 : EventManager : Event: ======'machine_var_mpf_version'====== Args={'prev_value': 'MPF v0.33.49', 'value': 'MPF v0.33.49', 'change': False}
2018-04-02 11:47:28,746 : EventManager : Event: ======'machine_var_mpf_extended_version'====== Args={'prev_value': 'MPF v0.33.49, Config version:4, Show version: 4, BCP version:1.1', 'value': 'MPF v0.33.49, Config version:4, Show version: 4, BCP version:1.1', 'change': False}
2018-04-02 11:47:28,746 : EventManager : Event: ======'machine_var_python_version'====== Args={'prev_value': '3.4.4', 'value': '3.4.4', 'change': False}
2018-04-02 11:47:28,747 : EventManager : Event: ======'machine_var_platform'====== Args={'prev_value': 'Windows-10-10.0.16299', 'value': 'Windows-10-10.0.16299', 'change': False}
2018-04-02 11:47:28,747 : EventManager : Event: ======'machine_var_platform_system'====== Args={'prev_value': 'Windows', 'value': 'Windows', 'change': False}
2018-04-02 11:47:28,747 : EventManager : Event: ======'machine_var_platform_release'====== Args={'prev_value': '10', 'value': '10', 'change': False}
2018-04-02 11:47:28,747 : EventManager : Event: ======'machine_var_platform_version'====== Args={'prev_value': '10.0.16299', 'value': '10.0.16299', 'change': False}
2018-04-02 11:47:28,747 : EventManager : Event: ======'machine_var_platform_machine'====== Args={'prev_value': 'AMD64', 'value': 'AMD64', 'change': False}
2018-04-02 11:47:28,747 : EventManager : Event: ======'init_phase_1'====== Args={}
2018-04-02 11:47:28,770 : EventManager : Event: ======'init_phase_2'====== Args={}
2018-04-02 11:47:28,782 : BCPClientSocket.local_display : Connecting BCP to 'local_display' at localhost:5050...
2018-04-02 11:47:30,289 : BCPClientSocket.local_display : Connected BCP to 'local_display' localhost:5050
2018-04-02 11:47:30,295 : EventManager : Event: ======'init_phase_3'====== Args={}
2018-04-02 11:47:30,299 : EventManager : Event: ======'init_phase_4'====== Args={}
2018-04-02 11:47:30,301 : EventManager : Event: ======'machine_var_audits_player_score'====== Args={'prev_value': {'top': [], 'total': 0, 'average': 0}, 'value': {'top': [], 'total': 0, 'average': 0}, 'change': False}
2018-04-02 11:47:30,301 : EventManager : Event: ======'init_phase_5'====== Args={}
2018-04-02 11:47:30,302 : EventManager : Event: ======'init_done'====== Args={}
2018-04-02 11:47:30,302 : EventManager : Event: ======'machine_reset_phase_1'====== Args={}
2018-04-02 11:47:30,304 : EventManager : Event: ======'machine_var_master_volume'====== Args={'prev_value': 0.5, 'value': 0.5, 'change': 0.0}
2018-04-02 11:47:30,319 : EventManager : Event: ======'slide_window_slide_1_removed'====== Args={'_from_bcp': True}
2018-04-02 11:47:30,324 : EventManager : Event: ======'slide_window_slide_1_created'====== Args={'_from_bcp': True}
2018-04-02 11:47:30,326 : EventManager : Event: ======'slide_dmd_slide_1_removed'====== Args={'_from_bcp': True}
2018-04-02 11:47:30,327 : EventManager : Event: ======'slide_dmd_slide_1_created'====== Args={'_from_bcp': True}
2018-04-02 11:47:30,329 : EventManager : Event: ======'machine_reset_phase_2'====== Args={}
2018-04-02 11:47:30,329 : EventManager : Event: ======'machine_reset_phase_3'====== Args={}
2018-04-02 11:47:30,329 : EventManager : Event: ======'reset_complete'====== Args={}
2018-04-02 11:47:30,330 : EventManager : Event: ======'mode_attract_will_start'====== Args={}
2018-04-02 11:47:30,330 : EventManager : Event: ======'mode_attract_starting'====== Args={}
2018-04-02 11:47:30,330 : Mode.attract : Started. Priority: 10
2018-04-02 11:47:30,330 : EventManager : Event: ======'mode_attract_started'====== Args={}
2018-04-02 11:47:30,331 : EventManager : Event: ======'collecting_balls_complete'====== Args={}
2018-04-02 11:47:30,331 : Machine : Starting the main run loop.
2018-04-02 11:47:30,331 : EventManager : Event: ======'slide_window_slide_1_active'====== Args={'_from_bcp': True}
2018-04-02 11:47:30,332 : EventManager : Event: ======'slide_dmd_slide_1_active'====== Args={'_from_bcp': True}
2018-04-02 11:47:52,430 : Machine : Shutting down...
2018-04-02 11:47:52,430 : EventManager : Event: ======'shutdown'====== Args={}
2018-04-02 11:47:52,430 : Machine : Shutting down...
2018-04-02 11:47:52,430 : EventManager : Event: ======'shutdown'====== Args={}
2018-04-02 11:47:52,431 : SmartMatrix : Disconnecting from SmartMatrix RGB DMD hardware...
2018-04-02 11:47:52,431 : SmartMatrix : Disconnecting from SmartMatrix RGB DMD hardware...
2018-04-02 11:47:52,433 : root : MPF run loop ended.
