2018-04-02 10:45:27,209 : Machine : Mission Pinball Framework Core Engine v0.33.49
2018-04-02 10:45:27,210 : Machine : Command line arguments: {'configfile': ['config'], 'force_assets_load': False, 'bcp': True, 'mc_file_name': None, 'create_config_cache': True, 'syslog_address': None, 'no_load_cache': False, 'mpfconfigfile': 'c:\\python34\\lib\\site-packages\\mpf\\mpfconfig.yaml', 'force_platform': None, 'consoleloglevel': 20, 'logfile': 'logs\\2018-04-02-10-45-27-mpf-DESKTOP-U1P21TS.log', 'pause': False, 'loglevel': 11}
2018-04-02 10:45:27,210 : Machine : MPF path: c:\python34\lib\site-packages\mpf
2018-04-02 10:45:27,210 : Machine : Machine path: D:\Dev\mpf\scottp
2018-04-02 10:45:27,210 : Machine : Platform: win32
2018-04-02 10:45:27,210 : Machine : Python executable location: c:\python34\python.exe
2018-04-02 10:45:27,210 : Machine : Python version: 3.4.4 (64-bit)
2018-04-02 10:45:27,390 : Machine : Loading config from original files
2018-04-02 10:45:27,442 : Machine : Machine config file #1: D:\Dev\mpf\scottp\config\config
2018-04-02 10:45:27,450 : Machine : Config file cache created: C:\Users\maddo\AppData\Local\Temp\f2725e9fdb5e5699b9561cedbbf1540fconfig
2018-04-02 10:45:27,459 : SmartMatrix : Connecting to SmartMatrix RGB DMD on COM6 baud 2500000
2018-04-02 10:45:27,491 : SwitchController : Loading the SwitchController
2018-04-02 10:45:27,537 : EventManager : Event: ======'machine_var_mpf_version'====== Args={'value': 'MPF v0.33.49', 'change': False, 'prev_value': 'MPF v0.33.49'}
2018-04-02 10:45:27,537 : EventManager : Event: ======'machine_var_mpf_extended_version'====== Args={'value': 'MPF v0.33.49, Config version:4, Show version: 4, BCP version:1.1', 'change': False, 'prev_value': 'MPF v0.33.49, Config version:4, Show version: 4, BCP version:1.1'}
2018-04-02 10:45:27,537 : EventManager : Event: ======'machine_var_python_version'====== Args={'value': '3.4.4', 'change': False, 'prev_value': '3.4.4'}
2018-04-02 10:45:27,538 : EventManager : Event: ======'machine_var_platform'====== Args={'value': 'Windows-10-10.0.16299', 'change': False, 'prev_value': 'Windows-10-10.0.16299'}
2018-04-02 10:45:27,538 : EventManager : Event: ======'machine_var_platform_system'====== Args={'value': 'Windows', 'change': False, 'prev_value': 'Windows'}
2018-04-02 10:45:27,538 : EventManager : Event: ======'machine_var_platform_release'====== Args={'value': '10', 'change': False, 'prev_value': '10'}
2018-04-02 10:45:27,538 : EventManager : Event: ======'machine_var_platform_version'====== Args={'value': '10.0.16299', 'change': False, 'prev_value': '10.0.16299'}
2018-04-02 10:45:27,538 : EventManager : Event: ======'machine_var_platform_machine'====== Args={'value': 'AMD64', 'change': False, 'prev_value': 'AMD64'}
2018-04-02 10:45:27,538 : EventManager : Event: ======'init_phase_1'====== Args={}
2018-04-02 10:45:27,563 : EventManager : Event: ======'init_phase_2'====== Args={}
2018-04-02 10:45:27,575 : BCPClientSocket.local_display : Connecting BCP to 'local_display' at localhost:5050...
2018-04-02 10:45:29,081 : BCPClientSocket.local_display : Connected BCP to 'local_display' localhost:5050
2018-04-02 10:45:29,089 : EventManager : Event: ======'init_phase_3'====== Args={}
2018-04-02 10:45:29,096 : EventManager : Event: ======'init_phase_4'====== Args={}
2018-04-02 10:45:29,099 : EventManager : Event: ======'machine_var_audits_player_score'====== Args={'value': {'total': 0, 'average': 0, 'top': []}, 'change': False, 'prev_value': {'total': 0, 'average': 0, 'top': []}}
2018-04-02 10:45:29,100 : EventManager : Event: ======'init_phase_5'====== Args={}
2018-04-02 10:45:29,101 : EventManager : Event: ======'init_done'====== Args={}
2018-04-02 10:45:29,101 : EventManager : Event: ======'machine_reset_phase_1'====== Args={}
2018-04-02 10:45:29,114 : EventManager : Event: ======'machine_var_master_volume'====== Args={'value': 0.5, 'change': 0.0, 'prev_value': 0.5}
2018-04-02 10:45:29,133 : EventManager : Event: ======'slide_dmd_slide_1_removed'====== Args={'_from_bcp': True}
2018-04-02 10:45:29,134 : EventManager : Event: ======'slide_dmd_slide_1_created'====== Args={'_from_bcp': True}
2018-04-02 10:45:29,136 : EventManager : Event: ======'slide_window_slide_1_removed'====== Args={'_from_bcp': True}
2018-04-02 10:45:29,140 : EventManager : Event: ======'slide_window_slide_1_created'====== Args={'_from_bcp': True}
2018-04-02 10:45:29,143 : EventManager : Event: ======'machine_reset_phase_2'====== Args={}
2018-04-02 10:45:29,144 : EventManager : Event: ======'machine_reset_phase_3'====== Args={}
2018-04-02 10:45:29,144 : EventManager : Event: ======'slide_dmd_slide_1_active'====== Args={'_from_bcp': True}
2018-04-02 10:45:29,144 : EventManager : Event: ======'reset_complete'====== Args={}
2018-04-02 10:45:29,145 : EventManager : Event: ======'mode_attract_will_start'====== Args={}
2018-04-02 10:45:29,145 : EventManager : Event: ======'mode_attract_starting'====== Args={}
2018-04-02 10:45:29,145 : Mode.attract : Started. Priority: 10
2018-04-02 10:45:29,145 : EventManager : Event: ======'mode_attract_started'====== Args={}
2018-04-02 10:45:29,146 : EventManager : Event: ======'collecting_balls_complete'====== Args={}
2018-04-02 10:45:29,146 : EventManager : Event: ======'slide_window_slide_1_active'====== Args={'_from_bcp': True}
2018-04-02 10:45:29,146 : Machine : Starting the main run loop.
2018-04-02 10:45:36,370 : Machine : Shutting down...
2018-04-02 10:45:36,370 : EventManager : Event: ======'shutdown'====== Args={}
2018-04-02 10:45:36,370 : SmartMatrix : Disconnecting from SmartMatrix RGB DMD hardware...
2018-04-02 10:45:36,371 : root : MPF run loop ended.
