2018-04-02 13:12:08,394 : kivy : Factory: 194 symbols loaded
2018-04-02 13:12:08,473 : kivy : Image: Providers: img_tex, img_dds, img_sdl2, img_gif (img_pil, img_ffpyplayer ignored)
2018-04-02 13:12:08,501 : kivy : VideoGstplayer: Using Gstreamer 1.10.2.0
2018-04-02 13:12:08,502 : kivy : Video: Provider: gstplayer
2018-04-02 13:12:08,527 : kivy : Loading MPF-MC controller
2018-04-02 13:12:08,527 : mpfmc : Mission Pinball Framework Media Controller v0.33.16
2018-04-02 13:12:08,527 : mpfmc : Mission Pinball Framework Game Engine v0.33.49
2018-04-02 13:12:08,528 : mpfmc : Machine path: D:\Dev\mpf\scottp
2018-04-02 13:12:08,528 : mpfmc : Starting clock at 30.0Hz
2018-04-02 13:12:08,537 : kivy : Text: Provider: sdl2
2018-04-02 13:12:08,737 : kivy : OSC: using <thread> for socket
2018-04-02 13:12:08,740 : kivy : Window: Provider: sdl2
2018-04-02 13:12:08,939 : kivy : GL: Using the "OpenGL" graphics system
2018-04-02 13:12:08,940 : kivy : GL: GLEW initialization succeeded
2018-04-02 13:12:08,941 : kivy : GL: Backend used <glew>
2018-04-02 13:12:08,941 : kivy : GL: OpenGL version <b'4.5.13497 Compatibility Profile Context 23.20.793.0'>
2018-04-02 13:12:08,941 : kivy : GL: OpenGL vendor <b'ATI Technologies Inc.'>
2018-04-02 13:12:08,941 : kivy : GL: OpenGL renderer <b'Radeon (TM) RX 480 Graphics'>
2018-04-02 13:12:08,941 : kivy : GL: OpenGL parsed version: 4, 5
2018-04-02 13:12:08,942 : kivy : GL: Shading version <b'4.50'>
2018-04-02 13:12:08,942 : kivy : GL: Texture max size <16384>
2018-04-02 13:12:08,942 : kivy : GL: Texture max units <32>
2018-04-02 13:12:08,950 : kivy : Window: auto add sdl2 input provider
2018-04-02 13:12:08,950 : kivy : Window: virtual keyboard not allowed, single mode, not docked
2018-04-02 13:12:08,953 : SoundSystem : SoundSystem: Using default 'sound_system' settings
2018-04-02 13:12:09,492 : AudioInterface : Initialized
2018-04-02 13:12:09,492 : SoundSystem : No audio tracks are specified in your machine config file. a track named 'default' has been created.
2018-04-02 13:12:09,494 : kivy : Base: Start application main loop
2018-04-02 13:12:09,595 : MPF-MC BCP Server : Starting up on localhost port 5050
2018-04-02 13:12:09,600 : MPF-MC BCP Server : Waiting for a connection...
2018-04-02 13:12:09,601 : kivy : GL: NPOT texture support is available
2018-04-02 13:12:10,009 : MPF-MC BCP Server : Received connection from: 127.0.0.1:65465
2018-04-02 13:12:10,027 : mpfmc : Initializing Physical DMD
2018-04-02 13:12:10,039 : mpfmc : Setting Physical DMD to 30.0fps
2018-04-02 13:12:16,390 : kivy : Base: Leaving application in progress...
2018-04-02 13:12:16,392 : mpfmc : Stopping...
2018-04-02 13:12:16,394 : mpfmc : Loop rate 38.4 Hz
2018-04-02 13:12:16,395 : kivy : MC run loop ended.
2018-04-02 13:12:16,396 : kivy : Stopping child threads... (1 remaining)
2018-04-02 13:12:16,498 : kivy : All child threads stopped.
