2018-04-02 13:11:15,433 : Machine : Mission Pinball Framework Core Engine v0.33.49
2018-04-02 13:11:15,433 : Machine : Command line arguments: {'loglevel': 11, 'mc_file_name': None, 'configfile': ['config'], 'force_assets_load': False, 'force_platform': None, 'syslog_address': None, 'logfile': 'logs\\2018-04-02-13-11-15-mpf-DESKTOP-U1P21TS.log', 'create_config_cache': True, 'consoleloglevel': 20, 'mpfconfigfile': 'c:\\python34\\lib\\site-packages\\mpf\\mpfconfig.yaml', 'pause': False, 'bcp': True, 'no_load_cache': False}
2018-04-02 13:11:15,434 : Machine : MPF path: c:\python34\lib\site-packages\mpf
2018-04-02 13:11:15,434 : Machine : Machine path: D:\Dev\mpf\scottp
2018-04-02 13:11:15,434 : Machine : Platform: win32
2018-04-02 13:11:15,434 : Machine : Python executable location: c:\python34\python.exe
2018-04-02 13:11:15,434 : Machine : Python version: 3.4.4 (64-bit)
2018-04-02 13:11:15,610 : Machine : Loading config from original files
2018-04-02 13:11:15,660 : Machine : Machine config file #1: D:\Dev\mpf\scottp\config\config
2018-04-02 13:11:15,669 : Machine : Config file cache created: C:\Users\maddo\AppData\Local\Temp\f2725e9fdb5e5699b9561cedbbf1540fconfig
2018-04-02 13:11:15,678 : SmartMatrix : Connecting to SmartMatrix RGB DMD on COM6 baud 2500000
2018-04-02 13:11:15,706 : SwitchController : Loading the SwitchController
2018-04-02 13:11:15,749 : EventManager : Event: ======'machine_var_mpf_version'====== Args={'value': 'MPF v0.33.49', 'change': False, 'prev_value': 'MPF v0.33.49'}
2018-04-02 13:11:15,749 : EventManager : Event: ======'machine_var_mpf_extended_version'====== Args={'value': 'MPF v0.33.49, Config version:4, Show version: 4, BCP version:1.1', 'change': False, 'prev_value': 'MPF v0.33.49, Config version:4, Show version: 4, BCP version:1.1'}
2018-04-02 13:11:15,749 : EventManager : Event: ======'machine_var_python_version'====== Args={'value': '3.4.4', 'change': False, 'prev_value': '3.4.4'}
2018-04-02 13:11:15,750 : EventManager : Event: ======'machine_var_platform'====== Args={'value': 'Windows-10-10.0.16299', 'change': False, 'prev_value': 'Windows-10-10.0.16299'}
2018-04-02 13:11:15,750 : EventManager : Event: ======'machine_var_platform_system'====== Args={'value': 'Windows', 'change': False, 'prev_value': 'Windows'}
2018-04-02 13:11:15,750 : EventManager : Event: ======'machine_var_platform_release'====== Args={'value': '10', 'change': False, 'prev_value': '10'}
2018-04-02 13:11:15,750 : EventManager : Event: ======'machine_var_platform_version'====== Args={'value': '10.0.16299', 'change': False, 'prev_value': '10.0.16299'}
2018-04-02 13:11:15,750 : EventManager : Event: ======'machine_var_platform_machine'====== Args={'value': 'AMD64', 'change': False, 'prev_value': 'AMD64'}
2018-04-02 13:11:15,750 : EventManager : Event: ======'init_phase_1'====== Args={}
2018-04-02 13:11:15,775 : EventManager : Event: ======'init_phase_2'====== Args={}
2018-04-02 13:11:15,787 : BCPClientSocket.local_display : Connecting BCP to 'local_display' at localhost:5050...
2018-04-02 13:11:17,290 : BCPClientSocket.local_display : Connected BCP to 'local_display' localhost:5050
2018-04-02 13:11:17,295 : EventManager : Event: ======'init_phase_3'====== Args={}
2018-04-02 13:11:17,302 : EventManager : Event: ======'init_phase_4'====== Args={}
2018-04-02 13:11:17,305 : EventManager : Event: ======'machine_var_audits_player_score'====== Args={'value': {'average': 0, 'top': [], 'total': 0}, 'change': False, 'prev_value': {'average': 0, 'top': [], 'total': 0}}
2018-04-02 13:11:17,306 : EventManager : Event: ======'init_phase_5'====== Args={}
2018-04-02 13:11:17,307 : EventManager : Event: ======'init_done'====== Args={}
2018-04-02 13:11:17,308 : EventManager : Event: ======'machine_reset_phase_1'====== Args={}
2018-04-02 13:11:17,315 : EventManager : Event: ======'machine_var_master_volume'====== Args={'value': 0.5, 'change': 0.0, 'prev_value': 0.5}
2018-04-02 13:11:17,315 : EventManager : Event: ======'slide_dmd_slide_1_removed'====== Args={'_from_bcp': True}
2018-04-02 13:11:17,317 : EventManager : Event: ======'slide_dmd_slide_1_created'====== Args={'_from_bcp': True}
2018-04-02 13:11:17,322 : EventManager : Event: ======'slide_window_slide_1_removed'====== Args={'_from_bcp': True}
2018-04-02 13:11:17,330 : EventManager : Event: ======'slide_window_slide_1_created'====== Args={'_from_bcp': True}
2018-04-02 13:11:17,333 : EventManager : Event: ======'machine_reset_phase_2'====== Args={}
2018-04-02 13:11:17,333 : EventManager : Event: ======'machine_reset_phase_3'====== Args={}
2018-04-02 13:11:17,334 : EventManager : Event: ======'reset_complete'====== Args={}
2018-04-02 13:11:17,334 : EventManager : Event: ======'mode_attract_will_start'====== Args={}
2018-04-02 13:11:17,335 : EventManager : Event: ======'mode_attract_starting'====== Args={}
2018-04-02 13:11:17,335 : Mode.attract : Started. Priority: 10
2018-04-02 13:11:17,335 : EventManager : Event: ======'mode_attract_started'====== Args={}
2018-04-02 13:11:17,335 : EventManager : Event: ======'collecting_balls_complete'====== Args={}
2018-04-02 13:11:17,336 : EventManager : Event: ======'slide_dmd_slide_1_active'====== Args={'_from_bcp': True}
2018-04-02 13:11:17,336 : Machine : Starting the main run loop.
2018-04-02 13:11:17,337 : EventManager : Event: ======'slide_window_slide_1_active'====== Args={'_from_bcp': True}
2018-04-02 13:12:06,821 : Machine : Shutting down...
2018-04-02 13:12:06,821 : EventManager : Event: ======'shutdown'====== Args={}
2018-04-02 13:12:06,821 : Machine : Shutting down...
2018-04-02 13:12:06,821 : EventManager : Event: ======'shutdown'====== Args={}
2018-04-02 13:12:06,822 : SmartMatrix : Disconnecting from SmartMatrix RGB DMD hardware...
2018-04-02 13:12:06,822 : SmartMatrix : Disconnecting from SmartMatrix RGB DMD hardware...
2018-04-02 13:12:06,824 : root : MPF run loop ended.
