2018-04-02 11:32:18,361 : kivy : Factory: 194 symbols loaded
2018-04-02 11:32:18,441 : kivy : Image: Providers: img_tex, img_dds, img_sdl2, img_gif (img_pil, img_ffpyplayer ignored)
2018-04-02 11:32:18,470 : kivy : VideoGstplayer: Using Gstreamer 1.10.2.0
2018-04-02 11:32:18,470 : kivy : Video: Provider: gstplayer
2018-04-02 11:32:18,496 : kivy : Loading MPF-MC controller
2018-04-02 11:32:18,497 : mpfmc : Mission Pinball Framework Media Controller v0.33.16
2018-04-02 11:32:18,497 : mpfmc : Mission Pinball Framework Game Engine v0.33.49
2018-04-02 11:32:18,497 : mpfmc : Machine path: D:\Dev\mpf\scottp
2018-04-02 11:32:18,497 : mpfmc : Starting clock at 30.0Hz
2018-04-02 11:32:18,506 : kivy : Text: Provider: sdl2
2018-04-02 11:32:18,705 : kivy : OSC: using <thread> for socket
2018-04-02 11:32:18,708 : kivy : Window: Provider: sdl2
2018-04-02 11:32:18,909 : kivy : GL: Using the "OpenGL" graphics system
2018-04-02 11:32:18,910 : kivy : GL: GLEW initialization succeeded
2018-04-02 11:32:18,910 : kivy : GL: Backend used <glew>
2018-04-02 11:32:18,911 : kivy : GL: OpenGL version <b'4.5.13497 Compatibility Profile Context 23.20.793.0'>
2018-04-02 11:32:18,911 : kivy : GL: OpenGL vendor <b'ATI Technologies Inc.'>
2018-04-02 11:32:18,911 : kivy : GL: OpenGL renderer <b'Radeon (TM) RX 480 Graphics'>
2018-04-02 11:32:18,911 : kivy : GL: OpenGL parsed version: 4, 5
2018-04-02 11:32:18,911 : kivy : GL: Shading version <b'4.50'>
2018-04-02 11:32:18,911 : kivy : GL: Texture max size <16384>
2018-04-02 11:32:18,912 : kivy : GL: Texture max units <32>
2018-04-02 11:32:18,920 : kivy : Window: auto add sdl2 input provider
2018-04-02 11:32:18,920 : kivy : Window: virtual keyboard not allowed, single mode, not docked
2018-04-02 11:32:18,923 : SoundSystem : SoundSystem: Using default 'sound_system' settings
2018-04-02 11:32:19,446 : AudioInterface : Initialized
2018-04-02 11:32:19,446 : SoundSystem : No audio tracks are specified in your machine config file. a track named 'default' has been created.
2018-04-02 11:32:19,449 : kivy : Base: Start application main loop
2018-04-02 11:32:19,542 : MPF-MC BCP Server : Starting up on localhost port 5050
2018-04-02 11:32:19,546 : MPF-MC BCP Server : Waiting for a connection...
2018-04-02 11:32:19,548 : kivy : GL: NPOT texture support is available
2018-04-02 11:32:19,981 : MPF-MC BCP Server : Received connection from: 127.0.0.1:61512
2018-04-02 11:32:19,998 : mpfmc : Initializing Physical DMD
2018-04-02 11:32:20,011 : mpfmc : Setting Physical DMD to 30.0fps
2018-04-02 11:32:49,230 : mpfmc : Stopping...
2018-04-02 11:32:49,495 : kivy : Base: Leaving application in progress...
2018-04-02 11:32:49,495 : mpfmc : Loop rate 40.4 Hz
