2018-04-02 13:08:12,430 : kivy : Factory: 194 symbols loaded
2018-04-02 13:08:12,510 : kivy : Image: Providers: img_tex, img_dds, img_sdl2, img_gif (img_pil, img_ffpyplayer ignored)
2018-04-02 13:08:12,538 : kivy : VideoGstplayer: Using Gstreamer 1.10.2.0
2018-04-02 13:08:12,539 : kivy : Video: Provider: gstplayer
2018-04-02 13:08:12,564 : kivy : Loading MPF-MC controller
2018-04-02 13:08:12,564 : mpfmc : Mission Pinball Framework Media Controller v0.33.16
2018-04-02 13:08:12,565 : mpfmc : Mission Pinball Framework Game Engine v0.33.49
2018-04-02 13:08:12,565 : mpfmc : Machine path: D:\Dev\mpf\scottp
2018-04-02 13:08:12,565 : mpfmc : Starting clock at 30.0Hz
2018-04-02 13:08:12,575 : kivy : Text: Provider: sdl2
2018-04-02 13:08:12,777 : kivy : OSC: using <thread> for socket
2018-04-02 13:08:12,780 : kivy : Window: Provider: sdl2
2018-04-02 13:08:12,985 : kivy : GL: Using the "OpenGL" graphics system
2018-04-02 13:08:12,986 : kivy : GL: GLEW initialization succeeded
2018-04-02 13:08:12,987 : kivy : GL: Backend used <glew>
2018-04-02 13:08:12,987 : kivy : GL: OpenGL version <b'4.5.13497 Compatibility Profile Context 23.20.793.0'>
2018-04-02 13:08:12,987 : kivy : GL: OpenGL vendor <b'ATI Technologies Inc.'>
2018-04-02 13:08:12,987 : kivy : GL: OpenGL renderer <b'Radeon (TM) RX 480 Graphics'>
2018-04-02 13:08:12,988 : kivy : GL: OpenGL parsed version: 4, 5
2018-04-02 13:08:12,988 : kivy : GL: Shading version <b'4.50'>
2018-04-02 13:08:12,988 : kivy : GL: Texture max size <16384>
2018-04-02 13:08:12,988 : kivy : GL: Texture max units <32>
2018-04-02 13:08:12,997 : kivy : Window: auto add sdl2 input provider
2018-04-02 13:08:12,997 : kivy : Window: virtual keyboard not allowed, single mode, not docked
2018-04-02 13:08:12,999 : SoundSystem : SoundSystem: Using default 'sound_system' settings
2018-04-02 13:08:13,523 : AudioInterface : Initialized
2018-04-02 13:08:13,523 : SoundSystem : No audio tracks are specified in your machine config file. a track named 'default' has been created.
2018-04-02 13:08:13,526 : kivy : Base: Start application main loop
2018-04-02 13:08:13,623 : MPF-MC BCP Server : Starting up on localhost port 5050
2018-04-02 13:08:13,628 : MPF-MC BCP Server : Waiting for a connection...
2018-04-02 13:08:13,629 : kivy : GL: NPOT texture support is available
2018-04-02 13:08:13,987 : MPF-MC BCP Server : Received connection from: 127.0.0.1:65295
2018-04-02 13:08:14,008 : mpfmc : Initializing Physical DMD
2018-04-02 13:08:14,016 : mpfmc : Setting Physical DMD to 30.0fps
2018-04-02 13:09:10,231 : mpfmc : Stopping...
2018-04-02 13:09:10,509 : kivy : Base: Leaving application in progress...
2018-04-02 13:09:10,510 : mpfmc : Loop rate 40.61 Hz
