2018-04-02 11:42:00,342 : Machine : Mission Pinball Framework Core Engine v0.33.49
2018-04-02 11:42:00,342 : Machine : Command line arguments: {'syslog_address': None, 'pause': False, 'bcp': True, 'mc_file_name': None, 'mpfconfigfile': 'c:\\python34\\lib\\site-packages\\mpf\\mpfconfig.yaml', 'force_assets_load': False, 'create_config_cache': True, 'consoleloglevel': 20, 'force_platform': None, 'no_load_cache': False, 'logfile': 'logs\\2018-04-02-11-42-00-mpf-DESKTOP-U1P21TS.log', 'configfile': ['config'], 'loglevel': 11}
2018-04-02 11:42:00,342 : Machine : MPF path: c:\python34\lib\site-packages\mpf
2018-04-02 11:42:00,342 : Machine : Machine path: D:\Dev\mpf\scottp
2018-04-02 11:42:00,342 : Machine : Platform: win32
2018-04-02 11:42:00,342 : Machine : Python executable location: c:\python34\python.exe
2018-04-02 11:42:00,342 : Machine : Python version: 3.4.4 (64-bit)
2018-04-02 11:42:00,517 : Machine : Loading config from original files
2018-04-02 11:42:00,566 : Machine : Machine config file #1: D:\Dev\mpf\scottp\config\config
2018-04-02 11:42:00,575 : Machine : Config file cache created: C:\Users\maddo\AppData\Local\Temp\f2725e9fdb5e5699b9561cedbbf1540fconfig
2018-04-02 11:42:00,588 : SmartMatrix : Connecting to SmartMatrix RGB DMD on COM6 baud 2500000
2018-04-02 11:42:00,610 : SwitchController : Loading the SwitchController
2018-04-02 11:42:00,654 : EventManager : Event: ======'machine_var_mpf_version'====== Args={'change': False, 'prev_value': 'MPF v0.33.49', 'value': 'MPF v0.33.49'}
2018-04-02 11:42:00,654 : EventManager : Event: ======'machine_var_mpf_extended_version'====== Args={'change': False, 'prev_value': 'MPF v0.33.49, Config version:4, Show version: 4, BCP version:1.1', 'value': 'MPF v0.33.49, Config version:4, Show version: 4, BCP version:1.1'}
2018-04-02 11:42:00,654 : EventManager : Event: ======'machine_var_python_version'====== Args={'change': False, 'prev_value': '3.4.4', 'value': '3.4.4'}
2018-04-02 11:42:00,655 : EventManager : Event: ======'machine_var_platform'====== Args={'change': False, 'prev_value': 'Windows-10-10.0.16299', 'value': 'Windows-10-10.0.16299'}
2018-04-02 11:42:00,655 : EventManager : Event: ======'machine_var_platform_system'====== Args={'change': False, 'prev_value': 'Windows', 'value': 'Windows'}
2018-04-02 11:42:00,655 : EventManager : Event: ======'machine_var_platform_release'====== Args={'change': False, 'prev_value': '10', 'value': '10'}
2018-04-02 11:42:00,655 : EventManager : Event: ======'machine_var_platform_version'====== Args={'change': False, 'prev_value': '10.0.16299', 'value': '10.0.16299'}
2018-04-02 11:42:00,655 : EventManager : Event: ======'machine_var_platform_machine'====== Args={'change': False, 'prev_value': 'AMD64', 'value': 'AMD64'}
2018-04-02 11:42:00,655 : EventManager : Event: ======'init_phase_1'====== Args={}
2018-04-02 11:42:00,677 : EventManager : Event: ======'init_phase_2'====== Args={}
2018-04-02 11:42:00,690 : BCPClientSocket.local_display : Connecting BCP to 'local_display' at localhost:5050...
2018-04-02 11:42:02,196 : BCPClientSocket.local_display : Connected BCP to 'local_display' localhost:5050
2018-04-02 11:42:02,202 : EventManager : Event: ======'init_phase_3'====== Args={}
2018-04-02 11:42:02,206 : EventManager : Event: ======'init_phase_4'====== Args={}
2018-04-02 11:42:02,208 : EventManager : Event: ======'machine_var_audits_player_score'====== Args={'change': False, 'prev_value': {'average': 0, 'top': [], 'total': 0}, 'value': {'average': 0, 'top': [], 'total': 0}}
2018-04-02 11:42:02,209 : EventManager : Event: ======'init_phase_5'====== Args={}
2018-04-02 11:42:02,209 : EventManager : Event: ======'init_done'====== Args={}
2018-04-02 11:42:02,209 : EventManager : Event: ======'machine_reset_phase_1'====== Args={}
2018-04-02 11:42:02,212 : EventManager : Event: ======'machine_var_master_volume'====== Args={'change': 0.0, 'prev_value': 0.5, 'value': 0.5}
2018-04-02 11:42:02,228 : EventManager : Event: ======'slide_dmd_slide_1_removed'====== Args={'_from_bcp': True}
2018-04-02 11:42:02,229 : EventManager : Event: ======'slide_dmd_slide_1_created'====== Args={'_from_bcp': True}
2018-04-02 11:42:02,232 : EventManager : Event: ======'slide_window_slide_1_removed'====== Args={'_from_bcp': True}
2018-04-02 11:42:02,237 : EventManager : Event: ======'slide_window_slide_1_created'====== Args={'_from_bcp': True}
2018-04-02 11:42:02,239 : EventManager : Event: ======'machine_reset_phase_2'====== Args={}
2018-04-02 11:42:02,239 : EventManager : Event: ======'machine_reset_phase_3'====== Args={}
2018-04-02 11:42:02,240 : EventManager : Event: ======'reset_complete'====== Args={}
2018-04-02 11:42:02,240 : EventManager : Event: ======'mode_attract_will_start'====== Args={}
2018-04-02 11:42:02,240 : EventManager : Event: ======'mode_attract_starting'====== Args={}
2018-04-02 11:42:02,241 : Mode.attract : Started. Priority: 10
2018-04-02 11:42:02,241 : EventManager : Event: ======'mode_attract_started'====== Args={}
2018-04-02 11:42:02,241 : EventManager : Event: ======'collecting_balls_complete'====== Args={}
2018-04-02 11:42:02,242 : EventManager : Event: ======'slide_dmd_slide_1_active'====== Args={'_from_bcp': True}
2018-04-02 11:42:02,242 : Machine : Starting the main run loop.
2018-04-02 11:42:02,242 : EventManager : Event: ======'slide_window_slide_1_active'====== Args={'_from_bcp': True}
2018-04-02 11:42:21,042 : Machine : Shutting down...
2018-04-02 11:42:21,042 : EventManager : Event: ======'shutdown'====== Args={}
2018-04-02 11:42:21,043 : Machine : Shutting down...
2018-04-02 11:42:21,043 : EventManager : Event: ======'shutdown'====== Args={}
2018-04-02 11:42:21,043 : SmartMatrix : Disconnecting from SmartMatrix RGB DMD hardware...
2018-04-02 11:42:21,043 : SmartMatrix : Disconnecting from SmartMatrix RGB DMD hardware...
2018-04-02 11:42:21,044 : asyncio : Exception in callback SerialTransport._poll_read()
handle: <TimerHandle when=864995.2185 SerialTransport._poll_read()>
Traceback (most recent call last):
  File "c:\python34\lib\asyncio\events.py", line 125, in _run
    self._callback(*self._args)
  File "c:\python34\lib\site-packages\serial_asyncio\__init__.py", line 275, in _poll_read
    if self.serial.in_waiting:
  File "c:\python34\lib\site-packages\serial\serialwin32.py", line 257, in in_waiting
    raise SerialException("ClearCommError failed ({!r})".format(ctypes.WinError()))
serial.serialutil.SerialException: ClearCommError failed (OSError(22, 'L’opération d’entrée/sortie a été abandonnée en raison de l’arrêt d’un thread ou à la demande d’une application.', None, 995))
2018-04-02 11:42:21,046 : root : ClearCommError failed (OSError(22, 'L’opération d’entrée/sortie a été abandonnée en raison de l’arrêt d’un thread ou à la demande d’une application.', None, 995))
Traceback (most recent call last):
  File "c:\python34\lib\site-packages\mpf\commands\game.py", line 181, in __init__
    MachineController(mpf_path, machine_path, vars(args)).run()
  File "c:\python34\lib\site-packages\mpf\core\machine.py", line 694, in run
    self._run_loop()
  File "c:\python34\lib\site-packages\mpf\core\machine.py", line 735, in _run_loop
    raise self._exception['exception']
  File "c:\python34\lib\asyncio\events.py", line 125, in _run
    self._callback(*self._args)
  File "c:\python34\lib\site-packages\serial_asyncio\__init__.py", line 275, in _poll_read
    if self.serial.in_waiting:
  File "c:\python34\lib\site-packages\serial\serialwin32.py", line 257, in in_waiting
    raise SerialException("ClearCommError failed ({!r})".format(ctypes.WinError()))
serial.serialutil.SerialException: ClearCommError failed (OSError(22, 'L’opération d’entrée/sortie a été abandonnée en raison de l’arrêt d’un thread ou à la demande d’une application.', None, 995))
