2018-04-02 13:16:36,925 : Machine : Mission Pinball Framework Core Engine v0.33.49
2018-04-02 13:16:36,925 : Machine : Command line arguments: {'create_config_cache': True, 'loglevel': 11, 'logfile': 'logs\\2018-04-02-13-16-36-mpf-DESKTOP-U1P21TS.log', 'consoleloglevel': 20, 'force_platform': None, 'mc_file_name': None, 'pause': False, 'bcp': True, 'no_load_cache': False, 'configfile': ['config'], 'force_assets_load': False, 'mpfconfigfile': 'c:\\python34\\lib\\site-packages\\mpf\\mpfconfig.yaml', 'syslog_address': None}
2018-04-02 13:16:36,926 : Machine : MPF path: c:\python34\lib\site-packages\mpf
2018-04-02 13:16:36,926 : Machine : Machine path: D:\Dev\mpf\scottp
2018-04-02 13:16:36,926 : Machine : Platform: win32
2018-04-02 13:16:36,926 : Machine : Python executable location: c:\python34\python.exe
2018-04-02 13:16:36,926 : Machine : Python version: 3.4.4 (64-bit)
2018-04-02 13:16:37,111 : Machine : Loading config from original files
2018-04-02 13:16:37,164 : Machine : Machine config file #1: D:\Dev\mpf\scottp\config\config
2018-04-02 13:16:37,174 : Machine : Config file cache created: C:\Users\maddo\AppData\Local\Temp\f2725e9fdb5e5699b9561cedbbf1540fconfig
2018-04-02 13:16:37,187 : SmartMatrix : Connecting to SmartMatrix RGB DMD on COM6 baud 2500000
2018-04-02 13:16:37,210 : SwitchController : Loading the SwitchController
2018-04-02 13:16:37,253 : EventManager : Event: ======'machine_var_mpf_version'====== Args={'change': False, 'value': 'MPF v0.33.49', 'prev_value': 'MPF v0.33.49'}
2018-04-02 13:16:37,253 : EventManager : Event: ======'machine_var_mpf_extended_version'====== Args={'change': False, 'value': 'MPF v0.33.49, Config version:4, Show version: 4, BCP version:1.1', 'prev_value': 'MPF v0.33.49, Config version:4, Show version: 4, BCP version:1.1'}
2018-04-02 13:16:37,253 : EventManager : Event: ======'machine_var_python_version'====== Args={'change': False, 'value': '3.4.4', 'prev_value': '3.4.4'}
2018-04-02 13:16:37,254 : EventManager : Event: ======'machine_var_platform'====== Args={'change': False, 'value': 'Windows-10-10.0.16299', 'prev_value': 'Windows-10-10.0.16299'}
2018-04-02 13:16:37,254 : EventManager : Event: ======'machine_var_platform_system'====== Args={'change': False, 'value': 'Windows', 'prev_value': 'Windows'}
2018-04-02 13:16:37,254 : EventManager : Event: ======'machine_var_platform_release'====== Args={'change': False, 'value': '10', 'prev_value': '10'}
2018-04-02 13:16:37,254 : EventManager : Event: ======'machine_var_platform_version'====== Args={'change': False, 'value': '10.0.16299', 'prev_value': '10.0.16299'}
2018-04-02 13:16:37,254 : EventManager : Event: ======'machine_var_platform_machine'====== Args={'change': False, 'value': 'AMD64', 'prev_value': 'AMD64'}
2018-04-02 13:16:37,254 : EventManager : Event: ======'init_phase_1'====== Args={}
2018-04-02 13:16:37,278 : EventManager : Event: ======'init_phase_2'====== Args={}
2018-04-02 13:16:37,290 : BCPClientSocket.local_display : Connecting BCP to 'local_display' at localhost:5050...
2018-04-02 13:16:38,797 : BCPClientSocket.local_display : Connected BCP to 'local_display' localhost:5050
2018-04-02 13:16:38,803 : EventManager : Event: ======'init_phase_3'====== Args={}
2018-04-02 13:16:38,808 : EventManager : Event: ======'init_phase_4'====== Args={}
2018-04-02 13:16:38,814 : EventManager : Event: ======'machine_var_audits_player_score'====== Args={'change': False, 'value': {'average': 0, 'total': 0, 'top': []}, 'prev_value': {'average': 0, 'total': 0, 'top': []}}
2018-04-02 13:16:38,815 : EventManager : Event: ======'init_phase_5'====== Args={}
2018-04-02 13:16:38,818 : EventManager : Event: ======'init_done'====== Args={}
2018-04-02 13:16:38,818 : EventManager : Event: ======'machine_reset_phase_1'====== Args={}
2018-04-02 13:16:38,831 : EventManager : Event: ======'machine_var_master_volume'====== Args={'change': 0.0, 'value': 0.5, 'prev_value': 0.5}
2018-04-02 13:16:38,832 : EventManager : Event: ======'slide_dmd_slide_1_removed'====== Args={'_from_bcp': True}
2018-04-02 13:16:38,835 : EventManager : Event: ======'slide_dmd_slide_1_created'====== Args={'_from_bcp': True}
2018-04-02 13:16:38,840 : EventManager : Event: ======'slide_window_slide_1_removed'====== Args={'_from_bcp': True}
2018-04-02 13:16:38,847 : EventManager : Event: ======'slide_window_slide_1_created'====== Args={'_from_bcp': True}
2018-04-02 13:16:38,852 : EventManager : Event: ======'machine_reset_phase_2'====== Args={}
2018-04-02 13:16:38,852 : EventManager : Event: ======'machine_reset_phase_3'====== Args={}
2018-04-02 13:16:38,852 : EventManager : Event: ======'reset_complete'====== Args={}
2018-04-02 13:16:38,853 : EventManager : Event: ======'mode_attract_will_start'====== Args={}
2018-04-02 13:16:38,853 : EventManager : Event: ======'mode_attract_starting'====== Args={}
2018-04-02 13:16:38,853 : Mode.attract : Started. Priority: 10
2018-04-02 13:16:38,853 : EventManager : Event: ======'mode_attract_started'====== Args={}
2018-04-02 13:16:38,853 : EventManager : Event: ======'collecting_balls_complete'====== Args={}
2018-04-02 13:16:38,854 : EventManager : Event: ======'slide_dmd_slide_1_active'====== Args={'_from_bcp': True}
2018-04-02 13:16:38,854 : Machine : Starting the main run loop.
2018-04-02 13:16:38,855 : EventManager : Event: ======'slide_window_slide_1_active'====== Args={'_from_bcp': True}
2018-04-02 13:17:26,722 : Machine : Shutting down...
2018-04-02 13:17:26,722 : EventManager : Event: ======'shutdown'====== Args={}
2018-04-02 13:17:26,723 : Machine : Shutting down...
2018-04-02 13:17:26,723 : EventManager : Event: ======'shutdown'====== Args={}
2018-04-02 13:17:26,723 : SmartMatrix : Disconnecting from SmartMatrix RGB DMD hardware...
2018-04-02 13:17:26,723 : SmartMatrix : Disconnecting from SmartMatrix RGB DMD hardware...
2018-04-02 13:17:26,738 : root : MPF run loop ended.
