2018-04-02 14:49:38,931 : kivy : Factory: 194 symbols loaded
2018-04-02 14:49:39,009 : kivy : Image: Providers: img_tex, img_dds, img_sdl2, img_gif (img_pil, img_ffpyplayer ignored)
2018-04-02 14:49:39,039 : kivy : VideoGstplayer: Using Gstreamer 1.10.2.0
2018-04-02 14:49:39,039 : kivy : Video: Provider: gstplayer
2018-04-02 14:49:39,065 : kivy : Loading MPF-MC controller
2018-04-02 14:49:39,065 : mpfmc : Mission Pinball Framework Media Controller v0.33.16
2018-04-02 14:49:39,065 : mpfmc : Mission Pinball Framework Game Engine v0.33.49
2018-04-02 14:49:39,065 : mpfmc : Machine path: D:\Dev\mpf\scottp
2018-04-02 14:49:39,065 : mpfmc : Starting clock at 30.0Hz
2018-04-02 14:49:39,072 : kivy : Text: Provider: sdl2
2018-04-02 14:49:39,273 : kivy : OSC: using <thread> for socket
2018-04-02 14:49:39,277 : kivy : Window: Provider: sdl2
2018-04-02 14:49:39,477 : kivy : GL: Using the "OpenGL" graphics system
2018-04-02 14:49:39,479 : kivy : GL: GLEW initialization succeeded
2018-04-02 14:49:39,479 : kivy : GL: Backend used <glew>
2018-04-02 14:49:39,479 : kivy : GL: OpenGL version <b'4.5.13497 Compatibility Profile Context 23.20.793.0'>
2018-04-02 14:49:39,479 : kivy : GL: OpenGL vendor <b'ATI Technologies Inc.'>
2018-04-02 14:49:39,479 : kivy : GL: OpenGL renderer <b'Radeon (TM) RX 480 Graphics'>
2018-04-02 14:49:39,479 : kivy : GL: OpenGL parsed version: 4, 5
2018-04-02 14:49:39,479 : kivy : GL: Shading version <b'4.50'>
2018-04-02 14:49:39,479 : kivy : GL: Texture max size <16384>
2018-04-02 14:49:39,480 : kivy : GL: Texture max units <32>
2018-04-02 14:49:39,488 : kivy : Window: auto add sdl2 input provider
2018-04-02 14:49:39,488 : kivy : Window: virtual keyboard not allowed, single mode, not docked
2018-04-02 14:49:39,490 : SoundSystem : SoundSystem: Using default 'sound_system' settings
2018-04-02 14:49:40,022 : AudioInterface : Initialized
2018-04-02 14:49:40,022 : SoundSystem : No audio tracks are specified in your machine config file. a track named 'default' has been created.
2018-04-02 14:49:40,024 : kivy : Base: Start application main loop
2018-04-02 14:49:40,125 : MPF-MC BCP Server : Starting up on localhost port 5050
2018-04-02 14:49:40,129 : MPF-MC BCP Server : Waiting for a connection...
2018-04-02 14:49:40,154 : kivy : GL: NPOT texture support is available
2018-04-02 14:49:40,570 : MPF-MC BCP Server : Received connection from: 127.0.0.1:52783
2018-04-02 14:49:40,590 : mpfmc : Initializing Physical DMD
2018-04-02 14:49:40,604 : mpfmc : Setting Physical DMD to 30.0fps
2018-04-02 14:49:41,022 : mpfmc : Shutting down due to child thread crash
2018-04-02 14:49:41,022 : mpfmc : Crash details: Traceback (most recent call last):
  File "c:\python34\lib\site-packages\mpfmc\core\bcp_server.py", line 140, in run
    data_read = self.connection.recv(8192)
ConnectionResetError: [WinError 10054] Une connexion existante a dû être fermée par l’hôte distant

2018-04-02 14:49:41,023 : mpfmc : Stopping...
2018-04-02 14:49:41,283 : mpfmc : Loop rate 30.2 Hz
2018-04-02 14:49:41,284 : kivy : Base: Leaving application in progress...
2018-04-02 14:49:41,288 : mpfmc : Stopping...
2018-04-02 14:49:41,288 : mpfmc : Loop rate 30.87 Hz
2018-04-02 14:49:41,289 : kivy : MC run loop ended.
2018-04-02 14:49:41,289 : kivy : Stopping child threads... (1 remaining)
2018-04-02 14:49:42,091 : kivy : All child threads stopped.
