2018-04-02 11:42:28,390 : Machine : Mission Pinball Framework Core Engine v0.33.49
2018-04-02 11:42:28,390 : Machine : Command line arguments: {'bcp': True, 'create_config_cache': True, 'mc_file_name': None, 'mpfconfigfile': 'c:\\python34\\lib\\site-packages\\mpf\\mpfconfig.yaml', 'logfile': 'logs\\2018-04-02-11-42-28-mpf-DESKTOP-U1P21TS.log', 'syslog_address': None, 'force_assets_load': False, 'pause': False, 'no_load_cache': False, 'loglevel': 11, 'consoleloglevel': 20, 'configfile': ['config'], 'force_platform': None}
2018-04-02 11:42:28,390 : Machine : MPF path: c:\python34\lib\site-packages\mpf
2018-04-02 11:42:28,390 : Machine : Machine path: D:\Dev\mpf\scottp
2018-04-02 11:42:28,390 : Machine : Platform: win32
2018-04-02 11:42:28,390 : Machine : Python executable location: c:\python34\python.exe
2018-04-02 11:42:28,390 : Machine : Python version: 3.4.4 (64-bit)
2018-04-02 11:42:28,565 : Machine : Loading cached config: C:\Users\maddo\AppData\Local\Temp\f2725e9fdb5e5699b9561cedbbf1540fconfig
2018-04-02 11:42:28,571 : SmartMatrix : Connecting to SmartMatrix RGB DMD on COM6 baud 2500000
2018-04-02 11:42:28,598 : SwitchController : Loading the SwitchController
2018-04-02 11:42:28,641 : EventManager : Event: ======'machine_var_mpf_version'====== Args={'change': False, 'value': 'MPF v0.33.49', 'prev_value': 'MPF v0.33.49'}
2018-04-02 11:42:28,641 : EventManager : Event: ======'machine_var_mpf_extended_version'====== Args={'change': False, 'value': 'MPF v0.33.49, Config version:4, Show version: 4, BCP version:1.1', 'prev_value': 'MPF v0.33.49, Config version:4, Show version: 4, BCP version:1.1'}
2018-04-02 11:42:28,641 : EventManager : Event: ======'machine_var_python_version'====== Args={'change': False, 'value': '3.4.4', 'prev_value': '3.4.4'}
2018-04-02 11:42:28,642 : EventManager : Event: ======'machine_var_platform'====== Args={'change': False, 'value': 'Windows-10-10.0.16299', 'prev_value': 'Windows-10-10.0.16299'}
2018-04-02 11:42:28,642 : EventManager : Event: ======'machine_var_platform_system'====== Args={'change': False, 'value': 'Windows', 'prev_value': 'Windows'}
2018-04-02 11:42:28,642 : EventManager : Event: ======'machine_var_platform_release'====== Args={'change': False, 'value': '10', 'prev_value': '10'}
2018-04-02 11:42:28,642 : EventManager : Event: ======'machine_var_platform_version'====== Args={'change': False, 'value': '10.0.16299', 'prev_value': '10.0.16299'}
2018-04-02 11:42:28,642 : EventManager : Event: ======'machine_var_platform_machine'====== Args={'change': False, 'value': 'AMD64', 'prev_value': 'AMD64'}
2018-04-02 11:42:28,642 : EventManager : Event: ======'init_phase_1'====== Args={}
2018-04-02 11:42:28,664 : EventManager : Event: ======'init_phase_2'====== Args={}
2018-04-02 11:42:28,676 : BCPClientSocket.local_display : Connecting BCP to 'local_display' at localhost:5050...
2018-04-02 11:42:30,180 : BCPClientSocket.local_display : Connected BCP to 'local_display' localhost:5050
2018-04-02 11:42:30,183 : EventManager : Event: ======'init_phase_3'====== Args={}
2018-04-02 11:42:30,187 : EventManager : Event: ======'init_phase_4'====== Args={}
2018-04-02 11:42:30,188 : EventManager : Event: ======'machine_var_audits_player_score'====== Args={'change': False, 'value': {'total': 0, 'average': 0, 'top': []}, 'prev_value': {'total': 0, 'average': 0, 'top': []}}
2018-04-02 11:42:30,189 : EventManager : Event: ======'init_phase_5'====== Args={}
2018-04-02 11:42:30,189 : EventManager : Event: ======'machine_var_master_volume'====== Args={'change': 0.0, 'value': 0.5, 'prev_value': 0.5}
2018-04-02 11:42:30,190 : EventManager : Event: ======'init_done'====== Args={}
2018-04-02 11:42:30,190 : EventManager : Event: ======'machine_reset_phase_1'====== Args={}
2018-04-02 11:42:30,207 : EventManager : Event: ======'slide_dmd_slide_1_removed'====== Args={'_from_bcp': True}
2018-04-02 11:42:30,208 : EventManager : Event: ======'slide_dmd_slide_1_created'====== Args={'_from_bcp': True}
2018-04-02 11:42:30,211 : EventManager : Event: ======'slide_window_slide_1_removed'====== Args={'_from_bcp': True}
2018-04-02 11:42:30,217 : EventManager : Event: ======'slide_window_slide_1_created'====== Args={'_from_bcp': True}
2018-04-02 11:42:30,219 : EventManager : Event: ======'machine_reset_phase_2'====== Args={}
2018-04-02 11:42:30,219 : EventManager : Event: ======'machine_reset_phase_3'====== Args={}
2018-04-02 11:42:30,219 : EventManager : Event: ======'reset_complete'====== Args={}
2018-04-02 11:42:30,220 : EventManager : Event: ======'mode_attract_will_start'====== Args={}
2018-04-02 11:42:30,220 : EventManager : Event: ======'mode_attract_starting'====== Args={}
2018-04-02 11:42:30,220 : Mode.attract : Started. Priority: 10
2018-04-02 11:42:30,220 : EventManager : Event: ======'mode_attract_started'====== Args={}
2018-04-02 11:42:30,221 : EventManager : Event: ======'collecting_balls_complete'====== Args={}
2018-04-02 11:42:30,221 : EventManager : Event: ======'slide_dmd_slide_1_active'====== Args={'_from_bcp': True}
2018-04-02 11:42:30,221 : Machine : Starting the main run loop.
2018-04-02 11:42:30,222 : EventManager : Event: ======'slide_window_slide_1_active'====== Args={'_from_bcp': True}
2018-04-02 11:45:11,651 : Machine : Shutting down...
2018-04-02 11:45:11,651 : EventManager : Event: ======'shutdown'====== Args={}
2018-04-02 11:45:11,652 : Machine : Shutting down...
2018-04-02 11:45:11,652 : EventManager : Event: ======'shutdown'====== Args={}
2018-04-02 11:45:11,653 : SmartMatrix : Disconnecting from SmartMatrix RGB DMD hardware...
2018-04-02 11:45:11,653 : SmartMatrix : Disconnecting from SmartMatrix RGB DMD hardware...
2018-04-02 11:45:11,658 : root : MPF run loop ended.
