2018-04-02 13:09:50,680 : kivy : Factory: 194 symbols loaded
2018-04-02 13:09:50,758 : kivy : Image: Providers: img_tex, img_dds, img_sdl2, img_gif (img_pil, img_ffpyplayer ignored)
2018-04-02 13:09:50,788 : kivy : VideoGstplayer: Using Gstreamer 1.10.2.0
2018-04-02 13:09:50,788 : kivy : Video: Provider: gstplayer
2018-04-02 13:09:50,813 : kivy : Loading MPF-MC controller
2018-04-02 13:09:50,814 : mpfmc : Mission Pinball Framework Media Controller v0.33.16
2018-04-02 13:09:50,814 : mpfmc : Mission Pinball Framework Game Engine v0.33.49
2018-04-02 13:09:50,814 : mpfmc : Machine path: D:\Dev\mpf\scottp
2018-04-02 13:09:50,815 : mpfmc : Starting clock at 30.0Hz
2018-04-02 13:09:50,822 : kivy : Text: Provider: sdl2
2018-04-02 13:09:51,022 : kivy : OSC: using <thread> for socket
2018-04-02 13:09:51,026 : kivy : Window: Provider: sdl2
2018-04-02 13:09:51,225 : kivy : GL: Using the "OpenGL" graphics system
2018-04-02 13:09:51,226 : kivy : GL: GLEW initialization succeeded
2018-04-02 13:09:51,227 : kivy : GL: Backend used <glew>
2018-04-02 13:09:51,227 : kivy : GL: OpenGL version <b'4.5.13497 Compatibility Profile Context 23.20.793.0'>
2018-04-02 13:09:51,227 : kivy : GL: OpenGL vendor <b'ATI Technologies Inc.'>
2018-04-02 13:09:51,227 : kivy : GL: OpenGL renderer <b'Radeon (TM) RX 480 Graphics'>
2018-04-02 13:09:51,228 : kivy : GL: OpenGL parsed version: 4, 5
2018-04-02 13:09:51,228 : kivy : GL: Shading version <b'4.50'>
2018-04-02 13:09:51,228 : kivy : GL: Texture max size <16384>
2018-04-02 13:09:51,228 : kivy : GL: Texture max units <32>
2018-04-02 13:09:51,237 : kivy : Window: auto add sdl2 input provider
2018-04-02 13:09:51,237 : kivy : Window: virtual keyboard not allowed, single mode, not docked
2018-04-02 13:09:51,239 : SoundSystem : SoundSystem: Using default 'sound_system' settings
2018-04-02 13:09:51,766 : AudioInterface : Initialized
2018-04-02 13:09:51,766 : SoundSystem : No audio tracks are specified in your machine config file. a track named 'default' has been created.
2018-04-02 13:09:51,768 : kivy : Base: Start application main loop
2018-04-02 13:09:51,865 : MPF-MC BCP Server : Starting up on localhost port 5050
2018-04-02 13:09:51,869 : MPF-MC BCP Server : Waiting for a connection...
2018-04-02 13:09:51,895 : kivy : GL: NPOT texture support is available
2018-04-02 13:09:52,291 : MPF-MC BCP Server : Received connection from: 127.0.0.1:65361
2018-04-02 13:09:52,301 : mpfmc : Initializing Physical DMD
2018-04-02 13:09:52,315 : mpfmc : Setting Physical DMD to 30.0fps
2018-04-02 13:10:48,509 : mpfmc : Stopping...
2018-04-02 13:10:48,773 : kivy : Base: Leaving application in progress...
2018-04-02 13:10:48,773 : mpfmc : Loop rate 40.65 Hz
