2018-04-02 15:00:01,796 : kivy : Factory: 194 symbols loaded
2018-04-02 15:00:01,798 : kivy : Cache: register <kv.lang> with limit=None, timeout=None
2018-04-02 15:00:01,869 : kivy : Cache: register <kv.image> with limit=None, timeout=60
2018-04-02 15:00:01,869 : kivy : Cache: register <kv.atlas> with limit=None, timeout=None
2018-04-02 15:00:01,875 : kivy : Image: Providers: img_tex, img_dds, img_sdl2, img_gif (img_pil, img_ffpyplayer ignored)
2018-04-02 15:00:01,876 : kivy : Cache: register <kv.texture> with limit=1000, timeout=60
2018-04-02 15:00:01,876 : kivy : Cache: register <kv.shader> with limit=1000, timeout=3600
2018-04-02 15:00:01,904 : kivy : VideoGstplayer: Using Gstreamer 1.10.2.0
2018-04-02 15:00:01,905 : kivy : Video: Provider: gstplayer
2018-04-02 15:00:01,931 : kivy : Loading MPF-MC controller
2018-04-02 15:00:01,931 : mpfmc : Mission Pinball Framework Media Controller v0.33.16
2018-04-02 15:00:01,931 : mpfmc : Mission Pinball Framework Game Engine v0.33.49
2018-04-02 15:00:01,932 : mpfmc : Machine path: D:\Dev\mpf\scottp
2018-04-02 15:00:01,932 : mpfmc : Starting clock at 30.0Hz
2018-04-02 15:00:01,941 : kivy : Text: Provider: sdl2
2018-04-02 15:00:02,139 : kivy : OSC: using <thread> for socket
2018-04-02 15:00:02,143 : kivy : Window: Provider: sdl2
2018-04-02 15:00:02,346 : kivy : GL: Using the "OpenGL" graphics system
2018-04-02 15:00:02,347 : kivy : GL: GLEW initialization succeeded
2018-04-02 15:00:02,347 : kivy : GL: available extensions: b'GL_AMDX_debug_output GL_AMD_blend_minmax_factor GL_AMD_conservative_depth GL_AMD_debug_output GL_AMD_depth_clamp_separate GL_AMD_draw_buffers_blend GL_AMD_framebuffer_sample_positions GL_AMD_gcn_shader GL_AMD_gpu_shader_half_float GL_AMD_gpu_shader_half_float2 GL_AMD_gpu_shader_int64 GL_AMD_interleaved_elements GL_AMD_multi_draw_indirect GL_AMD_name_gen_delete GL_AMD_occlusion_query_event GL_AMD_performance_monitor GL_AMD_pinned_memory GL_AMD_query_buffer_object GL_AMD_sample_positions GL_AMD_seamless_cubemap_per_texture GL_AMD_shader_atomic_counter_ops GL_AMD_shader_stencil_export GL_AMD_shader_stencil_value_export GL_AMD_shader_trace GL_AMD_shader_trinary_minmax GL_AMD_sparse_texture GL_AMD_sparse_texture_pool GL_AMD_stencil_operation_extended GL_AMD_texture_cube_map_array GL_AMD_texture_texture4 GL_AMD_transform_feedback3_lines_triangles GL_AMD_transform_feedback4 GL_AMD_vertex_shader_layer GL_AMD_vertex_shader_viewport_index GL_ARB_ES2_compatibility GL_ARB_ES3_1_compatibility GL_ARB_ES3_compatibility GL_ARB_arrays_of_arrays GL_ARB_base_instance GL_ARB_bindless_texture GL_ARB_blend_func_extended GL_ARB_buffer_storage GL_ARB_clear_buffer_object GL_ARB_clear_texture GL_ARB_clip_control GL_ARB_color_buffer_float GL_ARB_compatibility GL_ARB_compressed_texture_pixel_storage GL_ARB_compute_shader GL_ARB_conditional_render_inverted GL_ARB_conservative_depth GL_ARB_copy_buffer GL_ARB_copy_image GL_ARB_cull_distance GL_ARB_debug_output GL_ARB_depth_buffer_float GL_ARB_depth_clamp GL_ARB_depth_texture GL_ARB_derivative_control GL_ARB_direct_state_access GL_ARB_draw_buffers GL_ARB_draw_buffers_blend GL_ARB_draw_elements_base_vertex GL_ARB_draw_indirect GL_ARB_draw_instanced GL_ARB_enhanced_layouts GL_ARB_explicit_attrib_location GL_ARB_explicit_uniform_location GL_ARB_fragment_coord_conventions GL_ARB_fragment_layer_viewport GL_ARB_fragment_program GL_ARB_fragment_program_shadow GL_ARB_fragment_shader GL_ARB_framebuffer_no_attachments GL_ARB_framebuffer_object GL_ARB_framebuffer_sRGB GL_ARB_geometry_shader4 GL_ARB_get_program_binary GL_ARB_get_texture_sub_image GL_ARB_gl_spirv GL_ARB_gpu_shader5 GL_ARB_gpu_shader_fp64 GL_ARB_half_float_pixel GL_ARB_half_float_vertex GL_ARB_imaging GL_ARB_indirect_parameters GL_ARB_instanced_arrays GL_ARB_internalformat_query GL_ARB_internalformat_query2 GL_ARB_invalidate_subdata GL_ARB_map_buffer_alignment GL_ARB_map_buffer_range GL_ARB_multi_bind GL_ARB_multi_draw_indirect GL_ARB_multisample GL_ARB_multitexture GL_ARB_occlusion_query GL_ARB_occlusion_query2 GL_ARB_pipeline_statistics_query GL_ARB_pixel_buffer_object GL_ARB_point_parameters GL_ARB_point_sprite GL_ARB_program_interface_query GL_ARB_provoking_vertex GL_ARB_query_buffer_object GL_ARB_robust_buffer_access_behavior GL_ARB_sample_shading GL_ARB_sampler_objects GL_ARB_seamless_cube_map GL_ARB_seamless_cubemap_per_texture GL_ARB_separate_shader_objects GL_ARB_shader_atomic_counters GL_ARB_shader_ballot GL_ARB_shader_bit_encoding GL_ARB_shader_draw_parameters GL_ARB_shader_group_vote GL_ARB_shader_image_load_store GL_ARB_shader_image_size GL_ARB_shader_objects GL_ARB_shader_precision GL_ARB_shader_stencil_export GL_ARB_shader_storage_buffer_object GL_ARB_shader_subroutine GL_ARB_shader_texture_image_samples GL_ARB_shader_texture_lod GL_ARB_shader_viewport_layer_array GL_ARB_shading_language_100 GL_ARB_shading_language_420pack GL_ARB_shading_language_packing GL_ARB_shadow GL_ARB_shadow_ambient GL_ARB_sparse_buffer GL_ARB_sparse_texture GL_ARB_stencil_texturing GL_ARB_sync GL_ARB_tessellation_shader GL_ARB_texture_barrier GL_ARB_texture_border_clamp GL_ARB_texture_buffer_object GL_ARB_texture_buffer_object_rgb32 GL_ARB_texture_buffer_range GL_ARB_texture_compression GL_ARB_texture_compression_bptc GL_ARB_texture_compression_rgtc GL_ARB_texture_cube_map GL_ARB_texture_cube_map_array GL_ARB_texture_env_add GL_ARB_texture_env_combine GL_ARB_texture_env_crossbar GL_ARB_texture_env_dot3 GL_ARB_texture_float GL_ARB_texture_gather GL_ARB_texture_mirror_clamp_to_edge GL_ARB_texture_mirrored_repeat GL_ARB_texture_multisample GL_ARB_texture_non_power_of_two GL_ARB_texture_query_levels GL_ARB_texture_query_lod GL_ARB_texture_rectangle GL_ARB_texture_rg GL_ARB_texture_rgb10_a2ui GL_ARB_texture_snorm GL_ARB_texture_stencil8 GL_ARB_texture_storage GL_ARB_texture_storage_multisample GL_ARB_texture_swizzle GL_ARB_texture_view GL_ARB_timer_query GL_ARB_transform_feedback2 GL_ARB_transform_feedback3 GL_ARB_transform_feedback_instanced GL_ARB_transform_feedback_overflow_query GL_ARB_transpose_matrix GL_ARB_uniform_buffer_object GL_ARB_vertex_array_bgra GL_ARB_vertex_array_object GL_ARB_vertex_attrib_64bit GL_ARB_vertex_attrib_binding GL_ARB_vertex_buffer_object GL_ARB_vertex_program GL_ARB_vertex_shader GL_ARB_vertex_type_10f_11f_11f_rev GL_ARB_vertex_type_2_10_10_10_rev GL_ARB_viewport_array GL_ARB_window_pos GL_ATI_draw_buffers GL_ATI_envmap_bumpmap GL_ATI_fragment_shader GL_ATI_separate_stencil GL_ATI_texture_compression_3dc GL_ATI_texture_env_combine3 GL_ATI_texture_float GL_ATI_texture_mirror_once GL_EXT_abgr GL_EXT_bgra GL_EXT_bindable_uniform GL_EXT_blend_color GL_EXT_blend_equation_separate GL_EXT_blend_func_separate GL_EXT_blend_minmax GL_EXT_blend_subtract GL_EXT_compiled_vertex_array GL_EXT_copy_buffer GL_EXT_copy_texture GL_EXT_depth_bounds_test GL_EXT_direct_state_access GL_EXT_draw_buffers2 GL_EXT_draw_instanced GL_EXT_draw_range_elements GL_EXT_fog_coord GL_EXT_framebuffer_blit GL_EXT_framebuffer_multisample GL_EXT_framebuffer_object GL_EXT_framebuffer_sRGB GL_EXT_geometry_shader4 GL_EXT_gpu_program_parameters GL_EXT_gpu_shader4 GL_EXT_histogram GL_EXT_multi_draw_arrays GL_EXT_packed_depth_stencil GL_EXT_packed_float GL_EXT_packed_pixels GL_EXT_pixel_buffer_object GL_EXT_point_parameters GL_EXT_polygon_offset_clamp GL_EXT_provoking_vertex GL_EXT_rescale_normal GL_EXT_secondary_color GL_EXT_separate_specular_color GL_EXT_shader_image_load_store GL_EXT_shader_integer_mix GL_EXT_shadow_funcs GL_EXT_stencil_wrap GL_EXT_subtexture GL_EXT_texgen_reflection GL_EXT_texture3D GL_EXT_texture_array GL_EXT_texture_buffer_object GL_EXT_texture_compression_bptc GL_EXT_texture_compression_latc GL_EXT_texture_compression_rgtc GL_EXT_texture_compression_s3tc GL_EXT_texture_cube_map GL_EXT_texture_edge_clamp GL_EXT_texture_env_add GL_EXT_texture_env_combine GL_EXT_texture_env_dot3 GL_EXT_texture_filter_anisotropic GL_EXT_texture_integer GL_EXT_texture_lod GL_EXT_texture_lod_bias GL_EXT_texture_mirror_clamp GL_EXT_texture_object GL_EXT_texture_rectangle GL_EXT_texture_sRGB GL_EXT_texture_sRGB_decode GL_EXT_texture_shared_exponent GL_EXT_texture_snorm GL_EXT_texture_storage GL_EXT_texture_swizzle GL_EXT_timer_query GL_EXT_transform_feedback GL_EXT_vertex_array GL_EXT_vertex_array_bgra GL_EXT_vertex_attrib_64bit GL_IBM_texture_mirrored_repeat GL_INTEL_fragment_shader_ordering GL_KHR_context_flush_control GL_KHR_debug GL_KHR_robust_buffer_access_behavior GL_KHR_robustness GL_KTX_buffer_region GL_NV_alpha_to_coverage_dither_control GL_NV_blend_square GL_NV_conditional_render GL_NV_copy_depth_to_color GL_NV_copy_image GL_NV_depth_buffer_float GL_NV_explicit_multisample GL_NV_float_buffer GL_NV_half_float GL_NV_primitive_restart GL_NV_texgen_reflection GL_NV_texture_barrier GL_OES_EGL_image GL_SGIS_generate_mipmap GL_SGIS_texture_edge_clamp GL_SGIS_texture_lod GL_SUN_multi_draw_arrays GL_WIN_swap_hint WGL_EXT_swap_control'
2018-04-02 15:00:02,347 : kivy : GL: glShaderBinary is not available
2018-04-02 15:00:02,348 : kivy : GL: Backend used <glew>
2018-04-02 15:00:02,348 : kivy : GL: OpenGL version <b'4.5.13497 Compatibility Profile Context 23.20.793.0'>
2018-04-02 15:00:02,348 : kivy : GL: OpenGL vendor <b'ATI Technologies Inc.'>
2018-04-02 15:00:02,348 : kivy : GL: OpenGL renderer <b'Radeon (TM) RX 480 Graphics'>
2018-04-02 15:00:02,348 : kivy : GL: OpenGL parsed version: 4, 5
2018-04-02 15:00:02,349 : kivy : GL: Shading version <b'4.50'>
2018-04-02 15:00:02,349 : kivy : GL: Texture max size <16384>
2018-04-02 15:00:02,349 : kivy : GL: Texture max units <32>
2018-04-02 15:00:02,355 : kivy : Shader: Fragment compiled successfully
2018-04-02 15:00:02,356 : kivy : Shader: Vertex compiled successfully
2018-04-02 15:00:02,357 : kivy : ImageSDL2: Load <c:\python34\lib\site-packages\kivy\data\glsl\default.png>
2018-04-02 15:00:02,357 : kivy : Window: auto add sdl2 input provider
2018-04-02 15:00:02,358 : kivy : Window: virtual keyboard not allowed, single mode, not docked
2018-04-02 15:00:02,360 : mpfmc : Machine path: D:\Dev\mpf\scottp
2018-04-02 15:00:02,360 : kivy : Resource: add <D:\Dev\mpf\scottp\fonts> in path list
2018-04-02 15:00:02,360 : kivy : Resource: add <c:\python34\lib\site-packages\mpfmc\fonts> in path list
2018-04-02 15:00:02,360 : SoundSystem : Loading the Sound System
2018-04-02 15:00:02,360 : SoundSystem : SoundSystem: Using default 'sound_system' settings
2018-04-02 15:00:02,889 : AudioInterface : Initialized
2018-04-02 15:00:02,889 : AudioInterface : Loaded SDL 2.0.5
2018-04-02 15:00:02,889 : AudioInterface : Loaded SDL_Mixer 2.0.1
2018-04-02 15:00:02,889 : AudioInterface : Loaded GStreamer 1.10.2.0
2018-04-02 15:00:02,890 : AudioInterface : Loaded GLib 2.48.1
2018-04-02 15:00:02,890 : AudioInterface : Settings requested - rate: 44100, channels: 1, buffer: 2048 samples
2018-04-02 15:00:02,890 : AudioInterface : Settings in use - rate: 44100, channels: 1, buffer: 2048 samples (4096 bytes @ 2 bytes per sample)
2018-04-02 15:00:02,890 : Track : Allocated track audio buffer (4096 bytes)
2018-04-02 15:00:02,890 : Track.0.TrackStandard.default : Created Track 0 default with the following settings: simultaneous_sounds = 1, volume = 0.500000
2018-04-02 15:00:02,890 : AudioInterface : The 'default' standard track has successfully been created.
2018-04-02 15:00:02,890 : SoundSystem : No audio tracks are specified in your machine config file. a track named 'default' has been created.
2018-04-02 15:00:02,890 : AudioInterface : Enabling audio playback
2018-04-02 15:00:02,891 : kivy : App: Loading kv <c:\python34\lib\site-packages\mpfmc\core\mpfmc.kv>
2018-04-02 15:00:02,892 : kivy : App: kv <c:\python34\lib\site-packages\mpfmc\core\mpfmc.kv> not found
2018-04-02 15:00:02,892 : kivy : Base: Create provider from mouse
2018-04-02 15:00:02,892 : kivy : Base: Create provider from wm_touch
2018-04-02 15:00:02,892 : kivy : Base: Create provider from wm_pen
2018-04-02 15:00:02,892 : kivy : Base: Start application main loop
2018-04-02 15:00:02,919 : EventManager : Event: ======'slide_window_blank_created'====== Args={}
2018-04-02 15:00:02,920 : EventManager : Event: ======'display_window_ready'====== Args={}
2018-04-02 15:00:02,921 : EventManager : Event: ======'slide_dmd_blank_created'====== Args={}
2018-04-02 15:00:02,921 : EventManager : Event: ======'display_dmd_ready'====== Args={}
2018-04-02 15:00:02,942 : EventManager : Event: ======'display_window_initialized'====== Args={}
2018-04-02 15:00:02,942 : EventManager : Event: ======'display_dmd_initialized'====== Args={}
2018-04-02 15:00:02,969 : EventManager : Event: ======'displays_initialized'====== Args={}
2018-04-02 15:00:02,974 : EventManager : Event: ======'init_phase_1'====== Args={}
2018-04-02 15:00:02,989 : EventManager : Event: ======'mc_ready'====== Args={}
2018-04-02 15:00:02,989 : EventManager : Event: ======'init_phase_2'====== Args={}
2018-04-02 15:00:02,989 : ModeController : Found MPF Mode folders: {'bonus': 'bonus', 'tilt': 'tilt', 'game': 'game', 'credits': 'credits', 'match': 'match', 'attract': 'attract', 'service': 'service', 'high_score': 'high_score', 'carousel': 'carousel'}
2018-04-02 15:00:02,989 : ModeController : Found Machine-specific Mode folders: {}
2018-04-02 15:00:02,993 : EventManager : Event: ======'init_phase_3'====== Args={}
2018-04-02 15:00:02,993 : mpfmc : Clearing boot hold assets. Holds remaining: {'init'}
2018-04-02 15:00:02,993 : EventManager : Event: ======'init_phase_4'====== Args={}
2018-04-02 15:00:02,993 : EventManager : Event: ======'init_phase_5'====== Args={}
2018-04-02 15:00:02,993 : mpfmc : Clearing boot hold init. Holds remaining: set()
2018-04-02 15:00:02,993 : EventManager : Event: ======'init_done'====== Args={}
2018-04-02 15:00:02,993 : MPF-MC BCP Server : Starting up on localhost port 5050
2018-04-02 15:00:02,997 : MPF-MC BCP Server : Waiting for a connection...
2018-04-02 15:00:02,999 : kivy : GL: NPOT texture support is available
2018-04-02 15:00:03,013 : kivy : Shader: Fragment compiled successfully
2018-04-02 15:00:03,043 : kivy : Resource: add <C:\WINDOWS\Fonts> in path list
2018-04-02 15:00:03,044 : kivy : Resource: add <c:\python34\lib\site-packages\kivy\data\fonts> in path list
2018-04-02 15:00:03,046 : EventManager : Event: ======'slide_window_slide_1_created'====== Args={}
2018-04-02 15:00:03,048 : EventManager : Event: ======'slide_window_slide_1_active'====== Args={}
2018-04-02 15:00:03,050 : EventManager : Event: ======'client_disconnected'====== Args={'host': '127.0.0.1', 'port': 5050}
2018-04-02 15:00:03,435 : MPF-MC BCP Server : Received connection from: 127.0.0.1:53245
2018-04-02 15:00:03,436 : MPF-MC BCP Server : Received "hello?version=1.1&controller_version=0.33.49&controller_name=Mission%20Pinball%20Framework"
2018-04-02 15:00:03,443 : EventManager : Event: ======'client_connected'====== Args={'host': '127.0.0.1', 'port': 53245}
2018-04-02 15:00:03,443 : mpfmc : Initializing Physical DMD
2018-04-02 15:00:03,447 : kivy : Shader: Fragment compiled successfully
2018-04-02 15:00:03,447 : kivy : Shader: Fragment compiled successfully
2018-04-02 15:00:03,448 : kivy : Shader: Fragment compiled successfully
2018-04-02 15:00:03,448 : MPF-MC BCP Server : Received "settings?json={"settings": [["flipper_power", "Flipper power", 1000, "flipper_power", 1.0, {"0.8": "Weak", "1.0": "Normal (default)", "1.2": "Strong"}]]}"
2018-04-02 15:00:03,450 : MPF-MC BCP Server : Received "machine_variable?name=platform_version&value=10.0.16299"
2018-04-02 15:00:03,450 : MPF-MC BCP Server : Received "machine_variable?name=platform&value=Windows-10-10.0.16299"
2018-04-02 15:00:03,450 : MPF-MC BCP Server : Received "machine_variable?name=credits_string&value=FREE%20PLAY"
2018-04-02 15:00:03,451 : mpfmc : Setting Physical DMD to 30.0fps
2018-04-02 15:00:03,451 : MPF-MC BCP Server : Received "machine_variable?name=python_version&value=3.4.4"
2018-04-02 15:00:03,453 : MPF-MC BCP Server : Received "machine_variable?name=mpf_version&value=MPF%20v0.33.49"
2018-04-02 15:00:03,453 : MPF-MC BCP Server : Received "machine_variable?name=platform_machine&value=AMD64"
2018-04-02 15:00:03,453 : MPF-MC BCP Server : Received "machine_variable?name=platform_system&value=Windows"
2018-04-02 15:00:03,453 : MPF-MC BCP Server : Received "machine_variable?name=mpf_extended_version&value=MPF%20v0.33.49%2C%20Config%20version%3A4%2C%20Show%20version%3A%204%2C%20BCP%20version%3A1.1"
2018-04-02 15:00:03,453 : MPF-MC BCP Server : Received "machine_variable?name=platform_release&value=10"
2018-04-02 15:00:03,453 : MPF-MC BCP Server : Received "machine_variable?json={"name": "audits_player_score", "prev_value": {"top": [], "total": 0, "average": 0}, "value": {"top": [], "total": 0, "average": 0}, "change": false}"
2018-04-02 15:00:03,453 : MPF-MC BCP Server : Received "machine_variable?name=audits_events_game_ended&prev_value=int:0&value=int:0&change=int:0"
2018-04-02 15:00:03,453 : MPF-MC BCP Server : Received "machine_variable?name=audits_events_game_started&prev_value=int:1&value=int:1&change=int:0"
2018-04-02 15:00:03,453 : MPF-MC BCP Server : Received "machine_variable?name=audits_switches_s_left_flipper&prev_value=int:0&value=int:0&change=int:0"
2018-04-02 15:00:03,453 : MPF-MC BCP Server : Received "machine_variable?name=audits_switches_s_trough2&prev_value=int:0&value=int:0&change=int:0"
2018-04-02 15:00:03,453 : MPF-MC BCP Server : Received "machine_variable?name=audits_switches_s_trough3&prev_value=int:0&value=int:0&change=int:0"
2018-04-02 15:00:03,454 : MPF-MC BCP Server : Received "machine_variable?name=audits_switches_s_start&prev_value=int:0&value=int:0&change=int:0"
2018-04-02 15:00:03,454 : MPF-MC BCP Server : Received "machine_variable?name=audits_switches_s_trough5&prev_value=int:0&value=int:0&change=int:0"
2018-04-02 15:00:03,454 : MPF-MC BCP Server : Received "machine_variable?name=audits_switches_s_trough_jam&prev_value=int:0&value=int:0&change=int:0"
2018-04-02 15:00:03,454 : MPF-MC BCP Server : Received "machine_variable?name=audits_switches_s_launch&prev_value=int:0&value=int:0&change=int:0"
2018-04-02 15:00:03,454 : MPF-MC BCP Server : Received "machine_variable?name=audits_switches_s_right_flipper&prev_value=int:0&value=int:0&change=int:0"
2018-04-02 15:00:03,454 : MPF-MC BCP Server : Received "machine_variable?name=audits_switches_s_trough1&prev_value=int:0&value=int:0&change=int:0"
2018-04-02 15:00:03,454 : MPF-MC BCP Server : Received "machine_variable?name=audits_switches_s_trough4&prev_value=int:0&value=int:0&change=int:0"
2018-04-02 15:00:03,454 : MPF-MC BCP Server : Received "machine_variable?name=audits_switches_s_right_inlane&prev_value=int:0&value=int:0&change=int:0"
2018-04-02 15:00:03,454 : MPF-MC BCP Server : Received "machine_variable?name=audits_switches_s_plunger_lane&prev_value=int:1&value=int:1&change=int:0"
2018-04-02 15:00:03,454 : MPF-MC BCP Server : Received "machine_variable?name=master_volume&prev_value=float:0.5&value=float:0.5&change=float:0.0"
2018-04-02 15:00:03,455 : MPF-MC BCP Server : Received "trigger?name=init_done"
2018-04-02 15:00:03,455 : MPF-MC BCP Server : Received "reset"
2018-04-02 15:00:03,467 : mpfmc : Setting machine_var 'platform_version' to: 10.0.16299, (prior: None, change: True)
2018-04-02 15:00:03,467 : EventManager : Event: ======'machine_var_platform_version'====== Args={'value': '10.0.16299', 'change': True, 'prev_value': None}
2018-04-02 15:00:03,467 : mpfmc : Setting machine_var 'platform' to: Windows-10-10.0.16299, (prior: None, change: True)
2018-04-02 15:00:03,467 : EventManager : Event: ======'machine_var_platform'====== Args={'value': 'Windows-10-10.0.16299', 'change': True, 'prev_value': None}
2018-04-02 15:00:03,467 : mpfmc : Setting machine_var 'credits_string' to: FREE PLAY, (prior: None, change: True)
2018-04-02 15:00:03,467 : EventManager : Event: ======'machine_var_credits_string'====== Args={'value': 'FREE PLAY', 'change': True, 'prev_value': None}
2018-04-02 15:00:03,468 : mpfmc : Setting machine_var 'python_version' to: 3.4.4, (prior: None, change: True)
2018-04-02 15:00:03,468 : EventManager : Event: ======'machine_var_python_version'====== Args={'value': '3.4.4', 'change': True, 'prev_value': None}
2018-04-02 15:00:03,468 : mpfmc : Setting machine_var 'mpf_version' to: MPF v0.33.49, (prior: None, change: True)
2018-04-02 15:00:03,468 : EventManager : Event: ======'machine_var_mpf_version'====== Args={'value': 'MPF v0.33.49', 'change': True, 'prev_value': None}
2018-04-02 15:00:03,468 : mpfmc : Setting machine_var 'platform_machine' to: AMD64, (prior: None, change: True)
2018-04-02 15:00:03,468 : EventManager : Event: ======'machine_var_platform_machine'====== Args={'value': 'AMD64', 'change': True, 'prev_value': None}
2018-04-02 15:00:03,468 : mpfmc : Setting machine_var 'platform_system' to: Windows, (prior: None, change: True)
2018-04-02 15:00:03,468 : EventManager : Event: ======'machine_var_platform_system'====== Args={'value': 'Windows', 'change': True, 'prev_value': None}
2018-04-02 15:00:03,468 : mpfmc : Setting machine_var 'mpf_extended_version' to: MPF v0.33.49, Config version:4, Show version: 4, BCP version:1.1, (prior: None, change: True)
2018-04-02 15:00:03,468 : EventManager : Event: ======'machine_var_mpf_extended_version'====== Args={'value': 'MPF v0.33.49, Config version:4, Show version: 4, BCP version:1.1', 'change': True, 'prev_value': None}
2018-04-02 15:00:03,468 : mpfmc : Setting machine_var 'platform_release' to: 10, (prior: None, change: True)
2018-04-02 15:00:03,468 : EventManager : Event: ======'machine_var_platform_release'====== Args={'value': '10', 'change': True, 'prev_value': None}
2018-04-02 15:00:03,468 : EventManager : Event: ======'init_done'====== Args={}
2018-04-02 15:00:03,468 : EventManager : Event: ======'mc_reset_phase_1'====== Args={}
2018-04-02 15:00:03,470 : EventManager : Event: ======'slide_window_slide_1_removed'====== Args={}
2018-04-02 15:00:03,477 : EventManager : Event: ======'slide_window_slide_1_created'====== Args={}
2018-04-02 15:00:03,478 : EventManager : Event: ======'mc_reset_phase_2'====== Args={}
2018-04-02 15:00:03,478 : EventManager : Event: ======'mc_reset_phase_3'====== Args={}
2018-04-02 15:00:03,478 : EventManager : Event: ======'mc_reset_complete'====== Args={}
2018-04-02 15:00:03,480 : EventManager : Event: ======'slide_window_slide_1_active'====== Args={}
2018-04-02 15:00:03,485 : MPF-MC BCP Server : Received "mode_start?name=attract&priority=int:10"
2018-04-02 15:00:03,486 : MPF-MC BCP Server : Received "trigger?name=mode_attract_started"
2018-04-02 15:00:03,507 : Mode.attract : Mode Start. Priority: 10
2018-04-02 15:00:03,507 : EventManager : Event: ======'mode_attract_started'====== Args={}
2018-04-02 15:00:03,513 : EventManager : Event: ======'slide_dmd_slide_1_created'====== Args={}
2018-04-02 15:00:03,519 : EventManager : Event: ======'slide_dmd_slide_1_active'====== Args={}
2018-04-02 15:01:51,792 : Keyboard : Processing key stroke for key s-
2018-04-02 15:01:51,943 : MPF-MC BCP Server : Received "mode_start?name=game&priority=int:20"
2018-04-02 15:01:51,944 : MPF-MC BCP Server : Received "mode_stop?name=attract"
2018-04-02 15:01:51,957 : EventManager : Event: ======'game_started'====== Args={}
2018-04-02 15:01:51,957 : Mode.game : Mode Start. Priority: 20
2018-04-02 15:01:51,957 : Mode.attract : Mode Stop.
2018-04-02 15:01:51,962 : MPF-MC BCP Server : Received "player_variable?name=extra_balls_lit&prev_value=int:0&value=int:0&player_num=int:1&change=int:0"
2018-04-02 15:01:51,962 : MPF-MC BCP Server : Received "player_variable?name=extra_balls&prev_value=int:0&value=int:0&player_num=int:1&change=int:0"
2018-04-02 15:01:51,963 : MPF-MC BCP Server : Received "player_variable?name=extra_balls_current_ball&prev_value=int:0&value=int:0&player_num=int:1&change=int:0"
2018-04-02 15:01:51,963 : MPF-MC BCP Server : Received "player_added?player_num=int:1"
2018-04-02 15:01:51,963 : MPF-MC BCP Server : Received "player_turn_start?player_num=int:1"
2018-04-02 15:01:51,963 : MPF-MC BCP Server : Received "player_variable?name=ball&prev_value=int:0&value=int:1&player_num=int:1&change=int:1"
2018-04-02 15:01:51,964 : MPF-MC BCP Server : Received "ball_start?player_num=int:1&ball=int:1"
2018-04-02 15:01:51,981 : Player : Creating new player: Player 1. (player index '0')
2018-04-02 15:01:51,981 : EventManager : Event: ======'player_add_success'====== Args={'num': 1, 'player': <Player 1>}
2018-04-02 15:01:51,981 : EventManager : Event: ======'player_add_success'====== Args={'num': 1, 'player': <Player 1>}
2018-04-02 15:01:51,981 : EventManager : Event: ======'player_turn_start'====== Args={'number': 1, 'player': <Player 1>}
2018-04-02 15:01:51,982 : Player : Setting 'ball' to: 1, (prior: 0, change: 1)
2018-04-02 15:01:51,982 : EventManager : Event: ======'player_ball'====== Args={'value': 1, 'change': 1, 'player_num': 1, 'prev_value': 0}
2018-04-02 15:01:51,982 : Player : Setting 'score' to: 0, (prior: 0, change: 0)
2018-04-02 15:01:51,982 : EventManager : Event: ======'player_score'====== Args={'value': 0, 'change': 0, 'player_num': 1, 'prev_value': 0}
2018-04-02 15:01:52,060 : MPF-MC BCP Server : Received "machine_variable?name=audits_switches_s_plunger_lane&prev_value=int:2&value=int:2&change=int:0"
2018-04-02 15:01:54,022 : Keyboard : Processing key stroke for key s-
2018-04-02 15:01:54,024 : MPF-MC BCP Server : Received "machine_variable?name=audits_switches_s_start&prev_value=int:1&value=int:1&change=int:0"
2018-04-02 15:01:54,026 : MPF-MC BCP Server : Received "player_variable?name=extra_balls_lit&prev_value=int:0&value=int:0&player_num=int:2&change=int:0"
2018-04-02 15:01:54,026 : MPF-MC BCP Server : Received "player_variable?name=extra_balls&prev_value=int:0&value=int:0&player_num=int:2&change=int:0"
2018-04-02 15:01:54,027 : MPF-MC BCP Server : Received "player_variable?name=extra_balls_current_ball&prev_value=int:0&value=int:0&player_num=int:2&change=int:0"
2018-04-02 15:01:54,027 : MPF-MC BCP Server : Received "player_added?player_num=int:2"
2018-04-02 15:01:54,028 : MPF-MC BCP Server : Received "player_variable?name=score&prev_value=int:0&value=int:0&player_num=int:2&change=int:0"
2018-04-02 15:01:54,037 : Player : Creating new player: Player 2. (player index '1')
2018-04-02 15:01:54,037 : EventManager : Event: ======'player_add_success'====== Args={'num': 2, 'player': <Player 2>}
2018-04-02 15:01:54,037 : EventManager : Event: ======'player_add_success'====== Args={'num': 2, 'player': <Player 2>}
2018-04-02 15:01:54,037 : Player : Setting 'score' to: 0, (prior: 0, change: 0)
2018-04-02 15:01:54,037 : EventManager : Event: ======'player_score'====== Args={'value': 0, 'change': 0, 'player_num': 2, 'prev_value': 0}
2018-04-02 15:01:55,609 : Keyboard : Processing key stroke for key s-
2018-04-02 15:01:55,610 : MPF-MC BCP Server : Received "machine_variable?name=audits_switches_s_start&prev_value=int:2&value=int:2&change=int:0"
2018-04-02 15:01:55,612 : MPF-MC BCP Server : Received "player_variable?name=extra_balls_lit&prev_value=int:0&value=int:0&player_num=int:3&change=int:0"
2018-04-02 15:01:55,612 : MPF-MC BCP Server : Received "player_variable?name=extra_balls&prev_value=int:0&value=int:0&player_num=int:3&change=int:0"
2018-04-02 15:01:55,613 : MPF-MC BCP Server : Received "player_variable?name=extra_balls_current_ball&prev_value=int:0&value=int:0&player_num=int:3&change=int:0"
2018-04-02 15:01:55,613 : MPF-MC BCP Server : Received "player_added?player_num=int:3"
2018-04-02 15:01:55,613 : MPF-MC BCP Server : Received "player_variable?name=score&prev_value=int:0&value=int:0&player_num=int:3&change=int:0"
2018-04-02 15:01:55,629 : Player : Creating new player: Player 3. (player index '2')
2018-04-02 15:01:55,629 : EventManager : Event: ======'player_add_success'====== Args={'num': 3, 'player': <Player 3>}
2018-04-02 15:01:55,629 : EventManager : Event: ======'player_add_success'====== Args={'num': 3, 'player': <Player 3>}
2018-04-02 15:01:55,630 : Player : Setting 'score' to: 0, (prior: 0, change: 0)
2018-04-02 15:01:55,630 : EventManager : Event: ======'player_score'====== Args={'value': 0, 'change': 0, 'player_num': 3, 'prev_value': 0}
2018-04-02 15:01:56,300 : Keyboard : Processing key stroke for key s-
2018-04-02 15:01:56,302 : MPF-MC BCP Server : Received "machine_variable?name=audits_switches_s_start&prev_value=int:3&value=int:3&change=int:0"
2018-04-02 15:01:56,305 : MPF-MC BCP Server : Received "player_variable?name=extra_balls_lit&prev_value=int:0&value=int:0&player_num=int:4&change=int:0"
2018-04-02 15:01:56,306 : MPF-MC BCP Server : Received "player_variable?name=extra_balls&prev_value=int:0&value=int:0&player_num=int:4&change=int:0"
2018-04-02 15:01:56,306 : MPF-MC BCP Server : Received "player_variable?name=extra_balls_current_ball&prev_value=int:0&value=int:0&player_num=int:4&change=int:0"
2018-04-02 15:01:56,307 : MPF-MC BCP Server : Received "player_added?player_num=int:4"
2018-04-02 15:01:56,307 : MPF-MC BCP Server : Received "player_variable?name=score&prev_value=int:0&value=int:0&player_num=int:4&change=int:0"
2018-04-02 15:01:56,315 : Player : Creating new player: Player 4. (player index '3')
2018-04-02 15:01:56,316 : EventManager : Event: ======'player_add_success'====== Args={'num': 4, 'player': <Player 4>}
2018-04-02 15:01:56,316 : EventManager : Event: ======'player_add_success'====== Args={'num': 4, 'player': <Player 4>}
2018-04-02 15:01:56,316 : Player : Setting 'score' to: 0, (prior: 0, change: 0)
2018-04-02 15:01:56,317 : EventManager : Event: ======'player_score'====== Args={'value': 0, 'change': 0, 'player_num': 4, 'prev_value': 0}
2018-04-02 15:01:56,468 : Keyboard : Processing key stroke for key s-
2018-04-02 15:01:56,469 : MPF-MC BCP Server : Received "machine_variable?name=audits_switches_s_start&prev_value=int:4&value=int:4&change=int:0"
2018-04-02 15:01:56,714 : Keyboard : Processing key stroke for key s-
2018-04-02 15:01:56,716 : MPF-MC BCP Server : Received "machine_variable?name=audits_switches_s_start&prev_value=int:5&value=int:5&change=int:0"
2018-04-02 15:01:59,802 : Keyboard : Processing key stroke for key l-
2018-04-02 15:01:59,803 : MPF-MC BCP Server : Received "machine_variable?name=audits_switches_s_launch&prev_value=int:1&value=int:1&change=int:0"
2018-04-02 15:05:19,835 : MPF-MC BCP Server : Received "goodbye"
2018-04-02 15:05:19,838 : mpfmc : Stopping...
2018-04-02 15:05:19,838 : EventManager : Event: ======'shutdown'====== Args={}
2018-04-02 15:05:19,838 : AudioInterface : Disabling audio playback
2018-04-02 15:05:19,839 : Track.0.TrackStandard.default : Stopping all sounds and removing any pending sounds from queue
2018-04-02 15:05:20,100 : kivy : Base: Leaving application in progress...
2018-04-02 15:05:20,100 : mpfmc : Loop rate 40.71 Hz
