2018-04-02 12:00:22,626 : kivy : Factory: 194 symbols loaded
2018-04-02 12:00:22,706 : kivy : Image: Providers: img_tex, img_dds, img_sdl2, img_gif (img_pil, img_ffpyplayer ignored)
2018-04-02 12:00:22,735 : kivy : VideoGstplayer: Using Gstreamer 1.10.2.0
2018-04-02 12:00:22,735 : kivy : Video: Provider: gstplayer
2018-04-02 12:00:22,765 : kivy : Loading MPF-MC controller
2018-04-02 12:00:22,765 : mpfmc : Mission Pinball Framework Media Controller v0.33.16
2018-04-02 12:00:22,766 : mpfmc : Mission Pinball Framework Game Engine v0.33.49
2018-04-02 12:00:22,766 : mpfmc : Machine path: D:\Dev\mpf\scottp
2018-04-02 12:00:22,766 : mpfmc : Starting clock at 30.0Hz
2018-04-02 12:00:22,774 : kivy : Text: Provider: sdl2
2018-04-02 12:00:22,981 : kivy : OSC: using <thread> for socket
2018-04-02 12:00:22,984 : kivy : Window: Provider: sdl2
2018-04-02 12:00:23,185 : kivy : GL: Using the "OpenGL" graphics system
2018-04-02 12:00:23,187 : kivy : GL: GLEW initialization succeeded
2018-04-02 12:00:23,187 : kivy : GL: Backend used <glew>
2018-04-02 12:00:23,187 : kivy : GL: OpenGL version <b'4.5.13497 Compatibility Profile Context 23.20.793.0'>
2018-04-02 12:00:23,187 : kivy : GL: OpenGL vendor <b'ATI Technologies Inc.'>
2018-04-02 12:00:23,187 : kivy : GL: OpenGL renderer <b'Radeon (TM) RX 480 Graphics'>
2018-04-02 12:00:23,188 : kivy : GL: OpenGL parsed version: 4, 5
2018-04-02 12:00:23,188 : kivy : GL: Shading version <b'4.50'>
2018-04-02 12:00:23,188 : kivy : GL: Texture max size <16384>
2018-04-02 12:00:23,188 : kivy : GL: Texture max units <32>
2018-04-02 12:00:23,197 : kivy : Window: auto add sdl2 input provider
2018-04-02 12:00:23,198 : kivy : Window: virtual keyboard not allowed, single mode, not docked
2018-04-02 12:00:23,200 : SoundSystem : SoundSystem: Using default 'sound_system' settings
2018-04-02 12:00:23,724 : AudioInterface : Initialized
2018-04-02 12:00:23,724 : SoundSystem : No audio tracks are specified in your machine config file. a track named 'default' has been created.
2018-04-02 12:00:23,727 : kivy : Base: Start application main loop
2018-04-02 12:00:23,834 : MPF-MC BCP Server : Starting up on localhost port 5050
2018-04-02 12:00:23,838 : MPF-MC BCP Server : Waiting for a connection...
2018-04-02 12:00:23,865 : kivy : GL: NPOT texture support is available
2018-04-02 12:00:24,241 : MPF-MC BCP Server : Received connection from: 127.0.0.1:62948
2018-04-02 12:00:24,244 : mpfmc : Initializing Physical DMD
2018-04-02 12:00:24,252 : mpfmc : Setting Physical DMD to 30.0fps
2018-04-02 12:00:49,743 : mpfmc : Stopping...
2018-04-02 12:00:49,996 : kivy : Base: Leaving application in progress...
2018-04-02 12:00:49,996 : mpfmc : Loop rate 40.35 Hz
