2018-04-02 14:47:01,472 : Machine : Mission Pinball Framework Core Engine v0.33.49
2018-04-02 14:47:01,472 : Machine : Command line arguments: {'bcp': True, 'logfile': 'logs\\2018-04-02-14-47-01-mpf-DESKTOP-U1P21TS.log', 'mpfconfigfile': 'c:\\python34\\lib\\site-packages\\mpf\\mpfconfig.yaml', 'consoleloglevel': 20, 'loglevel': 11, 'force_platform': None, 'create_config_cache': True, 'configfile': ['config'], 'force_assets_load': False, 'syslog_address': None, 'pause': False, 'mc_file_name': None, 'no_load_cache': False}
2018-04-02 14:47:01,472 : Machine : MPF path: c:\python34\lib\site-packages\mpf
2018-04-02 14:47:01,472 : Machine : Machine path: D:\Dev\mpf\scottp
2018-04-02 14:47:01,472 : Machine : Platform: win32
2018-04-02 14:47:01,472 : Machine : Python executable location: c:\python34\python.exe
2018-04-02 14:47:01,472 : Machine : Python version: 3.4.4 (64-bit)
2018-04-02 14:47:01,651 : Machine : Loading cached config: C:\Users\maddo\AppData\Local\Temp\f2725e9fdb5e5699b9561cedbbf1540fconfig
2018-04-02 14:47:01,661 : SmartMatrix : Connecting to SmartMatrix RGB DMD on COM6 baud 2500000
2018-04-02 14:47:01,684 : SwitchController : Loading the SwitchController
2018-04-02 14:47:01,727 : EventManager : Event: ======'machine_var_mpf_version'====== Args={'prev_value': 'MPF v0.33.49', 'value': 'MPF v0.33.49', 'change': False}
2018-04-02 14:47:01,727 : EventManager : Event: ======'machine_var_mpf_extended_version'====== Args={'prev_value': 'MPF v0.33.49, Config version:4, Show version: 4, BCP version:1.1', 'value': 'MPF v0.33.49, Config version:4, Show version: 4, BCP version:1.1', 'change': False}
2018-04-02 14:47:01,727 : EventManager : Event: ======'machine_var_python_version'====== Args={'prev_value': '3.4.4', 'value': '3.4.4', 'change': False}
2018-04-02 14:47:01,728 : EventManager : Event: ======'machine_var_platform'====== Args={'prev_value': 'Windows-10-10.0.16299', 'value': 'Windows-10-10.0.16299', 'change': False}
2018-04-02 14:47:01,728 : EventManager : Event: ======'machine_var_platform_system'====== Args={'prev_value': 'Windows', 'value': 'Windows', 'change': False}
2018-04-02 14:47:01,728 : EventManager : Event: ======'machine_var_platform_release'====== Args={'prev_value': '10', 'value': '10', 'change': False}
2018-04-02 14:47:01,728 : EventManager : Event: ======'machine_var_platform_version'====== Args={'prev_value': '10.0.16299', 'value': '10.0.16299', 'change': False}
2018-04-02 14:47:01,728 : EventManager : Event: ======'machine_var_platform_machine'====== Args={'prev_value': 'AMD64', 'value': 'AMD64', 'change': False}
2018-04-02 14:47:01,728 : EventManager : Event: ======'init_phase_1'====== Args={}
2018-04-02 14:47:01,770 : ball_device.bd_plunger : Platform Driver: None
2018-04-02 14:47:01,770 : ball_device.bd_plunger : Configuring device with settings: '{'retries_before_increasing_pulse': 4, 'eject_events': {}, 'target_on_unexpected_ball': None, 'mechanical_eject': False, 'confirm_eject_event': None, 'ball_capacity': None, 'entrance_switch_full_timeout': 0, 'eject_targets': [<playfield.playfield>], 'request_ball_events': [], 'ball_missing_target': <playfield.playfield>, 'captures_from': <playfield.playfield>, 'entrance_events': {}, 'hold_events': {}, 'eject_all_events': {}, 'entrance_switch': None, 'label': '%', 'ball_missing_timeouts': [], 'hold_switches': [], 'ball_switches': [<switch.s_plunger_lane>], 'debug': True, 'confirm_eject_type': 'target', 'confirm_eject_switch': None, 'hold_coil': None, 'exit_count_delay': 500, 'max_eject_attempts': 0, 'ball_search_order': 200, 'tags': ['ball_add_live'], 'eject_coil_jam_pulse': None, 'auto_fire_on_unexpected_ball': True, 'eject_coil_retry_pulse': None, 'file_log': 'full', 'console_log': 'full', 'hold_coil_release_time': 1000, 'jam_switch': None, 'player_controlled_eject_event': 'sw_launch', 'eject_coil': <coil.c_plunger_eject>, 'eject_timeouts': [3000], 'entrance_count_delay': 300}'
2018-04-02 14:47:01,771 : ball_device.bd_trough : Platform Driver: None
2018-04-02 14:47:01,771 : ball_device.bd_trough : Configuring device with settings: '{'retries_before_increasing_pulse': 4, 'eject_events': {}, 'target_on_unexpected_ball': None, 'mechanical_eject': False, 'confirm_eject_event': None, 'ball_capacity': None, 'entrance_switch_full_timeout': 0, 'eject_targets': [<ball_device.bd_plunger>], 'request_ball_events': [], 'ball_missing_target': <playfield.playfield>, 'captures_from': <playfield.playfield>, 'entrance_events': {}, 'hold_events': {}, 'eject_all_events': {}, 'entrance_switch': None, 'label': '%', 'ball_missing_timeouts': [], 'hold_switches': [], 'ball_switches': [<switch.s_trough1>, <switch.s_trough2>, <switch.s_trough3>, <switch.s_trough4>, <switch.s_trough5>, <switch.s_trough_jam>], 'debug': True, 'confirm_eject_type': 'target', 'confirm_eject_switch': None, 'hold_coil': None, 'exit_count_delay': 500, 'max_eject_attempts': 0, 'ball_search_order': 200, 'eject_timeouts': [], 'eject_coil_jam_pulse': None, 'auto_fire_on_unexpected_ball': True, 'eject_coil_retry_pulse': None, 'file_log': 'full', 'console_log': 'full', 'hold_coil_release_time': 1000, 'jam_switch': <switch.s_trough_jam>, 'player_controlled_eject_event': None, 'eject_coil': <coil.c_trough_eject>, 'tags': ['trough', 'home', 'drain'], 'entrance_count_delay': 300}'
2018-04-02 14:47:01,772 : ball_device.bd_plunger : EVENT: bd_trough to bd_plunger
2018-04-02 14:47:01,772 : SwitchController : Registering switch handler: s_left_flipper, <bound method ComboSwitch._switch_1_went_active of <combo_switch.both_flippers>>, state: 1, ms: 0, info: False, cb_kwargs: {}
2018-04-02 14:47:01,772 : SwitchController : Registering switch handler: s_left_flipper, <bound method ComboSwitch._switch_1_went_inactive of <combo_switch.both_flippers>>, state: 0, ms: 0, info: False, cb_kwargs: {}
2018-04-02 14:47:01,772 : SwitchController : Registering switch handler: s_right_flipper, <bound method ComboSwitch._switch_2_went_active of <combo_switch.both_flippers>>, state: 1, ms: 0, info: False, cb_kwargs: {}
2018-04-02 14:47:01,773 : SwitchController : Registering switch handler: s_right_flipper, <bound method ComboSwitch._switch_2_went_inactive of <combo_switch.both_flippers>>, state: 0, ms: 0, info: False, cb_kwargs: {}
2018-04-02 14:47:01,773 : SwitchController : Registering switch handler: s_left_flipper, <bound method TimedSwitch._activate of <timed_switch.flipper_cradle>>, state: 1, ms: 3000, info: True, cb_kwargs: {}
2018-04-02 14:47:01,773 : SwitchController : Registering switch handler: s_left_flipper, <bound method TimedSwitch._deactivate of <timed_switch.flipper_cradle>>, state: 0, ms: 0, info: True, cb_kwargs: {}
2018-04-02 14:47:01,773 : SwitchController : Registering switch handler: s_right_flipper, <bound method TimedSwitch._activate of <timed_switch.flipper_cradle>>, state: 1, ms: 3000, info: True, cb_kwargs: {}
2018-04-02 14:47:01,773 : SwitchController : Registering switch handler: s_right_flipper, <bound method TimedSwitch._deactivate of <timed_switch.flipper_cradle>>, state: 0, ms: 0, info: True, cb_kwargs: {}
2018-04-02 14:47:01,773 : EventManager : Event: ======'init_phase_2'====== Args={}
2018-04-02 14:47:01,784 : BCPClientSocket.local_display : Connecting BCP to 'local_display' at localhost:5050...
2018-04-02 14:47:03,288 : BCPClientSocket.local_display : Connected BCP to 'local_display' localhost:5050
2018-04-02 14:47:03,289 : SwitchController : Registering switch handler: s_plunger_lane, <bound method SwitchCounter._switch_changed of <mpf.devices.ball_device.switch_counter.SwitchCounter object at 0x00000000071B7E10>>, state: 1, ms: 300, info: False, cb_kwargs: {}
2018-04-02 14:47:03,289 : SwitchController : Registering switch handler: s_plunger_lane, <bound method SwitchCounter._switch_changed of <mpf.devices.ball_device.switch_counter.SwitchCounter object at 0x00000000071B7E10>>, state: 0, ms: 500, info: False, cb_kwargs: {}
2018-04-02 14:47:03,290 : ball_device.bd_plunger : Counted 0 balls. Active switches: []
2018-04-02 14:47:03,290 : ball_device.bd_plunger : Waiting for eject request.
2018-04-02 14:47:03,290 : SwitchController : Registering switch handler: s_trough1, <bound method SwitchCounter._switch_changed of <mpf.devices.ball_device.switch_counter.SwitchCounter object at 0x00000000071C4898>>, state: 1, ms: 300, info: False, cb_kwargs: {}
2018-04-02 14:47:03,290 : SwitchController : Registering switch handler: s_trough2, <bound method SwitchCounter._switch_changed of <mpf.devices.ball_device.switch_counter.SwitchCounter object at 0x00000000071C4898>>, state: 1, ms: 300, info: False, cb_kwargs: {}
2018-04-02 14:47:03,290 : SwitchController : Registering switch handler: s_trough3, <bound method SwitchCounter._switch_changed of <mpf.devices.ball_device.switch_counter.SwitchCounter object at 0x00000000071C4898>>, state: 1, ms: 300, info: False, cb_kwargs: {}
2018-04-02 14:47:03,290 : SwitchController : Registering switch handler: s_trough4, <bound method SwitchCounter._switch_changed of <mpf.devices.ball_device.switch_counter.SwitchCounter object at 0x00000000071C4898>>, state: 1, ms: 300, info: False, cb_kwargs: {}
2018-04-02 14:47:03,290 : SwitchController : Registering switch handler: s_trough5, <bound method SwitchCounter._switch_changed of <mpf.devices.ball_device.switch_counter.SwitchCounter object at 0x00000000071C4898>>, state: 1, ms: 300, info: False, cb_kwargs: {}
2018-04-02 14:47:03,290 : SwitchController : Registering switch handler: s_trough_jam, <bound method SwitchCounter._switch_changed of <mpf.devices.ball_device.switch_counter.SwitchCounter object at 0x00000000071C4898>>, state: 1, ms: 300, info: False, cb_kwargs: {}
2018-04-02 14:47:03,291 : SwitchController : Registering switch handler: s_trough1, <bound method SwitchCounter._switch_changed of <mpf.devices.ball_device.switch_counter.SwitchCounter object at 0x00000000071C4898>>, state: 0, ms: 500, info: False, cb_kwargs: {}
2018-04-02 14:47:03,291 : SwitchController : Registering switch handler: s_trough2, <bound method SwitchCounter._switch_changed of <mpf.devices.ball_device.switch_counter.SwitchCounter object at 0x00000000071C4898>>, state: 0, ms: 500, info: False, cb_kwargs: {}
2018-04-02 14:47:03,291 : SwitchController : Registering switch handler: s_trough3, <bound method SwitchCounter._switch_changed of <mpf.devices.ball_device.switch_counter.SwitchCounter object at 0x00000000071C4898>>, state: 0, ms: 500, info: False, cb_kwargs: {}
2018-04-02 14:47:03,291 : SwitchController : Registering switch handler: s_trough4, <bound method SwitchCounter._switch_changed of <mpf.devices.ball_device.switch_counter.SwitchCounter object at 0x00000000071C4898>>, state: 0, ms: 500, info: False, cb_kwargs: {}
2018-04-02 14:47:03,291 : SwitchController : Registering switch handler: s_trough5, <bound method SwitchCounter._switch_changed of <mpf.devices.ball_device.switch_counter.SwitchCounter object at 0x00000000071C4898>>, state: 0, ms: 500, info: False, cb_kwargs: {}
2018-04-02 14:47:03,291 : SwitchController : Registering switch handler: s_trough_jam, <bound method SwitchCounter._switch_changed of <mpf.devices.ball_device.switch_counter.SwitchCounter object at 0x00000000071C4898>>, state: 0, ms: 500, info: False, cb_kwargs: {}
2018-04-02 14:47:03,291 : ball_device.bd_trough : Counted 5 balls. Active switches: ['s_trough1', 's_trough2', 's_trough3', 's_trough4', 's_trough5']
2018-04-02 14:47:03,291 : ball_device.bd_trough : Waiting for eject request.
2018-04-02 14:47:03,294 : EventManager : Event: ======'init_phase_3'====== Args={}
2018-04-02 14:47:03,296 : EventManager : Event: ======'init_phase_4'====== Args={}
2018-04-02 14:47:03,297 : ball_device.bd_plunger : Counted 0 balls. Active switches: []
2018-04-02 14:47:03,297 : ball_device.bd_trough : Counted 5 balls. Active switches: ['s_trough1', 's_trough2', 's_trough3', 's_trough4', 's_trough5']
2018-04-02 14:47:03,299 : EventManager : Event: ======'machine_var_audits_switches_s_right_inlane'====== Args={'prev_value': 0, 'value': 0, 'change': 0}
2018-04-02 14:47:03,299 : EventManager : Event: ======'machine_var_audits_switches_s_trough_jam'====== Args={'prev_value': 0, 'value': 0, 'change': 0}
2018-04-02 14:47:03,299 : EventManager : Event: ======'machine_var_audits_switches_s_trough3'====== Args={'prev_value': 0, 'value': 0, 'change': 0}
2018-04-02 14:47:03,299 : EventManager : Event: ======'machine_var_audits_switches_s_trough2'====== Args={'prev_value': 0, 'value': 0, 'change': 0}
2018-04-02 14:47:03,299 : EventManager : Event: ======'machine_var_audits_switches_s_start'====== Args={'prev_value': 0, 'value': 0, 'change': 0}
2018-04-02 14:47:03,300 : EventManager : Event: ======'machine_var_audits_switches_s_left_flipper'====== Args={'prev_value': 0, 'value': 0, 'change': 0}
2018-04-02 14:47:03,300 : EventManager : Event: ======'machine_var_audits_switches_s_trough1'====== Args={'prev_value': 0, 'value': 0, 'change': 0}
2018-04-02 14:47:03,300 : EventManager : Event: ======'machine_var_audits_switches_s_trough5'====== Args={'prev_value': 0, 'value': 0, 'change': 0}
2018-04-02 14:47:03,300 : EventManager : Event: ======'machine_var_audits_switches_s_right_flipper'====== Args={'prev_value': 0, 'value': 0, 'change': 0}
2018-04-02 14:47:03,300 : EventManager : Event: ======'machine_var_audits_switches_s_launch'====== Args={'prev_value': 0, 'value': 0, 'change': 0}
2018-04-02 14:47:03,300 : EventManager : Event: ======'machine_var_audits_switches_s_trough4'====== Args={'prev_value': 0, 'value': 0, 'change': 0}
2018-04-02 14:47:03,300 : EventManager : Event: ======'machine_var_audits_switches_s_plunger_lane'====== Args={'prev_value': 0, 'value': 0, 'change': 0}
2018-04-02 14:47:03,300 : EventManager : Event: ======'machine_var_audits_player_score'====== Args={'prev_value': {'total': 0, 'top': [], 'average': 0}, 'value': {'total': 0, 'top': [], 'average': 0}, 'change': False}
2018-04-02 14:47:03,300 : EventManager : Event: ======'init_phase_5'====== Args={}
2018-04-02 14:47:03,302 : EventManager : Event: ======'init_done'====== Args={}
2018-04-02 14:47:03,302 : EventManager : Event: ======'machine_reset_phase_1'====== Args={}
2018-04-02 14:47:03,313 : EventManager : Event: ======'machine_var_master_volume'====== Args={'prev_value': 0.5, 'value': 0.5, 'change': 0.0}
2018-04-02 14:47:03,314 : EventManager : Event: ======'slide_window_slide_1_removed'====== Args={'_from_bcp': True}
2018-04-02 14:47:03,320 : EventManager : Event: ======'slide_window_slide_1_created'====== Args={'_from_bcp': True}
2018-04-02 14:47:03,323 : EventManager : Event: ======'slide_dmd_slide_1_removed'====== Args={'_from_bcp': True}
2018-04-02 14:47:03,326 : EventManager : Event: ======'slide_dmd_slide_1_created'====== Args={'_from_bcp': True}
2018-04-02 14:47:03,328 : EventManager : Event: ======'slide_window_slide_1_active'====== Args={'_from_bcp': True}
2018-04-02 14:47:03,329 : EventManager : Event: ======'machine_reset_phase_2'====== Args={}
2018-04-02 14:47:03,329 : EventManager : Event: ======'machine_reset_phase_3'====== Args={}
2018-04-02 14:47:03,329 : EventManager : Event: ======'slide_dmd_slide_1_active'====== Args={'_from_bcp': True}
2018-04-02 14:47:03,329 : SwitchController : Found active switch: s_trough3
2018-04-02 14:47:03,330 : SwitchController : Found active switch: s_trough2
2018-04-02 14:47:03,330 : SwitchController : Found active switch: s_trough4
2018-04-02 14:47:03,330 : SwitchController : Found active switch: s_trough1
2018-04-02 14:47:03,330 : SwitchController : Found active switch: s_trough5
2018-04-02 14:47:03,330 : EventManager : Event: ======'reset_complete'====== Args={}
2018-04-02 14:47:03,330 : EventManager : Event: ======'mode_attract_will_start'====== Args={}
2018-04-02 14:47:03,331 : EventManager : Event: ======'mode_attract_starting'====== Args={}
2018-04-02 14:47:03,331 : Mode.attract : Started. Priority: 10
2018-04-02 14:47:03,331 : EventManager : Event: ======'mode_attract_started'====== Args={}
2018-04-02 14:47:03,331 : SwitchController : Registering switch handler: s_start, <bound method Attract.start_button_pressed of <Mode.attract>>, state: 1, ms: 0, info: False, cb_kwargs: {}
2018-04-02 14:47:03,331 : SwitchController : Registering switch handler: s_start, <bound method Attract.start_button_released of <Mode.attract>>, state: 0, ms: 0, info: False, cb_kwargs: {}
2018-04-02 14:47:03,331 : EventManager : Event: ======'collecting_balls_complete'====== Args={}
2018-04-02 14:47:03,332 : Machine : Starting the main run loop.
2018-04-02 14:47:06,741 : SwitchController : Processing switch. Name: s_start, state: 1, logical: True,
2018-04-02 14:47:06,741 : SwitchController : <<<<<<< 's_start' active >>>>>>>
2018-04-02 14:47:06,741 : EventManager : Event: ======'s_start_active'====== Args={}
2018-04-02 14:47:06,741 : EventManager : Event: ======'sw_start'====== Args={}
2018-04-02 14:47:06,742 : EventManager : Event: ======'sw_start_active'====== Args={}
2018-04-02 14:47:06,864 : SwitchController : Processing switch. Name: s_start, state: 0, logical: True,
2018-04-02 14:47:06,864 : SwitchController : <<<<<<< 's_start' inactive >>>>>>>
2018-04-02 14:47:06,864 : EventManager : Event: ======'request_to_start_game'====== Args={}
2018-04-02 14:47:06,864 : EventManager : Event: ======'s_start_inactive'====== Args={}
2018-04-02 14:47:06,864 : EventManager : Event: ======'sw_start_inactive'====== Args={}
2018-04-02 14:47:06,865 : EventManager : Event: ======'game_start'====== Args={'buttons': [], 'hold_time': 0.125}
2018-04-02 14:47:06,865 : EventManager : Event: ======'mode_game_will_start'====== Args={}
2018-04-02 14:47:06,866 : EventManager : Event: ======'mode_game_starting'====== Args={}
2018-04-02 14:47:06,866 : SwitchController : Removing switch handler. Switch: s_start, State: 1, ms: 0
2018-04-02 14:47:06,867 : SwitchController : Removing switch handler. Switch: s_start, State: 0, ms: 0
2018-04-02 14:47:06,867 : EventManager : Event: ======'mode_attract_stopping'====== Args={}
2018-04-02 14:47:06,867 : Mode.attract : Stopped.
2018-04-02 14:47:06,867 : EventManager : Event: ======'mode_attract_stopped'====== Args={}
2018-04-02 14:47:06,867 : EventManager : Event: ======'clear'====== Args={'key': 'attract'}
2018-04-02 14:47:06,868 : Mode.game : Started. Priority: 20
2018-04-02 14:47:06,868 : EventManager : Event: ======'mode_game_started'====== Args={}
2018-04-02 14:47:06,869 : EventManager : Event: ======'game_starting'====== Args={'game': <Mode.game>}
2018-04-02 14:47:06,870 : EventManager : Event: ======'player_add_success'====== Args={'num': 1, 'player': <Player 1>}
2018-04-02 14:47:06,870 : EventManager : Event: ======'player_turn_start'====== Args={'number': 1, 'player': <Player 1>}
2018-04-02 14:47:06,871 : EventManager : Event: ======'game_started'====== Args={}
2018-04-02 14:47:06,871 : Mode.game : Player added successfully. Total players: 1
2018-04-02 14:47:06,871 : EventManager : Event: ======'player_extra_balls_lit'====== Args={'prev_value': 0, 'player_num': 1, 'value': 0, 'change': 0}
2018-04-02 14:47:06,872 : EventManager : Event: ======'player_extra_balls'====== Args={'prev_value': 0, 'player_num': 1, 'value': 0, 'change': 0}
2018-04-02 14:47:06,872 : EventManager : Event: ======'player_extra_balls_current_ball'====== Args={'prev_value': 0, 'player_num': 1, 'value': 0, 'change': 0}
2018-04-02 14:47:06,874 : EventManager : Event: ======'player_turn_starting'====== Args={'number': 1, 'player': <Player 1>}
2018-04-02 14:47:06,874 : EventManager : Event: ======'player_ball'====== Args={'prev_value': 0, 'player_num': 1, 'value': 1, 'change': 1}
2018-04-02 14:47:06,874 : EventManager : Event: ======'player_turn_started'====== Args={'number': 1, 'player': <Player 1>}
2018-04-02 14:47:06,875 : EventManager : Event: ======'ball_starting'====== Args={'balls_remaining': 2, 'is_extra_ball': False}
2018-04-02 14:47:06,875 : EventManager : Event: ======'balls_in_play'====== Args={'balls': 1}
2018-04-02 14:47:06,876 : EventManager : Event: ======'ball_started'====== Args={'ball': 1, 'player': 1}
2018-04-02 14:47:06,876 : EventManager : Event: ======'single_player_ball_started'====== Args={}
2018-04-02 14:47:06,876 : ball_device.bd_plunger : Setting up player-controlled eject. Balls: 1, Target: <playfield.playfield>, player_controlled_eject_event: sw_launch
2018-04-02 14:47:06,876 : ball_device.bd_trough : Adding eject chain
2018-04-02 14:47:06,876 : ball_device.bd_plunger : Adding eject chain
2018-04-02 14:47:06,876 : EventManager : Event: ======'balldevice_balls_available'====== Args={}
2018-04-02 14:47:06,878 : ball_device.bd_trough : Got eject request
2018-04-02 14:47:06,879 : EventManager : Event: ======'balldevice_bd_trough_ball_eject_attempt'====== Args={'target': <ball_device.bd_plunger>, 'source': <ball_device.bd_trough>, 'balls': 1, 'mechanical_eject': True, 'num_attempts': 0}
2018-04-02 14:47:06,879 : ball_device.bd_plunger : Got eject request
2018-04-02 14:47:06,880 : ball_device.bd_plunger : No ball found. Waiting for balls.
2018-04-02 14:47:06,880 : ball_device.bd_plunger : Ready to receive from <ball_device.bd_trough>. Free space 1 (Capacity: 1, Balls: 0), incoming_balls: 0
2018-04-02 14:47:06,880 : ball_device.bd_plunger : Counted 0 balls. Active switches: []
2018-04-02 14:47:06,880 : ball_device.bd_trough : Ejecting ball to <ball_device.bd_plunger>
2018-04-02 14:47:06,881 : EventManager : Event: ======'balldevice_bd_trough_ejecting_ball'====== Args={'target': <ball_device.bd_plunger>, 'source': <ball_device.bd_trough>, 'balls': 1, 'mechanical_eject': True, 'num_attempts': 0}
2018-04-02 14:47:06,881 : ball_device.bd_plunger : Counted 0 balls. Active switches: []
2018-04-02 14:47:06,882 : ball_device.bd_trough : Entered eject mode.
2018-04-02 14:47:06,883 : SwitchController : Registering switch handler: s_trough1, functools.partial(<function SwitchController._wait_handler at 0x0000000006C43620>, _future=<Future pending cb=[SwitchController._future_done([])()]>, switch_name='s_trough1', ms=0), state: 0, ms: 0, info: False, cb_kwargs: {}
2018-04-02 14:47:06,883 : SwitchController : Registering switch handler: s_trough2, functools.partial(<function SwitchController._wait_handler at 0x0000000006C43620>, _future=<Future pending cb=[SwitchController._future_done([])()]>, switch_name='s_trough2', ms=0), state: 0, ms: 0, info: False, cb_kwargs: {}
2018-04-02 14:47:06,883 : SwitchController : Registering switch handler: s_trough3, functools.partial(<function SwitchController._wait_handler at 0x0000000006C43620>, _future=<Future pending cb=[SwitchController._future_done([])()]>, switch_name='s_trough3', ms=0), state: 0, ms: 0, info: False, cb_kwargs: {}
2018-04-02 14:47:06,883 : SwitchController : Registering switch handler: s_trough4, functools.partial(<function SwitchController._wait_handler at 0x0000000006C43620>, _future=<Future pending cb=[SwitchController._future_done([])()]>, switch_name='s_trough4', ms=0), state: 0, ms: 0, info: False, cb_kwargs: {}
2018-04-02 14:47:06,883 : SwitchController : Registering switch handler: s_trough5, functools.partial(<function SwitchController._wait_handler at 0x0000000006C43620>, _future=<Future pending cb=[SwitchController._future_done([])()]>, switch_name='s_trough5', ms=0), state: 0, ms: 0, info: False, cb_kwargs: {}
2018-04-02 14:47:06,884 : ball_device.bd_trough : Counted 5 balls. Active switches: ['s_trough1', 's_trough2', 's_trough3', 's_trough4', 's_trough5']
2018-04-02 14:47:06,885 : ball_device.bd_trough : Waiting for eject to end
2018-04-02 14:47:06,885 : ball_device.bd_trough : Wait for ball to leave device
2018-04-02 14:47:06,885 : SwitchController : Processing switch. Name: s_trough1, state: 0, logical: True,
2018-04-02 14:47:06,885 : SwitchController : <<<<<<< 's_trough1' inactive >>>>>>>
2018-04-02 14:47:06,885 : SwitchController : Found timed switch handler for k/v 876081.609 / {'return_info': False, 'state': 0, 'removed': False, 'callback_kwargs': {}, 'switch_action': 's_trough1-0', 'ms': 500, 'callback': <bound method SwitchCounter._switch_changed of <mpf.devices.ball_device.switch_counter.SwitchCounter object at 0x00000000071C4898>>, 'switch_name': 's_trough1'}
2018-04-02 14:47:06,885 : EventManager : Event: ======'s_trough1_inactive'====== Args={}
2018-04-02 14:47:06,886 : ball_device.bd_trough : Firing eject coil. Current balls: 5.
2018-04-02 14:47:06,886 : SwitchController : Removing switch handler. Switch: s_trough1, State: 0, ms: 0
2018-04-02 14:47:06,887 : SwitchController : Removing switch handler. Switch: s_trough2, State: 0, ms: 0
2018-04-02 14:47:06,887 : SwitchController : Removing switch handler. Switch: s_trough3, State: 0, ms: 0
2018-04-02 14:47:06,888 : SwitchController : Removing switch handler. Switch: s_trough5, State: 0, ms: 0
2018-04-02 14:47:06,888 : SwitchController : Removing switch handler. Switch: s_trough4, State: 0, ms: 0
2018-04-02 14:47:06,888 : ball_device.bd_trough : Got ball left during eject
2018-04-02 14:47:06,889 : ball_device.bd_trough : Switch 's_trough1' changed too recently. Aborting count!
2018-04-02 14:47:06,890 : ball_device.bd_trough : Ball left
2018-04-02 14:47:06,890 : ball_device.bd_plunger : Adding incoming ball from <ball_device.bd_trough>
2018-04-02 14:47:06,890 : ball_device.bd_trough : Wait for confirm with timeout 10.0
2018-04-02 14:47:06,966 : SwitchController : Processing switch. Name: s_plunger_lane, state: 1, logical: True,
2018-04-02 14:47:06,966 : SwitchController : <<<<<<< 's_plunger_lane' active >>>>>>>
2018-04-02 14:47:06,966 : SwitchController : Found timed switch handler for k/v 876081.503 / {'return_info': False, 'state': 1, 'removed': False, 'callback_kwargs': {}, 'switch_action': 's_plunger_lane-1', 'ms': 300, 'callback': <bound method SwitchCounter._switch_changed of <mpf.devices.ball_device.switch_counter.SwitchCounter object at 0x00000000071B7E10>>, 'switch_name': 's_plunger_lane'}
2018-04-02 14:47:06,967 : EventManager : Event: ======'machine_var_audits_switches_s_plunger_lane'====== Args={'prev_value': 1, 'value': 1, 'change': 0}
2018-04-02 14:47:06,967 : EventManager : Event: ======'s_plunger_lane_active'====== Args={}
2018-04-02 14:47:07,279 : SwitchController : Processing timed switch handler. Switch: s_plunger_lane  State: 1, ms: 300
2018-04-02 14:47:07,279 : ball_device.bd_plunger : Counted 1 balls. Active switches: ['s_plunger_lane']
2018-04-02 14:47:07,280 : ball_device.bd_plunger : Counted 1 balls. Active switches: ['s_plunger_lane']
2018-04-02 14:47:07,280 : ball_device.bd_plunger : Counting idle
2018-04-02 14:47:07,280 : ball_device.bd_plunger : BCH: Found 1 new balls
2018-04-02 14:47:07,280 : ball_device.bd_plunger : Received ball from <ball_device.bd_trough>
2018-04-02 14:47:07,280 : ball_device.bd_plunger : Removing incoming ball from <ball_device.bd_trough>
2018-04-02 14:47:07,281 : ball_device.bd_plunger : Processing new ball
2018-04-02 14:47:07,281 : EventManager : Event: ======'balldevice_bd_plunger_ball_enter'====== Args={'device': <ball_device.bd_plunger>, 'new_balls': 1, 'unclaimed_balls': 0}
2018-04-02 14:47:07,281 : ball_device.bd_plunger : A ball arrived. Progressing.
2018-04-02 14:47:07,283 : EventManager : Event: ======'balldevice_bd_plunger_ball_eject_attempt'====== Args={'target': <playfield.playfield>, 'source': <ball_device.bd_plunger>, 'balls': 1, 'mechanical_eject': True, 'num_attempts': 0}
2018-04-02 14:47:07,283 : ball_device.bd_trough : Got eject confirm
2018-04-02 14:47:07,284 : ball_device.bd_trough : Eject successful
2018-04-02 14:47:07,284 : ball_device.bd_trough : Received eject success.
2018-04-02 14:47:07,284 : EventManager : Event: ======'balldevice_bd_trough_ball_eject_success'====== Args={'target': <ball_device.bd_plunger>, 'balls': 1}
2018-04-02 14:47:07,284 : ball_device.bd_trough : Exited eject mode.
2018-04-02 14:47:07,285 : ball_device.bd_trough : Waiting for eject request.
2018-04-02 14:47:07,285 : ball_device.bd_plunger : Ejecting ball to <playfield.playfield>
2018-04-02 14:47:07,285 : EventManager : Event: ======'balldevice_bd_plunger_ejecting_ball'====== Args={'target': <playfield.playfield>, 'source': <ball_device.bd_plunger>, 'balls': 1, 'mechanical_eject': True, 'num_attempts': 0}
2018-04-02 14:47:07,286 : ball_device.bd_trough : Switch 's_trough1' changed too recently. Aborting count!
2018-04-02 14:47:07,287 : ball_device.bd_plunger : Entered eject mode.
2018-04-02 14:47:07,287 : SwitchController : Registering switch handler: s_plunger_lane, functools.partial(<function SwitchController._wait_handler at 0x0000000006C43620>, _future=<Future pending cb=[SwitchController._future_done([])()]>, switch_name='s_plunger_lane', ms=0), state: 0, ms: 0, info: False, cb_kwargs: {}
2018-04-02 14:47:07,288 : ball_device.bd_plunger : Counted 1 balls. Active switches: ['s_plunger_lane']
2018-04-02 14:47:07,289 : ball_device.bd_plunger : Waiting for eject to end
2018-04-02 14:47:07,289 : ball_device.bd_plunger : Wait for ball to leave device
2018-04-02 14:47:07,373 : SwitchController : Processing timed switch handler. Switch: s_trough1  State: 0, ms: 500
2018-04-02 14:47:07,373 : ball_device.bd_trough : Counted 4 balls. Active switches: ['s_trough2', 's_trough3', 's_trough4', 's_trough5']
2018-04-02 14:47:07,373 : ball_device.bd_trough : Eject ended
2018-04-02 14:47:07,373 : ball_device.bd_trough : Counting idle
2018-04-02 14:47:15,727 : SwitchController : Processing switch. Name: s_launch, state: 1, logical: True,
2018-04-02 14:47:15,728 : SwitchController : <<<<<<< 's_launch' active >>>>>>>
2018-04-02 14:47:15,728 : EventManager : Event: ======'machine_var_audits_switches_s_launch'====== Args={'prev_value': 1, 'value': 1, 'change': 0}
2018-04-02 14:47:15,728 : EventManager : Event: ======'s_launch_active'====== Args={}
2018-04-02 14:47:15,728 : EventManager : Event: ======'sw_launch'====== Args={}
2018-04-02 14:47:15,728 : EventManager : Event: ======'sw_launch_active'====== Args={}
2018-04-02 14:47:15,730 : SwitchController : Processing switch. Name: s_plunger_lane, state: 0, logical: True,
2018-04-02 14:47:15,730 : SwitchController : <<<<<<< 's_plunger_lane' inactive >>>>>>>
2018-04-02 14:47:15,730 : SwitchController : Found timed switch handler for k/v 876090.453 / {'return_info': False, 'state': 0, 'removed': False, 'callback_kwargs': {}, 'switch_action': 's_plunger_lane-0', 'ms': 500, 'callback': <bound method SwitchCounter._switch_changed of <mpf.devices.ball_device.switch_counter.SwitchCounter object at 0x00000000071B7E10>>, 'switch_name': 's_plunger_lane'}
2018-04-02 14:47:15,730 : EventManager : Event: ======'s_plunger_lane_inactive'====== Args={}
2018-04-02 14:47:15,730 : ball_device.bd_plunger : Firing eject coil. Current balls: 1.
2018-04-02 14:47:15,731 : SwitchController : Removing switch handler. Switch: s_plunger_lane, State: 0, ms: 0
2018-04-02 14:47:15,732 : ball_device.bd_plunger : Got ball left during eject
2018-04-02 14:47:15,732 : ball_device.bd_plunger : Switch 's_plunger_lane' changed too recently. Aborting count!
2018-04-02 14:47:15,733 : ball_device.bd_plunger : Ball left
2018-04-02 14:47:15,733 : ball_device.bd_plunger : Wait for confirm with timeout 3.0
2018-04-02 14:47:15,801 : SwitchController : Processing switch. Name: s_launch, state: 0, logical: True,
2018-04-02 14:47:15,801 : SwitchController : <<<<<<< 's_launch' inactive >>>>>>>
2018-04-02 14:47:15,801 : EventManager : Event: ======'s_launch_inactive'====== Args={}
2018-04-02 14:47:15,801 : EventManager : Event: ======'sw_launch_inactive'====== Args={}
2018-04-02 14:47:16,216 : SwitchController : Processing timed switch handler. Switch: s_plunger_lane  State: 0, ms: 500
2018-04-02 14:47:16,217 : ball_device.bd_plunger : Counted 0 balls. Active switches: []
2018-04-02 14:47:18,716 : ball_device.bd_plunger : Got timeout before confirm
2018-04-02 14:47:18,810 : ball_device.bd_plunger : Confirming eject because target is playfield and ball did not return.
2018-04-02 14:47:18,811 : ball_device.bd_plunger : Eject successful
2018-04-02 14:47:18,811 : ball_device.bd_plunger : Received eject success.
2018-04-02 14:47:18,811 : EventManager : Event: ======'balldevice_bd_plunger_ball_eject_success'====== Args={'target': <playfield.playfield>, 'balls': 1}
2018-04-02 14:47:18,812 : EventManager : Event: ======'balldevice_playfield_ball_enter'====== Args={'device': <playfield.playfield>, 'new_balls': 1, 'unclaimed_balls': 1}
2018-04-02 14:47:18,812 : EventManager : Event: ======'playfield_ball_count_change'====== Args={'balls': 1, 'change': 1}
2018-04-02 14:47:18,813 : ball_device.bd_plunger : Exited eject mode.
2018-04-02 14:47:18,813 : ball_device.bd_plunger : Waiting for eject request.
2018-04-02 14:47:18,814 : ball_device.bd_plunger : Counted 0 balls. Active switches: []
2018-04-02 14:47:18,814 : ball_device.bd_plunger : Eject ended
2018-04-02 14:47:18,814 : ball_device.bd_plunger : Counting idle
2018-04-02 14:49:35,934 : Machine : Shutting down...
2018-04-02 14:49:35,934 : EventManager : Event: ======'shutdown'====== Args={}
2018-04-02 14:49:35,935 : Machine : Shutting down...
2018-04-02 14:49:35,935 : EventManager : Event: ======'shutdown'====== Args={}
2018-04-02 14:49:35,935 : ball_device.bd_plunger : Stopping ball device
2018-04-02 14:49:35,935 : ball_device.bd_trough : Stopping ball device
2018-04-02 14:49:35,935 : SmartMatrix : Disconnecting from SmartMatrix RGB DMD hardware...
2018-04-02 14:49:35,935 : ball_device.bd_plunger : Stopping ball device
2018-04-02 14:49:35,936 : ball_device.bd_trough : Stopping ball device
2018-04-02 14:49:35,936 : SmartMatrix : Disconnecting from SmartMatrix RGB DMD hardware...
2018-04-02 14:49:35,938 : asyncio : Task was destroyed but it is pending!
task: <Task pending coro=<get() running at c:\python34\lib\asyncio\queues.py:168> wait_for=<Future cancelled> cb=[_wait.<locals>._on_completion() at c:\python34\lib\asyncio\tasks.py:408]>
2018-04-02 14:49:35,938 : asyncio : Task was destroyed but it is pending!
task: <Task pending coro=<wait() running at c:\python34\lib\asyncio\locks.py:264> wait_for=<Future cancelled> cb=[_wait.<locals>._on_completion() at c:\python34\lib\asyncio\tasks.py:408]>
2018-04-02 14:49:35,939 : asyncio : Task was destroyed but it is pending!
task: <Task pending coro=<get() running at c:\python34\lib\asyncio\queues.py:168> wait_for=<Future cancelled> cb=[_wait.<locals>._on_completion() at c:\python34\lib\asyncio\tasks.py:408]>
2018-04-02 14:49:35,939 : asyncio : Task was destroyed but it is pending!
task: <Task pending coro=<wait() running at c:\python34\lib\asyncio\locks.py:264> wait_for=<Future cancelled> cb=[_wait.<locals>._on_completion() at c:\python34\lib\asyncio\tasks.py:408]>
2018-04-02 14:49:35,940 : root : MPF run loop ended.
