2018-04-02 15:05:22,626 : Machine : Mission Pinball Framework Core Engine v0.33.49
2018-04-02 15:05:22,626 : Machine : Command line arguments: {'logfile': 'logs\\2018-04-02-15-05-22-mpf-DESKTOP-U1P21TS.log', 'bcp': True, 'mc_file_name': None, 'no_load_cache': False, 'configfile': ['config'], 'force_platform': None, 'loglevel': 10, 'pause': False, 'create_config_cache': True, 'mpfconfigfile': 'c:\\python34\\lib\\site-packages\\mpf\\mpfconfig.yaml', 'force_assets_load': False, 'syslog_address': None, 'consoleloglevel': 20}
2018-04-02 15:05:22,626 : Machine : MPF path: c:\python34\lib\site-packages\mpf
2018-04-02 15:05:22,626 : Machine : Machine path: D:\Dev\mpf\scottp
2018-04-02 15:05:22,626 : Machine : Platform: win32
2018-04-02 15:05:22,626 : Machine : Python executable location: c:\python34\python.exe
2018-04-02 15:05:22,626 : Machine : Python version: 3.4.4 (64-bit)
2018-04-02 15:05:22,799 : Machine : Loading config from original files
2018-04-02 15:05:22,799 : YAML File Interface : Loading file: c:\python34\lib\site-packages\mpf\mpfconfig.yaml
2018-04-02 15:05:22,848 : Machine : Machine config file #1: D:\Dev\mpf\scottp\config\config
2018-04-02 15:05:22,848 : YAML File Interface : Loading file: D:\Dev\mpf\scottp\config\config.yml
2018-04-02 15:05:22,873 : Machine : Config file cache created: C:\Users\maddo\AppData\Local\Temp\f2725e9fdb5e5699b9561cedbbf1540fconfig
2018-04-02 15:05:22,876 : asyncio : Using selector: SelectSelector
2018-04-02 15:05:22,882 : SmartMatrix : Configuring SmartMatrix RGB DMD hardware interface.
2018-04-02 15:05:22,882 : SmartMatrix : Connecting to SmartMatrix RGB DMD on COM6 baud 2500000
2018-04-02 15:05:22,890 : Smart Virtual Platform : Configuring smart_virtual hardware interface.
2018-04-02 15:05:22,907 : ShotProfileManager : Registering Shot Profile: 'default'
2018-04-02 15:05:22,908 : ShotProfileManager : Processed 'default' profile configuration: {'block': True, 'states': [{'priority': 0, 'speed': 1.0, 'show_tokens': {}, 'action': 'play', 'start_step': 1, 'sync_ms': None, 'loops': -1, 'show': 'off', 'name': 'unlit', 'manual_advance': None}, {'priority': 0, 'speed': 1.0, 'show_tokens': {}, 'action': 'play', 'start_step': 1, 'sync_ms': None, 'loops': -1, 'show': 'on', 'name': 'lit', 'manual_advance': None}], 'rotation_pattern': deque(['right']), 'advance_on_hit': True, 'show_when_disabled': False, 'show': None, 'state_names_to_rotate': [], 'loop': False, 'state_names_to_not_rotate': [], 'player_variable': '%_default'}
2018-04-02 15:05:22,909 : SwitchController : Loading the SwitchController
2018-04-02 15:05:22,953 : EventManager : Event: ======'machine_var_mpf_version'====== Args={'value': 'MPF v0.33.49', 'change': False, 'prev_value': 'MPF v0.33.49'}
2018-04-02 15:05:22,953 : EventManager : Event: ======'machine_var_mpf_extended_version'====== Args={'value': 'MPF v0.33.49, Config version:4, Show version: 4, BCP version:1.1', 'change': False, 'prev_value': 'MPF v0.33.49, Config version:4, Show version: 4, BCP version:1.1'}
2018-04-02 15:05:22,953 : EventManager : Event: ======'machine_var_python_version'====== Args={'value': '3.4.4', 'change': False, 'prev_value': '3.4.4'}
2018-04-02 15:05:22,954 : EventManager : Event: ======'machine_var_platform'====== Args={'value': 'Windows-10-10.0.16299', 'change': False, 'prev_value': 'Windows-10-10.0.16299'}
2018-04-02 15:05:22,954 : EventManager : Event: ======'machine_var_platform_system'====== Args={'value': 'Windows', 'change': False, 'prev_value': 'Windows'}
2018-04-02 15:05:22,954 : EventManager : Event: ======'machine_var_platform_release'====== Args={'value': '10', 'change': False, 'prev_value': '10'}
2018-04-02 15:05:22,954 : EventManager : Event: ======'machine_var_platform_version'====== Args={'value': '10.0.16299', 'change': False, 'prev_value': '10.0.16299'}
2018-04-02 15:05:22,954 : EventManager : Event: ======'machine_var_platform_machine'====== Args={'value': 'AMD64', 'change': False, 'prev_value': 'AMD64'}
2018-04-02 15:05:22,954 : EventManager : Event: ======'init_phase_1'====== Args={}
2018-04-02 15:05:22,997 : ball_device.bd_plunger : Platform Driver: None
2018-04-02 15:05:22,997 : ball_device.bd_plunger : Configuring device with settings: '{'eject_coil': <coil.c_plunger_eject>, 'hold_coil': None, 'ball_missing_timeouts': [], 'label': '%', 'confirm_eject_type': 'target', 'hold_events': {}, 'console_log': 'full', 'ball_missing_target': <playfield.playfield>, 'ball_search_order': 200, 'max_eject_attempts': 0, 'exit_count_delay': 500, 'hold_switches': [], 'eject_coil_jam_pulse': None, 'confirm_eject_switch': None, 'request_ball_events': [], 'player_controlled_eject_event': 'sw_launch', 'eject_events': {}, 'auto_fire_on_unexpected_ball': True, 'entrance_switch': None, 'eject_all_events': {}, 'target_on_unexpected_ball': None, 'file_log': 'full', 'eject_timeouts': [3000], 'debug': True, 'eject_targets': [<playfield.playfield>], 'entrance_count_delay': 300, 'tags': ['ball_add_live'], 'captures_from': <playfield.playfield>, 'ball_capacity': None, 'confirm_eject_event': None, 'eject_coil_retry_pulse': None, 'entrance_events': {}, 'retries_before_increasing_pulse': 4, 'hold_coil_release_time': 1000, 'jam_switch': None, 'entrance_switch_full_timeout': 0, 'ball_switches': [<switch.s_plunger_lane>], 'mechanical_eject': False}'
2018-04-02 15:05:22,998 : ball_device.bd_trough : Platform Driver: None
2018-04-02 15:05:22,998 : ball_device.bd_trough : Configuring device with settings: '{'eject_coil': <coil.c_trough_eject>, 'hold_coil': None, 'ball_missing_timeouts': [], 'label': '%', 'confirm_eject_type': 'target', 'hold_events': {}, 'console_log': 'full', 'ball_missing_target': <playfield.playfield>, 'ball_search_order': 200, 'eject_timeouts': [], 'max_eject_attempts': 0, 'exit_count_delay': 500, 'hold_switches': [], 'eject_coil_jam_pulse': None, 'eject_coil_retry_pulse': None, 'request_ball_events': [], 'player_controlled_eject_event': None, 'eject_events': {}, 'auto_fire_on_unexpected_ball': True, 'entrance_switch': None, 'eject_all_events': {}, 'target_on_unexpected_ball': None, 'file_log': 'full', 'entrance_events': {}, 'debug': True, 'entrance_count_delay': 300, 'tags': ['trough', 'home', 'drain'], 'captures_from': <playfield.playfield>, 'ball_capacity': None, 'confirm_eject_event': None, 'eject_targets': [<ball_device.bd_plunger>], 'confirm_eject_switch': None, 'retries_before_increasing_pulse': 4, 'hold_coil_release_time': 1000, 'jam_switch': <switch.s_trough_jam>, 'entrance_switch_full_timeout': 0, 'ball_switches': [<switch.s_trough1>, <switch.s_trough2>, <switch.s_trough3>, <switch.s_trough4>, <switch.s_trough5>, <switch.s_trough_jam>], 'mechanical_eject': False}'
2018-04-02 15:05:22,999 : ball_device.bd_plunger : EVENT: bd_trough to bd_plunger
2018-04-02 15:05:23,000 : SwitchController : Registering switch handler: s_left_flipper, <bound method ComboSwitch._switch_1_went_active of <combo_switch.both_flippers>>, state: 1, ms: 0, info: False, cb_kwargs: {}
2018-04-02 15:05:23,000 : SwitchController : Registering switch handler: s_left_flipper, <bound method ComboSwitch._switch_1_went_inactive of <combo_switch.both_flippers>>, state: 0, ms: 0, info: False, cb_kwargs: {}
2018-04-02 15:05:23,001 : SwitchController : Registering switch handler: s_right_flipper, <bound method ComboSwitch._switch_2_went_active of <combo_switch.both_flippers>>, state: 1, ms: 0, info: False, cb_kwargs: {}
2018-04-02 15:05:23,001 : SwitchController : Registering switch handler: s_right_flipper, <bound method ComboSwitch._switch_2_went_inactive of <combo_switch.both_flippers>>, state: 0, ms: 0, info: False, cb_kwargs: {}
2018-04-02 15:05:23,001 : SwitchController : Registering switch handler: s_left_flipper, <bound method TimedSwitch._activate of <timed_switch.flipper_cradle>>, state: 1, ms: 3000, info: True, cb_kwargs: {}
2018-04-02 15:05:23,001 : SwitchController : Registering switch handler: s_left_flipper, <bound method TimedSwitch._deactivate of <timed_switch.flipper_cradle>>, state: 0, ms: 0, info: True, cb_kwargs: {}
2018-04-02 15:05:23,001 : SwitchController : Registering switch handler: s_right_flipper, <bound method TimedSwitch._activate of <timed_switch.flipper_cradle>>, state: 1, ms: 3000, info: True, cb_kwargs: {}
2018-04-02 15:05:23,001 : SwitchController : Registering switch handler: s_right_flipper, <bound method TimedSwitch._deactivate of <timed_switch.flipper_cradle>>, state: 0, ms: 0, info: True, cb_kwargs: {}
2018-04-02 15:05:23,001 : EventManager : Event: ======'init_phase_2'====== Args={}
2018-04-02 15:05:23,003 : YAML File Interface : Loading file: c:\python34\lib\site-packages\mpf\modes\attract\config\attract.yaml
2018-04-02 15:05:23,007 : YAML File Interface : Loading file: c:\python34\lib\site-packages\mpf\modes\game\config\game.yaml
2018-04-02 15:05:23,014 : BCPClientSocket.local_display : Connecting BCP to 'local_display' at localhost:5050...
2018-04-02 15:05:24,518 : BCPClientSocket.local_display : Connected BCP to 'local_display' localhost:5050
2018-04-02 15:05:24,519 : SwitchController : Registering switch handler: s_plunger_lane, <bound method SwitchCounter._switch_changed of <mpf.devices.ball_device.switch_counter.SwitchCounter object at 0x000000000724F780>>, state: 1, ms: 300, info: False, cb_kwargs: {}
2018-04-02 15:05:24,519 : SwitchController : Registering switch handler: s_plunger_lane, <bound method SwitchCounter._switch_changed of <mpf.devices.ball_device.switch_counter.SwitchCounter object at 0x000000000724F780>>, state: 0, ms: 500, info: False, cb_kwargs: {}
2018-04-02 15:05:24,519 : ball_device.bd_plunger : Counted 0 balls. Active switches: []
2018-04-02 15:05:24,520 : ball_device.bd_plunger : Waiting for eject request.
2018-04-02 15:05:24,520 : SwitchController : Registering switch handler: s_trough1, <bound method SwitchCounter._switch_changed of <mpf.devices.ball_device.switch_counter.SwitchCounter object at 0x0000000007261CC0>>, state: 1, ms: 300, info: False, cb_kwargs: {}
2018-04-02 15:05:24,520 : SwitchController : Registering switch handler: s_trough2, <bound method SwitchCounter._switch_changed of <mpf.devices.ball_device.switch_counter.SwitchCounter object at 0x0000000007261CC0>>, state: 1, ms: 300, info: False, cb_kwargs: {}
2018-04-02 15:05:24,520 : SwitchController : Registering switch handler: s_trough3, <bound method SwitchCounter._switch_changed of <mpf.devices.ball_device.switch_counter.SwitchCounter object at 0x0000000007261CC0>>, state: 1, ms: 300, info: False, cb_kwargs: {}
2018-04-02 15:05:24,520 : SwitchController : Registering switch handler: s_trough4, <bound method SwitchCounter._switch_changed of <mpf.devices.ball_device.switch_counter.SwitchCounter object at 0x0000000007261CC0>>, state: 1, ms: 300, info: False, cb_kwargs: {}
2018-04-02 15:05:24,520 : SwitchController : Registering switch handler: s_trough5, <bound method SwitchCounter._switch_changed of <mpf.devices.ball_device.switch_counter.SwitchCounter object at 0x0000000007261CC0>>, state: 1, ms: 300, info: False, cb_kwargs: {}
2018-04-02 15:05:24,520 : SwitchController : Registering switch handler: s_trough_jam, <bound method SwitchCounter._switch_changed of <mpf.devices.ball_device.switch_counter.SwitchCounter object at 0x0000000007261CC0>>, state: 1, ms: 300, info: False, cb_kwargs: {}
2018-04-02 15:05:24,520 : SwitchController : Registering switch handler: s_trough1, <bound method SwitchCounter._switch_changed of <mpf.devices.ball_device.switch_counter.SwitchCounter object at 0x0000000007261CC0>>, state: 0, ms: 500, info: False, cb_kwargs: {}
2018-04-02 15:05:24,520 : SwitchController : Registering switch handler: s_trough2, <bound method SwitchCounter._switch_changed of <mpf.devices.ball_device.switch_counter.SwitchCounter object at 0x0000000007261CC0>>, state: 0, ms: 500, info: False, cb_kwargs: {}
2018-04-02 15:05:24,520 : SwitchController : Registering switch handler: s_trough3, <bound method SwitchCounter._switch_changed of <mpf.devices.ball_device.switch_counter.SwitchCounter object at 0x0000000007261CC0>>, state: 0, ms: 500, info: False, cb_kwargs: {}
2018-04-02 15:05:24,520 : SwitchController : Registering switch handler: s_trough4, <bound method SwitchCounter._switch_changed of <mpf.devices.ball_device.switch_counter.SwitchCounter object at 0x0000000007261CC0>>, state: 0, ms: 500, info: False, cb_kwargs: {}
2018-04-02 15:05:24,520 : SwitchController : Registering switch handler: s_trough5, <bound method SwitchCounter._switch_changed of <mpf.devices.ball_device.switch_counter.SwitchCounter object at 0x0000000007261CC0>>, state: 0, ms: 500, info: False, cb_kwargs: {}
2018-04-02 15:05:24,521 : SwitchController : Registering switch handler: s_trough_jam, <bound method SwitchCounter._switch_changed of <mpf.devices.ball_device.switch_counter.SwitchCounter object at 0x0000000007261CC0>>, state: 0, ms: 500, info: False, cb_kwargs: {}
2018-04-02 15:05:24,521 : ball_device.bd_trough : Counted 5 balls. Active switches: ['s_trough1', 's_trough2', 's_trough3', 's_trough4', 's_trough5']
2018-04-02 15:05:24,521 : ball_device.bd_trough : Waiting for eject request.
2018-04-02 15:05:24,523 : YAML File Interface : Loading file: D:\Dev\mpf\scottp\data/audits.yaml
2018-04-02 15:05:24,527 : Machine : "info_lights:" section not found in machine configuration, so the Info Lights plugin will not be used.
2018-04-02 15:05:24,528 : Machine : "switch_player:" section not found in machine configuration, so the Switch Playerplugin will not be used.
2018-04-02 15:05:24,528 : EventManager : Event: ======'init_phase_3'====== Args={}
2018-04-02 15:05:24,532 : EventManager : Event: ======'init_phase_4'====== Args={}
2018-04-02 15:05:24,533 : ball_device.bd_plunger : Counted 0 balls. Active switches: []
2018-04-02 15:05:24,533 : ball_device.bd_trough : Counted 5 balls. Active switches: ['s_trough1', 's_trough2', 's_trough3', 's_trough4', 's_trough5']
2018-04-02 15:05:24,535 : EventManager : Event: ======'machine_var_audits_player_score'====== Args={'value': {'average': 0, 'top': [], 'total': 0}, 'change': False, 'prev_value': {'average': 0, 'top': [], 'total': 0}}
2018-04-02 15:05:24,536 : EventManager : Event: ======'machine_var_audits_switches_s_plunger_lane'====== Args={'value': 2, 'change': 0, 'prev_value': 2}
2018-04-02 15:05:24,536 : EventManager : Event: ======'machine_var_audits_switches_s_right_flipper'====== Args={'value': 0, 'change': 0, 'prev_value': 0}
2018-04-02 15:05:24,536 : EventManager : Event: ======'machine_var_audits_switches_s_trough_jam'====== Args={'value': 0, 'change': 0, 'prev_value': 0}
2018-04-02 15:05:24,536 : EventManager : Event: ======'machine_var_audits_switches_s_trough5'====== Args={'value': 0, 'change': 0, 'prev_value': 0}
2018-04-02 15:05:24,536 : EventManager : Event: ======'machine_var_audits_switches_s_trough3'====== Args={'value': 0, 'change': 0, 'prev_value': 0}
2018-04-02 15:05:24,537 : EventManager : Event: ======'machine_var_audits_switches_s_trough2'====== Args={'value': 0, 'change': 0, 'prev_value': 0}
2018-04-02 15:05:24,537 : EventManager : Event: ======'machine_var_audits_switches_s_start'====== Args={'value': 1, 'change': 0, 'prev_value': 1}
2018-04-02 15:05:24,537 : EventManager : Event: ======'machine_var_audits_switches_s_right_inlane'====== Args={'value': 0, 'change': 0, 'prev_value': 0}
2018-04-02 15:05:24,537 : EventManager : Event: ======'machine_var_audits_switches_s_trough4'====== Args={'value': 0, 'change': 0, 'prev_value': 0}
2018-04-02 15:05:24,537 : EventManager : Event: ======'machine_var_audits_switches_s_trough1'====== Args={'value': 0, 'change': 0, 'prev_value': 0}
2018-04-02 15:05:24,537 : EventManager : Event: ======'machine_var_audits_switches_s_launch'====== Args={'value': 0, 'change': 0, 'prev_value': 0}
2018-04-02 15:05:24,538 : EventManager : Event: ======'machine_var_audits_switches_s_left_flipper'====== Args={'value': 0, 'change': 0, 'prev_value': 0}
2018-04-02 15:05:24,538 : EventManager : Event: ======'machine_var_audits_events_game_ended'====== Args={'value': 0, 'change': 0, 'prev_value': 0}
2018-04-02 15:05:24,538 : EventManager : Event: ======'machine_var_audits_events_game_started'====== Args={'value': 2, 'change': 0, 'prev_value': 2}
2018-04-02 15:05:24,538 : EventManager : Event: ======'init_phase_5'====== Args={}
2018-04-02 15:05:24,539 : EventManager : Event: ======'machine_var_master_volume'====== Args={'value': 0.5, 'change': 0.0, 'prev_value': 0.5}
2018-04-02 15:05:24,540 : EventManager : Event: ======'init_done'====== Args={}
2018-04-02 15:05:24,540 : EventManager : Event: ======'machine_reset_phase_1'====== Args={}
2018-04-02 15:05:24,553 : EventManager : Event: ======'slide_window_slide_1_removed'====== Args={'_from_bcp': True}
2018-04-02 15:05:24,561 : EventManager : Event: ======'slide_window_slide_1_created'====== Args={'_from_bcp': True}
2018-04-02 15:05:24,564 : EventManager : Event: ======'machine_reset_phase_2'====== Args={}
2018-04-02 15:05:24,565 : EventManager : Event: ======'machine_reset_phase_3'====== Args={}
2018-04-02 15:05:24,565 : EventManager : Event: ======'slide_window_slide_1_active'====== Args={'_from_bcp': True}
2018-04-02 15:05:24,565 : SwitchController : Found active switch: s_trough3
2018-04-02 15:05:24,566 : SwitchController : Found active switch: s_trough5
2018-04-02 15:05:24,566 : SwitchController : Found active switch: s_trough2
2018-04-02 15:05:24,566 : SwitchController : Found active switch: s_trough4
2018-04-02 15:05:24,566 : SwitchController : Found active switch: s_trough1
2018-04-02 15:05:24,566 : EventManager : Event: ======'reset_complete'====== Args={}
2018-04-02 15:05:24,566 : EventManager : Event: ======'mode_attract_will_start'====== Args={}
2018-04-02 15:05:24,567 : EventManager : Event: ======'mode_attract_starting'====== Args={}
2018-04-02 15:05:24,567 : Mode.attract : Started. Priority: 10
2018-04-02 15:05:24,567 : EventManager : Event: ======'mode_attract_started'====== Args={}
2018-04-02 15:05:24,567 : SwitchController : Registering switch handler: s_start, <bound method Attract.start_button_pressed of <Mode.attract>>, state: 1, ms: 0, info: False, cb_kwargs: {}
2018-04-02 15:05:24,567 : SwitchController : Registering switch handler: s_start, <bound method Attract.start_button_released of <Mode.attract>>, state: 0, ms: 0, info: False, cb_kwargs: {}
2018-04-02 15:05:24,567 : EventManager : Event: ======'collecting_balls_complete'====== Args={}
2018-04-02 15:05:24,568 : Machine : Starting the main run loop.
2018-04-02 15:05:24,598 : EventManager : Event: ======'slide_dmd_slide_1_created'====== Args={'_from_bcp': True}
2018-04-02 15:05:24,604 : EventManager : Event: ======'slide_dmd_slide_1_active'====== Args={'_from_bcp': True}
2018-04-02 15:05:36,848 : SwitchController : Processing switch. Name: s_start, state: 1, logical: True,
2018-04-02 15:05:36,848 : SwitchController : <<<<<<< 's_start' active >>>>>>>
2018-04-02 15:05:36,849 : EventManager : Event: ======'s_start_active'====== Args={}
2018-04-02 15:05:36,849 : EventManager : Event: ======'sw_start'====== Args={}
2018-04-02 15:05:36,849 : EventManager : Event: ======'sw_start_active'====== Args={}
2018-04-02 15:05:36,995 : SwitchController : Processing switch. Name: s_start, state: 0, logical: True,
2018-04-02 15:05:36,995 : SwitchController : <<<<<<< 's_start' inactive >>>>>>>
2018-04-02 15:05:36,995 : EventManager : Event: ======'request_to_start_game'====== Args={}
2018-04-02 15:05:36,996 : EventManager : Event: ======'s_start_inactive'====== Args={}
2018-04-02 15:05:36,996 : EventManager : Event: ======'sw_start_inactive'====== Args={}
2018-04-02 15:05:36,997 : EventManager : Event: ======'game_start'====== Args={'buttons': [], 'hold_time': 0.14000000001396984}
2018-04-02 15:05:36,997 : EventManager : Event: ======'mode_game_will_start'====== Args={}
2018-04-02 15:05:36,998 : EventManager : Event: ======'mode_game_starting'====== Args={}
2018-04-02 15:05:36,998 : SwitchController : Removing switch handler. Switch: s_start, State: 1, ms: 0
2018-04-02 15:05:36,998 : SwitchController : Removing switch handler. Switch: s_start, State: 0, ms: 0
2018-04-02 15:05:36,998 : EventManager : Event: ======'mode_attract_stopping'====== Args={}
2018-04-02 15:05:36,999 : Mode.attract : Stopped.
2018-04-02 15:05:36,999 : EventManager : Event: ======'mode_attract_stopped'====== Args={}
2018-04-02 15:05:36,999 : EventManager : Event: ======'clear'====== Args={'key': 'attract'}
2018-04-02 15:05:36,999 : Mode.game : Started. Priority: 20
2018-04-02 15:05:36,999 : EventManager : Event: ======'mode_game_started'====== Args={}
2018-04-02 15:05:37,012 : EventManager : Event: ======'game_starting'====== Args={'game': <Mode.game>}
2018-04-02 15:05:37,013 : Auditor : Enabling the Auditor
2018-04-02 15:05:37,013 : Player : Creating new player: Player 1. (player index '0')
2018-04-02 15:05:37,014 : EventManager : Event: ======'player_add_success'====== Args={'player': <Player 1>, 'num': 1}
2018-04-02 15:05:37,014 : EventManager : Event: ======'player_turn_start'====== Args={'number': 1, 'player': <Player 1>}
2018-04-02 15:05:37,014 : EventManager : Event: ======'game_started'====== Args={}
2018-04-02 15:05:37,014 : Mode.game : Player added successfully. Total players: 1
2018-04-02 15:05:37,015 : Player : Setting 'extra_balls_lit' to: 0, (prior: 0, change: 0)
2018-04-02 15:05:37,015 : EventManager : Event: ======'player_extra_balls_lit'====== Args={'value': 0, 'player_num': 1, 'change': 0, 'prev_value': 0}
2018-04-02 15:05:37,015 : Player : Setting 'extra_balls' to: 0, (prior: 0, change: 0)
2018-04-02 15:05:37,015 : EventManager : Event: ======'player_extra_balls'====== Args={'value': 0, 'player_num': 1, 'change': 0, 'prev_value': 0}
2018-04-02 15:05:37,015 : Player : Setting 'extra_balls_current_ball' to: 0, (prior: 0, change: 0)
2018-04-02 15:05:37,016 : EventManager : Event: ======'player_extra_balls_current_ball'====== Args={'value': 0, 'player_num': 1, 'change': 0, 'prev_value': 0}
2018-04-02 15:05:37,016 : EventManager : Event: ======'player_turn_starting'====== Args={'number': 1, 'player': <Player 1>}
2018-04-02 15:05:37,017 : Player : Setting 'ball' to: 1, (prior: 0, change: 1)
2018-04-02 15:05:37,017 : EventManager : Event: ======'player_ball'====== Args={'value': 1, 'player_num': 1, 'change': 1, 'prev_value': 0}
2018-04-02 15:05:37,017 : EventManager : Event: ======'player_turn_started'====== Args={'number': 1, 'player': <Player 1>}
2018-04-02 15:05:37,017 : EventManager : Event: ======'ball_starting'====== Args={'balls_remaining': 2, 'is_extra_ball': False}
2018-04-02 15:05:37,018 : EventManager : Event: ======'balls_in_play'====== Args={'balls': 1}
2018-04-02 15:05:37,018 : EventManager : Event: ======'ball_started'====== Args={'ball': 1, 'player': 1}
2018-04-02 15:05:37,018 : EventManager : Event: ======'single_player_ball_started'====== Args={}
2018-04-02 15:05:37,018 : ball_device.bd_plunger : Setting up player-controlled eject. Balls: 1, Target: <playfield.playfield>, player_controlled_eject_event: sw_launch
2018-04-02 15:05:37,018 : ball_device.bd_trough : Adding eject chain
2018-04-02 15:05:37,018 : ball_device.bd_plunger : Adding eject chain
2018-04-02 15:05:37,018 : EventManager : Event: ======'balldevice_balls_available'====== Args={}
2018-04-02 15:05:37,021 : ball_device.bd_trough : Got eject request
2018-04-02 15:05:37,021 : EventManager : Event: ======'balldevice_bd_trough_ball_eject_attempt'====== Args={'target': <ball_device.bd_plunger>, 'balls': 1, 'num_attempts': 0, 'source': <ball_device.bd_trough>, 'mechanical_eject': True}
2018-04-02 15:05:37,021 : ball_device.bd_plunger : Got eject request
2018-04-02 15:05:37,021 : ball_device.bd_plunger : No ball found. Waiting for balls.
2018-04-02 15:05:37,022 : ball_device.bd_plunger : Ready to receive from <ball_device.bd_trough>. Free space 1 (Capacity: 1, Balls: 0), incoming_balls: 0
2018-04-02 15:05:37,022 : ball_device.bd_plunger : Counted 0 balls. Active switches: []
2018-04-02 15:05:37,022 : ball_device.bd_trough : Ejecting ball to <ball_device.bd_plunger>
2018-04-02 15:05:37,022 : EventManager : Event: ======'balldevice_bd_trough_ejecting_ball'====== Args={'target': <ball_device.bd_plunger>, 'balls': 1, 'num_attempts': 0, 'source': <ball_device.bd_trough>, 'mechanical_eject': True}
2018-04-02 15:05:37,022 : ball_device.bd_plunger : Counted 0 balls. Active switches: []
2018-04-02 15:05:37,023 : SmartVirtual Coil Action : Setting eject target. bd_trough -> bd_plunger. Mechanical: True
2018-04-02 15:05:37,023 : ball_device.bd_trough : Entered eject mode.
2018-04-02 15:05:37,023 : SwitchController : Registering switch handler: s_trough1, functools.partial(<function SwitchController._wait_handler at 0x0000000006CD7620>, ms=0, switch_name='s_trough1', _future=<Future pending cb=[SwitchController._future_done([])()]>), state: 0, ms: 0, info: False, cb_kwargs: {}
2018-04-02 15:05:37,024 : SwitchController : Registering switch handler: s_trough2, functools.partial(<function SwitchController._wait_handler at 0x0000000006CD7620>, ms=0, switch_name='s_trough2', _future=<Future pending cb=[SwitchController._future_done([])()]>), state: 0, ms: 0, info: False, cb_kwargs: {}
2018-04-02 15:05:37,024 : SwitchController : Registering switch handler: s_trough3, functools.partial(<function SwitchController._wait_handler at 0x0000000006CD7620>, ms=0, switch_name='s_trough3', _future=<Future pending cb=[SwitchController._future_done([])()]>), state: 0, ms: 0, info: False, cb_kwargs: {}
2018-04-02 15:05:37,024 : SwitchController : Registering switch handler: s_trough4, functools.partial(<function SwitchController._wait_handler at 0x0000000006CD7620>, ms=0, switch_name='s_trough4', _future=<Future pending cb=[SwitchController._future_done([])()]>), state: 0, ms: 0, info: False, cb_kwargs: {}
2018-04-02 15:05:37,024 : SwitchController : Registering switch handler: s_trough5, functools.partial(<function SwitchController._wait_handler at 0x0000000006CD7620>, ms=0, switch_name='s_trough5', _future=<Future pending cb=[SwitchController._future_done([])()]>), state: 0, ms: 0, info: False, cb_kwargs: {}
2018-04-02 15:05:37,024 : ball_device.bd_trough : Counted 5 balls. Active switches: ['s_trough1', 's_trough2', 's_trough3', 's_trough4', 's_trough5']
2018-04-02 15:05:37,025 : ball_device.bd_trough : Waiting for eject to end
2018-04-02 15:05:37,025 : ball_device.bd_trough : Wait for ball to leave device
2018-04-02 15:05:37,025 : SmartVirtual Coil Action : Removing ball from device bd_trough
2018-04-02 15:05:37,025 : SwitchController : Processing switch. Name: s_trough1, state: 0, logical: True,
2018-04-02 15:05:37,025 : SwitchController : <<<<<<< 's_trough1' inactive >>>>>>>
2018-04-02 15:05:37,025 : SwitchController : Found timed switch handler for k/v 877191.75 / {'callback': <bound method SwitchCounter._switch_changed of <mpf.devices.ball_device.switch_counter.SwitchCounter object at 0x0000000007261CC0>>, 'callback_kwargs': {}, 'ms': 500, 'state': 0, 'removed': False, 'switch_name': 's_trough1', 'return_info': False, 'switch_action': 's_trough1-0'}
2018-04-02 15:05:37,025 : EventManager : Event: ======'s_trough1_inactive'====== Args={}
2018-04-02 15:05:37,025 : SmartVirtual Coil Action : Deactivating: s_trough1
2018-04-02 15:05:37,026 : SmartVirtual Coil Action : Adding delay for bd_plunger to receive ball in 100ms
2018-04-02 15:05:37,026 : ball_device.bd_trough : Firing eject coil. Current balls: 5.
2018-04-02 15:05:37,026 : SwitchController : Removing switch handler. Switch: s_trough1, State: 0, ms: 0
2018-04-02 15:05:37,027 : SwitchController : Removing switch handler. Switch: s_trough4, State: 0, ms: 0
2018-04-02 15:05:37,027 : SwitchController : Removing switch handler. Switch: s_trough2, State: 0, ms: 0
2018-04-02 15:05:37,027 : SwitchController : Removing switch handler. Switch: s_trough3, State: 0, ms: 0
2018-04-02 15:05:37,027 : SwitchController : Removing switch handler. Switch: s_trough5, State: 0, ms: 0
2018-04-02 15:05:37,027 : ball_device.bd_trough : Got ball left during eject
2018-04-02 15:05:37,027 : ball_device.bd_trough : Switch 's_trough1' changed too recently. Aborting count!
2018-04-02 15:05:37,028 : ball_device.bd_trough : Ball left
2018-04-02 15:05:37,028 : ball_device.bd_plunger : Adding incoming ball from <ball_device.bd_trough>
2018-04-02 15:05:37,028 : ball_device.bd_trough : Wait for confirm with timeout 10.0
2018-04-02 15:05:37,040 : EventManager : Event: ======'slide_widgets_created'====== Args={'_from_bcp': True}
2018-04-02 15:05:37,043 : EventManager : Event: ======'slide_widgets_active'====== Args={'_from_bcp': True}
2018-04-02 15:05:37,107 : SwitchController : Processing switch. Name: s_plunger_lane, state: 1, logical: True,
2018-04-02 15:05:37,107 : SwitchController : <<<<<<< 's_plunger_lane' active >>>>>>>
2018-04-02 15:05:37,107 : SwitchController : Found timed switch handler for k/v 877191.643 / {'callback': <bound method SwitchCounter._switch_changed of <mpf.devices.ball_device.switch_counter.SwitchCounter object at 0x000000000724F780>>, 'callback_kwargs': {}, 'ms': 300, 'state': 1, 'removed': False, 'switch_name': 's_plunger_lane', 'return_info': False, 'switch_action': 's_plunger_lane-1'}
2018-04-02 15:05:37,107 : EventManager : Event: ======'machine_var_audits_switches_s_plunger_lane'====== Args={'value': 3, 'change': 0, 'prev_value': 3}
2018-04-02 15:05:37,107 : EventManager : Event: ======'s_plunger_lane_active'====== Args={}
2018-04-02 15:05:37,419 : SwitchController : Processing timed switch handler. Switch: s_plunger_lane  State: 1, ms: 300
2018-04-02 15:05:37,420 : ball_device.bd_plunger : Counted 1 balls. Active switches: ['s_plunger_lane']
2018-04-02 15:05:37,420 : ball_device.bd_plunger : Counted 1 balls. Active switches: ['s_plunger_lane']
2018-04-02 15:05:37,421 : ball_device.bd_plunger : Counting idle
2018-04-02 15:05:37,421 : ball_device.bd_plunger : BCH: Found 1 new balls
2018-04-02 15:05:37,421 : ball_device.bd_plunger : Received ball from <ball_device.bd_trough>
2018-04-02 15:05:37,421 : ball_device.bd_plunger : Removing incoming ball from <ball_device.bd_trough>
2018-04-02 15:05:37,421 : ball_device.bd_plunger : Processing new ball
2018-04-02 15:05:37,421 : EventManager : Event: ======'balldevice_bd_plunger_ball_enter'====== Args={'device': <ball_device.bd_plunger>, 'unclaimed_balls': 0, 'new_balls': 1}
2018-04-02 15:05:37,421 : ball_device.bd_plunger : A ball arrived. Progressing.
2018-04-02 15:05:37,423 : EventManager : Event: ======'balldevice_bd_plunger_ball_eject_attempt'====== Args={'target': <playfield.playfield>, 'balls': 1, 'num_attempts': 0, 'source': <ball_device.bd_plunger>, 'mechanical_eject': True}
2018-04-02 15:05:37,423 : ball_device.bd_trough : Got eject confirm
2018-04-02 15:05:37,423 : ball_device.bd_trough : Eject successful
2018-04-02 15:05:37,424 : ball_device.bd_trough : Received eject success.
2018-04-02 15:05:37,424 : EventManager : Event: ======'balldevice_bd_trough_ball_eject_success'====== Args={'target': <ball_device.bd_plunger>, 'balls': 1}
2018-04-02 15:05:37,424 : ball_device.bd_trough : Exited eject mode.
2018-04-02 15:05:37,425 : ball_device.bd_trough : Waiting for eject request.
2018-04-02 15:05:37,425 : ball_device.bd_plunger : Ejecting ball to <playfield.playfield>
2018-04-02 15:05:37,425 : EventManager : Event: ======'balldevice_bd_plunger_ejecting_ball'====== Args={'target': <playfield.playfield>, 'balls': 1, 'num_attempts': 0, 'source': <ball_device.bd_plunger>, 'mechanical_eject': True}
2018-04-02 15:05:37,426 : ball_device.bd_trough : Switch 's_trough1' changed too recently. Aborting count!
2018-04-02 15:05:37,426 : SmartVirtual Coil Action : Setting eject target. bd_plunger -> playfield. Mechanical: True
2018-04-02 15:05:37,427 : ball_device.bd_plunger : Entered eject mode.
2018-04-02 15:05:37,428 : SwitchController : Registering switch handler: s_plunger_lane, functools.partial(<function SwitchController._wait_handler at 0x0000000006CD7620>, ms=0, switch_name='s_plunger_lane', _future=<Future pending cb=[SwitchController._future_done([])()]>), state: 0, ms: 0, info: False, cb_kwargs: {}
2018-04-02 15:05:37,429 : ball_device.bd_plunger : Counted 1 balls. Active switches: ['s_plunger_lane']
2018-04-02 15:05:37,429 : ball_device.bd_plunger : Waiting for eject to end
2018-04-02 15:05:37,430 : ball_device.bd_plunger : Wait for ball to leave device
2018-04-02 15:05:37,513 : SwitchController : Processing timed switch handler. Switch: s_trough1  State: 0, ms: 500
2018-04-02 15:05:37,514 : ball_device.bd_trough : Counted 4 balls. Active switches: ['s_trough2', 's_trough3', 's_trough4', 's_trough5']
2018-04-02 15:05:37,514 : ball_device.bd_trough : Eject ended
2018-04-02 15:05:37,514 : ball_device.bd_trough : Counting idle
2018-04-02 15:06:27,026 : Machine : Shutting down...
2018-04-02 15:06:27,026 : EventManager : Event: ======'shutdown'====== Args={}
2018-04-02 15:06:27,027 : Machine : Shutting down...
2018-04-02 15:06:27,027 : EventManager : Event: ======'shutdown'====== Args={}
2018-04-02 15:06:27,027 : ball_device.bd_plunger : Stopping ball device
2018-04-02 15:06:27,027 : ball_device.bd_trough : Stopping ball device
2018-04-02 15:06:27,028 : SmartMatrix : Disconnecting from SmartMatrix RGB DMD hardware...
2018-04-02 15:06:27,028 : ball_device.bd_plunger : Stopping ball device
2018-04-02 15:06:27,028 : ball_device.bd_trough : Stopping ball device
2018-04-02 15:06:27,028 : SmartMatrix : Disconnecting from SmartMatrix RGB DMD hardware...
2018-04-02 15:06:27,030 : asyncio : Task was destroyed but it is pending!
task: <Task pending coro=<get() running at c:\python34\lib\asyncio\queues.py:168> wait_for=<Future cancelled> cb=[_wait.<locals>._on_completion() at c:\python34\lib\asyncio\tasks.py:408]>
2018-04-02 15:06:27,030 : asyncio : Task was destroyed but it is pending!
task: <Task pending coro=<wait() running at c:\python34\lib\asyncio\locks.py:264> wait_for=<Future cancelled> cb=[_wait.<locals>._on_completion() at c:\python34\lib\asyncio\tasks.py:408]>
2018-04-02 15:06:27,031 : root : MPF run loop ended.
