2018-04-02 11:47:54,386 : Machine : Mission Pinball Framework Core Engine v0.33.49
2018-04-02 11:47:54,386 : Machine : Command line arguments: {'mpfconfigfile': 'c:\\python34\\lib\\site-packages\\mpf\\mpfconfig.yaml', 'syslog_address': None, 'configfile': ['config'], 'force_assets_load': False, 'pause': False, 'create_config_cache': True, 'force_platform': None, 'bcp': True, 'logfile': 'logs\\2018-04-02-11-47-54-mpf-DESKTOP-U1P21TS.log', 'loglevel': 11, 'mc_file_name': None, 'consoleloglevel': 20, 'no_load_cache': False}
2018-04-02 11:47:54,386 : Machine : MPF path: c:\python34\lib\site-packages\mpf
2018-04-02 11:47:54,386 : Machine : Machine path: D:\Dev\mpf\scottp
2018-04-02 11:47:54,386 : Machine : Platform: win32
2018-04-02 11:47:54,386 : Machine : Python executable location: c:\python34\python.exe
2018-04-02 11:47:54,387 : Machine : Python version: 3.4.4 (64-bit)
2018-04-02 11:47:54,562 : Machine : Loading config from original files
2018-04-02 11:47:54,611 : Machine : Machine config file #1: D:\Dev\mpf\scottp\config\config
2018-04-02 11:47:54,619 : Machine : Config file cache created: C:\Users\maddo\AppData\Local\Temp\f2725e9fdb5e5699b9561cedbbf1540fconfig
2018-04-02 11:47:54,632 : SmartMatrix : Connecting to SmartMatrix RGB DMD on COM6 baud 2500000
2018-04-02 11:47:54,656 : SwitchController : Loading the SwitchController
2018-04-02 11:47:54,699 : EventManager : Event: ======'machine_var_mpf_version'====== Args={'prev_value': 'MPF v0.33.49', 'change': False, 'value': 'MPF v0.33.49'}
2018-04-02 11:47:54,699 : EventManager : Event: ======'machine_var_mpf_extended_version'====== Args={'prev_value': 'MPF v0.33.49, Config version:4, Show version: 4, BCP version:1.1', 'change': False, 'value': 'MPF v0.33.49, Config version:4, Show version: 4, BCP version:1.1'}
2018-04-02 11:47:54,699 : EventManager : Event: ======'machine_var_python_version'====== Args={'prev_value': '3.4.4', 'change': False, 'value': '3.4.4'}
2018-04-02 11:47:54,700 : EventManager : Event: ======'machine_var_platform'====== Args={'prev_value': 'Windows-10-10.0.16299', 'change': False, 'value': 'Windows-10-10.0.16299'}
2018-04-02 11:47:54,700 : EventManager : Event: ======'machine_var_platform_system'====== Args={'prev_value': 'Windows', 'change': False, 'value': 'Windows'}
2018-04-02 11:47:54,700 : EventManager : Event: ======'machine_var_platform_release'====== Args={'prev_value': '10', 'change': False, 'value': '10'}
2018-04-02 11:47:54,700 : EventManager : Event: ======'machine_var_platform_version'====== Args={'prev_value': '10.0.16299', 'change': False, 'value': '10.0.16299'}
2018-04-02 11:47:54,700 : EventManager : Event: ======'machine_var_platform_machine'====== Args={'prev_value': 'AMD64', 'change': False, 'value': 'AMD64'}
2018-04-02 11:47:54,700 : EventManager : Event: ======'init_phase_1'====== Args={}
2018-04-02 11:47:54,723 : EventManager : Event: ======'init_phase_2'====== Args={}
2018-04-02 11:47:54,735 : BCPClientSocket.local_display : Connecting BCP to 'local_display' at localhost:5050...
2018-04-02 11:47:56,239 : BCPClientSocket.local_display : Connected BCP to 'local_display' localhost:5050
2018-04-02 11:47:56,243 : EventManager : Event: ======'init_phase_3'====== Args={}
2018-04-02 11:47:56,246 : EventManager : Event: ======'init_phase_4'====== Args={}
2018-04-02 11:47:56,248 : EventManager : Event: ======'machine_var_audits_player_score'====== Args={'prev_value': {'top': [], 'total': 0, 'average': 0}, 'change': False, 'value': {'top': [], 'total': 0, 'average': 0}}
2018-04-02 11:47:56,249 : EventManager : Event: ======'init_phase_5'====== Args={}
2018-04-02 11:47:56,249 : EventManager : Event: ======'init_done'====== Args={}
2018-04-02 11:47:56,250 : EventManager : Event: ======'machine_reset_phase_1'====== Args={}
2018-04-02 11:47:56,269 : EventManager : Event: ======'machine_var_master_volume'====== Args={'prev_value': 0.5, 'change': 0.0, 'value': 0.5}
2018-04-02 11:47:56,270 : EventManager : Event: ======'slide_window_slide_1_removed'====== Args={'_from_bcp': True}
2018-04-02 11:47:56,276 : EventManager : Event: ======'slide_window_slide_1_created'====== Args={'_from_bcp': True}
2018-04-02 11:47:56,278 : EventManager : Event: ======'slide_dmd_slide_1_removed'====== Args={'_from_bcp': True}
2018-04-02 11:47:56,279 : EventManager : Event: ======'slide_dmd_slide_1_created'====== Args={'_from_bcp': True}
2018-04-02 11:47:56,281 : EventManager : Event: ======'slide_window_slide_1_active'====== Args={'_from_bcp': True}
2018-04-02 11:47:56,281 : EventManager : Event: ======'slide_dmd_slide_1_active'====== Args={'_from_bcp': True}
2018-04-02 11:47:56,281 : EventManager : Event: ======'machine_reset_phase_2'====== Args={}
2018-04-02 11:47:56,282 : EventManager : Event: ======'machine_reset_phase_3'====== Args={}
2018-04-02 11:47:56,282 : EventManager : Event: ======'reset_complete'====== Args={}
2018-04-02 11:47:56,282 : EventManager : Event: ======'mode_attract_will_start'====== Args={}
2018-04-02 11:47:56,283 : EventManager : Event: ======'mode_attract_starting'====== Args={}
2018-04-02 11:47:56,283 : Mode.attract : Started. Priority: 10
2018-04-02 11:47:56,283 : EventManager : Event: ======'mode_attract_started'====== Args={}
2018-04-02 11:47:56,283 : EventManager : Event: ======'collecting_balls_complete'====== Args={}
2018-04-02 11:47:56,284 : Machine : Starting the main run loop.
2018-04-02 11:49:08,857 : Machine : Shutting down...
2018-04-02 11:49:08,857 : EventManager : Event: ======'shutdown'====== Args={}
2018-04-02 11:49:08,857 : Machine : Shutting down...
2018-04-02 11:49:08,857 : EventManager : Event: ======'shutdown'====== Args={}
2018-04-02 11:49:08,858 : SmartMatrix : Disconnecting from SmartMatrix RGB DMD hardware...
2018-04-02 11:49:08,858 : SmartMatrix : Disconnecting from SmartMatrix RGB DMD hardware...
2018-04-02 11:49:08,859 : root : MPF run loop ended.
