2018-04-02 11:54:49,444 : kivy : Factory: 194 symbols loaded
2018-04-02 11:54:49,524 : kivy : Image: Providers: img_tex, img_dds, img_sdl2, img_gif (img_pil, img_ffpyplayer ignored)
2018-04-02 11:54:49,554 : kivy : VideoGstplayer: Using Gstreamer 1.10.2.0
2018-04-02 11:54:49,554 : kivy : Video: Provider: gstplayer
2018-04-02 11:54:49,580 : kivy : Loading MPF-MC controller
2018-04-02 11:54:49,580 : mpfmc : Mission Pinball Framework Media Controller v0.33.16
2018-04-02 11:54:49,580 : mpfmc : Mission Pinball Framework Game Engine v0.33.49
2018-04-02 11:54:49,581 : mpfmc : Machine path: D:\Dev\mpf\scottp
2018-04-02 11:54:49,581 : mpfmc : Starting clock at 30.0Hz
2018-04-02 11:54:49,590 : kivy : Text: Provider: sdl2
2018-04-02 11:54:49,787 : kivy : OSC: using <thread> for socket
2018-04-02 11:54:49,790 : kivy : Window: Provider: sdl2
2018-04-02 11:54:49,991 : kivy : GL: Using the "OpenGL" graphics system
2018-04-02 11:54:49,992 : kivy : GL: GLEW initialization succeeded
2018-04-02 11:54:49,992 : kivy : GL: Backend used <glew>
2018-04-02 11:54:49,992 : kivy : GL: OpenGL version <b'4.5.13497 Compatibility Profile Context 23.20.793.0'>
2018-04-02 11:54:49,992 : kivy : GL: OpenGL vendor <b'ATI Technologies Inc.'>
2018-04-02 11:54:49,993 : kivy : GL: OpenGL renderer <b'Radeon (TM) RX 480 Graphics'>
2018-04-02 11:54:49,993 : kivy : GL: OpenGL parsed version: 4, 5
2018-04-02 11:54:49,993 : kivy : GL: Shading version <b'4.50'>
2018-04-02 11:54:49,993 : kivy : GL: Texture max size <16384>
2018-04-02 11:54:49,993 : kivy : GL: Texture max units <32>
2018-04-02 11:54:50,002 : kivy : Window: auto add sdl2 input provider
2018-04-02 11:54:50,002 : kivy : Window: virtual keyboard not allowed, single mode, not docked
2018-04-02 11:54:50,005 : SoundSystem : SoundSystem: Using default 'sound_system' settings
2018-04-02 11:54:50,564 : AudioInterface : Initialized
2018-04-02 11:54:50,564 : SoundSystem : No audio tracks are specified in your machine config file. a track named 'default' has been created.
2018-04-02 11:54:50,566 : kivy : Base: Start application main loop
2018-04-02 11:54:50,662 : MPF-MC BCP Server : Starting up on localhost port 5050
2018-04-02 11:54:50,666 : MPF-MC BCP Server : Waiting for a connection...
2018-04-02 11:54:50,692 : kivy : GL: NPOT texture support is available
2018-04-02 11:54:51,064 : MPF-MC BCP Server : Received connection from: 127.0.0.1:62617
2018-04-02 11:54:51,066 : mpfmc : Initializing Physical DMD
2018-04-02 11:54:51,078 : mpfmc : Setting Physical DMD to 30.0fps
2018-04-02 11:55:02,040 : mpfmc : Stopping...
2018-04-02 11:55:02,263 : kivy : Base: Leaving application in progress...
2018-04-02 11:55:02,263 : mpfmc : Loop rate 39.92 Hz
