2018-04-02 12:03:18,872 : Machine : Mission Pinball Framework Core Engine v0.33.49
2018-04-02 12:03:18,872 : Machine : Command line arguments: {'force_platform': None, 'force_assets_load': False, 'pause': False, 'syslog_address': None, 'consoleloglevel': 20, 'create_config_cache': True, 'no_load_cache': False, 'logfile': 'logs\\2018-04-02-12-03-18-mpf-DESKTOP-U1P21TS.log', 'mpfconfigfile': 'c:\\python34\\lib\\site-packages\\mpf\\mpfconfig.yaml', 'mc_file_name': None, 'bcp': True, 'configfile': ['config'], 'loglevel': 11}
2018-04-02 12:03:18,872 : Machine : MPF path: c:\python34\lib\site-packages\mpf
2018-04-02 12:03:18,872 : Machine : Machine path: D:\Dev\mpf\scottp
2018-04-02 12:03:18,873 : Machine : Platform: win32
2018-04-02 12:03:18,873 : Machine : Python executable location: c:\python34\python.exe
2018-04-02 12:03:18,873 : Machine : Python version: 3.4.4 (64-bit)
2018-04-02 12:03:19,051 : Machine : Loading config from original files
2018-04-02 12:03:19,101 : Machine : Machine config file #1: D:\Dev\mpf\scottp\config\config
2018-04-02 12:03:19,111 : Machine : Config file cache created: C:\Users\maddo\AppData\Local\Temp\f2725e9fdb5e5699b9561cedbbf1540fconfig
2018-04-02 12:03:19,124 : SmartMatrix : Connecting to SmartMatrix RGB DMD on COM6 baud 2500000
2018-04-02 12:03:19,147 : SwitchController : Loading the SwitchController
2018-04-02 12:03:19,190 : EventManager : Event: ======'machine_var_mpf_version'====== Args={'prev_value': 'MPF v0.33.49', 'change': False, 'value': 'MPF v0.33.49'}
2018-04-02 12:03:19,190 : EventManager : Event: ======'machine_var_mpf_extended_version'====== Args={'prev_value': 'MPF v0.33.49, Config version:4, Show version: 4, BCP version:1.1', 'change': False, 'value': 'MPF v0.33.49, Config version:4, Show version: 4, BCP version:1.1'}
2018-04-02 12:03:19,190 : EventManager : Event: ======'machine_var_python_version'====== Args={'prev_value': '3.4.4', 'change': False, 'value': '3.4.4'}
2018-04-02 12:03:19,191 : EventManager : Event: ======'machine_var_platform'====== Args={'prev_value': 'Windows-10-10.0.16299', 'change': False, 'value': 'Windows-10-10.0.16299'}
2018-04-02 12:03:19,191 : EventManager : Event: ======'machine_var_platform_system'====== Args={'prev_value': 'Windows', 'change': False, 'value': 'Windows'}
2018-04-02 12:03:19,191 : EventManager : Event: ======'machine_var_platform_release'====== Args={'prev_value': '10', 'change': False, 'value': '10'}
2018-04-02 12:03:19,191 : EventManager : Event: ======'machine_var_platform_version'====== Args={'prev_value': '10.0.16299', 'change': False, 'value': '10.0.16299'}
2018-04-02 12:03:19,191 : EventManager : Event: ======'machine_var_platform_machine'====== Args={'prev_value': 'AMD64', 'change': False, 'value': 'AMD64'}
2018-04-02 12:03:19,191 : EventManager : Event: ======'init_phase_1'====== Args={}
2018-04-02 12:03:19,214 : EventManager : Event: ======'init_phase_2'====== Args={}
2018-04-02 12:03:19,225 : BCPClientSocket.local_display : Connecting BCP to 'local_display' at localhost:5050...
2018-04-02 12:03:20,730 : BCPClientSocket.local_display : Connected BCP to 'local_display' localhost:5050
2018-04-02 12:03:20,734 : EventManager : Event: ======'init_phase_3'====== Args={}
2018-04-02 12:03:20,738 : EventManager : Event: ======'init_phase_4'====== Args={}
2018-04-02 12:03:20,743 : EventManager : Event: ======'machine_var_audits_player_score'====== Args={'prev_value': {'average': 0, 'total': 0, 'top': []}, 'change': False, 'value': {'average': 0, 'total': 0, 'top': []}}
2018-04-02 12:03:20,743 : EventManager : Event: ======'init_phase_5'====== Args={}
2018-04-02 12:03:20,744 : EventManager : Event: ======'init_done'====== Args={}
2018-04-02 12:03:20,745 : EventManager : Event: ======'machine_reset_phase_1'====== Args={}
2018-04-02 12:03:20,751 : EventManager : Event: ======'machine_var_master_volume'====== Args={'prev_value': 0.5, 'change': 0.0, 'value': 0.5}
2018-04-02 12:03:20,753 : EventManager : Event: ======'slide_dmd_slide_1_removed'====== Args={'_from_bcp': True}
2018-04-02 12:03:20,755 : EventManager : Event: ======'slide_dmd_slide_1_created'====== Args={'_from_bcp': True}
2018-04-02 12:03:20,759 : EventManager : Event: ======'slide_window_slide_1_removed'====== Args={'_from_bcp': True}
2018-04-02 12:03:20,766 : EventManager : Event: ======'slide_window_slide_1_created'====== Args={'_from_bcp': True}
2018-04-02 12:03:20,769 : EventManager : Event: ======'machine_reset_phase_2'====== Args={}
2018-04-02 12:03:20,770 : EventManager : Event: ======'machine_reset_phase_3'====== Args={}
2018-04-02 12:03:20,770 : EventManager : Event: ======'reset_complete'====== Args={}
2018-04-02 12:03:20,770 : EventManager : Event: ======'mode_attract_will_start'====== Args={}
2018-04-02 12:03:20,771 : EventManager : Event: ======'mode_attract_starting'====== Args={}
2018-04-02 12:03:20,771 : Mode.attract : Started. Priority: 10
2018-04-02 12:03:20,771 : EventManager : Event: ======'mode_attract_started'====== Args={}
2018-04-02 12:03:20,771 : EventManager : Event: ======'collecting_balls_complete'====== Args={}
2018-04-02 12:03:20,772 : EventManager : Event: ======'slide_dmd_slide_1_active'====== Args={'_from_bcp': True}
2018-04-02 12:03:20,772 : Machine : Starting the main run loop.
2018-04-02 12:03:20,773 : EventManager : Event: ======'slide_window_slide_1_active'====== Args={'_from_bcp': True}
2018-04-02 12:03:34,412 : Machine : Shutting down...
2018-04-02 12:03:34,412 : EventManager : Event: ======'shutdown'====== Args={}
2018-04-02 12:03:34,412 : Machine : Shutting down...
2018-04-02 12:03:34,412 : EventManager : Event: ======'shutdown'====== Args={}
2018-04-02 12:03:34,412 : SmartMatrix : Disconnecting from SmartMatrix RGB DMD hardware...
2018-04-02 12:03:34,413 : SmartMatrix : Disconnecting from SmartMatrix RGB DMD hardware...
2018-04-02 12:03:34,419 : root : MPF run loop ended.
