2018-04-02 15:06:50,313 : Machine : Mission Pinball Framework Core Engine v0.33.49
2018-04-02 15:06:50,314 : Machine : Command line arguments: {'create_config_cache': True, 'bcp': True, 'pause': False, 'mc_file_name': None, 'consoleloglevel': 20, 'force_platform': None, 'no_load_cache': False, 'loglevel': 10, 'syslog_address': None, 'mpfconfigfile': 'c:\\python34\\lib\\site-packages\\mpf\\mpfconfig.yaml', 'logfile': 'logs\\2018-04-02-15-06-50-mpf-DESKTOP-U1P21TS.log', 'configfile': ['config'], 'force_assets_load': False}
2018-04-02 15:06:50,314 : Machine : MPF path: c:\python34\lib\site-packages\mpf
2018-04-02 15:06:50,314 : Machine : Machine path: D:\Dev\mpf\scottp
2018-04-02 15:06:50,314 : Machine : Platform: win32
2018-04-02 15:06:50,314 : Machine : Python executable location: c:\python34\python.exe
2018-04-02 15:06:50,314 : Machine : Python version: 3.4.4 (64-bit)
2018-04-02 15:06:50,488 : Machine : Loading config from original files
2018-04-02 15:06:50,488 : YAML File Interface : Loading file: c:\python34\lib\site-packages\mpf\mpfconfig.yaml
2018-04-02 15:06:50,537 : Machine : Machine config file #1: D:\Dev\mpf\scottp\config\config
2018-04-02 15:06:50,537 : YAML File Interface : Loading file: D:\Dev\mpf\scottp\config\config.yml
2018-04-02 15:06:50,562 : Machine : Config file cache created: C:\Users\maddo\AppData\Local\Temp\f2725e9fdb5e5699b9561cedbbf1540fconfig
2018-04-02 15:06:50,566 : asyncio : Using selector: SelectSelector
2018-04-02 15:06:50,571 : SmartMatrix : Configuring SmartMatrix RGB DMD hardware interface.
2018-04-02 15:06:50,572 : SmartMatrix : Connecting to SmartMatrix RGB DMD on COM6 baud 2500000
2018-04-02 15:06:50,579 : Smart Virtual Platform : Configuring smart_virtual hardware interface.
2018-04-02 15:06:50,596 : ShotProfileManager : Registering Shot Profile: 'default'
2018-04-02 15:06:50,597 : ShotProfileManager : Processed 'default' profile configuration: {'loop': False, 'states': [{'sync_ms': None, 'speed': 1.0, 'action': 'play', 'show': 'off', 'loops': -1, 'name': 'unlit', 'show_tokens': {}, 'priority': 0, 'start_step': 1, 'manual_advance': None}, {'sync_ms': None, 'speed': 1.0, 'action': 'play', 'show': 'on', 'loops': -1, 'name': 'lit', 'show_tokens': {}, 'priority': 0, 'start_step': 1, 'manual_advance': None}], 'show': None, 'rotation_pattern': deque(['right']), 'player_variable': '%_default', 'show_when_disabled': False, 'state_names_to_rotate': [], 'state_names_to_not_rotate': [], 'block': True, 'advance_on_hit': True}
2018-04-02 15:06:50,598 : SwitchController : Loading the SwitchController
2018-04-02 15:06:50,642 : EventManager : Event: ======'machine_var_mpf_version'====== Args={'change': False, 'prev_value': 'MPF v0.33.49', 'value': 'MPF v0.33.49'}
2018-04-02 15:06:50,642 : EventManager : Event: ======'machine_var_mpf_extended_version'====== Args={'change': False, 'prev_value': 'MPF v0.33.49, Config version:4, Show version: 4, BCP version:1.1', 'value': 'MPF v0.33.49, Config version:4, Show version: 4, BCP version:1.1'}
2018-04-02 15:06:50,642 : EventManager : Event: ======'machine_var_python_version'====== Args={'change': False, 'prev_value': '3.4.4', 'value': '3.4.4'}
2018-04-02 15:06:50,643 : EventManager : Event: ======'machine_var_platform'====== Args={'change': False, 'prev_value': 'Windows-10-10.0.16299', 'value': 'Windows-10-10.0.16299'}
2018-04-02 15:06:50,643 : EventManager : Event: ======'machine_var_platform_system'====== Args={'change': False, 'prev_value': 'Windows', 'value': 'Windows'}
2018-04-02 15:06:50,643 : EventManager : Event: ======'machine_var_platform_release'====== Args={'change': False, 'prev_value': '10', 'value': '10'}
2018-04-02 15:06:50,643 : EventManager : Event: ======'machine_var_platform_version'====== Args={'change': False, 'prev_value': '10.0.16299', 'value': '10.0.16299'}
2018-04-02 15:06:50,643 : EventManager : Event: ======'machine_var_platform_machine'====== Args={'change': False, 'prev_value': 'AMD64', 'value': 'AMD64'}
2018-04-02 15:06:50,643 : EventManager : Event: ======'init_phase_1'====== Args={}
2018-04-02 15:06:50,686 : ball_device.bd_trough : Platform Driver: None
2018-04-02 15:06:50,686 : ball_device.bd_trough : Configuring device with settings: '{'entrance_switch_full_timeout': 0, 'target_on_unexpected_ball': None, 'max_eject_attempts': 0, 'ball_capacity': None, 'label': '%', 'debug': True, 'captures_from': <playfield.playfield>, 'eject_events': {}, 'ball_missing_target': <playfield.playfield>, 'retries_before_increasing_pulse': 4, 'entrance_events': {}, 'eject_coil_retry_pulse': None, 'eject_timeouts': [], 'console_log': 'full', 'eject_coil_jam_pulse': None, 'auto_fire_on_unexpected_ball': True, 'file_log': 'full', 'eject_all_events': {}, 'jam_switch': <switch.s_trough_jam>, 'player_controlled_eject_event': None, 'confirm_eject_event': None, 'hold_coil': None, 'entrance_count_delay': 300, 'hold_coil_release_time': 1000, 'ball_search_order': 200, 'confirm_eject_switch': None, 'hold_switches': [], 'ball_switches': [<switch.s_trough1>, <switch.s_trough2>, <switch.s_trough3>, <switch.s_trough4>, <switch.s_trough5>, <switch.s_trough_jam>], 'request_ball_events': [], 'exit_count_delay': 500, 'mechanical_eject': False, 'entrance_switch': None, 'eject_coil': <coil.c_trough_eject>, 'hold_events': {}, 'confirm_eject_type': 'target', 'eject_targets': [<ball_device.bd_plunger>], 'tags': ['trough', 'home', 'drain'], 'ball_missing_timeouts': []}'
2018-04-02 15:06:50,687 : ball_device.bd_plunger : Platform Driver: None
2018-04-02 15:06:50,687 : ball_device.bd_plunger : Configuring device with settings: '{'entrance_switch_full_timeout': 0, 'target_on_unexpected_ball': None, 'max_eject_attempts': 0, 'ball_capacity': None, 'label': '%', 'ball_switches': [<switch.s_plunger_lane>], 'captures_from': <playfield.playfield>, 'eject_events': {}, 'ball_missing_target': <playfield.playfield>, 'retries_before_increasing_pulse': 4, 'entrance_events': {}, 'eject_coil_retry_pulse': None, 'request_ball_events': [], 'console_log': 'full', 'eject_coil_jam_pulse': None, 'auto_fire_on_unexpected_ball': True, 'file_log': 'full', 'eject_all_events': {}, 'jam_switch': None, 'player_controlled_eject_event': 'sw_launch', 'confirm_eject_event': None, 'hold_coil': None, 'entrance_count_delay': 300, 'hold_coil_release_time': 1000, 'ball_search_order': 200, 'eject_targets': [<playfield.playfield>], 'hold_switches': [], 'debug': True, 'eject_timeouts': [3000], 'exit_count_delay': 500, 'mechanical_eject': False, 'entrance_switch': None, 'eject_coil': <coil.c_plunger_eject>, 'hold_events': {}, 'confirm_eject_type': 'target', 'confirm_eject_switch': None, 'tags': ['ball_add_live'], 'ball_missing_timeouts': []}'
2018-04-02 15:06:50,689 : ball_device.bd_plunger : EVENT: bd_trough to bd_plunger
2018-04-02 15:06:50,690 : SwitchController : Registering switch handler: s_left_flipper, <bound method ComboSwitch._switch_1_went_active of <combo_switch.both_flippers>>, state: 1, ms: 0, info: False, cb_kwargs: {}
2018-04-02 15:06:50,690 : SwitchController : Registering switch handler: s_left_flipper, <bound method ComboSwitch._switch_1_went_inactive of <combo_switch.both_flippers>>, state: 0, ms: 0, info: False, cb_kwargs: {}
2018-04-02 15:06:50,690 : SwitchController : Registering switch handler: s_right_flipper, <bound method ComboSwitch._switch_2_went_active of <combo_switch.both_flippers>>, state: 1, ms: 0, info: False, cb_kwargs: {}
2018-04-02 15:06:50,690 : SwitchController : Registering switch handler: s_right_flipper, <bound method ComboSwitch._switch_2_went_inactive of <combo_switch.both_flippers>>, state: 0, ms: 0, info: False, cb_kwargs: {}
2018-04-02 15:06:50,690 : SwitchController : Registering switch handler: s_left_flipper, <bound method TimedSwitch._activate of <timed_switch.flipper_cradle>>, state: 1, ms: 3000, info: True, cb_kwargs: {}
2018-04-02 15:06:50,690 : SwitchController : Registering switch handler: s_left_flipper, <bound method TimedSwitch._deactivate of <timed_switch.flipper_cradle>>, state: 0, ms: 0, info: True, cb_kwargs: {}
2018-04-02 15:06:50,690 : SwitchController : Registering switch handler: s_right_flipper, <bound method TimedSwitch._activate of <timed_switch.flipper_cradle>>, state: 1, ms: 3000, info: True, cb_kwargs: {}
2018-04-02 15:06:50,690 : SwitchController : Registering switch handler: s_right_flipper, <bound method TimedSwitch._deactivate of <timed_switch.flipper_cradle>>, state: 0, ms: 0, info: True, cb_kwargs: {}
2018-04-02 15:06:50,691 : EventManager : Event: ======'init_phase_2'====== Args={}
2018-04-02 15:06:50,693 : YAML File Interface : Loading file: c:\python34\lib\site-packages\mpf\modes\attract\config\attract.yaml
2018-04-02 15:06:50,697 : YAML File Interface : Loading file: c:\python34\lib\site-packages\mpf\modes\game\config\game.yaml
2018-04-02 15:06:50,702 : BCPClientSocket.local_display : Connecting BCP to 'local_display' at localhost:5050...
2018-04-02 15:06:52,207 : BCPClientSocket.local_display : Connected BCP to 'local_display' localhost:5050
2018-04-02 15:06:52,208 : SwitchController : Registering switch handler: s_trough1, <bound method SwitchCounter._switch_changed of <mpf.devices.ball_device.switch_counter.SwitchCounter object at 0x0000000007D46B38>>, state: 1, ms: 300, info: False, cb_kwargs: {}
2018-04-02 15:06:52,208 : SwitchController : Registering switch handler: s_trough2, <bound method SwitchCounter._switch_changed of <mpf.devices.ball_device.switch_counter.SwitchCounter object at 0x0000000007D46B38>>, state: 1, ms: 300, info: False, cb_kwargs: {}
2018-04-02 15:06:52,208 : SwitchController : Registering switch handler: s_trough3, <bound method SwitchCounter._switch_changed of <mpf.devices.ball_device.switch_counter.SwitchCounter object at 0x0000000007D46B38>>, state: 1, ms: 300, info: False, cb_kwargs: {}
2018-04-02 15:06:52,208 : SwitchController : Registering switch handler: s_trough4, <bound method SwitchCounter._switch_changed of <mpf.devices.ball_device.switch_counter.SwitchCounter object at 0x0000000007D46B38>>, state: 1, ms: 300, info: False, cb_kwargs: {}
2018-04-02 15:06:52,208 : SwitchController : Registering switch handler: s_trough5, <bound method SwitchCounter._switch_changed of <mpf.devices.ball_device.switch_counter.SwitchCounter object at 0x0000000007D46B38>>, state: 1, ms: 300, info: False, cb_kwargs: {}
2018-04-02 15:06:52,208 : SwitchController : Registering switch handler: s_trough_jam, <bound method SwitchCounter._switch_changed of <mpf.devices.ball_device.switch_counter.SwitchCounter object at 0x0000000007D46B38>>, state: 1, ms: 300, info: False, cb_kwargs: {}
2018-04-02 15:06:52,209 : SwitchController : Registering switch handler: s_trough1, <bound method SwitchCounter._switch_changed of <mpf.devices.ball_device.switch_counter.SwitchCounter object at 0x0000000007D46B38>>, state: 0, ms: 500, info: False, cb_kwargs: {}
2018-04-02 15:06:52,209 : SwitchController : Registering switch handler: s_trough2, <bound method SwitchCounter._switch_changed of <mpf.devices.ball_device.switch_counter.SwitchCounter object at 0x0000000007D46B38>>, state: 0, ms: 500, info: False, cb_kwargs: {}
2018-04-02 15:06:52,209 : SwitchController : Registering switch handler: s_trough3, <bound method SwitchCounter._switch_changed of <mpf.devices.ball_device.switch_counter.SwitchCounter object at 0x0000000007D46B38>>, state: 0, ms: 500, info: False, cb_kwargs: {}
2018-04-02 15:06:52,209 : SwitchController : Registering switch handler: s_trough4, <bound method SwitchCounter._switch_changed of <mpf.devices.ball_device.switch_counter.SwitchCounter object at 0x0000000007D46B38>>, state: 0, ms: 500, info: False, cb_kwargs: {}
2018-04-02 15:06:52,209 : SwitchController : Registering switch handler: s_trough5, <bound method SwitchCounter._switch_changed of <mpf.devices.ball_device.switch_counter.SwitchCounter object at 0x0000000007D46B38>>, state: 0, ms: 500, info: False, cb_kwargs: {}
2018-04-02 15:06:52,209 : SwitchController : Registering switch handler: s_trough_jam, <bound method SwitchCounter._switch_changed of <mpf.devices.ball_device.switch_counter.SwitchCounter object at 0x0000000007D46B38>>, state: 0, ms: 500, info: False, cb_kwargs: {}
2018-04-02 15:06:52,209 : ball_device.bd_trough : Counted 5 balls. Active switches: ['s_trough1', 's_trough2', 's_trough3', 's_trough4', 's_trough5']
2018-04-02 15:06:52,210 : ball_device.bd_trough : Waiting for eject request.
2018-04-02 15:06:52,210 : SwitchController : Registering switch handler: s_plunger_lane, <bound method SwitchCounter._switch_changed of <mpf.devices.ball_device.switch_counter.SwitchCounter object at 0x0000000007D464E0>>, state: 1, ms: 300, info: False, cb_kwargs: {}
2018-04-02 15:06:52,210 : SwitchController : Registering switch handler: s_plunger_lane, <bound method SwitchCounter._switch_changed of <mpf.devices.ball_device.switch_counter.SwitchCounter object at 0x0000000007D464E0>>, state: 0, ms: 500, info: False, cb_kwargs: {}
2018-04-02 15:06:52,210 : ball_device.bd_plunger : Counted 0 balls. Active switches: []
2018-04-02 15:06:52,211 : ball_device.bd_plunger : Waiting for eject request.
2018-04-02 15:06:52,213 : YAML File Interface : Loading file: D:\Dev\mpf\scottp\data/audits.yaml
2018-04-02 15:06:52,219 : Machine : "info_lights:" section not found in machine configuration, so the Info Lights plugin will not be used.
2018-04-02 15:06:52,219 : Machine : "switch_player:" section not found in machine configuration, so the Switch Playerplugin will not be used.
2018-04-02 15:06:52,219 : EventManager : Event: ======'init_phase_3'====== Args={}
2018-04-02 15:06:52,223 : EventManager : Event: ======'init_phase_4'====== Args={}
2018-04-02 15:06:52,224 : EventManager : Event: ======'machine_var_master_volume'====== Args={'change': 0.0, 'prev_value': 0.5, 'value': 0.5}
2018-04-02 15:06:52,224 : ball_device.bd_trough : Counted 5 balls. Active switches: ['s_trough1', 's_trough2', 's_trough3', 's_trough4', 's_trough5']
2018-04-02 15:06:52,224 : ball_device.bd_plunger : Counted 0 balls. Active switches: []
2018-04-02 15:06:52,226 : EventManager : Event: ======'machine_var_audits_player_score'====== Args={'change': False, 'prev_value': {'average': 0, 'total': 0, 'top': []}, 'value': {'average': 0, 'total': 0, 'top': []}}
2018-04-02 15:06:52,226 : EventManager : Event: ======'machine_var_audits_switches_s_trough_jam'====== Args={'change': 0, 'prev_value': 0, 'value': 0}
2018-04-02 15:06:52,226 : EventManager : Event: ======'machine_var_audits_switches_s_left_flipper'====== Args={'change': 0, 'prev_value': 0, 'value': 0}
2018-04-02 15:06:52,226 : EventManager : Event: ======'machine_var_audits_switches_s_trough5'====== Args={'change': 0, 'prev_value': 0, 'value': 0}
2018-04-02 15:06:52,226 : EventManager : Event: ======'machine_var_audits_switches_s_plunger_lane'====== Args={'change': 0, 'prev_value': 4, 'value': 4}
2018-04-02 15:06:52,227 : EventManager : Event: ======'machine_var_audits_switches_s_trough3'====== Args={'change': 0, 'prev_value': 0, 'value': 0}
2018-04-02 15:06:52,227 : EventManager : Event: ======'machine_var_audits_switches_s_launch'====== Args={'change': 0, 'prev_value': 0, 'value': 0}
2018-04-02 15:06:52,227 : EventManager : Event: ======'machine_var_audits_switches_s_trough1'====== Args={'change': 0, 'prev_value': 0, 'value': 0}
2018-04-02 15:06:52,227 : EventManager : Event: ======'machine_var_audits_switches_s_trough4'====== Args={'change': 0, 'prev_value': 0, 'value': 0}
2018-04-02 15:06:52,227 : EventManager : Event: ======'machine_var_audits_switches_s_right_flipper'====== Args={'change': 0, 'prev_value': 0, 'value': 0}
2018-04-02 15:06:52,227 : EventManager : Event: ======'machine_var_audits_switches_s_trough2'====== Args={'change': 0, 'prev_value': 0, 'value': 0}
2018-04-02 15:06:52,228 : EventManager : Event: ======'machine_var_audits_switches_s_start'====== Args={'change': 0, 'prev_value': 1, 'value': 1}
2018-04-02 15:06:52,228 : EventManager : Event: ======'machine_var_audits_switches_s_right_inlane'====== Args={'change': 0, 'prev_value': 0, 'value': 0}
2018-04-02 15:06:52,228 : EventManager : Event: ======'machine_var_audits_events_game_started'====== Args={'change': 0, 'prev_value': 4, 'value': 4}
2018-04-02 15:06:52,228 : EventManager : Event: ======'machine_var_audits_events_game_ended'====== Args={'change': 0, 'prev_value': 0, 'value': 0}
2018-04-02 15:06:52,229 : EventManager : Event: ======'init_phase_5'====== Args={}
2018-04-02 15:06:52,229 : EventManager : Event: ======'init_done'====== Args={}
2018-04-02 15:06:52,230 : EventManager : Event: ======'machine_reset_phase_1'====== Args={}
2018-04-02 15:06:52,240 : EventManager : Event: ======'slide_window_slide_1_removed'====== Args={'_from_bcp': True}
2018-04-02 15:06:52,248 : EventManager : Event: ======'slide_window_slide_1_created'====== Args={'_from_bcp': True}
2018-04-02 15:06:52,251 : EventManager : Event: ======'machine_reset_phase_2'====== Args={}
2018-04-02 15:06:52,251 : EventManager : Event: ======'machine_reset_phase_3'====== Args={}
2018-04-02 15:06:52,252 : EventManager : Event: ======'slide_window_slide_1_active'====== Args={'_from_bcp': True}
2018-04-02 15:06:52,252 : SwitchController : Found active switch: s_trough5
2018-04-02 15:06:52,252 : SwitchController : Found active switch: s_trough3
2018-04-02 15:06:52,252 : SwitchController : Found active switch: s_trough1
2018-04-02 15:06:52,252 : SwitchController : Found active switch: s_trough4
2018-04-02 15:06:52,252 : SwitchController : Found active switch: s_trough2
2018-04-02 15:06:52,252 : EventManager : Event: ======'reset_complete'====== Args={}
2018-04-02 15:06:52,253 : EventManager : Event: ======'mode_attract_will_start'====== Args={}
2018-04-02 15:06:52,253 : EventManager : Event: ======'mode_attract_starting'====== Args={}
2018-04-02 15:06:52,253 : Mode.attract : Started. Priority: 10
2018-04-02 15:06:52,254 : EventManager : Event: ======'mode_attract_started'====== Args={}
2018-04-02 15:06:52,254 : SwitchController : Registering switch handler: s_start, <bound method Attract.start_button_pressed of <Mode.attract>>, state: 1, ms: 0, info: False, cb_kwargs: {}
2018-04-02 15:06:52,254 : SwitchController : Registering switch handler: s_start, <bound method Attract.start_button_released of <Mode.attract>>, state: 0, ms: 0, info: False, cb_kwargs: {}
2018-04-02 15:06:52,254 : EventManager : Event: ======'collecting_balls_complete'====== Args={}
2018-04-02 15:06:52,254 : Machine : Starting the main run loop.
2018-04-02 15:06:52,286 : EventManager : Event: ======'slide_dmd_slide_1_created'====== Args={'_from_bcp': True}
2018-04-02 15:06:52,292 : EventManager : Event: ======'slide_dmd_slide_1_active'====== Args={'_from_bcp': True}
2018-04-02 15:06:53,576 : SwitchController : Processing switch. Name: s_start, state: 1, logical: True,
2018-04-02 15:06:53,576 : SwitchController : <<<<<<< 's_start' active >>>>>>>
2018-04-02 15:06:53,576 : EventManager : Event: ======'s_start_active'====== Args={}
2018-04-02 15:06:53,576 : EventManager : Event: ======'sw_start'====== Args={}
2018-04-02 15:06:53,576 : EventManager : Event: ======'sw_start_active'====== Args={}
2018-04-02 15:06:53,745 : SwitchController : Processing switch. Name: s_start, state: 0, logical: True,
2018-04-02 15:06:53,745 : SwitchController : <<<<<<< 's_start' inactive >>>>>>>
2018-04-02 15:06:53,745 : EventManager : Event: ======'request_to_start_game'====== Args={}
2018-04-02 15:06:53,745 : EventManager : Event: ======'s_start_inactive'====== Args={}
2018-04-02 15:06:53,745 : EventManager : Event: ======'sw_start_inactive'====== Args={}
2018-04-02 15:06:53,746 : EventManager : Event: ======'game_start'====== Args={'buttons': [], 'hold_time': 0.1559999999590218}
2018-04-02 15:06:53,747 : EventManager : Event: ======'mode_game_will_start'====== Args={}
2018-04-02 15:06:53,748 : EventManager : Event: ======'mode_game_starting'====== Args={}
2018-04-02 15:06:53,748 : SwitchController : Removing switch handler. Switch: s_start, State: 1, ms: 0
2018-04-02 15:06:53,748 : SwitchController : Removing switch handler. Switch: s_start, State: 0, ms: 0
2018-04-02 15:06:53,748 : EventManager : Event: ======'mode_attract_stopping'====== Args={}
2018-04-02 15:06:53,748 : Mode.attract : Stopped.
2018-04-02 15:06:53,749 : EventManager : Event: ======'mode_attract_stopped'====== Args={}
2018-04-02 15:06:53,749 : EventManager : Event: ======'clear'====== Args={'key': 'attract'}
2018-04-02 15:06:53,749 : Mode.game : Started. Priority: 20
2018-04-02 15:06:53,749 : EventManager : Event: ======'mode_game_started'====== Args={}
2018-04-02 15:06:53,761 : EventManager : Event: ======'game_starting'====== Args={'game': <Mode.game>}
2018-04-02 15:06:53,762 : Auditor : Enabling the Auditor
2018-04-02 15:06:53,763 : Player : Creating new player: Player 1. (player index '0')
2018-04-02 15:06:53,764 : EventManager : Event: ======'player_add_success'====== Args={'player': <Player 1>, 'num': 1}
2018-04-02 15:06:53,764 : EventManager : Event: ======'player_turn_start'====== Args={'player': <Player 1>, 'number': 1}
2018-04-02 15:06:53,764 : EventManager : Event: ======'game_started'====== Args={}
2018-04-02 15:06:53,765 : Mode.game : Player added successfully. Total players: 1
2018-04-02 15:06:53,765 : Player : Setting 'extra_balls_lit' to: 0, (prior: 0, change: 0)
2018-04-02 15:06:53,765 : EventManager : Event: ======'player_extra_balls_lit'====== Args={'change': 0, 'prev_value': 0, 'player_num': 1, 'value': 0}
2018-04-02 15:06:53,766 : Player : Setting 'extra_balls' to: 0, (prior: 0, change: 0)
2018-04-02 15:06:53,766 : EventManager : Event: ======'player_extra_balls'====== Args={'change': 0, 'prev_value': 0, 'player_num': 1, 'value': 0}
2018-04-02 15:06:53,766 : Player : Setting 'extra_balls_current_ball' to: 0, (prior: 0, change: 0)
2018-04-02 15:06:53,767 : EventManager : Event: ======'player_extra_balls_current_ball'====== Args={'change': 0, 'prev_value': 0, 'player_num': 1, 'value': 0}
2018-04-02 15:06:53,768 : EventManager : Event: ======'player_turn_starting'====== Args={'player': <Player 1>, 'number': 1}
2018-04-02 15:06:53,768 : Player : Setting 'ball' to: 1, (prior: 0, change: 1)
2018-04-02 15:06:53,768 : EventManager : Event: ======'player_ball'====== Args={'change': 1, 'prev_value': 0, 'player_num': 1, 'value': 1}
2018-04-02 15:06:53,769 : EventManager : Event: ======'player_turn_started'====== Args={'player': <Player 1>, 'number': 1}
2018-04-02 15:06:53,769 : EventManager : Event: ======'ball_starting'====== Args={'is_extra_ball': False, 'balls_remaining': 2}
2018-04-02 15:06:53,770 : EventManager : Event: ======'balls_in_play'====== Args={'balls': 1}
2018-04-02 15:06:53,770 : EventManager : Event: ======'ball_started'====== Args={'player': 1, 'ball': 1}
2018-04-02 15:06:53,770 : EventManager : Event: ======'single_player_ball_started'====== Args={}
2018-04-02 15:06:53,770 : ball_device.bd_plunger : Setting up player-controlled eject. Balls: 1, Target: <playfield.playfield>, player_controlled_eject_event: sw_launch
2018-04-02 15:06:53,770 : ball_device.bd_trough : Adding eject chain
2018-04-02 15:06:53,770 : ball_device.bd_plunger : Adding eject chain
2018-04-02 15:06:53,771 : EventManager : Event: ======'balldevice_balls_available'====== Args={}
2018-04-02 15:06:53,774 : ball_device.bd_trough : Got eject request
2018-04-02 15:06:53,774 : EventManager : Event: ======'balldevice_bd_trough_ball_eject_attempt'====== Args={'mechanical_eject': True, 'balls': 1, 'source': <ball_device.bd_trough>, 'target': <ball_device.bd_plunger>, 'num_attempts': 0}
2018-04-02 15:06:53,774 : ball_device.bd_plunger : Got eject request
2018-04-02 15:06:53,774 : ball_device.bd_plunger : No ball found. Waiting for balls.
2018-04-02 15:06:53,775 : ball_device.bd_plunger : Ready to receive from <ball_device.bd_trough>. Free space 1 (Capacity: 1, Balls: 0), incoming_balls: 0
2018-04-02 15:06:53,775 : ball_device.bd_plunger : Counted 0 balls. Active switches: []
2018-04-02 15:06:53,775 : ball_device.bd_trough : Ejecting ball to <ball_device.bd_plunger>
2018-04-02 15:06:53,775 : EventManager : Event: ======'balldevice_bd_trough_ejecting_ball'====== Args={'mechanical_eject': True, 'balls': 1, 'source': <ball_device.bd_trough>, 'target': <ball_device.bd_plunger>, 'num_attempts': 0}
2018-04-02 15:06:53,775 : ball_device.bd_plunger : Counted 0 balls. Active switches: []
2018-04-02 15:06:53,776 : SmartVirtual Coil Action : Setting eject target. bd_trough -> bd_plunger. Mechanical: True
2018-04-02 15:06:53,776 : ball_device.bd_trough : Entered eject mode.
2018-04-02 15:06:53,777 : SwitchController : Registering switch handler: s_trough1, functools.partial(<function SwitchController._wait_handler at 0x00000000077C9620>, ms=0, switch_name='s_trough1', _future=<Future pending cb=[SwitchController._future_done([])()]>), state: 0, ms: 0, info: False, cb_kwargs: {}
2018-04-02 15:06:53,777 : SwitchController : Registering switch handler: s_trough2, functools.partial(<function SwitchController._wait_handler at 0x00000000077C9620>, ms=0, switch_name='s_trough2', _future=<Future pending cb=[SwitchController._future_done([])()]>), state: 0, ms: 0, info: False, cb_kwargs: {}
2018-04-02 15:06:53,777 : SwitchController : Registering switch handler: s_trough3, functools.partial(<function SwitchController._wait_handler at 0x00000000077C9620>, ms=0, switch_name='s_trough3', _future=<Future pending cb=[SwitchController._future_done([])()]>), state: 0, ms: 0, info: False, cb_kwargs: {}
2018-04-02 15:06:53,777 : SwitchController : Registering switch handler: s_trough4, functools.partial(<function SwitchController._wait_handler at 0x00000000077C9620>, ms=0, switch_name='s_trough4', _future=<Future pending cb=[SwitchController._future_done([])()]>), state: 0, ms: 0, info: False, cb_kwargs: {}
2018-04-02 15:06:53,777 : SwitchController : Registering switch handler: s_trough5, functools.partial(<function SwitchController._wait_handler at 0x00000000077C9620>, ms=0, switch_name='s_trough5', _future=<Future pending cb=[SwitchController._future_done([])()]>), state: 0, ms: 0, info: False, cb_kwargs: {}
2018-04-02 15:06:53,778 : ball_device.bd_trough : Counted 5 balls. Active switches: ['s_trough1', 's_trough2', 's_trough3', 's_trough4', 's_trough5']
2018-04-02 15:06:53,778 : ball_device.bd_trough : Waiting for eject to end
2018-04-02 15:06:53,778 : ball_device.bd_trough : Wait for ball to leave device
2018-04-02 15:06:53,778 : SmartVirtual Coil Action : Removing ball from device bd_trough
2018-04-02 15:06:53,779 : SwitchController : Processing switch. Name: s_trough1, state: 0, logical: True,
2018-04-02 15:06:53,779 : SwitchController : <<<<<<< 's_trough1' inactive >>>>>>>
2018-04-02 15:06:53,779 : SwitchController : Found timed switch handler for k/v 877268.5 / {'ms': 500, 'removed': False, 'return_info': False, 'callback_kwargs': {}, 'callback': <bound method SwitchCounter._switch_changed of <mpf.devices.ball_device.switch_counter.SwitchCounter object at 0x0000000007D46B38>>, 'switch_name': 's_trough1', 'state': 0, 'switch_action': 's_trough1-0'}
2018-04-02 15:06:53,779 : EventManager : Event: ======'s_trough1_inactive'====== Args={}
2018-04-02 15:06:53,779 : SmartVirtual Coil Action : Deactivating: s_trough1
2018-04-02 15:06:53,779 : SmartVirtual Coil Action : Adding delay for bd_plunger to receive ball in 100ms
2018-04-02 15:06:53,779 : ball_device.bd_trough : Firing eject coil. Current balls: 5.
2018-04-02 15:06:53,779 : SwitchController : Removing switch handler. Switch: s_trough1, State: 0, ms: 0
2018-04-02 15:06:53,780 : SwitchController : Removing switch handler. Switch: s_trough5, State: 0, ms: 0
2018-04-02 15:06:53,780 : SwitchController : Removing switch handler. Switch: s_trough4, State: 0, ms: 0
2018-04-02 15:06:53,780 : SwitchController : Removing switch handler. Switch: s_trough3, State: 0, ms: 0
2018-04-02 15:06:53,780 : SwitchController : Removing switch handler. Switch: s_trough2, State: 0, ms: 0
2018-04-02 15:06:53,781 : ball_device.bd_trough : Got ball left during eject
2018-04-02 15:06:53,781 : ball_device.bd_trough : Switch 's_trough1' changed too recently. Aborting count!
2018-04-02 15:06:53,782 : ball_device.bd_trough : Ball left
2018-04-02 15:06:53,782 : ball_device.bd_plunger : Adding incoming ball from <ball_device.bd_trough>
2018-04-02 15:06:53,782 : ball_device.bd_trough : Wait for confirm with timeout 10.0
2018-04-02 15:06:53,791 : EventManager : Event: ======'slide_widgets_created'====== Args={'_from_bcp': True}
2018-04-02 15:06:53,795 : EventManager : Event: ======'slide_widgets_active'====== Args={'_from_bcp': True}
2018-04-02 15:06:53,873 : SwitchController : Processing switch. Name: s_plunger_lane, state: 1, logical: True,
2018-04-02 15:06:53,873 : SwitchController : <<<<<<< 's_plunger_lane' active >>>>>>>
2018-04-02 15:06:53,873 : SwitchController : Found timed switch handler for k/v 877268.4090000001 / {'ms': 300, 'removed': False, 'return_info': False, 'callback_kwargs': {}, 'callback': <bound method SwitchCounter._switch_changed of <mpf.devices.ball_device.switch_counter.SwitchCounter object at 0x0000000007D464E0>>, 'switch_name': 's_plunger_lane', 'state': 1, 'switch_action': 's_plunger_lane-1'}
2018-04-02 15:06:53,873 : EventManager : Event: ======'machine_var_audits_switches_s_plunger_lane'====== Args={'change': 0, 'prev_value': 5, 'value': 5}
2018-04-02 15:06:53,873 : EventManager : Event: ======'s_plunger_lane_active'====== Args={}
2018-04-02 15:06:54,185 : SwitchController : Processing timed switch handler. Switch: s_plunger_lane  State: 1, ms: 300
2018-04-02 15:06:54,186 : ball_device.bd_plunger : Counted 1 balls. Active switches: ['s_plunger_lane']
2018-04-02 15:06:54,187 : ball_device.bd_plunger : Counted 1 balls. Active switches: ['s_plunger_lane']
2018-04-02 15:06:54,187 : ball_device.bd_plunger : Counting idle
2018-04-02 15:06:54,187 : ball_device.bd_plunger : BCH: Found 1 new balls
2018-04-02 15:06:54,187 : ball_device.bd_plunger : Received ball from <ball_device.bd_trough>
2018-04-02 15:06:54,187 : ball_device.bd_plunger : Removing incoming ball from <ball_device.bd_trough>
2018-04-02 15:06:54,187 : ball_device.bd_plunger : Processing new ball
2018-04-02 15:06:54,188 : EventManager : Event: ======'balldevice_bd_plunger_ball_enter'====== Args={'unclaimed_balls': 0, 'device': <ball_device.bd_plunger>, 'new_balls': 1}
2018-04-02 15:06:54,188 : ball_device.bd_plunger : A ball arrived. Progressing.
2018-04-02 15:06:54,190 : EventManager : Event: ======'balldevice_bd_plunger_ball_eject_attempt'====== Args={'mechanical_eject': True, 'balls': 1, 'source': <ball_device.bd_plunger>, 'target': <playfield.playfield>, 'num_attempts': 0}
2018-04-02 15:06:54,191 : ball_device.bd_trough : Got eject confirm
2018-04-02 15:06:54,191 : ball_device.bd_trough : Eject successful
2018-04-02 15:06:54,191 : ball_device.bd_trough : Received eject success.
2018-04-02 15:06:54,191 : EventManager : Event: ======'balldevice_bd_trough_ball_eject_success'====== Args={'balls': 1, 'target': <ball_device.bd_plunger>}
2018-04-02 15:06:54,192 : ball_device.bd_trough : Exited eject mode.
2018-04-02 15:06:54,192 : ball_device.bd_trough : Waiting for eject request.
2018-04-02 15:06:54,192 : ball_device.bd_plunger : Ejecting ball to <playfield.playfield>
2018-04-02 15:06:54,193 : EventManager : Event: ======'balldevice_bd_plunger_ejecting_ball'====== Args={'mechanical_eject': True, 'balls': 1, 'source': <ball_device.bd_plunger>, 'target': <playfield.playfield>, 'num_attempts': 0}
2018-04-02 15:06:54,194 : ball_device.bd_trough : Switch 's_trough1' changed too recently. Aborting count!
2018-04-02 15:06:54,194 : SmartVirtual Coil Action : Setting eject target. bd_plunger -> playfield. Mechanical: True
2018-04-02 15:06:54,195 : ball_device.bd_plunger : Entered eject mode.
2018-04-02 15:06:54,195 : SwitchController : Registering switch handler: s_plunger_lane, functools.partial(<function SwitchController._wait_handler at 0x00000000077C9620>, ms=0, switch_name='s_plunger_lane', _future=<Future pending cb=[SwitchController._future_done([])()]>), state: 0, ms: 0, info: False, cb_kwargs: {}
2018-04-02 15:06:54,196 : ball_device.bd_plunger : Counted 1 balls. Active switches: ['s_plunger_lane']
2018-04-02 15:06:54,197 : ball_device.bd_plunger : Waiting for eject to end
2018-04-02 15:06:54,197 : ball_device.bd_plunger : Wait for ball to leave device
2018-04-02 15:06:54,263 : SwitchController : Processing timed switch handler. Switch: s_trough1  State: 0, ms: 500
2018-04-02 15:06:54,263 : ball_device.bd_trough : Counted 4 balls. Active switches: ['s_trough2', 's_trough3', 's_trough4', 's_trough5']
2018-04-02 15:06:54,264 : ball_device.bd_trough : Eject ended
2018-04-02 15:06:54,264 : ball_device.bd_trough : Counting idle
2018-04-02 15:07:33,730 : Machine : Shutting down...
2018-04-02 15:07:33,730 : EventManager : Event: ======'shutdown'====== Args={}
2018-04-02 15:07:33,731 : Machine : Shutting down...
2018-04-02 15:07:33,731 : EventManager : Event: ======'shutdown'====== Args={}
2018-04-02 15:07:33,731 : ball_device.bd_trough : Stopping ball device
2018-04-02 15:07:33,731 : ball_device.bd_plunger : Stopping ball device
2018-04-02 15:07:33,731 : SmartMatrix : Disconnecting from SmartMatrix RGB DMD hardware...
2018-04-02 15:07:33,732 : ball_device.bd_trough : Stopping ball device
2018-04-02 15:07:33,732 : ball_device.bd_plunger : Stopping ball device
2018-04-02 15:07:33,732 : SmartMatrix : Disconnecting from SmartMatrix RGB DMD hardware...
2018-04-02 15:07:33,749 : asyncio : Task was destroyed but it is pending!
task: <Task pending coro=<get() running at c:\python34\lib\asyncio\queues.py:168> wait_for=<Future cancelled> cb=[_wait.<locals>._on_completion() at c:\python34\lib\asyncio\tasks.py:408]>
2018-04-02 15:07:33,749 : asyncio : Task was destroyed but it is pending!
task: <Task pending coro=<wait() running at c:\python34\lib\asyncio\locks.py:264> wait_for=<Future cancelled> cb=[_wait.<locals>._on_completion() at c:\python34\lib\asyncio\tasks.py:408]>
2018-04-02 15:07:33,750 : root : MPF run loop ended.
