2018-04-02 11:55:41,437 : kivy : Factory: 194 symbols loaded
2018-04-02 11:55:41,516 : kivy : Image: Providers: img_tex, img_dds, img_sdl2, img_gif (img_pil, img_ffpyplayer ignored)
2018-04-02 11:55:41,546 : kivy : VideoGstplayer: Using Gstreamer 1.10.2.0
2018-04-02 11:55:41,546 : kivy : Video: Provider: gstplayer
2018-04-02 11:55:41,571 : kivy : Loading MPF-MC controller
2018-04-02 11:55:41,572 : mpfmc : Mission Pinball Framework Media Controller v0.33.16
2018-04-02 11:55:41,572 : mpfmc : Mission Pinball Framework Game Engine v0.33.49
2018-04-02 11:55:41,572 : mpfmc : Machine path: D:\Dev\mpf\scottp
2018-04-02 11:55:41,572 : mpfmc : Starting clock at 30.0Hz
2018-04-02 11:55:41,579 : kivy : Text: Provider: sdl2
2018-04-02 11:55:41,786 : kivy : OSC: using <thread> for socket
2018-04-02 11:55:41,789 : kivy : Window: Provider: sdl2
2018-04-02 11:55:41,990 : kivy : GL: Using the "OpenGL" graphics system
2018-04-02 11:55:41,991 : kivy : GL: GLEW initialization succeeded
2018-04-02 11:55:41,991 : kivy : GL: Backend used <glew>
2018-04-02 11:55:41,992 : kivy : GL: OpenGL version <b'4.5.13497 Compatibility Profile Context 23.20.793.0'>
2018-04-02 11:55:41,992 : kivy : GL: OpenGL vendor <b'ATI Technologies Inc.'>
2018-04-02 11:55:41,992 : kivy : GL: OpenGL renderer <b'Radeon (TM) RX 480 Graphics'>
2018-04-02 11:55:41,992 : kivy : GL: OpenGL parsed version: 4, 5
2018-04-02 11:55:41,992 : kivy : GL: Shading version <b'4.50'>
2018-04-02 11:55:41,993 : kivy : GL: Texture max size <16384>
2018-04-02 11:55:41,993 : kivy : GL: Texture max units <32>
2018-04-02 11:55:42,001 : kivy : Window: auto add sdl2 input provider
2018-04-02 11:55:42,001 : kivy : Window: virtual keyboard not allowed, single mode, not docked
2018-04-02 11:55:42,004 : SoundSystem : SoundSystem: Using default 'sound_system' settings
2018-04-02 11:55:42,551 : AudioInterface : Initialized
2018-04-02 11:55:42,551 : SoundSystem : No audio tracks are specified in your machine config file. a track named 'default' has been created.
2018-04-02 11:55:42,553 : kivy : Base: Start application main loop
2018-04-02 11:55:42,648 : ConfigValidator : Your config contains a value for the setting "widgets:text:widgets:text:baseline", but this is not a valid setting name.
2018-04-02 11:55:42,648 : kivy : Base: Leaving application in progress...
2018-04-02 11:55:42,649 : kivy : Your config contains a value for the setting "widgets:text:widgets:text:baseline", but this is not a valid setting name.
Traceback (most recent call last):
  File "c:\python34\lib\site-packages\mpfmc\commands\mc.py", line 190, in __init__
    thread_stopper=thread_stopper).run()
  File "c:\python34\lib\site-packages\kivy\app.py", line 828, in run
    runTouchApp()
  File "c:\python34\lib\site-packages\kivy\base.py", line 504, in runTouchApp
    EventLoop.window.mainloop()
  File "c:\python34\lib\site-packages\kivy\core\window\window_sdl2.py", line 663, in mainloop
    self._mainloop()
  File "c:\python34\lib\site-packages\kivy\core\window\window_sdl2.py", line 405, in _mainloop
    EventLoop.idle()
  File "c:\python34\lib\site-packages\kivy\base.py", line 339, in idle
    Clock.tick()
  File "c:\python34\lib\site-packages\kivy\clock.py", line 581, in tick
    self._process_events()
  File "kivy\_clock.pyx", line 367, in kivy._clock.CyClockBase._process_events (kivy\_clock.c:7700)
  File "kivy\_clock.pyx", line 397, in kivy._clock.CyClockBase._process_events (kivy\_clock.c:7577)
  File "kivy\_clock.pyx", line 395, in kivy._clock.CyClockBase._process_events (kivy\_clock.c:7498)
  File "kivy\_clock.pyx", line 167, in kivy._clock.ClockEvent.tick (kivy\_clock.c:3490)
  File "c:\python34\lib\site-packages\mpfmc\uix\display.py", line 123, in _displays_initialized
    self.mc.displays_initialized()
  File "c:\python34\lib\site-packages\mpfmc\core\mc.py", line 261, in displays_initialized
    self._init()
  File "c:\python34\lib\site-packages\mpfmc\core\mc.py", line 285, in _init
    self.events.process_event_queue()
  File "c:\python34\lib\site-packages\mpf\core\events.py", line 615, in process_event_queue
    **event[3])
  File "c:\python34\lib\site-packages\mpf\core\events.py", line 584, in _process_event
    result = self._run_handlers(event, ev_type, kwargs)
  File "c:\python34\lib\site-packages\mpf\core\events.py", line 543, in _run_handlers
    result = handler.callback(**merged_kwargs)
  File "c:\python34\lib\site-packages\mpfmc\core\config_collection.py", line 53, in create_entries_from_root_config
    self.create_entries(self.mc.machine_config[self.config_section])
  File "c:\python34\lib\site-packages\mpfmc\core\config_collection.py", line 64, in create_entries
    self[name] = self.process_config(settings)
  File "c:\python34\lib\site-packages\mpfmc\config_collections\slide.py", line 29, in process_config
    config['widgets'][i] = self.mc.widgets.process_widget(widget)
  File "c:\python34\lib\site-packages\mpfmc\config_collections\widget.py", line 56, in process_widget
    config['type']).lower(), config, base_spec='widgets:common')
  File "c:\python34\lib\site-packages\mpf\core\config_validator.py", line 134, in validate_config
    validation_failure_info)
  File "c:\python34\lib\site-packages\mpf\core\config_validator.py", line 273, in check_for_invalid_sections
    'setting "' + path_string + '", but this is not a valid '
AssertionError: Your config contains a value for the setting "widgets:text:widgets:text:baseline", but this is not a valid setting name.
2018-04-02 11:55:42,668 : kivy : Stopping child threads... (1 remaining)
2018-04-02 11:55:43,571 : kivy : All child threads stopped.
