2018-04-02 11:35:59,001 : kivy : Factory: 194 symbols loaded
2018-04-02 11:35:59,080 : kivy : Image: Providers: img_tex, img_dds, img_sdl2, img_gif (img_pil, img_ffpyplayer ignored)
2018-04-02 11:35:59,109 : kivy : VideoGstplayer: Using Gstreamer 1.10.2.0
2018-04-02 11:35:59,110 : kivy : Video: Provider: gstplayer
2018-04-02 11:35:59,138 : kivy : Loading MPF-MC controller
2018-04-02 11:35:59,138 : mpfmc : Mission Pinball Framework Media Controller v0.33.16
2018-04-02 11:35:59,138 : mpfmc : Mission Pinball Framework Game Engine v0.33.49
2018-04-02 11:35:59,139 : mpfmc : Machine path: D:\Dev\mpf\scottp
2018-04-02 11:35:59,139 : mpfmc : Starting clock at 30.0Hz
2018-04-02 11:35:59,145 : kivy : Text: Provider: sdl2
2018-04-02 11:35:59,356 : kivy : OSC: using <thread> for socket
2018-04-02 11:35:59,359 : kivy : Window: Provider: sdl2
2018-04-02 11:35:59,560 : kivy : GL: Using the "OpenGL" graphics system
2018-04-02 11:35:59,561 : kivy : GL: GLEW initialization succeeded
2018-04-02 11:35:59,561 : kivy : GL: Backend used <glew>
2018-04-02 11:35:59,562 : kivy : GL: OpenGL version <b'4.5.13497 Compatibility Profile Context 23.20.793.0'>
2018-04-02 11:35:59,562 : kivy : GL: OpenGL vendor <b'ATI Technologies Inc.'>
2018-04-02 11:35:59,562 : kivy : GL: OpenGL renderer <b'Radeon (TM) RX 480 Graphics'>
2018-04-02 11:35:59,562 : kivy : GL: OpenGL parsed version: 4, 5
2018-04-02 11:35:59,562 : kivy : GL: Shading version <b'4.50'>
2018-04-02 11:35:59,562 : kivy : GL: Texture max size <16384>
2018-04-02 11:35:59,563 : kivy : GL: Texture max units <32>
2018-04-02 11:35:59,571 : kivy : Window: auto add sdl2 input provider
2018-04-02 11:35:59,571 : kivy : Window: virtual keyboard not allowed, single mode, not docked
2018-04-02 11:35:59,574 : SoundSystem : SoundSystem: Using default 'sound_system' settings
2018-04-02 11:36:00,120 : AudioInterface : Initialized
2018-04-02 11:36:00,120 : SoundSystem : No audio tracks are specified in your machine config file. a track named 'default' has been created.
2018-04-02 11:36:00,122 : kivy : Base: Start application main loop
2018-04-02 11:36:00,218 : MPF-MC BCP Server : Starting up on localhost port 5050
2018-04-02 11:36:00,223 : MPF-MC BCP Server : Waiting for a connection...
2018-04-02 11:36:00,224 : kivy : GL: NPOT texture support is available
2018-04-02 11:36:00,604 : MPF-MC BCP Server : Received connection from: 127.0.0.1:61663
2018-04-02 11:36:00,623 : mpfmc : Initializing Physical DMD
2018-04-02 11:36:00,631 : mpfmc : Setting Physical DMD to 30.0fps
2018-04-02 11:36:28,617 : kivy : Base: Leaving application in progress...
2018-04-02 11:36:28,618 : mpfmc : Stopping...
2018-04-02 11:36:28,618 : mpfmc : Loop rate 40.25 Hz
2018-04-02 11:36:28,619 : kivy : MC run loop ended.
2018-04-02 11:36:28,619 : kivy : Stopping child threads... (3 remaining)
2018-04-02 11:36:28,698 : mpfmc : Stopping...
2018-04-02 11:36:28,699 : mpfmc : Loop rate 40.14 Hz
2018-04-02 11:36:29,264 : MPF-MC BCP Server : Stopping BCP sending thread
2018-04-02 11:36:29,321 : kivy : All child threads stopped.
