2018-04-02 12:00:51,872 : Machine : Mission Pinball Framework Core Engine v0.33.49
2018-04-02 12:00:51,872 : Machine : Command line arguments: {'configfile': ['config'], 'loglevel': 11, 'force_assets_load': False, 'mpfconfigfile': 'c:\\python34\\lib\\site-packages\\mpf\\mpfconfig.yaml', 'force_platform': None, 'create_config_cache': True, 'no_load_cache': False, 'pause': False, 'syslog_address': None, 'logfile': 'logs\\2018-04-02-12-00-51-mpf-DESKTOP-U1P21TS.log', 'bcp': True, 'consoleloglevel': 20, 'mc_file_name': None}
2018-04-02 12:00:51,872 : Machine : MPF path: c:\python34\lib\site-packages\mpf
2018-04-02 12:00:51,872 : Machine : Machine path: D:\Dev\mpf\scottp
2018-04-02 12:00:51,872 : Machine : Platform: win32
2018-04-02 12:00:51,872 : Machine : Python executable location: c:\python34\python.exe
2018-04-02 12:00:51,872 : Machine : Python version: 3.4.4 (64-bit)
2018-04-02 12:00:52,046 : Machine : Loading cached config: C:\Users\maddo\AppData\Local\Temp\f2725e9fdb5e5699b9561cedbbf1540fconfig
2018-04-02 12:00:52,053 : SmartMatrix : Connecting to SmartMatrix RGB DMD on COM6 baud 2500000
2018-04-02 12:00:52,079 : SwitchController : Loading the SwitchController
2018-04-02 12:00:52,122 : EventManager : Event: ======'machine_var_mpf_version'====== Args={'change': False, 'prev_value': 'MPF v0.33.49', 'value': 'MPF v0.33.49'}
2018-04-02 12:00:52,122 : EventManager : Event: ======'machine_var_mpf_extended_version'====== Args={'change': False, 'prev_value': 'MPF v0.33.49, Config version:4, Show version: 4, BCP version:1.1', 'value': 'MPF v0.33.49, Config version:4, Show version: 4, BCP version:1.1'}
2018-04-02 12:00:52,122 : EventManager : Event: ======'machine_var_python_version'====== Args={'change': False, 'prev_value': '3.4.4', 'value': '3.4.4'}
2018-04-02 12:00:52,123 : EventManager : Event: ======'machine_var_platform'====== Args={'change': False, 'prev_value': 'Windows-10-10.0.16299', 'value': 'Windows-10-10.0.16299'}
2018-04-02 12:00:52,123 : EventManager : Event: ======'machine_var_platform_system'====== Args={'change': False, 'prev_value': 'Windows', 'value': 'Windows'}
2018-04-02 12:00:52,123 : EventManager : Event: ======'machine_var_platform_release'====== Args={'change': False, 'prev_value': '10', 'value': '10'}
2018-04-02 12:00:52,123 : EventManager : Event: ======'machine_var_platform_version'====== Args={'change': False, 'prev_value': '10.0.16299', 'value': '10.0.16299'}
2018-04-02 12:00:52,123 : EventManager : Event: ======'machine_var_platform_machine'====== Args={'change': False, 'prev_value': 'AMD64', 'value': 'AMD64'}
2018-04-02 12:00:52,124 : EventManager : Event: ======'init_phase_1'====== Args={}
2018-04-02 12:00:52,146 : EventManager : Event: ======'init_phase_2'====== Args={}
2018-04-02 12:00:52,157 : BCPClientSocket.local_display : Connecting BCP to 'local_display' at localhost:5050...
2018-04-02 12:00:53,662 : BCPClientSocket.local_display : Connected BCP to 'local_display' localhost:5050
2018-04-02 12:00:53,665 : EventManager : Event: ======'init_phase_3'====== Args={}
2018-04-02 12:00:53,668 : EventManager : Event: ======'init_phase_4'====== Args={}
2018-04-02 12:00:53,671 : EventManager : Event: ======'machine_var_audits_player_score'====== Args={'change': False, 'prev_value': {'top': [], 'average': 0, 'total': 0}, 'value': {'top': [], 'average': 0, 'total': 0}}
2018-04-02 12:00:53,671 : EventManager : Event: ======'init_phase_5'====== Args={}
2018-04-02 12:00:53,672 : EventManager : Event: ======'init_done'====== Args={}
2018-04-02 12:00:53,672 : EventManager : Event: ======'machine_reset_phase_1'====== Args={}
2018-04-02 12:00:53,674 : EventManager : Event: ======'machine_var_master_volume'====== Args={'change': 0.0, 'prev_value': 0.5, 'value': 0.5}
2018-04-02 12:00:53,690 : EventManager : Event: ======'slide_dmd_slide_2_removed'====== Args={'_from_bcp': True}
2018-04-02 12:00:53,691 : EventManager : Event: ======'slide_dmd_slide_2_created'====== Args={'_from_bcp': True}
2018-04-02 12:00:53,694 : EventManager : Event: ======'slide_window_slide_1_removed'====== Args={'_from_bcp': True}
2018-04-02 12:00:53,700 : EventManager : Event: ======'slide_window_slide_1_created'====== Args={'_from_bcp': True}
2018-04-02 12:00:53,703 : EventManager : Event: ======'slide_dmd_slide_1_removed'====== Args={'_from_bcp': True}
2018-04-02 12:00:53,703 : EventManager : Event: ======'slide_dmd_slide_1_created'====== Args={'_from_bcp': True}
2018-04-02 12:00:53,705 : EventManager : Event: ======'machine_reset_phase_2'====== Args={}
2018-04-02 12:00:53,705 : EventManager : Event: ======'machine_reset_phase_3'====== Args={}
2018-04-02 12:00:53,706 : EventManager : Event: ======'reset_complete'====== Args={}
2018-04-02 12:00:53,706 : EventManager : Event: ======'mode_attract_will_start'====== Args={}
2018-04-02 12:00:53,706 : EventManager : Event: ======'mode_attract_starting'====== Args={}
2018-04-02 12:00:53,706 : Mode.attract : Started. Priority: 10
2018-04-02 12:00:53,707 : EventManager : Event: ======'mode_attract_started'====== Args={}
2018-04-02 12:00:53,707 : EventManager : Event: ======'collecting_balls_complete'====== Args={}
2018-04-02 12:00:53,708 : Machine : Starting the main run loop.
2018-04-02 12:00:53,708 : EventManager : Event: ======'slide_dmd_slide_1_active'====== Args={'_from_bcp': True}
2018-04-02 12:00:53,708 : EventManager : Event: ======'slide_window_slide_1_active'====== Args={'_from_bcp': True}
2018-04-02 12:00:57,710 : Machine : Shutting down...
2018-04-02 12:00:57,711 : EventManager : Event: ======'shutdown'====== Args={}
2018-04-02 12:00:57,712 : SmartMatrix : Disconnecting from SmartMatrix RGB DMD hardware...
2018-04-02 12:00:57,717 : root : MPF run loop ended.
