2018-04-02 13:14:45,619 : Machine : Mission Pinball Framework Core Engine v0.33.49
2018-04-02 13:14:45,619 : Machine : Command line arguments: {'consoleloglevel': 20, 'create_config_cache': True, 'no_load_cache': False, 'configfile': ['config'], 'logfile': 'logs\\2018-04-02-13-14-45-mpf-DESKTOP-U1P21TS.log', 'force_platform': None, 'mc_file_name': None, 'mpfconfigfile': 'c:\\python34\\lib\\site-packages\\mpf\\mpfconfig.yaml', 'syslog_address': None, 'bcp': True, 'pause': False, 'loglevel': 11, 'force_assets_load': False}
2018-04-02 13:14:45,619 : Machine : MPF path: c:\python34\lib\site-packages\mpf
2018-04-02 13:14:45,619 : Machine : Machine path: D:\Dev\mpf\scottp
2018-04-02 13:14:45,619 : Machine : Platform: win32
2018-04-02 13:14:45,619 : Machine : Python executable location: c:\python34\python.exe
2018-04-02 13:14:45,619 : Machine : Python version: 3.4.4 (64-bit)
2018-04-02 13:14:45,796 : Machine : Loading config from original files
2018-04-02 13:14:45,845 : Machine : Machine config file #1: D:\Dev\mpf\scottp\config\config
2018-04-02 13:14:45,854 : Machine : Config file cache created: C:\Users\maddo\AppData\Local\Temp\f2725e9fdb5e5699b9561cedbbf1540fconfig
2018-04-02 13:14:45,867 : SmartMatrix : Connecting to SmartMatrix RGB DMD on COM6 baud 2500000
2018-04-02 13:14:45,890 : SwitchController : Loading the SwitchController
2018-04-02 13:14:45,933 : EventManager : Event: ======'machine_var_mpf_version'====== Args={'change': False, 'prev_value': 'MPF v0.33.49', 'value': 'MPF v0.33.49'}
2018-04-02 13:14:45,933 : EventManager : Event: ======'machine_var_mpf_extended_version'====== Args={'change': False, 'prev_value': 'MPF v0.33.49, Config version:4, Show version: 4, BCP version:1.1', 'value': 'MPF v0.33.49, Config version:4, Show version: 4, BCP version:1.1'}
2018-04-02 13:14:45,933 : EventManager : Event: ======'machine_var_python_version'====== Args={'change': False, 'prev_value': '3.4.4', 'value': '3.4.4'}
2018-04-02 13:14:45,934 : EventManager : Event: ======'machine_var_platform'====== Args={'change': False, 'prev_value': 'Windows-10-10.0.16299', 'value': 'Windows-10-10.0.16299'}
2018-04-02 13:14:45,934 : EventManager : Event: ======'machine_var_platform_system'====== Args={'change': False, 'prev_value': 'Windows', 'value': 'Windows'}
2018-04-02 13:14:45,934 : EventManager : Event: ======'machine_var_platform_release'====== Args={'change': False, 'prev_value': '10', 'value': '10'}
2018-04-02 13:14:45,934 : EventManager : Event: ======'machine_var_platform_version'====== Args={'change': False, 'prev_value': '10.0.16299', 'value': '10.0.16299'}
2018-04-02 13:14:45,934 : EventManager : Event: ======'machine_var_platform_machine'====== Args={'change': False, 'prev_value': 'AMD64', 'value': 'AMD64'}
2018-04-02 13:14:45,934 : EventManager : Event: ======'init_phase_1'====== Args={}
2018-04-02 13:14:45,956 : EventManager : Event: ======'init_phase_2'====== Args={}
2018-04-02 13:14:45,968 : BCPClientSocket.local_display : Connecting BCP to 'local_display' at localhost:5050...
2018-04-02 13:14:47,482 : BCPClientSocket.local_display : Connected BCP to 'local_display' localhost:5050
2018-04-02 13:14:47,490 : EventManager : Event: ======'init_phase_3'====== Args={}
2018-04-02 13:14:47,492 : EventManager : Event: ======'init_phase_4'====== Args={}
2018-04-02 13:14:47,493 : EventManager : Event: ======'machine_var_audits_player_score'====== Args={'change': False, 'prev_value': {'top': [], 'total': 0, 'average': 0}, 'value': {'top': [], 'total': 0, 'average': 0}}
2018-04-02 13:14:47,493 : EventManager : Event: ======'init_phase_5'====== Args={}
2018-04-02 13:14:47,494 : EventManager : Event: ======'init_done'====== Args={}
2018-04-02 13:14:47,494 : EventManager : Event: ======'machine_reset_phase_1'====== Args={}
2018-04-02 13:14:47,503 : EventManager : Event: ======'machine_var_master_volume'====== Args={'change': 0.0, 'prev_value': 0.5, 'value': 0.5}
2018-04-02 13:14:47,520 : EventManager : Event: ======'slide_dmd_slide_1_removed'====== Args={'_from_bcp': True}
2018-04-02 13:14:47,521 : EventManager : Event: ======'slide_dmd_slide_1_created'====== Args={'_from_bcp': True}
2018-04-02 13:14:47,525 : EventManager : Event: ======'slide_window_slide_1_removed'====== Args={'_from_bcp': True}
2018-04-02 13:14:47,531 : EventManager : Event: ======'slide_window_slide_1_created'====== Args={'_from_bcp': True}
2018-04-02 13:14:47,534 : EventManager : Event: ======'machine_reset_phase_2'====== Args={}
2018-04-02 13:14:47,534 : EventManager : Event: ======'machine_reset_phase_3'====== Args={}
2018-04-02 13:14:47,534 : EventManager : Event: ======'reset_complete'====== Args={}
2018-04-02 13:14:47,535 : EventManager : Event: ======'mode_attract_will_start'====== Args={}
2018-04-02 13:14:47,535 : EventManager : Event: ======'mode_attract_starting'====== Args={}
2018-04-02 13:14:47,535 : Mode.attract : Started. Priority: 10
2018-04-02 13:14:47,535 : EventManager : Event: ======'mode_attract_started'====== Args={}
2018-04-02 13:14:47,535 : EventManager : Event: ======'collecting_balls_complete'====== Args={}
2018-04-02 13:14:47,536 : EventManager : Event: ======'slide_dmd_slide_1_active'====== Args={'_from_bcp': True}
2018-04-02 13:14:47,536 : Machine : Starting the main run loop.
2018-04-02 13:14:47,537 : EventManager : Event: ======'slide_window_slide_1_active'====== Args={'_from_bcp': True}
2018-04-02 13:15:16,407 : Machine : Shutting down...
2018-04-02 13:15:16,407 : EventManager : Event: ======'shutdown'====== Args={}
2018-04-02 13:15:16,408 : Machine : Shutting down...
2018-04-02 13:15:16,408 : EventManager : Event: ======'shutdown'====== Args={}
2018-04-02 13:15:16,409 : SmartMatrix : Disconnecting from SmartMatrix RGB DMD hardware...
2018-04-02 13:15:16,409 : SmartMatrix : Disconnecting from SmartMatrix RGB DMD hardware...
2018-04-02 13:15:16,412 : root : MPF run loop ended.
