2018-04-02 13:08:12,188 : Machine : Mission Pinball Framework Core Engine v0.33.49
2018-04-02 13:08:12,188 : Machine : Command line arguments: {'force_platform': None, 'bcp': True, 'consoleloglevel': 20, 'pause': False, 'create_config_cache': True, 'no_load_cache': False, 'force_assets_load': False, 'mpfconfigfile': 'c:\\python34\\lib\\site-packages\\mpf\\mpfconfig.yaml', 'syslog_address': None, 'logfile': 'logs\\2018-04-02-13-08-12-mpf-DESKTOP-U1P21TS.log', 'mc_file_name': None, 'configfile': ['config'], 'loglevel': 11}
2018-04-02 13:08:12,188 : Machine : MPF path: c:\python34\lib\site-packages\mpf
2018-04-02 13:08:12,188 : Machine : Machine path: D:\Dev\mpf\scottp
2018-04-02 13:08:12,188 : Machine : Platform: win32
2018-04-02 13:08:12,188 : Machine : Python executable location: c:\python34\python.exe
2018-04-02 13:08:12,188 : Machine : Python version: 3.4.4 (64-bit)
2018-04-02 13:08:12,370 : Machine : Loading cached config: C:\Users\maddo\AppData\Local\Temp\f2725e9fdb5e5699b9561cedbbf1540fconfig
2018-04-02 13:08:12,380 : SmartMatrix : Connecting to SmartMatrix RGB DMD on COM6 baud 2500000
2018-04-02 13:08:12,403 : SwitchController : Loading the SwitchController
2018-04-02 13:08:12,446 : EventManager : Event: ======'machine_var_mpf_version'====== Args={'value': 'MPF v0.33.49', 'change': False, 'prev_value': 'MPF v0.33.49'}
2018-04-02 13:08:12,447 : EventManager : Event: ======'machine_var_mpf_extended_version'====== Args={'value': 'MPF v0.33.49, Config version:4, Show version: 4, BCP version:1.1', 'change': False, 'prev_value': 'MPF v0.33.49, Config version:4, Show version: 4, BCP version:1.1'}
2018-04-02 13:08:12,447 : EventManager : Event: ======'machine_var_python_version'====== Args={'value': '3.4.4', 'change': False, 'prev_value': '3.4.4'}
2018-04-02 13:08:12,447 : EventManager : Event: ======'machine_var_platform'====== Args={'value': 'Windows-10-10.0.16299', 'change': False, 'prev_value': 'Windows-10-10.0.16299'}
2018-04-02 13:08:12,447 : EventManager : Event: ======'machine_var_platform_system'====== Args={'value': 'Windows', 'change': False, 'prev_value': 'Windows'}
2018-04-02 13:08:12,447 : EventManager : Event: ======'machine_var_platform_release'====== Args={'value': '10', 'change': False, 'prev_value': '10'}
2018-04-02 13:08:12,447 : EventManager : Event: ======'machine_var_platform_version'====== Args={'value': '10.0.16299', 'change': False, 'prev_value': '10.0.16299'}
2018-04-02 13:08:12,447 : EventManager : Event: ======'machine_var_platform_machine'====== Args={'value': 'AMD64', 'change': False, 'prev_value': 'AMD64'}
2018-04-02 13:08:12,448 : EventManager : Event: ======'init_phase_1'====== Args={}
2018-04-02 13:08:12,470 : EventManager : Event: ======'init_phase_2'====== Args={}
2018-04-02 13:08:12,482 : BCPClientSocket.local_display : Connecting BCP to 'local_display' at localhost:5050...
2018-04-02 13:08:13,987 : BCPClientSocket.local_display : Connected BCP to 'local_display' localhost:5050
2018-04-02 13:08:13,989 : EventManager : Event: ======'init_phase_3'====== Args={}
2018-04-02 13:08:13,992 : EventManager : Event: ======'init_phase_4'====== Args={}
2018-04-02 13:08:13,993 : EventManager : Event: ======'machine_var_audits_player_score'====== Args={'value': {'top': [], 'total': 0, 'average': 0}, 'change': False, 'prev_value': {'top': [], 'total': 0, 'average': 0}}
2018-04-02 13:08:13,993 : EventManager : Event: ======'init_phase_5'====== Args={}
2018-04-02 13:08:13,994 : EventManager : Event: ======'init_done'====== Args={}
2018-04-02 13:08:13,994 : EventManager : Event: ======'machine_reset_phase_1'====== Args={}
2018-04-02 13:08:14,019 : EventManager : Event: ======'machine_var_master_volume'====== Args={'value': 0.5, 'change': 0.0, 'prev_value': 0.5}
2018-04-02 13:08:14,019 : EventManager : Event: ======'slide_window_slide_1_removed'====== Args={'_from_bcp': True}
2018-04-02 13:08:14,025 : EventManager : Event: ======'slide_window_slide_1_created'====== Args={'_from_bcp': True}
2018-04-02 13:08:14,028 : EventManager : Event: ======'slide_dmd_slide_1_removed'====== Args={'_from_bcp': True}
2018-04-02 13:08:14,030 : EventManager : Event: ======'slide_dmd_slide_1_created'====== Args={'_from_bcp': True}
2018-04-02 13:08:14,032 : EventManager : Event: ======'slide_window_slide_1_active'====== Args={'_from_bcp': True}
2018-04-02 13:08:14,032 : EventManager : Event: ======'machine_reset_phase_2'====== Args={}
2018-04-02 13:08:14,032 : EventManager : Event: ======'machine_reset_phase_3'====== Args={}
2018-04-02 13:08:14,032 : EventManager : Event: ======'slide_dmd_slide_1_active'====== Args={'_from_bcp': True}
2018-04-02 13:08:14,033 : EventManager : Event: ======'reset_complete'====== Args={}
2018-04-02 13:08:14,033 : EventManager : Event: ======'mode_attract_will_start'====== Args={}
2018-04-02 13:08:14,034 : EventManager : Event: ======'mode_attract_starting'====== Args={}
2018-04-02 13:08:14,034 : Mode.attract : Started. Priority: 10
2018-04-02 13:08:14,034 : EventManager : Event: ======'mode_attract_started'====== Args={}
2018-04-02 13:08:14,034 : EventManager : Event: ======'collecting_balls_complete'====== Args={}
2018-04-02 13:08:14,034 : Machine : Starting the main run loop.
2018-04-02 13:09:10,229 : Machine : Shutting down...
2018-04-02 13:09:10,229 : EventManager : Event: ======'shutdown'====== Args={}
2018-04-02 13:09:10,230 : Machine : Shutting down...
2018-04-02 13:09:10,230 : EventManager : Event: ======'shutdown'====== Args={}
2018-04-02 13:09:10,230 : SmartMatrix : Disconnecting from SmartMatrix RGB DMD hardware...
2018-04-02 13:09:10,230 : SmartMatrix : Disconnecting from SmartMatrix RGB DMD hardware...
2018-04-02 13:09:10,234 : root : MPF run loop ended.
