2018-04-02 14:43:53,869 : kivy : Factory: 194 symbols loaded
2018-04-02 14:43:53,948 : kivy : Image: Providers: img_tex, img_dds, img_sdl2, img_gif (img_pil, img_ffpyplayer ignored)
2018-04-02 14:43:53,976 : kivy : VideoGstplayer: Using Gstreamer 1.10.2.0
2018-04-02 14:43:53,976 : kivy : Video: Provider: gstplayer
2018-04-02 14:43:54,002 : kivy : Loading MPF-MC controller
2018-04-02 14:43:54,002 : mpfmc : Mission Pinball Framework Media Controller v0.33.16
2018-04-02 14:43:54,002 : mpfmc : Mission Pinball Framework Game Engine v0.33.49
2018-04-02 14:43:54,002 : mpfmc : Machine path: D:\Dev\mpf\scottp
2018-04-02 14:43:54,002 : mpfmc : Starting clock at 30.0Hz
2018-04-02 14:43:54,008 : kivy : Text: Provider: sdl2
2018-04-02 14:43:54,216 : kivy : OSC: using <thread> for socket
2018-04-02 14:43:54,219 : kivy : Window: Provider: sdl2
2018-04-02 14:43:54,421 : kivy : GL: Using the "OpenGL" graphics system
2018-04-02 14:43:54,422 : kivy : GL: GLEW initialization succeeded
2018-04-02 14:43:54,423 : kivy : GL: Backend used <glew>
2018-04-02 14:43:54,423 : kivy : GL: OpenGL version <b'4.5.13497 Compatibility Profile Context 23.20.793.0'>
2018-04-02 14:43:54,423 : kivy : GL: OpenGL vendor <b'ATI Technologies Inc.'>
2018-04-02 14:43:54,423 : kivy : GL: OpenGL renderer <b'Radeon (TM) RX 480 Graphics'>
2018-04-02 14:43:54,423 : kivy : GL: OpenGL parsed version: 4, 5
2018-04-02 14:43:54,423 : kivy : GL: Shading version <b'4.50'>
2018-04-02 14:43:54,423 : kivy : GL: Texture max size <16384>
2018-04-02 14:43:54,424 : kivy : GL: Texture max units <32>
2018-04-02 14:43:54,432 : kivy : Window: auto add sdl2 input provider
2018-04-02 14:43:54,432 : kivy : Window: virtual keyboard not allowed, single mode, not docked
2018-04-02 14:43:54,434 : SoundSystem : SoundSystem: Using default 'sound_system' settings
2018-04-02 14:43:54,974 : AudioInterface : Initialized
2018-04-02 14:43:54,975 : SoundSystem : No audio tracks are specified in your machine config file. a track named 'default' has been created.
2018-04-02 14:43:54,976 : kivy : Base: Start application main loop
2018-04-02 14:43:55,078 : MPF-MC BCP Server : Starting up on localhost port 5050
2018-04-02 14:43:55,082 : MPF-MC BCP Server : Waiting for a connection...
2018-04-02 14:43:55,108 : kivy : GL: NPOT texture support is available
2018-04-02 14:43:55,424 : MPF-MC BCP Server : Received connection from: 127.0.0.1:52559
2018-04-02 14:43:55,441 : mpfmc : Initializing Physical DMD
2018-04-02 14:43:55,456 : mpfmc : Setting Physical DMD to 30.0fps
2018-04-02 14:45:58,656 : mpfmc : Stopping...
2018-04-02 14:45:58,925 : kivy : Base: Leaving application in progress...
2018-04-02 14:45:58,926 : mpfmc : Loop rate 40.71 Hz
