2018-04-02 11:49:11,863 : Machine : Mission Pinball Framework Core Engine v0.33.49
2018-04-02 11:49:11,863 : Machine : Command line arguments: {'force_platform': None, 'consoleloglevel': 20, 'configfile': ['config'], 'pause': False, 'loglevel': 11, 'logfile': 'logs\\2018-04-02-11-49-11-mpf-DESKTOP-U1P21TS.log', 'mc_file_name': None, 'force_assets_load': False, 'no_load_cache': False, 'syslog_address': None, 'create_config_cache': True, 'bcp': True, 'mpfconfigfile': 'c:\\python34\\lib\\site-packages\\mpf\\mpfconfig.yaml'}
2018-04-02 11:49:11,863 : Machine : MPF path: c:\python34\lib\site-packages\mpf
2018-04-02 11:49:11,863 : Machine : Machine path: D:\Dev\mpf\scottp
2018-04-02 11:49:11,863 : Machine : Platform: win32
2018-04-02 11:49:11,863 : Machine : Python executable location: c:\python34\python.exe
2018-04-02 11:49:11,863 : Machine : Python version: 3.4.4 (64-bit)
2018-04-02 11:49:12,041 : Machine : Loading config from original files
2018-04-02 11:49:12,091 : Machine : Machine config file #1: D:\Dev\mpf\scottp\config\config
2018-04-02 11:49:12,100 : Machine : Config file cache created: C:\Users\maddo\AppData\Local\Temp\f2725e9fdb5e5699b9561cedbbf1540fconfig
2018-04-02 11:49:12,109 : SmartMatrix : Connecting to SmartMatrix RGB DMD on COM6 baud 2500000
2018-04-02 11:49:12,136 : SwitchController : Loading the SwitchController
2018-04-02 11:49:12,180 : EventManager : Event: ======'machine_var_mpf_version'====== Args={'value': 'MPF v0.33.49', 'prev_value': 'MPF v0.33.49', 'change': False}
2018-04-02 11:49:12,180 : EventManager : Event: ======'machine_var_mpf_extended_version'====== Args={'value': 'MPF v0.33.49, Config version:4, Show version: 4, BCP version:1.1', 'prev_value': 'MPF v0.33.49, Config version:4, Show version: 4, BCP version:1.1', 'change': False}
2018-04-02 11:49:12,180 : EventManager : Event: ======'machine_var_python_version'====== Args={'value': '3.4.4', 'prev_value': '3.4.4', 'change': False}
2018-04-02 11:49:12,180 : EventManager : Event: ======'machine_var_platform'====== Args={'value': 'Windows-10-10.0.16299', 'prev_value': 'Windows-10-10.0.16299', 'change': False}
2018-04-02 11:49:12,181 : EventManager : Event: ======'machine_var_platform_system'====== Args={'value': 'Windows', 'prev_value': 'Windows', 'change': False}
2018-04-02 11:49:12,181 : EventManager : Event: ======'machine_var_platform_release'====== Args={'value': '10', 'prev_value': '10', 'change': False}
2018-04-02 11:49:12,181 : EventManager : Event: ======'machine_var_platform_version'====== Args={'value': '10.0.16299', 'prev_value': '10.0.16299', 'change': False}
2018-04-02 11:49:12,181 : EventManager : Event: ======'machine_var_platform_machine'====== Args={'value': 'AMD64', 'prev_value': 'AMD64', 'change': False}
2018-04-02 11:49:12,181 : EventManager : Event: ======'init_phase_1'====== Args={}
2018-04-02 11:49:12,204 : EventManager : Event: ======'init_phase_2'====== Args={}
2018-04-02 11:49:12,216 : BCPClientSocket.local_display : Connecting BCP to 'local_display' at localhost:5050...
2018-04-02 11:49:13,722 : BCPClientSocket.local_display : Connected BCP to 'local_display' localhost:5050
2018-04-02 11:49:13,726 : EventManager : Event: ======'init_phase_3'====== Args={}
2018-04-02 11:49:13,729 : EventManager : Event: ======'init_phase_4'====== Args={}
2018-04-02 11:49:13,731 : EventManager : Event: ======'machine_var_audits_player_score'====== Args={'value': {'total': 0, 'top': [], 'average': 0}, 'prev_value': {'total': 0, 'top': [], 'average': 0}, 'change': False}
2018-04-02 11:49:13,732 : EventManager : Event: ======'init_phase_5'====== Args={}
2018-04-02 11:49:13,734 : EventManager : Event: ======'init_done'====== Args={}
2018-04-02 11:49:13,734 : EventManager : Event: ======'machine_reset_phase_1'====== Args={}
2018-04-02 11:49:13,743 : EventManager : Event: ======'machine_var_master_volume'====== Args={'value': 0.5, 'prev_value': 0.5, 'change': 0.0}
2018-04-02 11:49:13,758 : EventManager : Event: ======'slide_window_slide_1_removed'====== Args={'_from_bcp': True}
2018-04-02 11:49:13,765 : EventManager : Event: ======'slide_window_slide_1_created'====== Args={'_from_bcp': True}
2018-04-02 11:49:13,767 : EventManager : Event: ======'slide_dmd_slide_1_removed'====== Args={'_from_bcp': True}
2018-04-02 11:49:13,768 : EventManager : Event: ======'slide_dmd_slide_1_created'====== Args={'_from_bcp': True}
2018-04-02 11:49:13,770 : EventManager : Event: ======'machine_reset_phase_2'====== Args={}
2018-04-02 11:49:13,770 : EventManager : Event: ======'machine_reset_phase_3'====== Args={}
2018-04-02 11:49:13,770 : EventManager : Event: ======'reset_complete'====== Args={}
2018-04-02 11:49:13,771 : EventManager : Event: ======'mode_attract_will_start'====== Args={}
2018-04-02 11:49:13,771 : EventManager : Event: ======'mode_attract_starting'====== Args={}
2018-04-02 11:49:13,771 : Mode.attract : Started. Priority: 10
2018-04-02 11:49:13,771 : EventManager : Event: ======'mode_attract_started'====== Args={}
2018-04-02 11:49:13,772 : EventManager : Event: ======'collecting_balls_complete'====== Args={}
2018-04-02 11:49:13,772 : EventManager : Event: ======'slide_window_slide_1_active'====== Args={'_from_bcp': True}
2018-04-02 11:49:13,772 : EventManager : Event: ======'slide_dmd_slide_1_active'====== Args={'_from_bcp': True}
2018-04-02 11:49:13,773 : Machine : Starting the main run loop.
2018-04-02 11:49:57,588 : Machine : Shutting down...
2018-04-02 11:49:57,588 : EventManager : Event: ======'shutdown'====== Args={}
2018-04-02 11:49:57,589 : Machine : Shutting down...
2018-04-02 11:49:57,589 : EventManager : Event: ======'shutdown'====== Args={}
2018-04-02 11:49:57,589 : SmartMatrix : Disconnecting from SmartMatrix RGB DMD hardware...
2018-04-02 11:49:57,589 : SmartMatrix : Disconnecting from SmartMatrix RGB DMD hardware...
2018-04-02 11:49:57,591 : root : MPF run loop ended.
