2018-04-02 11:55:41,199 : Machine : Mission Pinball Framework Core Engine v0.33.49
2018-04-02 11:55:41,199 : Machine : Command line arguments: {'no_load_cache': False, 'force_platform': None, 'consoleloglevel': 20, 'mpfconfigfile': 'c:\\python34\\lib\\site-packages\\mpf\\mpfconfig.yaml', 'force_assets_load': False, 'logfile': 'logs\\2018-04-02-11-55-41-mpf-DESKTOP-U1P21TS.log', 'pause': False, 'configfile': ['config'], 'create_config_cache': True, 'mc_file_name': None, 'bcp': True, 'loglevel': 11, 'syslog_address': None}
2018-04-02 11:55:41,199 : Machine : MPF path: c:\python34\lib\site-packages\mpf
2018-04-02 11:55:41,199 : Machine : Machine path: D:\Dev\mpf\scottp
2018-04-02 11:55:41,199 : Machine : Platform: win32
2018-04-02 11:55:41,199 : Machine : Python executable location: c:\python34\python.exe
2018-04-02 11:55:41,199 : Machine : Python version: 3.4.4 (64-bit)
2018-04-02 11:55:41,378 : Machine : Loading config from original files
2018-04-02 11:55:41,431 : Machine : Machine config file #1: D:\Dev\mpf\scottp\config\config
2018-04-02 11:55:41,441 : Machine : Config file cache created: C:\Users\maddo\AppData\Local\Temp\f2725e9fdb5e5699b9561cedbbf1540fconfig
2018-04-02 11:55:41,450 : SmartMatrix : Connecting to SmartMatrix RGB DMD on COM6 baud 2500000
2018-04-02 11:55:41,476 : SwitchController : Loading the SwitchController
2018-04-02 11:55:41,520 : EventManager : Event: ======'machine_var_mpf_version'====== Args={'prev_value': 'MPF v0.33.49', 'change': False, 'value': 'MPF v0.33.49'}
2018-04-02 11:55:41,520 : EventManager : Event: ======'machine_var_mpf_extended_version'====== Args={'prev_value': 'MPF v0.33.49, Config version:4, Show version: 4, BCP version:1.1', 'change': False, 'value': 'MPF v0.33.49, Config version:4, Show version: 4, BCP version:1.1'}
2018-04-02 11:55:41,520 : EventManager : Event: ======'machine_var_python_version'====== Args={'prev_value': '3.4.4', 'change': False, 'value': '3.4.4'}
2018-04-02 11:55:41,520 : EventManager : Event: ======'machine_var_platform'====== Args={'prev_value': 'Windows-10-10.0.16299', 'change': False, 'value': 'Windows-10-10.0.16299'}
2018-04-02 11:55:41,520 : EventManager : Event: ======'machine_var_platform_system'====== Args={'prev_value': 'Windows', 'change': False, 'value': 'Windows'}
2018-04-02 11:55:41,521 : EventManager : Event: ======'machine_var_platform_release'====== Args={'prev_value': '10', 'change': False, 'value': '10'}
2018-04-02 11:55:41,521 : EventManager : Event: ======'machine_var_platform_version'====== Args={'prev_value': '10.0.16299', 'change': False, 'value': '10.0.16299'}
2018-04-02 11:55:41,521 : EventManager : Event: ======'machine_var_platform_machine'====== Args={'prev_value': 'AMD64', 'change': False, 'value': 'AMD64'}
2018-04-02 11:55:41,521 : EventManager : Event: ======'init_phase_1'====== Args={}
2018-04-02 11:55:41,545 : EventManager : Event: ======'init_phase_2'====== Args={}
2018-04-02 11:55:41,557 : BCPClientSocket.local_display : Connecting BCP to 'local_display' at localhost:5050...
